<?xml version="1.0" encoding="UTF-8"?>
<testsuite name="(empty)"
	tests="126"
	failures="10"
	disabled="0"
	skipped="20"
	hostname=""
	time="431"
	timestamp="2026-09-09T15:26:48"
	>
	<testcase name="test-workchain-activation-control-gates" classname="test-workchain-activation-control-gates" time="0.224688" status="run">
		<system-out>........
----------------------------------------------------------------------
Ran 8 tests in 0.005s

OK
[NON-XML-CHAR-0x1B][0m[ 4][t 0][2026-09-09 15:26:48.566200260][mc-config.cpp:570]	workchain description dictionary created[NON-XML-CHAR-0x1B][0m
[NON-XML-CHAR-0x1B][0m[ 4][t 0][2026-09-09 15:26:48.566438447][mc-config.cpp:2345]	unpacked info for workchain 2: basic=true, active=true, accept_msgs=true, min_split=0, max_split=0[NON-XML-CHAR-0x1B][0m
[NON-XML-CHAR-0x1B][0m[ 4][t 0][2026-09-09 15:26:48.566502638][mc-config.cpp:570]	workchain description dictionary created[NON-XML-CHAR-0x1B][0m
[NON-XML-CHAR-0x1B][0m[ 4][t 0][2026-09-09 15:26:48.566509960][mc-config.cpp:2345]	unpacked info for workchain 2: basic=true, active=true, accept_msgs=true, min_split=0, max_split=0[NON-XML-CHAR-0x1B][0m
[NON-XML-CHAR-0x1B][0m[ 4][t 0][2026-09-09 15:26:48.566533016][mc-config.cpp:570]	workchain description dictionary created[NON-XML-CHAR-0x1B][0m
[NON-XML-CHAR-0x1B][0m[ 4][t 0][2026-09-09 15:26:48.566539567][mc-config.cpp:2345]	unpacked info for workchain 2: basic=true, active=true, accept_msgs=true, min_split=0, max_split=0[NON-XML-CHAR-0x1B][0m
[NON-XML-CHAR-0x1B][0m[ 4][t 0][2026-09-09 15:26:48.566556930][mc-config.cpp:570]	workchain description d...
The rest of the test output was removed since it exceeds the threshold of 1024 bytes.
</system-out>
	</testcase>
	<testcase name="test-workchain-proof-boundary-gates" classname="test-workchain-proof-boundary-gates" time="0.27316" status="run">
		<system-out>...
----------------------------------------------------------------------
Ran 3 tests in 0.189s

OK
</system-out>
	</testcase>
	<testcase name="test-workchain-proof-backend" classname="test-workchain-proof-backend" time="0.819844" status="run">
		<system-out>verified SEND and COLLECT k=1..8: 9 fixtures
</system-out>
	</testcase>
	<testcase name="test-workchain-proof-operation-trace" classname="test-workchain-proof-operation-trace" time="16.9993" status="run">
		<system-out>kind=1 k=0 component=0 actual=1106 reserved=1106
kind=1 k=0 component=1 actual=11 reserved=11
kind=1 k=0 component=2 actual=1026 reserved=1026
kind=1 k=0 component=3 actual=48 reserved=48
kind=1 k=0 component=4 actual=8 reserved=8
kind=1 k=0 component=5 actual=9 reserved=9
kind=1 k=0 component=6 actual=8 reserved=8
kind=1 k=0 component=7 actual=6 reserved=6
kind=1 k=0 component=8 actual=66 reserved=66
kind=2 k=1 component=0 actual=1100 reserved=1100
kind=2 k=1 component=1 actual=10 reserved=10
kind=2 k=1 component=2 actual=1026 reserved=1026
kind=2 k=1 component=3 actual=46 reserved=46
kind=2 k=1 component=4 actual=8 reserved=8
kind=2 k=1 component=5 actual=9 reserved=9
kind=2 k=1 component=6 actual=7 reserved=7
kind=2 k=1 component=7 actual=6 reserved=6
kind=2 k=1 component=8 actual=66 reserved=66
kind=2 k=2 component=0 actual=1130 reserved=1130
kind=2 k=2 component=1 actual=12 reserved=12
kind=2 k=2 component=2 actual=1026 reserved=1026
kind=2 k=2 component=3 actual=51 reserved=51
kind=2 k=2 component=4 act...
The rest of the test output was removed since it exceeds the threshold of 1024 bytes.
</system-out>
	</testcase>
	<testcase name="test-quorum-static-grep" classname="test-quorum-static-grep" time="0.0501632" status="run">
		<system-out>rg: /home/tomi/tos-m2/validator-session: No such file or directory (os error 2)
rg: /home/tomi/tos-m2/validator-session: No such file or directory (os error 2)
rg: /home/tomi/tos-m2/validator-session: No such file or directory (os error 2)
quorum static check passed
</system-out>
	</testcase>
	<testcase name="plumtree-graph-sim-smoke" classname="plumtree-graph-sim-smoke" time="0.737614" status="run">
		<system-out>Plumtree graph simulation: mode=fec, all-validators-send, nodes=12, validators=4, senders=4, tree_slots=46, expected=12, unreachable=0, broadcasts=5, payload=32.0K, packet_loss=0, isolate_broadcasts=0, rotate_isolation=0, selective_drop=none
   # senders   delivered      p90      p95      p99     last     avg in    avg out     max in    max out      sent      dup    dup%
   0       4    12/12       458.4    469.3    475.6    477.1      53.6K      65.4K      76.8K     143.1K    785.0K        0   0.00%
   1       4    12/12       600.2    606.8    612.1    613.5      81.4K     100.6K     182.1K     134.3K     1.18M      218  37.78%
   2       4    12/12       592.7    676.6    717.5    727.7      94.5K      67.6K     173.3K     129.0K    810.9K      392  52.62%
   3       4    12/12       209.5    213.6    214.3    214.5      46.9K      51.1K      71.1K     116.8K    613.4K        0   0.00%
   4       4    12/12       208.8    212.0    212.5    212.7      50.8K      51.2K      67.9K     116.8K    614.7K        ...
The rest of the test output was removed since it exceeds the threshold of 1024 bytes.
</system-out>
	</testcase>
	<testcase name="plumtree-graph-sim-simple-smoke" classname="plumtree-graph-sim-simple-smoke" time="0.0750255" status="run">
		<system-out>Plumtree graph simulation: mode=simple, all-validators-send, nodes=12, validators=4, senders=4, tree_slots=46, expected=12, unreachable=0, broadcasts=5, payload=32.0K, packet_loss=0, isolate_broadcasts=0, rotate_isolation=0, selective_drop=none
   # senders   delivered      p90      p95      p99     last     avg in    avg out     max in    max out      sent      dup    dup%
   0       4    12/12       442.0    468.3    492.7    498.7      21.8K      24.7K      32.6K      65.0K    295.8K        0   0.00%
     divergent simple: full_node_payload_hashes=4, full_node_sources=4
   1       4    12/12       933.7    947.0    959.7    962.9      35.3K      48.7K      96.9K      64.8K    584.0K        5  38.46%
     divergent simple: full_node_payload_hashes=4, full_node_sources=4
   2       4    12/12       919.5   1001.6   1003.9   1004.5      45.9K      29.9K      96.8K      64.7K    358.3K        9  52.94%
     divergent simple: full_node_payload_hashes=4, full_node_sources=4
   3       4    12/12       208.0    2...
The rest of the test output was removed since it exceeds the threshold of 1024 bytes.
</system-out>
	</testcase>
	<testcase name="plumtree-graph-sim-loss" classname="plumtree-graph-sim-loss" time="0.506179" status="run">
		<system-out>Plumtree graph simulation: mode=fec, all-validators-send, nodes=12, validators=4, senders=4, tree_slots=46, expected=12, unreachable=0, broadcasts=5, payload=32.0K, packet_loss=0.1, isolate_broadcasts=0, rotate_isolation=0, selective_drop=none
   # senders   delivered      p90      p95      p99     last     avg in    avg out     max in    max out      sent      dup    dup%
   0       4    12/12       603.0    636.1    656.1    661.1      53.5K      63.6K      94.7K     122.0K    763.2K       55  16.27%
   1       4    12/12       561.7    590.6    600.1    602.5      52.6K      62.2K      79.2K     125.9K    746.7K       38  10.53%
   2       4    12/12       232.0    391.3    543.0    580.9      58.6K      63.1K      83.2K     124.9K    757.4K       84  19.22%
   3       4    12/12       174.4    192.9    210.8    215.2      43.9K      51.6K      72.1K     116.9K    619.1K       37  10.57%
   4       4    12/12       204.0    211.6    212.5    212.8      45.9K      51.9K      62.5K     118.3K    622.9K      ...
The rest of the test output was removed since it exceeds the threshold of 1024 bytes.
</system-out>
	</testcase>
	<testcase name="plumtree-graph-sim-simple-loss" classname="plumtree-graph-sim-simple-loss" time="0.0714328" status="run">
		<system-out>Plumtree graph simulation: mode=simple, all-validators-send, nodes=12, validators=4, senders=4, tree_slots=46, expected=12, unreachable=0, broadcasts=5, payload=32.0K, packet_loss=0.08, isolate_broadcasts=0, rotate_isolation=0, selective_drop=none
   # senders   delivered      p90      p95      p99     last     avg in    avg out     max in    max out      sent      dup    dup%
   0       4    12/12       703.9    772.8    813.8    824.1      24.6K      24.7K      64.8K      65.0K    295.9K        1  11.11%
     divergent simple: full_node_payload_hashes=4, full_node_sources=4
   1       4    12/12       471.9    530.9    579.6    591.8      24.4K      29.8K      64.4K      65.0K    357.9K        1  11.11%
     divergent simple: full_node_payload_hashes=4, full_node_sources=4
   2       4    12/12       567.2    640.4    700.2    715.2      27.1K      27.2K      64.7K      64.6K    325.8K        2  20.00%
     divergent simple: full_node_payload_hashes=4, full_node_sources=4
   3       4    12/12       201.1  ...
The rest of the test output was removed since it exceeds the threshold of 1024 bytes.
</system-out>
	</testcase>
	<testcase name="plumtree-graph-sim-partition-recovery" classname="plumtree-graph-sim-partition-recovery" time="0.565928" status="run">
		<system-out>Plumtree graph simulation: mode=fec, all-validators-send, nodes=12, validators=4, senders=4, tree_slots=46, expected=12, unreachable=0, broadcasts=3, payload=32.0K, packet_loss=0, isolate_broadcasts=2, rotate_isolation=0, selective_drop=none
   # senders   delivered      p90      p95      p99     last     avg in    avg out     max in    max out      sent      dup    dup%
   0       4    11/12       458.6    470.0    479.1    481.4      46.6K      59.0K      76.8K     143.1K    707.6K        0   0.00%
   1       4    11/12       951.8    962.8    971.6    973.8      69.5K      86.8K     183.3K     134.3K     1.02M      175  35.64%
   2       4    12/12       592.8    641.6    652.5    655.3      94.5K      71.0K     173.3K     135.4K    852.4K      364  49.26%
</system-out>
	</testcase>
	<testcase name="plumtree-graph-sim-selective-forwarding" classname="plumtree-graph-sim-selective-forwarding" time="0.59408" status="run">
		<system-out>Plumtree graph simulation: mode=fec, all-validators-send, nodes=12, validators=4, senders=4, tree_slots=46, expected=12, unreachable=0, broadcasts=5, payload=32.0K, packet_loss=0, isolate_broadcasts=0, rotate_isolation=0, selective_drop=4
   # senders   delivered      p90      p95      p99     last     avg in    avg out     max in    max out      sent      dup    dup%
   0       4    12/12       457.8    469.8    477.1    478.9      53.4K      65.4K      76.8K     143.1K    784.5K        0   0.00%
   1       4    12/12       617.1    639.6    658.7    663.4      83.2K      98.5K     188.3K     134.3K     1.15M      231  38.82%
   2       4    12/12       189.1    201.1    209.5    211.5      68.8K      59.1K     137.0K     128.9K    708.7K      219  39.11%
   3       4    12/12       178.7    195.5    209.8    213.4      51.3K      51.2K      69.7K     125.2K    614.9K        0   0.00%
   4       4    12/12       182.9    198.8    211.6    214.8      52.4K      53.2K      74.0K     125.2K    638.2K        0  ...
The rest of the test output was removed since it exceeds the threshold of 1024 bytes.
</system-out>
	</testcase>
	<testcase name="plumtree-graph-sim-rotating-outage" classname="plumtree-graph-sim-rotating-outage" time="0.677513" status="run">
		<system-out>Plumtree graph simulation: mode=fec, all-validators-send, nodes=12, validators=4, senders=4, tree_slots=46, expected=12, unreachable=0, broadcasts=5, payload=32.0K, packet_loss=0, isolate_broadcasts=4, rotate_isolation=1, selective_drop=none
   # senders   delivered      p90      p95      p99     last     avg in    avg out     max in    max out      sent      dup    dup%
   0       4    11/12       464.5    472.0    477.9    479.4      46.5K      58.8K      76.8K     143.1K    706.1K        0   0.00%
   1       4    11/12       657.1    667.7    676.2    678.3      71.1K      81.7K     188.3K     143.3K    980.8K      184  36.51%
   2       4    11/12       156.8    158.1    159.2    159.4      49.4K      58.7K      89.1K     127.3K    704.1K      104  26.53%
   3       4    11/12       162.1    174.9    185.2    187.8      48.8K      51.0K      91.4K     126.0K    611.9K        9   2.63%
   4       4    12/12       159.0    172.6    185.9    189.2      50.3K      54.5K      86.4K     125.2K    654.1K        ...
The rest of the test output was removed since it exceeds the threshold of 1024 bytes.
</system-out>
	</testcase>
	<testcase name="plumtree-graph-sim-simple-selective-forwarding" classname="plumtree-graph-sim-simple-selective-forwarding" time="0.060601" status="run">
		<system-out>Plumtree graph simulation: mode=simple, all-validators-send, nodes=12, validators=4, senders=4, tree_slots=46, expected=12, unreachable=0, broadcasts=5, payload=32.0K, packet_loss=0, isolate_broadcasts=0, rotate_isolation=0, selective_drop=4
   # senders   delivered      p90      p95      p99     last     avg in    avg out     max in    max out      sent      dup    dup%
   0       4    12/12       449.4    456.4    458.8    459.4      21.8K      24.6K      32.6K      65.0K    295.8K        0   0.00%
     divergent simple: full_node_payload_hashes=4, full_node_sources=4
   1       4    12/12       665.6    674.8    680.3    681.7      32.6K      38.0K      96.9K      65.0K    455.9K        4  33.33%
     divergent simple: full_node_payload_hashes=4, full_node_sources=4
   2       4    12/12       150.4    509.0    859.0    946.4      27.2K      24.5K      64.7K      64.7K    293.5K        2  20.00%
     divergent simple: full_node_payload_hashes=4, full_node_sources=4
   3       4    12/12       150.3    163....
The rest of the test output was removed since it exceeds the threshold of 1024 bytes.
</system-out>
	</testcase>
	<testcase name="plumtree-graph-sim-simple-rotating-outage" classname="plumtree-graph-sim-simple-rotating-outage" time="0.0420219" status="run">
		<system-out>Plumtree graph simulation: mode=simple, all-validators-send, nodes=12, validators=4, senders=4, tree_slots=46, expected=12, unreachable=0, broadcasts=5, payload=32.0K, packet_loss=0, isolate_broadcasts=4, rotate_isolation=1, selective_drop=none
   # senders   delivered      p90      p95      p99     last     avg in    avg out     max in    max out      sent      dup    dup%
   0       4    11/12       465.4    478.5    489.1    491.7      19.1K      21.9K      32.6K      65.0K    263.2K        0   0.00%
     divergent simple: full_node_payload_hashes=4, full_node_sources=4
   1       4    11/12       651.3    674.2    692.6    697.2      29.9K      32.6K      96.9K      65.0K    391.4K        4  36.36%
     divergent simple: full_node_payload_hashes=4, full_node_sources=4
   2       4    11/12       158.6    161.1    163.0    163.5      19.0K      24.4K      32.5K      64.6K    292.9K        0   0.00%
     divergent simple: full_node_payload_hashes=4, full_node_sources=4
   3       4    11/12       143.5    1...
The rest of the test output was removed since it exceeds the threshold of 1024 bytes.
</system-out>
	</testcase>
	<testcase name="plumtree-graph-sim-fec-stress" classname="plumtree-graph-sim-fec-stress" time="2.44365" status="run">
		<system-out>Plumtree graph simulation: mode=fec, all-validators-send, nodes=12, validators=4, senders=4, tree_slots=46, expected=12, unreachable=0, broadcasts=20, payload=256.0K, packet_loss=0, isolate_broadcasts=0, rotate_isolation=0, selective_drop=none
   # senders   delivered      p90      p95      p99     last     avg in    avg out     max in    max out      sent      dup    dup%
   0       4    12/12       918.6    921.0    922.7    923.2     267.0K     392.5K     426.4K     814.9K     4.60M       37  10.91%
   1       4    12/12       741.7    767.8    792.8    799.0     375.2K     275.7K     745.6K     620.4K     3.23M      129  26.11%
   2       4    12/12       637.0    665.7    690.4    696.6     335.0K     386.7K     530.6K     739.9K     4.53M       80  18.02%
   3       4    12/12       656.5    718.4    774.5    788.5     358.3K     303.1K     616.2K     627.6K     3.55M       90  19.11%
   4       4    12/12       597.3    654.8    708.7    722.1     288.0K     286.6K     472.9K     662.5K     3.36M      ...
The rest of the test output was removed since it exceeds the threshold of 1024 bytes.
</system-out>
	</testcase>
	<testcase name="plumtree-graph-sim-simple-stress" classname="plumtree-graph-sim-simple-stress" time="0.33702" status="run">
		<system-out>Plumtree graph simulation: mode=simple, all-validators-send, nodes=12, validators=4, senders=4, tree_slots=46, expected=12, unreachable=0, broadcasts=20, payload=256.0K, packet_loss=0, isolate_broadcasts=0, rotate_isolation=0, selective_drop=none
   # senders   delivered      p90      p95      p99     last     avg in    avg out     max in    max out      sent      dup    dup%
   0       4    12/12       892.9    904.9    907.5    908.1     171.2K     192.6K     256.6K     513.0K     2.26M        0   0.00%
     divergent simple: full_node_payload_hashes=4, full_node_sources=4
   1       4    12/12      1107.5   1165.0   1219.9   1233.6     192.6K     277.9K     512.8K     512.8K     3.26M        1  11.11%
     divergent simple: full_node_payload_hashes=4, full_node_sources=4
   2       4    12/12       896.8    939.8    956.1    960.1     320.5K     213.8K     768.6K     512.7K     2.51M        7  46.67%
     divergent simple: full_node_payload_hashes=4, full_node_sources=4
   3       4    12/12       723.8   ...
The rest of the test output was removed since it exceeds the threshold of 1024 bytes.
</system-out>
	</testcase>
	<testcase name="test-counter-collator-admission" classname="test-counter-collator-admission" time="0.0376723" status="fail">
		<failure message=""/>
		<system-out>CMake Error at /home/tomi/tos-m2/test/test-counter-collator-admission.cmake:9 (message):
  Expected exit 2, got No such file or directory:
Call Stack (most recent call first):
  /home/tomi/tos-m2/test/test-counter-collator-admission.cmake:17 (expect_failure)


</system-out>
	</testcase>
	<testcase name="test-counter-disk-integration" classname="test-counter-disk-integration" time="0.151609" status="fail">
		<failure message=""/>
		<system-out>-- Counter fixture active; retained if interrupted: /tmp/uno-publication-build/counter-integration-981d56d3d53b
CMake Error at /home/tomi/tos-m2/test/test-counter-disk-integration.cmake:161 (message):
  bootstrap: exit No such file or directory, expected 0; see
  /tmp/uno-publication-build/counter-integration-981d56d3d53b/bootstrap.log
Call Stack (most recent call first):
  /home/tomi/tos-m2/test/test-counter-disk-integration.cmake:202 (run_node)



CMake Error at /home/tomi/tos-m2/test/counter-fixture-lifecycle.cmake:58 (message):
  Counter fixture FAILED (1); retained for inspection:
  /tmp/uno-publication-build/counter-integration-981d56d3d53b
Call Stack (most recent call first):
  /home/tomi/tos-m2/test/test-counter-disk-integration.cmake:3 (counter_run_fixture)


</system-out>
	</testcase>
	<testcase name="test-counter-account-binding-readiness" classname="test-counter-account-binding-readiness" time="0.175584" status="fail">
		<failure message=""/>
		<system-out>-- Counter fixture active; retained if interrupted: /tmp/uno-publication-build/counter-integration-3a81181df222
CMake Error at /home/tomi/tos-m2/test/test-counter-disk-integration.cmake:161 (message):
  bootstrap: exit No such file or directory, expected 0; see
  /tmp/uno-publication-build/counter-integration-3a81181df222/bootstrap.log
Call Stack (most recent call first):
  /home/tomi/tos-m2/test/test-counter-disk-integration.cmake:202 (run_node)



CMake Error at /home/tomi/tos-m2/test/counter-fixture-lifecycle.cmake:58 (message):
  Counter fixture FAILED (1); retained for inspection:
  /tmp/uno-publication-build/counter-integration-3a81181df222
Call Stack (most recent call first):
  /home/tomi/tos-m2/test/test-counter-disk-integration.cmake:3 (counter_run_fixture)


</system-out>
	</testcase>
	<testcase name="test-counter-fixture-lifecycle" classname="test-counter-fixture-lifecycle" time="0.094831" status="run">
		<system-out>-- Counter success cleanup, failure retention and admission cap passed
</system-out>
	</testcase>
	<testcase name="test-counter-idle-replay" classname="test-counter-idle-replay" time="0.160315" status="fail">
		<failure message=""/>
		<system-out>-- Counter fixture active; retained if interrupted: /tmp/uno-publication-build/counter-integration-a2de89fed205
CMake Error at /home/tomi/tos-m2/test/test-counter-disk-integration.cmake:161 (message):
  bootstrap: exit No such file or directory, expected 0; see
  /tmp/uno-publication-build/counter-integration-a2de89fed205/bootstrap.log
Call Stack (most recent call first):
  /home/tomi/tos-m2/test/test-counter-disk-integration.cmake:202 (run_node)



CMake Error at /home/tomi/tos-m2/test/counter-fixture-lifecycle.cmake:58 (message):
  Counter fixture FAILED (1); retained for inspection:
  /tmp/uno-publication-build/counter-integration-a2de89fed205
Call Stack (most recent call first):
  /home/tomi/tos-m2/test/test-counter-disk-integration.cmake:3 (counter_run_fixture)


</system-out>
	</testcase>
	<testcase name="test-counter-self-delivery" classname="test-counter-self-delivery" time="0.165005" status="fail">
		<failure message=""/>
		<system-out>-- Counter fixture active; retained if interrupted: /tmp/uno-publication-build/counter-integration-d567a5369845
CMake Error at /home/tomi/tos-m2/test/test-counter-disk-integration.cmake:161 (message):
  bootstrap: exit No such file or directory, expected 0; see
  /tmp/uno-publication-build/counter-integration-d567a5369845/bootstrap.log
Call Stack (most recent call first):
  /home/tomi/tos-m2/test/test-counter-disk-integration.cmake:202 (run_node)



CMake Error at /home/tomi/tos-m2/test/counter-fixture-lifecycle.cmake:58 (message):
  Counter fixture FAILED (1); retained for inspection:
  /tmp/uno-publication-build/counter-integration-d567a5369845
Call Stack (most recent call first):
  /home/tomi/tos-m2/test/test-counter-disk-integration.cmake:3 (counter_run_fixture)


</system-out>
	</testcase>
	<testcase name="test-counter-cross-delivery" classname="test-counter-cross-delivery" time="0.22125" status="fail">
		<failure message=""/>
		<system-out>-- Counter fixture active; retained if interrupted: /tmp/uno-publication-build/counter-integration-f843b113dfee
CMake Error at /home/tomi/tos-m2/test/test-counter-disk-integration.cmake:161 (message):
  bootstrap: exit No such file or directory, expected 0; see
  /tmp/uno-publication-build/counter-integration-f843b113dfee/bootstrap.log
Call Stack (most recent call first):
  /home/tomi/tos-m2/test/test-counter-disk-integration.cmake:202 (run_node)



CMake Error at /home/tomi/tos-m2/test/counter-fixture-lifecycle.cmake:58 (message):
  Counter fixture FAILED (1); retained for inspection:
  /tmp/uno-publication-build/counter-integration-f843b113dfee
Call Stack (most recent call first):
  /home/tomi/tos-m2/test/test-counter-disk-integration.cmake:3 (counter_run_fixture)


</system-out>
	</testcase>
	<testcase name="test-counter-native-sender" classname="test-counter-native-sender" time="0.216292" status="fail">
		<failure message=""/>
		<system-out>-- Counter fixture active; retained if interrupted: /tmp/uno-publication-build/counter-integration-64725eadaed1
CMake Error at /home/tomi/tos-m2/test/test-counter-disk-integration.cmake:161 (message):
  bootstrap: exit No such file or directory, expected 0; see
  /tmp/uno-publication-build/counter-integration-64725eadaed1/bootstrap.log
Call Stack (most recent call first):
  /home/tomi/tos-m2/test/test-counter-disk-integration.cmake:202 (run_node)



CMake Error at /home/tomi/tos-m2/test/counter-fixture-lifecycle.cmake:58 (message):
  Counter fixture FAILED (1); retained for inspection:
  /tmp/uno-publication-build/counter-integration-64725eadaed1
Call Stack (most recent call first):
  /home/tomi/tos-m2/test/test-counter-disk-integration.cmake:3 (counter_run_fixture)


</system-out>
	</testcase>
	<testcase name="test-counter-activation-missing_capability" classname="test-counter-activation-missing_capability" time="0.170308" status="fail">
		<failure message=""/>
		<system-out>-- Counter fixture active; retained if interrupted: /tmp/uno-publication-build/counter-integration-1ff12e0eec1d
CMake Error at /home/tomi/tos-m2/test/test-counter-disk-integration.cmake:161 (message):
  bootstrap: exit No such file or directory, expected 0; see
  /tmp/uno-publication-build/counter-integration-1ff12e0eec1d/bootstrap.log
Call Stack (most recent call first):
  /home/tomi/tos-m2/test/test-counter-disk-integration.cmake:202 (run_node)



CMake Error at /home/tomi/tos-m2/test/counter-fixture-lifecycle.cmake:58 (message):
  Counter fixture FAILED (1); retained for inspection:
  /tmp/uno-publication-build/counter-integration-1ff12e0eec1d
Call Stack (most recent call first):
  /home/tomi/tos-m2/test/test-counter-disk-integration.cmake:3 (counter_run_fixture)


</system-out>
	</testcase>
	<testcase name="test-counter-config-presence-missing_capability" classname="test-counter-config-presence-missing_capability" time="0.130484" status="run">
		<system-out>-- Counter fixture active; retained if interrupted: /tmp/uno-publication-build/counter-integration-9f5002cfecfd
-- Invalid ingress rejected by complete configuration validation: /tmp/uno-publication-build/counter-integration-9f5002cfecfd

-- Counter fixture passed and removed: /tmp/uno-publication-build/counter-integration-9f5002cfecfd
</system-out>
	</testcase>
	<testcase name="test-counter-activation-old_version" classname="test-counter-activation-old_version" time="0.167526" status="fail">
		<failure message=""/>
		<system-out>-- Counter fixture active; retained if interrupted: /tmp/uno-publication-build/counter-integration-02c9e1076c62
CMake Error at /home/tomi/tos-m2/test/test-counter-disk-integration.cmake:161 (message):
  bootstrap: exit No such file or directory, expected 0; see
  /tmp/uno-publication-build/counter-integration-02c9e1076c62/bootstrap.log
Call Stack (most recent call first):
  /home/tomi/tos-m2/test/test-counter-disk-integration.cmake:202 (run_node)



CMake Error at /home/tomi/tos-m2/test/counter-fixture-lifecycle.cmake:58 (message):
  Counter fixture FAILED (1); retained for inspection:
  /tmp/uno-publication-build/counter-integration-02c9e1076c62
Call Stack (most recent call first):
  /home/tomi/tos-m2/test/test-counter-disk-integration.cmake:3 (counter_run_fixture)


</system-out>
	</testcase>
	<testcase name="test-counter-config-presence-old_version" classname="test-counter-config-presence-old_version" time="0.133225" status="run">
		<system-out>-- Counter fixture active; retained if interrupted: /tmp/uno-publication-build/counter-integration-7cca5e78da34
-- Invalid ingress rejected by complete configuration validation: /tmp/uno-publication-build/counter-integration-7cca5e78da34

-- Counter fixture passed and removed: /tmp/uno-publication-build/counter-integration-7cca5e78da34
</system-out>
	</testcase>
	<testcase name="test-counter-config-binding" classname="test-counter-config-binding" time="0.138215" status="run">
		<system-out>-- Counter fixture active; retained if interrupted: /tmp/uno-publication-build/counter-integration-052c9bc1c4ec
-- Invalid ingress rejected by complete configuration validation: /tmp/uno-publication-build/counter-integration-052c9bc1c4ec

-- Counter fixture passed and removed: /tmp/uno-publication-build/counter-integration-052c9bc1c4ec
</system-out>
	</testcase>
	<testcase name="test-counter-engine-config" classname="test-counter-engine-config" time="0.155774" status="fail">
		<failure message=""/>
		<system-out>-- Counter fixture active; retained if interrupted: /tmp/uno-publication-build/counter-integration-a58f4fb4391c
CMake Error at /home/tomi/tos-m2/test/test-counter-disk-integration.cmake:161 (message):
  bootstrap: exit No such file or directory, expected 0; see
  /tmp/uno-publication-build/counter-integration-a58f4fb4391c/bootstrap.log
Call Stack (most recent call first):
  /home/tomi/tos-m2/test/test-counter-disk-integration.cmake:202 (run_node)



CMake Error at /home/tomi/tos-m2/test/counter-fixture-lifecycle.cmake:58 (message):
  Counter fixture FAILED (1); retained for inspection:
  /tmp/uno-publication-build/counter-integration-a58f4fb4391c
Call Stack (most recent call first):
  /home/tomi/tos-m2/test/test-counter-disk-integration.cmake:3 (counter_run_fixture)


</system-out>
	</testcase>
	<testcase name="test-uno-partition-storage-smoke" classname="test-uno-partition-storage-smoke" time="0.12286" status="run">
		<system-out>Running test Test_UnoStorageMeasurement_PartitionPersistenceStages...
[NON-XML-CHAR-0x1B][0m[ 4][t 0][2026-09-09 15:26:49.469553955][transaction.cpp:616]	unpacking account 0000000000000000000000000000000000000000000000000000000000000000[NON-XML-CHAR-0x1B][0m
[NON-XML-CHAR-0x1B][0m[ 4][t 0][2026-09-09 15:26:49.469776630][transaction.cpp:449]	last_paid=0; cells=0 bits=0[NON-XML-CHAR-0x1B][0m
[NON-XML-CHAR-0x1B][0m[ 4][t 0][2026-09-09 15:26:49.469788798][transaction.cpp:679]	end of Account.unpack() for 2:0000000000000000000000000000000000000000000000000000000000000000 (balance = 0ng ; last_trans_lt = 1..2)[NON-XML-CHAR-0x1B][0m
[NON-XML-CHAR-0x1B][0m[ 4][t 0][2026-09-09 15:26:49.469977263][transaction.cpp:616]	unpacking account 0000000000000000000000000000000000000000000000000000000000000001[NON-XML-CHAR-0x1B][0m
[NON-XML-CHAR-0x1B][0m[ 4][t 0][2026-09-09 15:26:49.469986593][transaction.cpp:449]	last_paid=0; cells=0 bits=0[NON-XML-CHAR-0x1B][0m
[NON-XML-CHAR-0x1B][0m[ 4][t 0][2026-09-09 15:26:49.469992157][transaction.cpp:679]	end of Account.unpack() for 2:0000000000000000000000000000000000000000000000000000000000000001 (balance = 0ng ; last_trans_lt = 1..2)[NON-XML-CHAR-0x1B][0m
[NON-XML-CHAR-0x1B][0m[ 4][t 0][2026-09-09 15:26:49.470126067]...
The rest of the test output was removed since it exceeds the threshold of 1024 bytes.
</system-out>
	</testcase>
	<testcase name="test-uno-incremental-storage-smoke" classname="test-uno-incremental-storage-smoke" time="0.107902" status="run">
		<system-out>Running test Test_UnoStorageMeasurement_PartitionIncrementalRecords...
[NON-XML-CHAR-0x1B][1;33m[ 2][t 0][2026-09-09 15:26:49.479193860][test-uno-state-snapshot.cpp:827]	Incremental records database /tmp/uno-incremental-records-p0K48H (removed on success, retained on failure)[NON-XML-CHAR-0x1B][0m
[NON-XML-CHAR-0x1B][0m[ 4][t 0][2026-09-09 15:26:49.514867783][transaction.cpp:616]	unpacking account 0000000000000000000000000000000000000000000000000000000000000000[NON-XML-CHAR-0x1B][0m
[NON-XML-CHAR-0x1B][0m[ 4][t 0][2026-09-09 15:26:49.514904979][transaction.cpp:449]	last_paid=0; cells=0 bits=0[NON-XML-CHAR-0x1B][0m
[NON-XML-CHAR-0x1B][0m[ 4][t 0][2026-09-09 15:26:49.514926349][transaction.cpp:679]	end of Account.unpack() for 2:0000000000000000000000000000000000000000000000000000000000000000 (balance = 0ng ; last_trans_lt = 1..2)[NON-XML-CHAR-0x1B][0m
[NON-XML-CHAR-0x1B][0m[ 4][t 0][2026-09-09 15:26:49.515374613][transaction.cpp:616]	unpacking account 000000000000000000000000000000000000000000000000000000000000000F[NON-XML-CHAR-0x1B][0m
[NON-XML-CHAR-0x1B][0m[ 4][t 0][2026-09-09 15:26:49.515388028][transaction.cpp:449]	last_paid=0; cells=0 bits=0[NON-XML-CHAR-0x1B][0m
[NON-XML-CHAR-0x1B][0m[ 4][t 0][2026-09-09 15:26:49.515391965][transactio...
The rest of the test output was removed since it exceeds the threshold of 1024 bytes.
</system-out>
	</testcase>
	<testcase name="test-uno-split-storage-smoke" classname="test-uno-split-storage-smoke" time="0.120519" status="run">
		<system-out>Running test Test_UnoStorageMeasurement_PartitionIncrementalRecords...
[NON-XML-CHAR-0x1B][1;33m[ 2][t 0][2026-09-09 15:26:49.542959309][test-uno-state-snapshot.cpp:827]	Incremental records database /tmp/uno-incremental-records-BuXCIt (removed on success, retained on failure)[NON-XML-CHAR-0x1B][0m
[NON-XML-CHAR-0x1B][0m[ 4][t 0][2026-09-09 15:26:49.573186288][transaction.cpp:616]	unpacking account 0000000000000000000000000000000000000000000000000000000000000000[NON-XML-CHAR-0x1B][0m
[NON-XML-CHAR-0x1B][0m[ 4][t 0][2026-09-09 15:26:49.573227764][transaction.cpp:449]	last_paid=0; cells=0 bits=0[NON-XML-CHAR-0x1B][0m
[NON-XML-CHAR-0x1B][0m[ 4][t 0][2026-09-09 15:26:49.573239187][transaction.cpp:679]	end of Account.unpack() for 2:0000000000000000000000000000000000000000000000000000000000000000 (balance = 0ng ; last_trans_lt = 1..2)[NON-XML-CHAR-0x1B][0m
[NON-XML-CHAR-0x1B][0m[ 4][t 0][2026-09-09 15:26:49.573867921][transaction.cpp:616]	unpacking account 000000000000000000000000000000000000000000000000000000000000000F[NON-XML-CHAR-0x1B][0m
[NON-XML-CHAR-0x1B][0m[ 4][t 0][2026-09-09 15:26:49.573882245][transaction.cpp:449]	last_paid=0; cells=0 bits=0[NON-XML-CHAR-0x1B][0m
[NON-XML-CHAR-0x1B][0m[ 4][t 0][2026-09-09 15:26:49.573887807][transactio...
The rest of the test output was removed since it exceeds the threshold of 1024 bytes.
</system-out>
	</testcase>
	<testcase name="test-uno-split-prefix-storage-smoke" classname="test-uno-split-prefix-storage-smoke" time="0.125198" status="run">
		<system-out>Running test Test_UnoStorageMeasurement_PartitionIncrementalRecords...
[NON-XML-CHAR-0x1B][1;33m[ 2][t 0][2026-09-09 15:26:49.551931254][test-uno-state-snapshot.cpp:827]	Incremental records database /tmp/uno-incremental-records-Qonjls (removed on success, retained on failure)[NON-XML-CHAR-0x1B][0m
[NON-XML-CHAR-0x1B][0m[ 4][t 0][2026-09-09 15:26:49.584511937][transaction.cpp:616]	unpacking account 0000000000000000000000000000000000000000000000000000000000000000[NON-XML-CHAR-0x1B][0m
[NON-XML-CHAR-0x1B][0m[ 4][t 0][2026-09-09 15:26:49.584550394][transaction.cpp:449]	last_paid=0; cells=0 bits=0[NON-XML-CHAR-0x1B][0m
[NON-XML-CHAR-0x1B][0m[ 4][t 0][2026-09-09 15:26:49.584560066][transaction.cpp:679]	end of Account.unpack() for 2:0000000000000000000000000000000000000000000000000000000000000000 (balance = 0ng ; last_trans_lt = 1..2)[NON-XML-CHAR-0x1B][0m
[NON-XML-CHAR-0x1B][0m[ 4][t 0][2026-09-09 15:26:49.592018788][transaction.cpp:616]	unpacking account 0000000000000000000000000000000000000000000000000000000000000000[NON-XML-CHAR-0x1B][0m
[NON-XML-CHAR-0x1B][0m[ 4][t 0][2026-09-09 15:26:49.592036419][transaction.cpp:449]	last_paid=0; cells=0 bits=0[NON-XML-CHAR-0x1B][0m
[NON-XML-CHAR-0x1B][0m[ 4][t 0][2026-09-09 15:26:49.592044533][transactio...
The rest of the test output was removed since it exceeds the threshold of 1024 bytes.
</system-out>
	</testcase>
	<testcase name="test-ed25519" classname="test-ed25519" time="11.8902" status="run">
		<system-out>Running test Test_Crypto_ed25519...
[NON-XML-CHAR-0x1B][1;31m[ 1][t 0][2026-09-09 15:26:49.554702264][Ed25519.cpp:78]	PK1 = 4E63D2AF99C7432437F1B1690AE038305217A497FA53CFB35663938D4BC41DFF[NON-XML-CHAR-0x1B][0m
[NON-XML-CHAR-0x1B][1;31m[ 1][t 0][2026-09-09 15:26:49.554893999][Ed25519.cpp:80]	PK2 = 6162616361626164616261636162616561626163616261646162616361626100[NON-XML-CHAR-0x1B][0m
[NON-XML-CHAR-0x1B][1;31m[ 1][t 0][2026-09-09 15:26:49.554957494][Ed25519.cpp:84]	PubK1 = 52FCB5D6C11FA821946635716C9793C6AE3E4F1C42635755A020BE6C6FD1F5B5[NON-XML-CHAR-0x1B][0m
[NON-XML-CHAR-0x1B][1;31m[ 1][t 0][2026-09-09 15:26:49.555003765][Ed25519.cpp:86]	PubK2 = 6F9E5BDECE8721EB5737FBB59228BA07F7880F73CE5BFAA1B7157303D4201E74[NON-XML-CHAR-0x1B][0m
[NON-XML-CHAR-0x1B][1;31m[ 1][t 0][2026-09-09 15:26:49.555047758][Ed25519.cpp:89]	PubK3 = 6F9E5BDECE8721EB5737FBB59228BA07F7880F73CE5BFAA1B7157303D4201E74[NON-XML-CHAR-0x1B][0m
[NON-XML-CHAR-0x1B][1;31m[ 1][t 0][2026-09-09 15:26:49.555051760][Ed25519.cpp:91]	PubK1 = 52FCB5D6C11FA821946635716C9793C6AE3E4F1C42635755A020BE6C6FD1F5B5[NON-XML-CHAR-0x1B][0m
[NON-XML-CHAR-0x1B][1;31m[ 1][t 0][2026-09-09 15:26:49.555191564][Ed25519.cpp:94]	secret(PK2, PubK2)=24451FC42D64B73BFC73BEAE8AEDFE20E62D221315C672A669A9BC13B4913B1...
The rest of the test output was removed since it exceeds the threshold of 1024 bytes.
</system-out>
	</testcase>
	<testcase name="test-bigint" classname="test-bigint" time="21.9438" status="run">
		<system-out>check special ints
check power-2 ops
check unary ops
run special tests
check random ops (100000 iterations)
#0: check on 1889226942578694 = 00..0006b63decd00006 = [ 1889226942578694 ]
#10000: check on 649037107316853453566312041152513 = 00..002000000000000000000000000001 = [ 1 0 32 ]
#20000: check on -84508239119 = ff..ffec52ea9af1 = [ -84508239119 ]
#30000: check on 14474011154664524427946373126085988481658748083205070504932198000989141204993 = 00..002000000000000000000000000000000000000000000000000000000000000001 = [ 1 0 0 0 35184372088832 ]
#40000: check on -28269553036454149273332760011886696253239742350009903329945699220681916417 = ff..ffefffffffffffffffffffffffffffffffffffffffffffffffffffffffffffff = [ -1 0 0 0 -68719476736 ]
#50000: check on -327681 = ff..fffaffff = [ -327681 ]
#60000: check on 95549835287303782567988657 = 00..004f0976f33056c4c5e34db1 = [ 95403133586865 21216325427 ]
#70000: check on -4398046511103 = ff..fffc0000000001 = [ -4398046511103 ]
#80000: check on -117440509 = ff..fff9000003 =...
The rest of the test output was removed since it exceeds the threshold of 1024 bytes.
</system-out>
	</testcase>
	<testcase name="test-vm" classname="test-vm" time="33.8733" status="run">
		<system-out>Running test Test_VM_simple...
[NON-XML-CHAR-0x1B][1;36m[ 3][t 0][2026-09-09 15:26:49.577026890][vm.cpp:606]	steps: 2 gas: used=76, max=1000, limit=1000, credit=0[NON-XML-CHAR-0x1B][0m
[NON-XML-CHAR-0x1B][0m[ 4][t 0][2026-09-09 15:26:49.577088718][vm.cpp:635]	move resulting stack (1 entries)[NON-XML-CHAR-0x1B][0m
[NON-XML-CHAR-0x1B][1;36m[ 3][t 0][2026-09-09 15:26:49.577109055][vm.cpp:606]	steps: 2 gas: used=76, max=1000, limit=1000, credit=0[NON-XML-CHAR-0x1B][0m
[NON-XML-CHAR-0x1B][0m[ 4][t 0][2026-09-09 15:26:49.577115281][vm.cpp:635]	move resulting stack (1 entries)[NON-XML-CHAR-0x1B][0m
PASS in 3897.0us
Running test Test_VM_sha256_canonical_snake...
[NON-XML-CHAR-0x1B][0m[ 4][t 0][2026-09-09 15:26:49.579218606][tosops.cpp:687]	execute SHA256C[NON-XML-CHAR-0x1B][0m
[NON-XML-CHAR-0x1B][0m[ 4][t 0][2026-09-09 15:26:49.579246113][vm.cpp:473]	execute implicit RET[NON-XML-CHAR-0x1B][0m
[NON-XML-CHAR-0x1B][1;36m[ 3][t 0][2026-09-09 15:26:49.579252343][vm.cpp:606]	steps: 2 gas: used=239, max=100000, limit=100000, credit=0[NON-XML-CHAR-0x1B][0m
[NON-XML-CHAR-0x1B][0m[ 4][t 0][2026-09-09 15:26:49.579257192][vm.cpp:635]	move resulting stack (1 entries)[NON-XML-CHAR-0x1B][0m
PASS in 54.5us
Running test Test_VM_sha256_canonical_snake_rejects_aliases_and_old_versions...
[NON-XML-CHAR-0x1B][0m[ 4][t 0][2026-09-09 15:26...
The rest of the test output was removed since it exceeds the threshold of 1024 bytes.
</system-out>
	</testcase>
	<testcase name="test-fift" classname="test-fift" time="3.51227" status="run">
		<system-out>Running test Test_Fift_testvm...
[NON-XML-CHAR-0x1B][1;36m[ 3][t 0][2026-09-09 15:26:49.611348965][vm.cpp:606]	steps: 3 gas: used=41, max=9223372036854775807, limit=9223372036854775807, credit=0[NON-XML-CHAR-0x1B][0m
[NON-XML-CHAR-0x1B][0m[ 4][t 0][2026-09-09 15:26:49.611397050][vm.cpp:635]	move resulting stack (3 entries)[NON-XML-CHAR-0x1B][0m
[NON-XML-CHAR-0x1B][1;36m[ 3][t 0][2026-09-09 15:26:49.611559441][vm.cpp:606]	steps: 21 gas: used=429, max=9223372036854775807, limit=9223372036854775807, credit=0[NON-XML-CHAR-0x1B][0m
[NON-XML-CHAR-0x1B][0m[ 4][t 0][2026-09-09 15:26:49.611567791][vm.cpp:635]	move resulting stack (6 entries)[NON-XML-CHAR-0x1B][0m
[NON-XML-CHAR-0x1B][1;36m[ 3][t 0][2026-09-09 15:26:49.611598262][vm.cpp:606]	steps: 29 gas: used=525, max=9223372036854775807, limit=9223372036854775807, credit=0[NON-XML-CHAR-0x1B][0m
[NON-XML-CHAR-0x1B][0m[ 4][t 0][2026-09-09 15:26:49.611604034][vm.cpp:635]	move resulting stack (9 entries)[NON-XML-CHAR-0x1B][0m
[NON-XML-CHAR-0x1B][1;36m[ 3][t 0][2026-09-09 15:26:49.611632581][vm.cpp:606]	steps: 29 gas: used=525, max=9223372036854775807, limit=9223372036854775807, credit=0[NON-XML-CHAR-0x1B][0m
[NON-XML-CHAR-0x1B][0m[ 4][t 0][2026-09-09 15:26:49.611638451][vm.cpp:635]	move resulting stack (12 entries)[NON-XML-CHAR-0x1B][0m
PASS in 7392.2us...
The rest of the test output was removed since it exceeds the threshold of 1024 bytes.
</system-out>
	</testcase>
	<testcase name="test-cells" classname="test-cells" time="0.0643708" status="run">
		<system-out>Running test Test_Cells_simple...
PASS in 3344.7us
Running test Test_Bitstrings_main...
PASS in 1017.7us
Running test Test_Bitstrings_ZeroLengthIntegerLoads...
PASS in 1015.0ns
Running test Test_Bigint_main...
PASS in 50.1ms
Running test Test_RefInt_main...
PASS in 657.5us
Running test Test_crc16_main...
PASS in 577.0us
Running test Test_base64_main...
PASS in 597.7us
Running test Test_base64_short_inputs...
PASS in 4171.0ns
Running test Test_bits256_scan_main...
PASS in 671.3us
Running test Test_bigexp_main...
PASS in 703.5us
Running test Test_uint64_exp_main...
PASS in 868.4us
11 test(s) passed
</system-out>
	</testcase>
	<testcase name="test-workchain-block" classname="test-workchain-block" time="3.37824" status="run">
		<system-out>Running test Test_WorkchainBlock_CoordinatorStateLayout...
PASS in 231.1us
Running test Test_WorkchainBlock_CoordinatorStateExactFraming...
PASS in 23.6us
Running test Test_WorkchainBlock_ResourcePolicyWire...
PASS in 36.6us
Running test Test_WorkchainBlock_EngineConfigurationFraming...
PASS in 34.2us
Running test Test_WorkchainBlock_EngineConfigurationAcceptedCadence...
PASS in 19.2us
Running test Test_WorkchainBlock_BatchPolicyVersionIdentityAgreement...
PASS in 1970.0ns
Running test Test_WorkchainBlock_BatchProfileUnsupportedNodeProbe...
PASS in 1198.0ns
Running test Test_WorkchainBlock_ClaimedFeeOuterFraming...
PASS in 12.6us
Running test Test_WorkchainBlock_ClaimedFeeShortNativeFraming...
PASS in 4581.0ns
Running test Test_WorkchainBlock_ClaimedFeeSpecialNativeFraming...
PASS in 4664.0ns
Running test Test_WorkchainBlock_ClaimedFeeUnknownNativeFraming...
PASS in 4469.0ns
Running test Test_WorkchainBlock_ResourcePolicyRejectsSpecialBeforeDecoder...
PASS in 1407.0ns
Running test Test_WorkchainBlock_Resource...
The rest of the test output was removed since it exceeds the threshold of 1024 bytes.
</system-out>
	</testcase>
	<testcase name="test-workchain-proof-work" classname="test-workchain-proof-work" time="0.00576171" status="run">
		<system-out>Running test Test_WorkchainProofWork_ExactSendComponents...
PASS in 4243.0ns
Running test Test_WorkchainProofWork_PrechargeAndStickyFailure...
PASS in 8868.0ns
Running test Test_WorkchainProofWork_ShapeRefusalBeforeBackend...
PASS in 3238.0ns
Running test Test_WorkchainProofWork_ExplicitProfileSet...
PASS in 218.0ns
Running test Test_WorkchainProofWork_LocalLimitsAndContext...
PASS in 4548.0ns
5 test(s) passed
</system-out>
	</testcase>
	<testcase name="test-workchain-proof-contracts" classname="test-workchain-proof-contracts" time="0.00370284" status="run">
		<system-out>Running test Test_WorkchainProofContract_UnmeteredEngineCannotFallback...
PASS in 3799.0ns
Running test Test_WorkchainProofContract_UnmeteredRegistrationCannotFallback...
PASS in 719.0ns
2 test(s) passed
</system-out>
	</testcase>
	<testcase name="test-workchain-admission" classname="test-workchain-admission" time="0.00614404" status="run">
		<system-out>Running test Test_WorkchainAdmission_OwnsEveryDescendantAndPreservesIdentity...
PASS in 190.2us
Running test Test_WorkchainAdmission_LocalFailureRemainsLocalUntilNewAttempt...
PASS in 9252.0ns
Running test Test_WorkchainAdmission_ProtocolRejectionPrecedesUnnecessaryLoads...
PASS in 17.3us
Running test Test_WorkchainAdmission_ConfigurationFailureIsSeparate...
PASS in 894.0ns
Running test Test_WorkchainAdmission_BatchZeroReadsIsConfigurationFailure...
PASS in 704.0ns
Running test Test_WorkchainAdmission_BatchZeroWritesIsConfigurationFailure...
PASS in 445.0ns
Running test Test_WorkchainAdmission_BatchZeroInboundIsConfigurationFailure...
PASS in 402.0ns
Running test Test_WorkchainAdmission_BatchZeroStateCellsIsConfigurationFailure...
PASS in 502.0ns
Running test Test_WorkchainAdmission_BatchZeroStateBitsIsConfigurationFailure...
PASS in 456.0ns
Running test Test_WorkchainAdmission_BatchZeroStateAccountCellsIsConfigurationFailure...
PASS in 522.0ns
Running test Test_WorkchainAdmission_BatchZeroStateAccountBitsIsC...
The rest of the test output was removed since it exceeds the threshold of 1024 bytes.
</system-out>
	</testcase>
	<testcase name="test-smartcont" classname="test-smartcont" time="11.1078" status="run">
		<system-out>Running test Test_Toslib_WalletV3...
[NON-XML-CHAR-0x1B][0m[ 4][t 0][2026-09-09 15:26:49.731242969][words.cpp:3418]	import_cmdlist_args(aba,2)[NON-XML-CHAR-0x1B][0m
[NON-XML-CHAR-0x1B][0m[ 4][t 0][2026-09-09 15:26:49.753319323][SmartContract.cpp:358]	VM stack:
 [ 85143 ] [NON-XML-CHAR-0x1B][0m
[NON-XML-CHAR-0x1B][0m[ 4][t 0][2026-09-09 15:26:49.753364139][SmartContract.cpp:410]	VM log
execute SETCP 0
execute DICTPUSHCONST 19 (xC_,1)
execute DICTIGETJMPZ
execute PUSH c4
execute CTOS
execute PLDU 32
execute implicit RET[NON-XML-CHAR-0x1B][0m
[NON-XML-CHAR-0x1B][0m[ 4][t 0][2026-09-09 15:26:49.753370316][SmartContract.cpp:413]	VM stack:
 [ 0 ] [NON-XML-CHAR-0x1B][0m
[NON-XML-CHAR-0x1B][0m[ 4][t 0][2026-09-09 15:26:49.753373820][SmartContract.cpp:414]	VM exit code: 0[NON-XML-CHAR-0x1B][0m
[NON-XML-CHAR-0x1B][0m[ 4][t 0][2026-09-09 15:26:49.753376947][SmartContract.cpp:415]	VM accepted: true[NON-XML-CHAR-0x1B][0m
[NON-XML-CHAR-0x1B][0m[ 4][t 0][2026-09-09 15:26:49.753381198][SmartContract.cpp:416]	VM success: true[NON-XML-CHAR-0x1B][0m
[NON-XML-CHAR-0x1B][0m[ 4][t 0][2026-09-09 15:26:49.753384391][SmartContract.cpp:426]	output actions:
out_list_empty[NON-XML-CHAR-0x1B][0m
[NON-XML-CHAR-0x1B][0m[ 4][t 0][2026-09-09 15:26:49.753410943][SmartContract.cpp:358]	VM stack:
 [ 85143 ] [NON-XML-CHAR-0x1B][0m
[NON-XML-CHAR-0x1B][0m[ 4][t 0][2026-09-09 15:26:4...
The rest of the test output was removed since it exceeds the threshold of 1024 bytes.
</system-out>
	</testcase>
	<testcase name="test-net" classname="test-net" time="0.54046" status="run">
		<system-out>Running test Test_Net_PingPong...
[NON-XML-CHAR-0x1B][1;31m[ 1][t 1][2026-09-09 15:26:51.460388076][TcpListener.cpp:40][!TcpListener[port:10454]]	0.0.0.0 10454[NON-XML-CHAR-0x1B][0m
[NON-XML-CHAR-0x1B][1;31m[ 1][t 2][2026-09-09 15:26:51.460441793][TcpListener.cpp:40][!TcpListener[port:11567]]	0.0.0.0 11567[NON-XML-CHAR-0x1B][0m
PASS in 530.5ms
1 test(s) passed
</system-out>
	</testcase>
	<testcase name="test-tdactor" classname="test-tdactor" time="17.1139" status="run">
		<system-out>Running test Test_Actor_promise_callback_runs_at_most_once_when_it_throws...
PASS in 79.0us
Running test Test_Actor_promise...
PASS in 2237.0ns
Running test Test_Actor_safe_promise...
PASS in 1677.0ns
Running test Test_Actor_split_promise...
PASS in 9437.0ns
Running test Test_Actor_promise_future...
[NON-XML-CHAR-0x1B][1;31m[ 1][t 0][2026-09-09 15:26:51.747105785][PromiseFuture.h:383]	Lost PromiseFuture[NON-XML-CHAR-0x1B][0m
[NON-XML-CHAR-0x1B][1;31m[ 1][t 0][2026-09-09 15:26:51.747284281][actors_promise.cpp:220]	Second test[NON-XML-CHAR-0x1B][0m
PASS in 197.5us
Running test Test_Actor2_actor_lost_promise...
[NON-XML-CHAR-0x1B][1;31m[ 1][t 0][2026-09-09 15:26:51.747603318][actors_promise.cpp:259][!B]	![NON-XML-CHAR-0x1B][0m
[NON-XML-CHAR-0x1B][1;31m[ 1][t 0][2026-09-09 15:26:51.747613733][actors_promise.cpp:264][!B]	![NON-XML-CHAR-0x1B][0m
[NON-XML-CHAR-0x1B][1;31m[ 1][t 0][2026-09-09 15:26:51.747622712][actors_promise.cpp:270][!A]	FINISH[NON-XML-CHAR-0x1B][0m
[NON-XML-CHAR-0x1B][1;31m[ 1][t 0][2026-09-09 15:26:51.747627711][actors_promise.cpp:237][!A]	STOP[NON-XML-CHAR-0x1B][0m
PASS in 434.8us
Running test Test_Actor2_MultiPromise...
PASS in 14.0us
Running test Test_Actor2_signals...
PASS in 375.0ns
Running test Test_Ac...
The rest of the test output was removed since it exceeds the threshold of 1024 bytes.
</system-out>
	</testcase>
	<testcase name="test-tdutils" classname="test-tdutils" time="132.323" status="run">
		<system-out>Running test Test_Buffer_buffer_builder...
PASS in 201.1us
Running test Test_ConcurrentHashMap_Benchmark...
[NON-XML-CHAR-0x1B][1;31m[ 1][t 0][2026-09-09 15:27:01.701723710][benchmark.h:136]	Bench [                      ConcurrrentHashMap]: 1992173.595[1974416.135-2009931.056] ops/sec,	502.0ns [d = 17757.460522][NON-XML-CHAR-0x1B][0m
[NON-XML-CHAR-0x1B][1;31m[ 1][t 0][2026-09-09 15:27:07.141858834][benchmark.h:136]	Bench [                      ConcurrrentHashMap]: 12602936.044[10823592.741-14382279.347] ops/sec,	79.3ns [d = 1779343.302704][NON-XML-CHAR-0x1B][0m
[NON-XML-CHAR-0x1B][1;31m[ 1][t 0][2026-09-09 15:27:17.504555560][benchmark.h:136]	Bench [                            ArrayHashMap]: 8764873.190[8249920.598-9279825.783] ops/sec,	114.1ns [d = 514952.592635][NON-XML-CHAR-0x1B][0m
[NON-XML-CHAR-0x1B][1;31m[ 1][t 0][2026-09-09 15:27:26.260034223][benchmark.h:136]	Bench [                            ArrayHashMap]: 19534452.248[18324251.226-20744653.269] ops/sec,	51.2ns [d = 1210201.021569][NON-XML-CHAR-0x1B][0m
[NON-XML-CHAR-0x1B][1;31m[ 1][t 0][2026-09-09 15:27:29.882791245][benchmark.h:136]	Bench [               ConcurrentHashMapSpinlock]: 62166.469[54701.716-6963...
The rest of the test output was removed since it exceeds the threshold of 1024 bytes.
</system-out>
	</testcase>
	<testcase name="test-toslib-offline" classname="test-toslib-offline" time="20.3566" status="run">
		<system-out>Running test Test_Toslib_CellString...
PASS in 452.7us
Running test Test_Toslib_Text...
x{00}
x{00}
x{00}
x{00}
x{00}
x{00}
x{00}
x{0200}
 x{016D}
x{0200}
 x{016D}
x{01016D}
x{01016D}
x{01016D}
x{01016D}
x{01016D}
x{0200}
 x{076279756B6F7678}
x{0200}
 x{076279756B6F7678}
x{01076279756B6F7678}
x{01076279756B6F7678}
x{01076279756B6F7678}
x{01076279756B6F7678}
x{01076279756B6F7678}
x{0200}
 x{0865676F686463696D}
x{0200}
 x{0865676F686463696D}
x{010865676F686463696D}
x{010865676F686463696D}
x{010865676F686463696D}
x{010865676F686463696D}
x{010865676F686463696D}
x{0200}
 x{237279666477656F6162716B696F686361757173796966656378726E67636B6F66616461}
x{0200}
 x{237279666477656F6162716B696F686361757173796966656378726E67636B6F66616461}
x{020D7279666477656F6162716B696F}
 x{16686361757173796966656378726E67636B6F66616461}
x{02217279666477656F6162716B696F686361757173796966656378726E67636B6F6661}
 x{026461}
x{01237279666477656F6162716B696F686361757173796966656378726E67636B6F66616461}
x{01237279666477656F6162716B696F6863617571...
The rest of the test output was removed since it exceeds the threshold of 1024 bytes.
</system-out>
	</testcase>
	<testcase name="test-func" classname="test-func" time="0.902267" status="run">
		<system-out>Found 29 tests
Running test 1/29: a10.fc
  OK, 4 cases
Running test 2/29: a6.fc
  OK, 1 cases
Running test 3/29: a6_1.fc
  OK, 6 cases
Running test 4/29: a6_5.fc
  OK, 4 cases
Running test 5/29: a7.fc
  OK, 6 cases
Running test 6/29: allow_post_modification.fc
  OK, 9 cases
Running test 7/29: asm_arg_order.fc
  OK, 12 cases
Running test 8/29: bit-operators.fc
  OK, 10 cases
Running test 9/29: c2.fc
  OK, 3 cases
Running test 10/29: c2_1.fc
  OK, 3 cases
Running test 11/29: co1.fc
  OK, 1 cases
Running test 12/29: code_after_ifelse.fc
  OK, 4 cases
Running test 13/29: inline_big.fc
  OK, 1 cases
Running test 14/29: inline_if.fc
  OK, 2 cases
Running test 15/29: inline_loops.fc
  OK, 1 cases
Running test 16/29: method_id.fc
  OK, 4 cases
Running test 17/29: s1.fc
  OK, 1 cases
Running test 18/29: test-math.fc
  OK, 55 cases
Running test 19/29: try-func.fc
  OK, 15 cases
Running test 20/29: unbalanced_ret.fc
  OK, 3 cases
Running test 21/29: unbalanced_ret_inline.fc
  OK, 3 cases
Running test 22/29: unbalanced_r...
The rest of the test output was removed since it exceeds the threshold of 1024 bytes.
</system-out>
	</testcase>
	<testcase name="test-func-legacy" classname="test-func-legacy" time="1.1579" status="run">
		<system-out>  Running test 1/19: elector/elector-code.fc
  OK  
  Running test 2/19: config/config-code.fc
  OK  
  Running test 3/19: eth-bridge-multisig/multisig-code.fc
  OK  
  Running test 4/19: bsc-bridge-collector/votes-collector.fc
  OK  
  Running test 5/19: uni-lock-wallet/uni-lockup-wallet.fc
  OK  
  Running test 6/19: nft-collection/nft-collection-editable.fc
  OK  
  Running test 7/19: dns-collection/nft-collection.fc
  OK  
  Running test 8/19: tele-nft-item/nft-item.fc
  OK  
  Running test 9/19: storage/storage-contract.fc
  OK  
  Running test 10/19: storage/storage-provider.fc
  OK  
  Running test 11/19: nominator-pool/pool.fc
  OK  
  Running test 12/19: jetton-minter/jetton-minter.fc
  OK  
  Running test 13/19: gg-marketplace/nft-marketplace-v2.fc
  OK  
  Running test 14/19: jetton-wallet/jetton-wallet.fc
  OK  
  Running test 15/19: whales-nominators/nominators.fc
  OK  
  Running test 16/19: tact-examples/treasure_Treasure.code.fc
  OK  
  Running test 17/19: tact-examples/jetton_SampleJetton.co...
The rest of the test output was removed since it exceeds the threshold of 1024 bytes.
</system-out>
	</testcase>
	<testcase name="test-tol" classname="test-tol" time="11.2667" status="run">
		<system-out>Found 669 tests
Running test 1/669: a-tests.tol
  OK, 1 cases
Running test 2/669: allow-post-modification.tol
  OK, 21 cases
Running test 3/669: annotations-tests.tol
  OK, 1 cases
Running test 4/669: arrays-tuples-tests.tol
  OK, 54 cases
Running test 5/669: asm-arg-order.tol
  OK, 23 cases
Running test 6/669: assignment-tests.tol
  OK, 14 cases
Running test 7/669: bit-operators.tol
  OK, 23 cases
Running test 8/669: build-addr-tests.tol
  OK, 17 cases
Running test 9/669: bytesN-tests.tol
  OK, 2 cases
Running test 10/669: calls-tests.tol
  OK, 19 cases
Running test 11/669: cells-slices.tol
  OK, 47 cases
Running test 12/669: codegen-check-demo.tol
  OK, 3 cases
Running test 13/669: comments-tests.tol
  OK, 2 cases
Running test 14/669: comments.tol
  OK, 2 cases
Running test 15/669: constants-tests.tol
  OK, 23 cases
Running test 16/669: contract-deploy-get-address-positive.tol
  OK, 1 cases
Running test 17/669: contract-deploy-multiple.tol
  OK, stderr match
Running test 18/669: contract-deploy-on-field-rej...
The rest of the test output was removed since it exceeds the threshold of 1024 bytes.
</system-out>
	</testcase>
	<testcase name="test-adnl" classname="test-adnl" time="25.868" status="run">
		<system-out>[NON-XML-CHAR-0x1B][1;31m[ 1][t 0][2026-09-09 15:27:06.290226573][test-adnl.cpp:136]	Encrypted 10000 of 1KiB packets. Time=3.684162[NON-XML-CHAR-0x1B][0m
[NON-XML-CHAR-0x1B][1;31m[ 1][t 0][2026-09-09 15:27:08.428958641][test-adnl.cpp:151]	Encrypted 10000 of 1KiB packets with one key. Time=2.138577[NON-XML-CHAR-0x1B][0m
[NON-XML-CHAR-0x1B][1;31m[ 1][t 0][2026-09-09 15:27:11.262132715][test-adnl.cpp:164]	Signed 10000 of 1KiB packets. Time=2.833163[NON-XML-CHAR-0x1B][0m
[NON-XML-CHAR-0x1B][1;31m[ 1][t 0][2026-09-09 15:27:12.918344053][test-adnl.cpp:178]	Signed 10000 of 1KiB packets with one key. Time=1.656203[NON-XML-CHAR-0x1B][0m
[NON-XML-CHAR-0x1B][1;31m[ 1][t 0][2026-09-09 15:27:13.019809355][test-adnl.cpp:244]	Ed25519 version is 810549328[NON-XML-CHAR-0x1B][0m
[NON-XML-CHAR-0x1B][1;31m[ 1][t 0][2026-09-09 15:27:13.019853156][test-adnl.cpp:245]	testing delivering of all packets[NON-XML-CHAR-0x1B][0m
[NON-XML-CHAR-0x1B][1;31m[ 1][t 0][2026-09-09 15:27:16.023222243][test-adnl.cpp:271]	successfully tested delivering of packets of various sizes. Time=3.003392[NON-XML-CHAR-0x1B][0m
[NON-XML-CHAR-0x1B][1;31m[ 1][t 0][2026-09-09 15:27:17.024856139][test-adnl.cpp:287]	testing with channels enabled[NON-XML-CHAR-0x1B][0m
[NON-XML-CHAR-0x1B][1;31m[ 1][t 0][2026-09-09 15:27:18.068393569][test-adnl.cpp:306]	successfully t...
The rest of the test output was removed since it exceeds the threshold of 1024 bytes.
</system-out>
	</testcase>
	<testcase name="test-dht" classname="test-dht" time="12.065" status="run">
		<system-out>[NON-XML-CHAR-0x1B][1;31m[ 1][t 0][2026-09-09 15:27:05.899301561][test-dht.cpp:162]	testing DHT self-node error propagation and retry[NON-XML-CHAR-0x1B][0m
[NON-XML-CHAR-0x1B][1;31m[ 1][t 0][2026-09-09 15:27:06.100047078][test-dht.cpp:197]	DHT self-node error propagation and retry succeeded[NON-XML-CHAR-0x1B][0m
[NON-XML-CHAR-0x1B][1;31m[ 1][t 0][2026-09-09 15:27:06.100090738][test-dht.cpp:199]	testing different values[NON-XML-CHAR-0x1B][0m
[NON-XML-CHAR-0x1B][1;31m[ 1][t 0][2026-09-09 15:27:06.137519164][test-dht.cpp:438]	success[NON-XML-CHAR-0x1B][0m
[NON-XML-CHAR-0x1B][1;31m[ 1][t 0][2026-09-09 15:27:06.137529227][test-dht.cpp:440]	empty run[NON-XML-CHAR-0x1B][0m
[NON-XML-CHAR-0x1B][1;31m[ 1][t 0][2026-09-09 15:27:16.413186709][test-dht.cpp:448]	success[NON-XML-CHAR-0x1B][0m
[NON-XML-CHAR-0x1B][1;31m[ 1][t 0][2026-09-09 15:27:16.439593972][test-dht.cpp:476]	stores[NON-XML-CHAR-0x1B][0m
[NON-XML-CHAR-0x1B][1;31m[ 1][t 0][2026-09-09 15:27:16.655267560][test-dht.cpp:486]	success[NON-XML-CHAR-0x1B][0m
[NON-XML-CHAR-0x1B][1;31m[ 1][t 0][2026-09-09 15:27:16.655400221][test-dht.cpp:510]	gets[NON-XML-CHAR-0x1B][0m
[NON-XML-CHAR-0x1B][1;31m[ 1][t 0][2026-09-09 15:27:17.441437034][test-dht.cpp:520]	success[NON-XML-CHAR-0x1B][0m
</system-out>
	</testcase>
	<testcase name="test-rldp2" classname="test-rldp2" time="4.09483" status="run">
		<system-out>[NON-XML-CHAR-0x1B][1;31m[ 1][t 0][2026-09-09 15:27:08.859849452][test-rldp2.cpp:53]	testing OutQuery answer-size boundary directly[NON-XML-CHAR-0x1B][0m
[NON-XML-CHAR-0x1B][1;31m[ 1][t 0][2026-09-09 15:27:08.860086528][test-rldp2.cpp:85]	success[NON-XML-CHAR-0x1B][0m
[NON-XML-CHAR-0x1B][1;31m[ 1][t 0][2026-09-09 15:27:08.861443665][test-rldp2.cpp:187]	testing delivering of packet of size 1[NON-XML-CHAR-0x1B][0m
[NON-XML-CHAR-0x1B][1;31m[ 1][t 0][2026-09-09 15:27:08.881617093][test-rldp2.cpp:210]	success. Time=0.020175[NON-XML-CHAR-0x1B][0m
[NON-XML-CHAR-0x1B][1;31m[ 1][t 0][2026-09-09 15:27:08.881639226][test-rldp2.cpp:187]	testing delivering of packet of size 1024[NON-XML-CHAR-0x1B][0m
[NON-XML-CHAR-0x1B][1;31m[ 1][t 0][2026-09-09 15:27:08.881892211][test-rldp2.cpp:210]	success. Time=0.000252[NON-XML-CHAR-0x1B][0m
[NON-XML-CHAR-0x1B][1;31m[ 1][t 0][2026-09-09 15:27:08.881899645][test-rldp2.cpp:187]	testing delivering of packet of size 1048576[NON-XML-CHAR-0x1B][0m
[NON-XML-CHAR-0x1B][1;31m[ 1][t 0][2026-09-09 15:27:08.907461182][test-rldp2.cpp:210]	success. Time=0.025567[NON-XML-CHAR-0x1B][0m
[NON-XML-CHAR-0x1B][1;31m[ 1][t 0][2026-09-09 15:27:08.907478732][test-rldp2.cpp:187]	testing delivering of packet of size 2097152[NON-XML-CHAR-0x1B][0m
[NON-XML-CHAR-0x1B][1;31m[ 1][t 0][2026-09-09 15:27:08.943616984][test-rldp2.cpp:210]	success. Time=0...
The rest of the test output was removed since it exceeds the threshold of 1024 bytes.
</system-out>
	</testcase>
	<testcase name="test-rldp2-connection-cap" classname="test-rldp2-connection-cap" time="0.0425935" status="run">
		<system-out>[NON-XML-CHAR-0x1B][1;31m[ 1][t 0][2026-09-09 15:27:11.545965569][test-rldp2-connection-cap.cpp:152]	presented 5000 distinct peers to one local id: 4096 connections live (4064 flooded, 32 quiet), 936 evicted[NON-XML-CHAR-0x1B][0m
[NON-XML-CHAR-0x1B][1;31m[ 1][t 0][2026-09-09 15:27:11.547389767][test-rldp2-connection-cap.cpp:189]	success[NON-XML-CHAR-0x1B][0m
</system-out>
	</testcase>
	<testcase name="test-rldp2-query-eviction" classname="test-rldp2-query-eviction" time="1.71023" status="run">
		<system-out>[NON-XML-CHAR-0x1B][1;31m[ 1][t 0][2026-09-09 15:27:11.596468988][test-rldp2-query-eviction.cpp:139][!rldp]	after the flood: 4096 live, 1905 evicted, 1 queries still pending[NON-XML-CHAR-0x1B][0m
[NON-XML-CHAR-0x1B][1;31m[ 1][t 0][2026-09-09 15:27:12.558536653][test-rldp2-query-eviction.cpp:187]	after forcing the eviction: query answered=true with_error=true, 0 queries still pending[NON-XML-CHAR-0x1B][0m
[NON-XML-CHAR-0x1B][1;31m[ 1][t 0][2026-09-09 15:27:13.202215177][test-rldp2-query-eviction.cpp:232]	after flooding queries: 8192 pending, 64 refused[NON-XML-CHAR-0x1B][0m
[NON-XML-CHAR-0x1B][1;31m[ 1][t 0][2026-09-09 15:27:13.218849243][test-rldp2-query-eviction.cpp:251]	success[NON-XML-CHAR-0x1B][0m
[NON-XML-CHAR-0x1B][1;31m[ 1][t 0][2026-09-09 15:27:13.223291636][adnl-peer.cpp:394]	[peerpair cCw2QWVrQPmkI1Sq2DzzmTOuzrl2PO76BNwJR8c7f0U=-JiMfhl/4AFsgoYaJWQe0nmOHk+V4S0lBHOc+ZCnnz0M=]: dropping OUT message: error while creating packet: [Error : 0 : Lost promise][NON-XML-CHAR-0x1B][0m
[NON-XML-CHAR-0x1B][1;31m[ 1][t 0][2026-09-09 15:27:13.223305506][adnl-peer.cpp:394]	[peerpair cCw2QWVrQPmkI1Sq2DzzmTOuzrl2PO76BNwJR8c7f0U=-JiMfhl/4AFsgoYaJWQe0nmOHk+V4S0lBHOc+ZCnnz0M=]: dropping OUT message: error while cre...
The rest of the test output was removed since it exceeds the threshold of 1024 bytes.
</system-out>
	</testcase>
	<testcase name="test-rldp-http-proxy-routing" classname="test-rldp-http-proxy-routing" time="0.00775361" status="run">
		<system-out>Running test Test_RldpHttpProxyDns_lifecycle_fails_closed_under_auction...
PASS in 1290.0ns
Running test Test_RldpHttpProxyDns_lifecycle_fails_closed_when_overdue_or_clockless...
PASS in 141.0ns
Running test Test_RldpHttpProxyDns_domain_item_is_the_canonical_third_hop_not_the_last...
PASS in 5177.0ns
Running test Test_RldpHttpProxyDns_loaded_contract_cleanup_runs_exactly_once_on_every_exit...
PASS in 903.0ns
Running test Test_RldpHttpProxyDns_lifecycle_returns_the_renewal_deadline...
PASS in 307.0ns
Running test Test_RldpHttpProxyDns_cache_expiry_never_outlives_the_lease...
PASS in 232.0ns
Running test Test_RldpHttpProxyDns_checkpoint_identity_detects_progress_and_reorganization...
PASS in 1095.0ns
Running test Test_RldpHttpProxyDns_cache_evicts_expired_first_then_stalest...
PASS in 486.0us
8 test(s) passed
</system-out>
	</testcase>
	<testcase name="test-overlay-peer-cleanup" classname="test-overlay-peer-cleanup" time="0.00958245" status="run">
		<system-out>Running test Test_Overlay_PlumtreePeerCleanup...
PASS in 25.5us
Running test Test_Overlay_DelPeerCleansPlumtreeState...
[NON-XML-CHAR-0x1B][0m[ 4][t 0][2026-09-09 15:27:12.964250175][overlay.cpp:122][&amp;OVERLAY_INFO]	[overlay U/AkG3XfVDued5/u1lKHt8gV1EOH6PVrjK52XRjAFPw=@bGxsbGxsbGxsbGxsbGxsbGxsbGxsbGxsbGxsbGxsbGw=]: creating[NON-XML-CHAR-0x1B][0m
[NON-XML-CHAR-0x1B][0m[ 5][t 0][2026-09-09 15:27:12.964519909][overlay-peers.cpp:46][&amp;OVERLAY_DEBUG]	[overlay U/AkG3XfVDued5/u1lKHt8gV1EOH6PVrjK52XRjAFPw=@bGxsbGxsbGxsbGxsbGxsbGxsbGxsbGxsbGxsbGxsbGw=]: deleting peer cHBwcHBwcHBwcHBwcHBwcHBwcHBwcHBwcHBwcHBwcHA=[NON-XML-CHAR-0x1B][0m
PASS in 1579.6us
2 test(s) passed
</system-out>
	</testcase>
	<testcase name="test-download-state-budget" classname="test-download-state-budget" time="5.14368" status="run">
		<system-out>[NON-XML-CHAR-0x1B][1;33m[ 2][t 0][2026-09-09 15:27:12.971799389][state-download-buffer.cpp:923]	removed residual persistent state tempfile /tmp/tos-test-download-h02-cleanup-1202348/persistent-state/something.partial (age 0s)[NON-XML-CHAR-0x1B][0m
[NON-XML-CHAR-0x1B][1;33m[ 2][t 0][2026-09-09 15:27:12.971998766][state-download-buffer.cpp:882]	preserving CellDb streaming-import rollback manifest for startup replay: /tmp/tos-test-download-h02-cleanup-1202348/persistent-state/state.boc.celldb-rollback.12345.partial[NON-XML-CHAR-0x1B][0m
[NON-XML-CHAR-0x1B][1;33m[ 2][t 0][2026-09-09 15:27:13.857408084][state-download-buffer.cpp:923]	removed residual persistent state tempfile /tmp/tos-test-h02-cleanup-race-1202348/persistent-state/old.partial (age 300s)[NON-XML-CHAR-0x1B][0m
[NON-XML-CHAR-0x1B][1;36m[ 3][t 0][2026-09-09 15:27:13.857434219][state-download-buffer.cpp:901]	skipping recent persistent state tempfile /tmp/tos-test-h02-cleanup-race-1202348/persistent-state/recent.partial (age 0s &lt; threshold 60s)[NON-XML-CHAR-0x1B][0m
[NON-XML-CHAR-0x1B][1;33m[ 2][t 0][2026-09-09 15:27:14.766647853][state-download-buffer.cpp:923]	removed residual persistent state tempfile /tmp/to...
The rest of the test output was removed since it exceeds the threshold of 1024 bytes.
</system-out>
	</testcase>
	<testcase name="test-download-next-blocks-validation" classname="test-download-next-blocks-validation" time="0.00535301" status="run">
		<system-out>test-download-next-blocks-validation: nextBlocksFull batch-shape regression
test-download-next-blocks-validation: OK
</system-out>
	</testcase>
	<testcase name="test-ext-message-pool" classname="test-ext-message-pool" time="0.00581374" status="run">
		<system-out>Running test Test_ExtMessagePool_RejectsAdmissionBeforeMasterchainState...
PASS in 22.2us
Running test Test_ExtMessageChecker_RejectsMalformedBagOfCellsBeforeStateLookup...
PASS in 19.0us
Running test Test_ExtMessageChecker_ParsesValidMessageBeforeStateLookup...
PASS in 4659.0ns
3 test(s) passed
</system-out>
	</testcase>
	<testcase name="test-msg-envelope" classname="test-msg-envelope" time="0.00496446" status="run">
		<system-out>Running test Test_MsgEnvelope_RequiresCanonicalV2...
PASS in 255.2us
1 test(s) passed
</system-out>
	</testcase>
	<testcase name="test-rate-limiter" classname="test-rate-limiter" time="0.00452852" status="run">
		<system-out>Running test Test_RateLimiter_CategoryWindowIsShared...
PASS in 13.3us
Running test Test_RateLimiter_HeavyExhaustsWindowByCost...
PASS in 5118.0ns
Running test Test_RateLimiter_SmallBypassesGlobalWindow...
PASS in 4101.0ns
Running test Test_RateLimiter_GlobalWindowCapsAcrossCategories...
PASS in 2409.0ns
Running test Test_RateLimiter_UnlistedRequestIsNotLimited...
PASS in 2025.0ns
Running test Test_RateLimiter_WindowSlides...
PASS in 2217.0ns
Running test Test_RateLimiter_ZeroCostCountsAsOne...
PASS in 1791.0ns
7 test(s) passed
</system-out>
	</testcase>
	<testcase name="test-config-transition" classname="test-config-transition" time="0.00513938" status="run">
		<system-out>Running test Test_ConfigTransition_unchanged_configuration_is_accepted...
[NON-XML-CHAR-0x1B][0m[ 4][t 0][2026-09-09 15:27:13.116541386][mc-config.cpp:570]	workchain description dictionary created[NON-XML-CHAR-0x1B][0m
[NON-XML-CHAR-0x1B][0m[ 4][t 0][2026-09-09 15:27:13.116743349][mc-config.cpp:2345]	unpacked info for workchain 0: basic=true, active=true, accept_msgs=true, min_split=0, max_split=4[NON-XML-CHAR-0x1B][0m
[NON-XML-CHAR-0x1B][0m[ 4][t 0][2026-09-09 15:27:13.116755493][mc-config.cpp:570]	workchain description dictionary created[NON-XML-CHAR-0x1B][0m
[NON-XML-CHAR-0x1B][0m[ 4][t 0][2026-09-09 15:27:13.116760896][mc-config.cpp:2345]	unpacked info for workchain 0: basic=true, active=true, accept_msgs=true, min_split=0, max_split=4[NON-XML-CHAR-0x1B][0m
PASS in 1005.4us
Running test Test_ConfigTransition_adding_a_workchain_is_accepted...
[NON-XML-CHAR-0x1B][0m[ 4][t 0][2026-09-09 15:27:13.116814505][mc-config.cpp:570]	workchain description dictionary created[NON-XML-CHAR-0x1B][0m
[NON-XML-CHAR-0x1B][0m[ 4][t 0][2026-09-09 15:27:13.116820145][mc-config.cpp:2345]	unpacked info for workchain 0: basic=true, active=true, accept_msgs=true, min_split=0, max_split=4[NON-XML-CHAR-0x1B][0m
[NON-XML-CHAR-0x1B][0m[ 4][t 0][2026-09-09 15:27:13...
The rest of the test output was removed since it exceeds the threshold of 1024 bytes.
</system-out>
	</testcase>
	<testcase name="test-json-rpc-parse" classname="test-json-rpc-parse" time="0.00426839" status="run">
		<system-out>Running test Test_JsonRpcParse_result_stack_round_trip...
PASS in 223.5us
Running test Test_JsonRpcParse_result_stack_rejects_garbage_boc...
PASS in 3785.0ns
Running test Test_JsonRpcParse_result_stack_rejects_exotic_root...
PASS in 6211.0ns
Running test Test_JsonRpcParse_result_stack_rejects_slice_over_exotic_cell...
PASS in 75.0us
Running test Test_JsonRpcParse_multisig_keys_happy_path...
PASS in 12.8us
Running test Test_JsonRpcParse_multisig_keys_empty_dictionary...
PASS in 588.0ns
Running test Test_JsonRpcParse_multisig_keys_rejects_short_entry...
PASS in 2299.0ns
Running test Test_JsonRpcParse_multisig_keys_rejects_malformed_dictionary...
PASS in 13.5us
Running test Test_JsonRpcParse_multisig_keys_rejects_exotic_root...
PASS in 12.8us
Running test Test_JsonRpcParse_restricted_wallet_start_at...
PASS in 1222.0ns
Running test Test_JsonRpcParse_restricted_wallet_start_at_short_cell_is_zero...
PASS in 869.0ns
Running test Test_JsonRpcParse_restricted_wallet_start_at_rejects_null_and_exotic...
PASS in 972.0ns...
The rest of the test output was removed since it exceeds the threshold of 1024 bytes.
</system-out>
	</testcase>
	<testcase name="test-http-server-limits" classname="test-http-server-limits" time="2.02954" status="run">
		<system-out>Running test Test_HttpServerLimits_connection_cap_refuses_extra_connections_and_recovers...
[NON-XML-CHAR-0x1B][1;31m[ 1][t 0][2026-09-09 15:27:13.127789496][TcpListener.cpp:40][!TcpListener[port:42999]]	127.0.0.1 42999[NON-XML-CHAR-0x1B][0m
[NON-XML-CHAR-0x1B][0m[ 4][t 0][2026-09-09 15:27:13.148308046][http-connection.cpp:33][!inhttpconn]	loop(): in=0 out=0[NON-XML-CHAR-0x1B][0m
[NON-XML-CHAR-0x1B][0m[ 4][t 0][2026-09-09 15:27:13.148339491][BufferedFd.h:221][!inhttpconn]	Flush read: +35B[total:35B][NON-XML-CHAR-0x1B][0m
[NON-XML-CHAR-0x1B][0m[ 4][t 0][2026-09-09 15:27:13.148410741][BufferedFd.h:155][!inhttpconn]	Nothing to write to [fd:9][NON-XML-CHAR-0x1B][0m
[NON-XML-CHAR-0x1B][0m[ 4][t 0][2026-09-09 15:27:13.148421748][http-connection.cpp:33][!inhttpconn]	loop(): in=0 out=0[NON-XML-CHAR-0x1B][0m
[NON-XML-CHAR-0x1B][0m[ 4][t 0][2026-09-09 15:27:13.148432467][BufferedFd.h:155][!inhttpconn]	Nothing to write to [fd:9][NON-XML-CHAR-0x1B][0m
[NON-XML-CHAR-0x1B][0m[ 4][t 0][2026-09-09 15:27:13.148443953][http-connection.cpp:33][!inhttpconn]	loop(): in=0 out=0[NON-XML-CHAR-0x1B][0m
[NON-XML-CHAR-0x1B][0m[ 4][t 0][2026-09-09 15:27:13.148453843][BufferedFd.h:155][!inhttpconn]	Nothing to write to [fd:9][NON-XML-CHAR-0x1B][0m
[NON-XML-CHAR-0x1B][0m[ 4][t 0][2026-09-09 15:27:13.148466937][http-connection.cpp:33][!inht...
The rest of the test output was removed since it exceeds the threshold of 1024 bytes.
</system-out>
	</testcase>
	<testcase name="test-wallet-message-processor" classname="test-wallet-message-processor" time="0.0069566" status="run">
		<system-out>Running test Test_WalletMessageProcessor_admission_table_tracks_compiled_wallet_code...
PASS in 316.6us
Running test Test_WalletMessageProcessor_network_bound_layouts_parse_seqno_and_valid_until...
PASS in 19.6us
Running test Test_WalletMessageProcessor_wallet_seqno_round_trip...
PASS in 4410.0ns
3 test(s) passed
</system-out>
	</testcase>
	<testcase name="test-vm-exception-hardening" classname="test-vm-exception-hardening" time="0.00585962" status="run">
		<system-out>Running test Test_VmExceptionHardening_ConvertsEverySupportedExceptionToStatus...
PASS in 455.5us
Running test Test_TlbNullCellHardening_RejectsNullCellsBeforeUnpacking...
PASS in 508.0ns
Running test Test_TlbNullCellHardening_PreservesNonNullUnpacking...
PASS in 124.0us
Running test Test_MasterchainStateHardening_RejectsMalformedExtraAfterHeaderInitialization...
[NON-XML-CHAR-0x1B][1;33m[ 2][t 0][2026-09-09 15:27:13.276307255][mc-config.cpp:165]	state extra information is invalid: x{}
PRINTING FAILED[NON-XML-CHAR-0x1B][0m
PASS in 155.5us
4 test(s) passed
</system-out>
	</testcase>
	<testcase name="test-celldb-streaming-import" classname="test-celldb-streaming-import" time="0.0139577" status="run">
		<system-out>[NON-XML-CHAR-0x1B][0m[ 4][t 0][2026-09-09 15:27:13.281161763][state-download-buffer.cpp:1131]	CellDbStreamingSink finished parse of 127 cell(s); root=C003143D8578FF35773280F44D3E20EBE5F875BB1258EA64921E31C787A4E27F (awaiting commit_after_root_verified)[NON-XML-CHAR-0x1B][0m
[NON-XML-CHAR-0x1B][0m[ 4][t 0][2026-09-09 15:27:13.282593756][state-download-buffer.cpp:1131]	CellDbStreamingSink finished parse of 399 cell(s); root=603D0B6D694895A7ABF3BB516FA53C45310DDA790AE1BF0E438EA68A28EF631F (awaiting commit_after_root_verified)[NON-XML-CHAR-0x1B][0m
[NON-XML-CHAR-0x1B][1;36m[ 3][t 0][2026-09-09 15:27:13.282659756][state-download-buffer.cpp:1195]	CellDbStreamingSink committed 399 cell(s); root=603D0B6D694895A7ABF3BB516FA53C45310DDA790AE1BF0E438EA68A28EF631F[NON-XML-CHAR-0x1B][0m
[NON-XML-CHAR-0x1B][0m[ 4][t 0][2026-09-09 15:27:13.283533800][state-download-buffer.cpp:1131]	CellDbStreamingSink finished parse of 199 cell(s); root=6A38690B2F7D9A217AC0C6B4DEF96B62A38E110840E075A10F4C99FDDDA3F3CB (awaiting commit_after_root_verified)[NON-XML-CHAR-0x1B][0m
[NON-XML-CHAR-0x1B][1;36m[ 3][t 0][2026-09-09 15:27:13.283563616][state-download-buffer.cpp:1195]	CellDbStreamingSink committ...
The rest of the test output was removed since it exceeds the threshold of 1024 bytes.
</system-out>
	</testcase>
	<testcase name="test-celldb-actor-restart" classname="test-celldb-actor-restart" time="1.23738" status="run">
		<system-out>[NON-XML-CHAR-0x1B][1;33m[ 2][t 1][2026-09-09 15:27:13.300547269][celldb.cpp:371][!celldbin]	Using V1 DynamicBagOfCells with options V1{}[NON-XML-CHAR-0x1B][0m
[NON-XML-CHAR-0x1B][1;36m[ 3][t 1][2026-09-09 15:27:13.310493203][celldb.cpp:251][!celldbin]	Validating metadata[NON-XML-CHAR-0x1B][0m
[NON-XML-CHAR-0x1B][1;36m[ 3][t 1][2026-09-09 15:27:13.310529432][celldb.cpp:307][!celldbin]	Validating metadata: OK[NON-XML-CHAR-0x1B][0m
[NON-XML-CHAR-0x1B][1;33m[ 2][t 1][2026-09-09 15:27:13.314399356][celldb.cpp:371][!celldbin]	Using V1 DynamicBagOfCells with options V1{}[NON-XML-CHAR-0x1B][0m
[NON-XML-CHAR-0x1B][1;33m[ 2][t 1][2026-09-09 15:27:13.321128376][celldb.cpp:2537][!celldbin]	CellDbIn found 1 residual streaming-import rollback manifest(s) and 0 adopted marker(s), plus 0 committed manifest(s); replaying only unadopted manifests before metadata validation[NON-XML-CHAR-0x1B][0m
[NON-XML-CHAR-0x1B][1;33m[ 2][t 1][2026-09-09 15:27:13.322266540][celldb.cpp:2484][!celldbin]	CellDbIn replayed streaming import rollback manifest /tmp/tos-test-celldb-actor-restart-1202387-unadopted/tmp/persistent-state/state.celldb-rollback.test.partial reason="startup recovery after interrupted streaming import" processed=1 er...
The rest of the test output was removed since it exceeds the threshold of 1024 bytes.
</system-out>
	</testcase>
	<testcase name="test-validator-options" classname="test-validator-options" time="0.00578981" status="run">
		<system-out></system-out>
	</testcase>
	<testcase name="test-full-node-shard-routing" classname="test-full-node-shard-routing" time="0.00491452" status="run">
		<system-out>Running test Test_FullNodeShardRouting_ForeignWorkchainAndIsolation...
PASS in 4591.0ns
Running test Test_FullNodeShardRouting_IndependentDepthAndHistoricalParents...
PASS in 2214.0ns
2 test(s) passed
</system-out>
	</testcase>
	<testcase name="test-uno-state-snapshot" classname="test-uno-state-snapshot" time="1.70665" status="run">
		<system-out>Running test Test_UnoStateSnapshot_CellRecordDeltaAccounting...
PASS in 17.9us
Running test Test_UnoStateSnapshot_GrowingStateRetainsSharedCellsAfterRootRelease...
[NON-XML-CHAR-0x1B][1;33m[ 2][t 0][2026-09-09 15:27:13.503522909][test-uno-state-snapshot.cpp:1015]	Root retention database: /tmp/uno-root-retention-H5V9pK (removed on success, retained on failure)[NON-XML-CHAR-0x1B][0m
CELL_RECORD_DELTA,0,134,12090,0,0,0,0
[NON-XML-CHAR-0x1B][0m[ 4][t 0][2026-09-09 15:27:13.524180774][transaction.cpp:616]	unpacking account 0000000000000000000000000000000000000000000000000000000000000000[NON-XML-CHAR-0x1B][0m
[NON-XML-CHAR-0x1B][0m[ 4][t 0][2026-09-09 15:27:13.524207798][transaction.cpp:449]	last_paid=0; cells=0 bits=0[NON-XML-CHAR-0x1B][0m
[NON-XML-CHAR-0x1B][0m[ 4][t 0][2026-09-09 15:27:13.524216215][transaction.cpp:679]	end of Account.unpack() for 2:0000000000000000000000000000000000000000000000000000000000000000 (balance = 0ng ; last_trans_lt = 1..2)[NON-XML-CHAR-0x1B][0m
[NON-XML-CHAR-0x1B][1;36m[ 3][t 0][2026-09-09 15:27:13.524360088][test-uno-state-snapshot.cpp:1100]	Root retention epoch=0 fixture_keys=64 roots=1 live_cells=134[NON-XML-CHAR-0x1B][0m
[NON-XML-CHAR-0x1B][0m[ 4][t 0][2026-09-09 15:27:13.5...
The rest of the test output was removed since it exceeds the threshold of 1024 bytes.
</system-out>
	</testcase>
	<testcase name="test-counter-genesis-domain" classname="test-counter-genesis-domain" time="0.132125" status="run">
		<system-out>-- Public-key genesis domain guard verified before state creation
</system-out>
	</testcase>
	<testcase name="test-block-handle-flags" classname="test-block-handle-flags" time="0.00691386" status="run">
		<system-out></system-out>
	</testcase>
	<testcase name="test-keyring-temp-key" classname="test-keyring-temp-key" time="0.611595" status="run">
		<system-out></system-out>
	</testcase>
	<testcase name="test-collator-node-limits" classname="test-collator-node-limits" time="0.00648061" status="run">
		<system-out></system-out>
	</testcase>
	<testcase name="test-rldp2-connection-limits" classname="test-rldp2-connection-limits" time="0.00443338" status="run">
		<system-out>Running test Test_Rldp2ConnectionLimits_EvictsTheEntryClosestToExpiring...
PASS in 10.8us
Running test Test_Rldp2ConnectionLimits_EvictionKeepsBothViewsInStep...
PASS in 9449.0ns
Running test Test_Rldp2ConnectionLimits_RefreshingMovesAConnectionWithoutChangingTheCount...
PASS in 2024.0ns
Running test Test_Rldp2ConnectionLimits_AdmissionHoldsTheTableAtTheCap...
PASS in 101.2us
Running test Test_Rldp2ConnectionLimits_AdmissionIsANoOpBelowTheCap...
PASS in 1633.0ns
Running test Test_Rldp2ConnectionLimits_AdmissionRefusesRatherThanGrowWhenTheOrderIsLost...
PASS in 1000.0ns
Running test Test_Rldp2ConnectionLimits_AFloodedLocalIdRecyclesItsOwnInsteadOfTakingFromAnother...
PASS in 5997.0ns
Running test Test_Rldp2ConnectionLimits_AFloodCannotStarveAnotherLocalIdHoweverLongItRuns...
PASS in 175.1us
Running test Test_Rldp2ConnectionLimits_ALocalIdBelowItsShareTakesFromAnOverServedOne...
PASS in 3629.0ns
Running test Test_Rldp2ConnectionLimits_ASingleLocalIdBehavesAsPlainMostIdleEviction...
PASS in 2169.0ns
Running test...
The rest of the test output was removed since it exceeds the threshold of 1024 bytes.
</system-out>
	</testcase>
	<testcase name="test-promise-loss-contract" classname="test-promise-loss-contract" time="0.00566282" status="run">
		<system-out>Running test Test_PromiseLossContract_DestroyingAnUnfulfilledPromiseReportsAnError...
PASS in 3196.0ns
Running test Test_PromiseLossContract_AnAnsweredPromiseIsNotAnsweredAgainOnDestruction...
PASS in 289.0ns
Running test Test_PromiseLossContract_ThrowingAfterTakingOwnershipStillAnswersTheCaller...
PASS in 58.6us
3 test(s) passed
</system-out>
	</testcase>
	<testcase name="test-json-rpc-handler-guard" classname="test-json-rpc-handler-guard" time="0.00424056" status="run">
		<system-out>Running test Test_JsonRpcHandlerGuard_RunsWorkThatDoesNotThrow...
PASS in 1506.0ns
Running test Test_JsonRpcHandlerGuard_ContainsAVmError...
[NON-XML-CHAR-0x1B][1;33m[ 2][t 0][2026-09-09 15:27:15.172682410][json-rpc-handler-guard.h:40]	json-rpc: vm error raised VM error: cell underflow[NON-XML-CHAR-0x1B][0m
PASS in 234.3us
Running test Test_JsonRpcHandlerGuard_ContainsAVmVirtualizationError...
[NON-XML-CHAR-0x1B][1;33m[ 2][t 0][2026-09-09 15:27:15.172877838][json-rpc-handler-guard.h:42]	json-rpc: vm virt error raised VM virtualization error: prunned branch[NON-XML-CHAR-0x1B][0m
PASS in 12.7us
Running test Test_JsonRpcHandlerGuard_ContainsAStandardException...
[NON-XML-CHAR-0x1B][1;33m[ 2][t 0][2026-09-09 15:27:15.172896890][json-rpc-handler-guard.h:44]	json-rpc: std exception raised exception: boom[NON-XML-CHAR-0x1B][0m
PASS in 12.7us
Running test Test_JsonRpcHandlerGuard_ContainsAnExceptionOfAnyOtherType...
[NON-XML-CHAR-0x1B][1;33m[ 2][t 0][2026-09-09 15:27:15.172915922][json-rpc-handler-guard.h:46]	json-rpc: foreign exception raised an unknown exception[NON-XML-CHAR-0x1B][0m
PASS in 11.4us
Running test Test_JsonRpcHandlerGuard_ThrowingWorkStillAns...
[...]
</system-out>
	</testcase>
	<testcase name="test-uno-crypto-kernel-gates" classname="test-uno-crypto-kernel-gates" time="1.51543" status="run">
		<system-out>test_annotated_tag_objects_bind_the_commits (__main__.KernelGates.test_annotated_tag_objects_bind_the_commits) ... ok
test_checkout_status_rejects_untracked_build_script (__main__.KernelGates.test_checkout_status_rejects_untracked_build_script) ... ok
test_declared_patch_base_is_checked (__main__.KernelGates.test_declared_patch_base_is_checked) ... ok
test_mirror_dependency_sources (__main__.KernelGates.test_mirror_dependency_sources) ... ok
test_normal_dependency_graph_has_no_entropy_provider (__main__.KernelGates.test_normal_dependency_graph_has_no_entropy_provider) ... ok
test_normal_feature_graph_matches_reviewed_snapshot (__main__.KernelGates.test_normal_feature_graph_matches_reviewed_snapshot) ... ok
test_patch_byte_matching_is_exact (__main__.KernelGates.test_patch_byte_matching_is_exact) ... ok
test_pins_and_registry_archives (__main__.KernelGates.test_pins_and_registry_archives) ... ok
test_rehashed_undeclared_vendor_changes_are_rejected (__main__.KernelGates.test_rehashed_undeclared_vendor_changes_a...
The rest of the test output was removed since it exceeds the threshold of 1024 bytes.
</system-out>
	</testcase>
	<testcase name="test-uno-crypto-header-guard" classname="test-uno-crypto-header-guard" time="3.76124" status="run">
		<system-out>-- Header guard fixture (retained on failure): /tmp/uno-publication-build/uno/crypto/cargo-target/header-guard-4242a3e0d2b79a87edfc
-- Header drift and non-overwrite controls passed
</system-out>
	</testcase>
	<testcase name="test-coro" classname="test-coro" time="5.64199" status="run">
		<system-out>[NON-XML-CHAR-0x1B][1;31m[ 1][t 1][2026-09-09 15:27:17.915935947][test-coro.cpp:1225][!CoroSpec]	Run tests[NON-XML-CHAR-0x1B][0m
[NON-XML-CHAR-0x1B][1;36m[ 3][t 1][2026-09-09 15:27:17.926484786][test-coro.cpp:106][!TestLogger]	[Logger] Starting coroutine tests[NON-XML-CHAR-0x1B][0m
[NON-XML-CHAR-0x1B][1;36m[ 3][t 1][2026-09-09 15:27:17.926515475][test-coro.cpp:171][!CoroSpec]	=== unified queries ===[NON-XML-CHAR-0x1B][0m
[NON-XML-CHAR-0x1B][1;36m[ 3][t 1][2026-09-09 15:27:17.926528197][test-coro.cpp:212][!CoroSpec]	meta_ask: ask(args...)[NON-XML-CHAR-0x1B][0m
[NON-XML-CHAR-0x1B][1;36m[ 3][t 3][2026-09-09 15:27:17.927866826][test-coro.cpp:214][!CoroSpec]	meta_ask: ask_immediate(args...)[NON-XML-CHAR-0x1B][0m
[NON-XML-CHAR-0x1B][1;36m[ 3][t 3][2026-09-09 15:27:17.927925702][test-coro.cpp:216][!CoroSpec]	meta_ask: co_try(ask_immediate(args...))[NON-XML-CHAR-0x1B][0m
[NON-XML-CHAR-0x1B][1;36m[ 3][t 3][2026-09-09 15:27:17.927938816][test-coro.cpp:218][!CoroSpec]	meta_ask: co_try(ask(args...))[NON-XML-CHAR-0x1B][0m
[NON-XML-CHAR-0x1B][1;36m[ 3][t 3][2026-09-09 15:27:17.927979083][test-coro.cpp:212][!CoroSpec]	meta_ask: ask(args...)[NON-XML-CHAR-0x1B][0m
[NON-XML-CHAR-0x1B][1;36m[ 3][t 3][2026-09-09 15:27:17.928000423][test-coro.cpp:214][!CoroSpec]	meta_ask: ask_immediate(args...)[NON-XML-CHAR-0x1B][0m
[NON-XML-CHAR-0x1B][1;36m[ 3][t 3][2026-09-09 15:...
The rest of the test output was removed since it exceeds the threshold of 1024 bytes.
</system-out>
	</testcase>
	<testcase name="test-scheduler-stop" classname="test-scheduler-stop" time="0.0408863" status="run">
		<system-out>Running test Test_SchedulerStop_AliveActors...
PASS in 549.9us
Running test Test_SchedulerStop_SelfStoppedVsAlive...
PASS in 1334.1us
Running test Test_SchedulerStop_PendingAlarm...
PASS in 238.3us
Running test Test_SchedulerStop_RepeatingAlarm...
PASS in 11.0ms
Running test Test_SchedulerStop_FromStartUp...
PASS in 242.9us
Running test Test_SchedulerStop_OwnedChildren...
PASS in 111.2us
Running test Test_SchedulerStop_PendingClosures...
PASS in 339.4us
Running test Test_SchedulerStop_YieldingActor...
PASS in 10.3ms
Running test Test_SchedulerStop_Idempotent...
PASS in 103.8us
Running test Test_SchedulerStop_MultipleAlarmActors...
PASS in 140.7us
Running test Test_SchedulerStop_SchedulerStopInTearDown...
PASS in 310.0us
Running test Test_SchedulerStop_NormalFlow...
[NON-XML-CHAR-0x1B][1;31m[ 1][t 0][2026-09-09 15:27:18.149071387][coro_task.h:433][&amp;r.is_error() &amp;&amp; r.error().code() != 653]	Detached task &lt;UnknownTask&gt; failed: [Error : 0 : promise destroyed][NON-XML-CHAR-0x1B][0m
PASS in 10.7ms
12 test(s) passed
</system-out>
	</testcase>
	<testcase name="test-runtime" classname="test-runtime" time="0.0107851" status="run">
		<system-out>Running test Test_Runtime_SimpleMessageToSelf...
[NON-XML-CHAR-0x1B][1;36m[ 3][t 1][2026-09-09 15:27:18.157520752][BusRuntime.h:238][!SampleActor]	Published event td::actor::test_simple_message_to_self::(anonymous namespace)::MainBus::[NON-XML-CHAR-0x1B][1;33mSampleEvent[NON-XML-CHAR-0x1B][1;36m@0x725254000b80[NON-XML-CHAR-0x1B][0m
[NON-XML-CHAR-0x1B][0m[ 4][t 1][2026-09-09 15:27:18.157853004][BusRuntime.h:240][!SampleActor]	Received event td::actor::test_simple_message_to_self::(anonymous namespace)::MainBus::[NON-XML-CHAR-0x1B][1;33mSampleEvent[NON-XML-CHAR-0x1B][0m@0x725254000b80[NON-XML-CHAR-0x1B][0m
PASS in 1566.2us
Running test Test_Runtime_BusTree...
[NON-XML-CHAR-0x1B][1;36m[ 3][t 1][2026-09-09 15:27:18.158928072][BusRuntime.h:238][!RootController]	Published event td::actor::test_bus_tree::(anonymous namespace)::Level1Bus::[NON-XML-CHAR-0x1B][1;33mStopRequested[NON-XML-CHAR-0x1B][1;36m@0x725254000b80 on Level1[0] bus[NON-XML-CHAR-0x1B][0m
[NON-XML-CHAR-0x1B][1;36m[ 3][t 1][2026-09-09 15:27:18.158980409][BusRuntime.h:238][!RootController]	Published event td::actor::test_bus_tree::(anonymous namespace)::Level1Bus::[NON-XML-CHAR-0x1B][1;33mStopRequested[NON-XML-CHAR-0x1B][1;36m@0x725254001070 on Level1[1] bus[NON-XML-CHAR-0x1B][0m
[NON-XML-CHAR-0x1B][0m[ 4][t 1][2026-09-09 15:27:18.158993240][BusRuntime....
The rest of the test output was removed since it exceeds the threshold of 1024 bytes.
</system-out>
	</testcase>
	<testcase name="test-test-scheduler" classname="test-test-scheduler" time="0.00569813" status="run">
		<system-out>Running test Test_SharedFuture_FailedResultIsEvictedAndRetried...
PASS in 19.7us
Running test Test_SharedFuture_ConcurrentWaitersShareFailureAndRetry...
PASS in 2000.0ms
Running test Test_SharedFuture_AwaitWithTimeoutSimultaneousCompletion...
PASS in 100.0s
Running test Test_TestScheduler_BasicActorStartUp...
PASS in 3592.0ns
Running test Test_TestScheduler_AlarmWithVirtualTime...
PASS in 5000.0ms
Running test Test_TestScheduler_TimeFrozenDuringWork...
PASS in 1000.0ms
Running test Test_TestScheduler_RepeatingAlarm...
PASS in 5000.0ms
Running test Test_TestScheduler_SendClosure...
PASS in 3010.0ns
Running test Test_TestScheduler_CoroSleep...
PASS in 3000.0ms
Running test Test_TestScheduler_MultipleActorsInteracting...
PASS in 3000.0ms
Running test Test_TestScheduler_NextTimeoutInfinity...
PASS in 3127.0ns
Running test Test_TestScheduler_ActorStopAndTearDown...
PASS in 2962.0ns
Running test Test_TestScheduler_AdvanceTimePrecise...
PASS in 5000.0ms
Running test Test_TestScheduler_CleanupDrainsPendingAlarms...
P...
The rest of the test output was removed since it exceeds the threshold of 1024 bytes.
</system-out>
	</testcase>
	<testcase name="test-backpressure-queue" classname="test-backpressure-queue" time="0.00427598" status="run">
		<system-out>Running test Test_BackpressureQueue_BasicPushPop...
PASS in 16.1us
Running test Test_BackpressureQueue_NonBlockingPushPop...
PASS in 6665.0ns
Running test Test_BackpressureQueue_BackpressureBlocksProducer...
PASS in 3069.0ns
Running test Test_BackpressureQueue_PopBlocksConsumer...
PASS in 3007.0ns
Running test Test_BackpressureQueue_CloseWakesBlockedPop...
PASS in 2939.0ns
Running test Test_BackpressureQueue_CloseWakesBlockedPush...
PASS in 2690.0ns
Running test Test_BackpressureQueue_CloseAllowsDrainingRemainingItems...
PASS in 2831.0ns
Running test Test_BackpressureQueue_ProducerConsumerStreaming...
PASS in 3337.0ns
Running test Test_BackpressureQueue_MultipleProducers...
PASS in 3733.0ns
9 test(s) passed
</system-out>
	</testcase>
	<testcase name="test-persistent-treap" classname="test-persistent-treap" time="1.31364" status="run">
		<system-out>Running test Test_PersistentTreap_Empty...
PASS in 1742.0ns
Running test Test_PersistentTreap_InsertAndFind...
PASS in 38.9us
Running test Test_PersistentTreap_InsertOverwrite...
PASS in 3852.0ns
Running test Test_PersistentTreap_Erase...
PASS in 4375.0ns
Running test Test_PersistentTreap_EraseAt...
PASS in 4428.0ns
Running test Test_PersistentTreap_AtRandomAccess...
PASS in 4771.0ns
Running test Test_PersistentTreap_SnapshotIsolation...
PASS in 3693.0ns
Running test Test_PersistentTreap_LargeInsertErase...
PASS in 25.4ms
Running test Test_PersistentTreap_EraseAtSmall...
PASS in 8087.0ns
Running test Test_PersistentTreap_RandomInsertEraseAt...
PASS in 2977.8us
Running test Test_PersistentTreap_SnapshotRandomDrain...
PASS in 1970.1us
Running test Test_PersistentTreap_StringKeys...
PASS in 8792.0ns
Running test Test_PersistentTreap_StressRandomOps...
PASS in 80.2ms
Running test Test_PersistentTreap_StressSnapshotIsolation...
PASS in 14.3ms
Running test Test_PersistentTreap_StressRandomDrain...
PASS in 1183.3ms
...
The rest of the test output was removed since it exceeds the threshold of 1024 bytes.
</system-out>
	</testcase>
	<testcase name="test-lru-cache" classname="test-lru-cache" time="0.00832203" status="run">
		<system-out>Running test Test_LRUCache_EmptyReflectsContents...
PASS in 4990.0ns
1 test(s) passed
</system-out>
	</testcase>
	<testcase name="test-ffi-awaitable" classname="test-ffi-awaitable" time="0.0245736" status="run">
		<system-out>Running test Test_FFIAwaitable_CreateResolvedWithValue...
PASS in 1988.8us
Running test Test_FFIAwaitable_CreateResolvedWithError...
PASS in 1578.6us
Running test Test_FFIAwaitable_AwaitSuspendOnResolved...
PASS in 322.8us
Running test Test_FFIAwaitable_CreateBridgeResolveWithoutSuspend...
PASS in 660.4us
Running test Test_FFIAwaitable_CreateBridgeResolveAfterSuspend...
PASS in 572.8us
Running test Test_FFIAwaitable_TransformString...
PASS in 505.0us
Running test Test_FFIAwaitable_ConcurrentResolveAndSuspend...
PASS in 5310.8us
Running test Test_FFIAwaitable_DestroyUnresolvedWithoutSuspend...
PASS in 229.3us
Running test Test_FFIAwaitable_DestroyUnresolvedAfterSuspend...
PASS in 473.2us
Running test Test_FFIAwaitable_DestroyResolvedWithoutSuspend...
PASS in 600.7us
Running test Test_FFIAwaitable_DestroyResolvedAfterSuspend...
PASS in 556.1us
Running test Test_FFIAwaitable_DestroyConcurrentWithResolve...
PASS in 5495.6us
12 test(s) passed
</system-out>
	</testcase>
	<testcase name="test-ffi-event-loop" classname="test-ffi-event-loop" time="0.114111" status="run">
		<system-out>Running test Test_FFIEventLoop_WaitTimeout...
PASS in 20.5ms
Running test Test_FFIEventLoop_PutBeforeWait...
PASS in 1878.3us
Running test Test_FFIEventLoop_WaitThenPut...
PASS in 20.8ms
Running test Test_FFIEventLoop_CancelBeforeWait...
PASS in 689.3us
Running test Test_FFIEventLoop_CancelDuringWait...
PASS in 20.8ms
Running test Test_FFIEventLoop_MultiplePuts...
PASS in 364.1us
Running test Test_FFIEventLoop_ObjectCounter...
PASS in 379.3us
Running test Test_FFIEventLoop_RunInContext...
PASS in 410.6us
Running test Test_FFIEventLoop_ConcurrentPuts...
PASS in 11.1ms
Running test Test_FFIEventLoop_BackgroundThreadFlow...
PASS in 15.5ms
Running test Test_FFIEventLoop_InterleavedPutsAndWaits...
PASS in 10.6ms
Running test Test_FFIEventLoop_CancelMultipleTimes...
PASS in 606.2us
Running test Test_FFIEventLoop_PutAfterCancel...
PASS in 583.0us
13 test(s) passed
</system-out>
	</testcase>
	<testcase name="test-liteserver-admission" classname="test-liteserver-admission" time="0.00784033" status="run">
		<system-out>Running test Test_LiteServerAdmission_ConnectionCapsAreReleased...
PASS in 5711.0ns
Running test Test_LiteServerAdmission_PerConnectionRateAndInflightCapsCompose...
PASS in 1453.0ns
Running test Test_LiteServerAdmission_ServerQueryCapsComposeAcrossIps...
PASS in 3129.0ns
Running test Test_LiteServerAdmission_ServerQueryReleaseIsIdempotentPerIp...
PASS in 2327.0ns
Running test Test_LiteServerAdmission_AnonymousIdentityIsStablePerIp...
PASS in 1191.5us
Running test Test_LiteServerAdmission_UnknownAndExcessHeavyQueriesFailClosed...
PASS in 38.3us
Running test Test_LiteServerAdmission_WaitingDoesNotConsumeExecutionCapacity...
PASS in 45.2us
Running test Test_LiteServerAdmission_ConnectionIdentityPairsAddressWithItsKey...
PASS in 7617.0ns
Running test Test_LiteServerAdmission_EveryCategorisedRequestIsAdmissible...
PASS in 82.6us
9 test(s) passed
</system-out>
	</testcase>
	<testcase name="test-consensus-simplex2-loss" classname="test-consensus-simplex2-loss" time="0" status="notrun">
		<skipped message="Unable to find executable"/>
		<system-out>Unable to find executable: /tmp/uno-publication-build/test/validator/consensus/test-consensus</system-out>
	</testcase>
	<testcase name="test-consensus-simplex2-restart" classname="test-consensus-simplex2-restart" time="0" status="notrun">
		<skipped message="Unable to find executable"/>
		<system-out>Unable to find executable: /tmp/uno-publication-build/test/validator/consensus/test-consensus</system-out>
	</testcase>
	<testcase name="test-consensus-simplex2-partition" classname="test-consensus-simplex2-partition" time="0" status="notrun">
		<skipped message="Unable to find executable"/>
		<system-out>Unable to find executable: /tmp/uno-publication-build/test/validator/consensus/test-consensus</system-out>
	</testcase>
	<testcase name="test-consensus-simplex2-malicious-observer" classname="test-consensus-simplex2-malicious-observer" time="0" status="notrun">
		<skipped message="Unable to find executable"/>
		<system-out>Unable to find executable: /tmp/uno-publication-build/test/validator/consensus/test-consensus</system-out>
	</testcase>
	<testcase name="test-consensus-simplex2-relay-loop" classname="test-consensus-simplex2-relay-loop" time="0" status="notrun">
		<skipped message="Unable to find executable"/>
		<system-out>Unable to find executable: /tmp/uno-publication-build/test/validator/consensus/test-consensus</system-out>
	</testcase>
	<testcase name="test-consensus-simplex2-adaptive-byzantine" classname="test-consensus-simplex2-adaptive-byzantine" time="0" status="notrun">
		<skipped message="Unable to find executable"/>
		<system-out>Unable to find executable: /tmp/uno-publication-build/test/validator/consensus/test-consensus</system-out>
	</testcase>
	<testcase name="test-consensus-simplex2-manager-ingress-adversarial" classname="test-consensus-simplex2-manager-ingress-adversarial" time="0" status="notrun">
		<skipped message="Unable to find executable"/>
		<system-out>Unable to find executable: /tmp/uno-publication-build/test/validator/consensus/test-consensus</system-out>
	</testcase>
	<testcase name="test-consensus-simplex2-candidate-relay-eviction" classname="test-consensus-simplex2-candidate-relay-eviction" time="0" status="notrun">
		<skipped message="Unable to find executable"/>
		<system-out>Unable to find executable: /tmp/uno-publication-build/test/validator/consensus/test-consensus</system-out>
	</testcase>
	<testcase name="test-consensus-simplex2-state-resolver-cache-unit" classname="test-consensus-simplex2-state-resolver-cache-unit" time="0" status="notrun">
		<skipped message="Unable to find executable"/>
		<system-out>Unable to find executable: /tmp/uno-publication-build/test/validator/consensus/test-consensus</system-out>
	</testcase>
	<testcase name="test-consensus-simplex2-state-resolver-inflight-admission-unit" classname="test-consensus-simplex2-state-resolver-inflight-admission-unit" time="0" status="notrun">
		<skipped message="Unable to find executable"/>
		<system-out>Unable to find executable: /tmp/uno-publication-build/test/validator/consensus/test-consensus</system-out>
	</testcase>
	<testcase name="test-consensus-simplex2-skipped-slot-resolution-unit" classname="test-consensus-simplex2-skipped-slot-resolution-unit" time="0" status="notrun">
		<skipped message="Unable to find executable"/>
		<system-out>Unable to find executable: /tmp/uno-publication-build/test/validator/consensus/test-consensus</system-out>
	</testcase>
	<testcase name="test-consensus-simplex2-candidate-resolver-retention-unit" classname="test-consensus-simplex2-candidate-resolver-retention-unit" time="0" status="notrun">
		<skipped message="Unable to find executable"/>
		<system-out>Unable to find executable: /tmp/uno-publication-build/test/validator/consensus/test-consensus</system-out>
	</testcase>
	<testcase name="test-consensus-simplex2-candidate-resolver-interleaving-unit" classname="test-consensus-simplex2-candidate-resolver-interleaving-unit" time="0" status="notrun">
		<skipped message="Unable to find executable"/>
		<system-out>Unable to find executable: /tmp/uno-publication-build/test/validator/consensus/test-consensus</system-out>
	</testcase>
	<testcase name="test-consensus-simplex2-db-finalized-slot-dedup-unit" classname="test-consensus-simplex2-db-finalized-slot-dedup-unit" time="0" status="notrun">
		<skipped message="Unable to find executable"/>
		<system-out>Unable to find executable: /tmp/uno-publication-build/test/validator/consensus/test-consensus</system-out>
	</testcase>
	<testcase name="test-consensus-validator-manager-resource-policy-unit" classname="test-consensus-validator-manager-resource-policy-unit" time="0" status="notrun">
		<skipped message="Unable to find executable"/>
		<system-out>Unable to find executable: /tmp/uno-publication-build/test/validator/consensus/test-consensus</system-out>
	</testcase>
	<testcase name="test-validator-manager-resource-policy-actor" classname="test-validator-manager-resource-policy-actor" time="0" status="notrun">
		<skipped message="Unable to find executable"/>
		<system-out>Unable to find executable: /tmp/uno-publication-build/test/validator/consensus/test-validator-manager-resource-policy</system-out>
	</testcase>
	<testcase name="test-consensus-simplex2-state-resolver-catch-up" classname="test-consensus-simplex2-state-resolver-catch-up" time="0" status="notrun">
		<skipped message="Unable to find executable"/>
		<system-out>Unable to find executable: /tmp/uno-publication-build/test/validator/consensus/test-consensus</system-out>
	</testcase>
	<testcase name="test-consensus-simplex2-empty-chain-restart" classname="test-consensus-simplex2-empty-chain-restart" time="0" status="notrun">
		<skipped message="Unable to find executable"/>
		<system-out>Unable to find executable: /tmp/uno-publication-build/test/validator/consensus/test-consensus</system-out>
	</testcase>
	<testcase name="test-consensus-simplex2-query-abuse" classname="test-consensus-simplex2-query-abuse" time="0" status="notrun">
		<skipped message="Unable to find executable"/>
		<system-out>Unable to find executable: /tmp/uno-publication-build/test/validator/consensus/test-consensus</system-out>
	</testcase>
	<testcase name="test-consensus-simplex2-codec-boundary" classname="test-consensus-simplex2-codec-boundary" time="0" status="notrun">
		<skipped message="Unable to find executable"/>
		<system-out>Unable to find executable: /tmp/uno-publication-build/test/validator/consensus/test-consensus</system-out>
	</testcase>
	<testcase name="test-consensus-simplex2-genesis-config" classname="test-consensus-simplex2-genesis-config" time="0.0323453" status="run">
		<system-out>[NON-XML-CHAR-0x1B][1;31m[ 1][t 0][2026-09-09 15:27:19.126538845][create-state.cpp:887]	{}[NON-XML-CHAR-0x1B][0m
[NON-XML-CHAR-0x1B][1;31m[ 1][t 0][2026-09-09 15:27:19.126768272][create-state.cpp:887]	{/home/tomi/tos-m2/crypto/fift/lib}[NON-XML-CHAR-0x1B][0m
[NON-XML-CHAR-0x1B][1;31m[ 1][t 0][2026-09-09 15:27:19.126777030][create-state.cpp:887]	{/home/tomi/tos-m2/crypto/fift/lib, /tmp/uno-publication-build/crypto/smartcont}[NON-XML-CHAR-0x1B][0m
</system-out>
	</testcase>
</testsuite>
