<?xml version="1.0" encoding="UTF-8"?>
<testsuite name="(empty)"
	tests="1"
	failures="1"
	disabled="0"
	skipped="0"
	hostname=""
	time="14"
	timestamp="2026-09-09T13:15:12"
	>
	<testcase name="test-workchain-publication-recovery-gates" classname="test-workchain-publication-recovery-gates" time="14.0772" status="fail">
		<failure message=""/>
		<system-out>Private measurement evidence: /tmp/uno-publication-build/workchain-publication-ctest/run-kj4znmpi/evidence
Traceback (most recent call last):
  File "/home/tomi/tos-m2/crypto/test/workchain-publication-recovery.py", line 213, in &lt;module&gt;
    main()
    ~~~~^^
  File "/home/tomi/tos-m2/crypto/test/workchain-publication-recovery.py", line 105, in main
    report['baseline'] = run('baseline', {})
                         ~~~^^^^^^^^^^^^^^^^
  File "/home/tomi/tos-m2/crypto/test/workchain-publication-recovery.py", line 96, in run
    assert oracle_hashes() == report['oracle_sha256'], 'frozen oracle changed'
           ^^^^^^^^^^^^^^^^^^^^^^^^^^^^^^^^^^^^^^^^^^
AssertionError: frozen oracle changed
</system-out>
	</testcase>
</testsuite>
