<?xml version="1.0" encoding="UTF-8"?>
<testsuite name="(empty)"
	tests="130"
	failures="9"
	disabled="0"
	skipped="0"
	hostname=""
	time="483"
	timestamp="2026-09-09T23:11:55"
	>
	<testcase name="test-workchain-proof-boundary-gates" classname="test-workchain-proof-boundary-gates" time="0.427603" status="run">
		<system-out>...
----------------------------------------------------------------------
Ran 3 tests in 0.343s

OK
</system-out>
	</testcase>
	<testcase name="test-workchain-proof-backend" classname="test-workchain-proof-backend" time="0.930134" status="run">
		<system-out>verified SEND and COLLECT k=1..8: 9 fixtures
</system-out>
	</testcase>
	<testcase name="test-workchain-proof-operation-trace" classname="test-workchain-proof-operation-trace" time="16.829" status="run">
		<system-out>kind=1 k=0 component=0 actual=1106 reserved=1106
kind=1 k=0 component=1 actual=11 reserved=11
kind=1 k=0 component=2 actual=1026 reserved=1026
kind=1 k=0 component=3 actual=48 reserved=48
kind=1 k=0 component=4 actual=8 reserved=8
kind=1 k=0 component=5 actual=9 reserved=9
kind=1 k=0 component=6 actual=8 reserved=8
kind=1 k=0 component=7 actual=6 reserved=6
kind=1 k=0 component=8 actual=66 reserved=66
kind=2 k=1 component=0 actual=1100 reserved=1100
kind=2 k=1 component=1 actual=10 reserved=10
kind=2 k=1 component=2 actual=1026 reserved=1026
kind=2 k=1 component=3 actual=46 reserved=46
kind=2 k=1 component=4 actual=8 reserved=8
kind=2 k=1 component=5 actual=9 reserved=9
kind=2 k=1 component=6 actual=7 reserved=7
kind=2 k=1 component=7 actual=6 reserved=6
kind=2 k=1 component=8 actual=66 reserved=66
kind=2 k=2 component=0 actual=1130 reserved=1130
kind=2 k=2 component=1 actual=12 reserved=12
kind=2 k=2 component=2 actual=1026 reserved=1026
kind=2 k=2 component=3 actual=51 reserved=51
kind=2 k=2 component=4 act...
The rest of the test output was removed since it exceeds the threshold of 1024 bytes.
</system-out>
	</testcase>
	<testcase name="test-quorum-static-grep" classname="test-quorum-static-grep" time="0.0516583" status="run">
		<system-out>rg: /home/tomi/tos/validator-session: No such file or directory (os error 2)
rg: /home/tomi/tos/validator-session: No such file or directory (os error 2)
rg: /home/tomi/tos/validator-session: No such file or directory (os error 2)
quorum static check passed
</system-out>
	</testcase>
	<testcase name="plumtree-graph-sim-smoke" classname="plumtree-graph-sim-smoke" time="0.527735" status="run">
		<system-out>Plumtree graph simulation: mode=fec, all-validators-send, nodes=12, validators=4, senders=4, tree_slots=46, expected=12, unreachable=0, broadcasts=5, payload=32.0K, packet_loss=0, isolate_broadcasts=0, rotate_isolation=0, selective_drop=none
   # senders   delivered      p90      p95      p99     last     avg in    avg out     max in    max out      sent      dup    dup%
   0       4    12/12       458.4    469.3    475.6    477.1      53.6K      65.4K      76.8K     143.1K    785.0K        0   0.00%
   1       4    12/12       600.2    606.8    612.1    613.5      81.4K     100.6K     182.1K     134.3K     1.18M      218  37.78%
   2       4    12/12       592.7    676.6    717.5    727.7      94.5K      67.6K     173.3K     129.0K    810.9K      392  52.62%
   3       4    12/12       209.5    213.6    214.3    214.5      46.9K      51.1K      71.1K     116.8K    613.4K        0   0.00%
   4       4    12/12       208.8    212.0    212.5    212.7      50.8K      51.2K      67.9K     116.8K    614.7K        ...
The rest of the test output was removed since it exceeds the threshold of 1024 bytes.
</system-out>
	</testcase>
	<testcase name="plumtree-graph-sim-simple-smoke" classname="plumtree-graph-sim-simple-smoke" time="0.0661725" status="run">
		<system-out>Plumtree graph simulation: mode=simple, all-validators-send, nodes=12, validators=4, senders=4, tree_slots=46, expected=12, unreachable=0, broadcasts=5, payload=32.0K, packet_loss=0, isolate_broadcasts=0, rotate_isolation=0, selective_drop=none
   # senders   delivered      p90      p95      p99     last     avg in    avg out     max in    max out      sent      dup    dup%
   0       4    12/12       442.0    468.3    492.7    498.7      21.8K      24.7K      32.6K      65.0K    295.8K        0   0.00%
     divergent simple: full_node_payload_hashes=4, full_node_sources=4
   1       4    12/12       933.7    947.0    959.7    962.9      35.3K      48.7K      96.9K      64.8K    584.0K        5  38.46%
     divergent simple: full_node_payload_hashes=4, full_node_sources=4
   2       4    12/12       919.5   1001.6   1003.9   1004.5      45.9K      29.9K      96.8K      64.7K    358.3K        9  52.94%
     divergent simple: full_node_payload_hashes=4, full_node_sources=4
   3       4    12/12       208.0    2...
The rest of the test output was removed since it exceeds the threshold of 1024 bytes.
</system-out>
	</testcase>
	<testcase name="plumtree-graph-sim-loss" classname="plumtree-graph-sim-loss" time="0.799162" status="run">
		<system-out>Plumtree graph simulation: mode=fec, all-validators-send, nodes=12, validators=4, senders=4, tree_slots=46, expected=12, unreachable=0, broadcasts=5, payload=32.0K, packet_loss=0.1, isolate_broadcasts=0, rotate_isolation=0, selective_drop=none
   # senders   delivered      p90      p95      p99     last     avg in    avg out     max in    max out      sent      dup    dup%
   0       4    12/12       603.0    636.1    656.1    661.1      53.5K      63.6K      94.7K     122.0K    763.2K       55  16.27%
   1       4    12/12       561.7    590.6    600.1    602.5      52.6K      62.2K      79.2K     125.9K    746.7K       38  10.53%
   2       4    12/12       232.0    391.3    543.0    580.9      58.6K      63.1K      83.2K     124.9K    757.4K       84  19.22%
   3       4    12/12       174.4    192.9    210.8    215.2      43.9K      51.6K      72.1K     116.9K    619.1K       37  10.57%
   4       4    12/12       204.0    211.6    212.5    212.8      45.9K      51.9K      62.5K     118.3K    622.9K      ...
The rest of the test output was removed since it exceeds the threshold of 1024 bytes.
</system-out>
	</testcase>
	<testcase name="plumtree-graph-sim-simple-loss" classname="plumtree-graph-sim-simple-loss" time="0.0662708" status="run">
		<system-out>Plumtree graph simulation: mode=simple, all-validators-send, nodes=12, validators=4, senders=4, tree_slots=46, expected=12, unreachable=0, broadcasts=5, payload=32.0K, packet_loss=0.08, isolate_broadcasts=0, rotate_isolation=0, selective_drop=none
   # senders   delivered      p90      p95      p99     last     avg in    avg out     max in    max out      sent      dup    dup%
   0       4    12/12       703.9    772.8    813.8    824.1      24.6K      24.7K      64.8K      65.0K    295.9K        1  11.11%
     divergent simple: full_node_payload_hashes=4, full_node_sources=4
   1       4    12/12       471.9    530.9    579.6    591.8      24.4K      29.8K      64.4K      65.0K    357.9K        1  11.11%
     divergent simple: full_node_payload_hashes=4, full_node_sources=4
   2       4    12/12       567.2    640.4    700.2    715.2      27.1K      27.2K      64.7K      64.6K    325.8K        2  20.00%
     divergent simple: full_node_payload_hashes=4, full_node_sources=4
   3       4    12/12       201.1  ...
The rest of the test output was removed since it exceeds the threshold of 1024 bytes.
</system-out>
	</testcase>
	<testcase name="plumtree-graph-sim-partition-recovery" classname="plumtree-graph-sim-partition-recovery" time="0.625175" status="run">
		<system-out>Plumtree graph simulation: mode=fec, all-validators-send, nodes=12, validators=4, senders=4, tree_slots=46, expected=12, unreachable=0, broadcasts=3, payload=32.0K, packet_loss=0, isolate_broadcasts=2, rotate_isolation=0, selective_drop=none
   # senders   delivered      p90      p95      p99     last     avg in    avg out     max in    max out      sent      dup    dup%
   0       4    11/12       458.6    470.0    479.1    481.4      46.6K      59.0K      76.8K     143.1K    707.6K        0   0.00%
   1       4    11/12       951.8    962.8    971.6    973.8      69.5K      86.8K     183.3K     134.3K     1.02M      175  35.64%
   2       4    12/12       592.8    641.6    652.5    655.3      94.5K      71.0K     173.3K     135.4K    852.4K      364  49.26%
</system-out>
	</testcase>
	<testcase name="plumtree-graph-sim-selective-forwarding" classname="plumtree-graph-sim-selective-forwarding" time="0.878998" status="run">
		<system-out>Plumtree graph simulation: mode=fec, all-validators-send, nodes=12, validators=4, senders=4, tree_slots=46, expected=12, unreachable=0, broadcasts=5, payload=32.0K, packet_loss=0, isolate_broadcasts=0, rotate_isolation=0, selective_drop=4
   # senders   delivered      p90      p95      p99     last     avg in    avg out     max in    max out      sent      dup    dup%
   0       4    12/12       457.8    469.8    477.1    478.9      53.4K      65.4K      76.8K     143.1K    784.5K        0   0.00%
   1       4    12/12       617.1    639.6    658.7    663.4      83.2K      98.5K     188.3K     134.3K     1.15M      231  38.82%
   2       4    12/12       189.1    201.1    209.5    211.5      68.8K      59.1K     137.0K     128.9K    708.7K      219  39.11%
   3       4    12/12       178.7    195.5    209.8    213.4      51.3K      51.2K      69.7K     125.2K    614.9K        0   0.00%
   4       4    12/12       182.9    198.8    211.6    214.8      52.4K      53.2K      74.0K     125.2K    638.2K        0  ...
The rest of the test output was removed since it exceeds the threshold of 1024 bytes.
</system-out>
	</testcase>
	<testcase name="plumtree-graph-sim-rotating-outage" classname="plumtree-graph-sim-rotating-outage" time="0.798486" status="run">
		<system-out>Plumtree graph simulation: mode=fec, all-validators-send, nodes=12, validators=4, senders=4, tree_slots=46, expected=12, unreachable=0, broadcasts=5, payload=32.0K, packet_loss=0, isolate_broadcasts=4, rotate_isolation=1, selective_drop=none
   # senders   delivered      p90      p95      p99     last     avg in    avg out     max in    max out      sent      dup    dup%
   0       4    11/12       464.5    472.0    477.9    479.4      46.5K      58.8K      76.8K     143.1K    706.1K        0   0.00%
   1       4    11/12       657.1    667.7    676.2    678.3      71.1K      81.7K     188.3K     143.3K    980.8K      184  36.51%
   2       4    11/12       156.8    158.1    159.2    159.4      49.4K      58.7K      89.1K     127.3K    704.1K      104  26.53%
   3       4    11/12       162.1    174.9    185.2    187.8      48.8K      51.0K      91.4K     126.0K    611.9K        9   2.63%
   4       4    12/12       159.0    172.6    185.9    189.2      50.3K      54.5K      86.4K     125.2K    654.1K        ...
The rest of the test output was removed since it exceeds the threshold of 1024 bytes.
</system-out>
	</testcase>
	<testcase name="plumtree-graph-sim-simple-selective-forwarding" classname="plumtree-graph-sim-simple-selective-forwarding" time="0.0663864" status="run">
		<system-out>Plumtree graph simulation: mode=simple, all-validators-send, nodes=12, validators=4, senders=4, tree_slots=46, expected=12, unreachable=0, broadcasts=5, payload=32.0K, packet_loss=0, isolate_broadcasts=0, rotate_isolation=0, selective_drop=4
   # senders   delivered      p90      p95      p99     last     avg in    avg out     max in    max out      sent      dup    dup%
   0       4    12/12       449.4    456.4    458.8    459.4      21.8K      24.6K      32.6K      65.0K    295.8K        0   0.00%
     divergent simple: full_node_payload_hashes=4, full_node_sources=4
   1       4    12/12       665.6    674.8    680.3    681.7      32.6K      38.0K      96.9K      65.0K    455.9K        4  33.33%
     divergent simple: full_node_payload_hashes=4, full_node_sources=4
   2       4    12/12       150.4    509.0    859.0    946.4      27.2K      24.5K      64.7K      64.7K    293.5K        2  20.00%
     divergent simple: full_node_payload_hashes=4, full_node_sources=4
   3       4    12/12       150.3    163....
The rest of the test output was removed since it exceeds the threshold of 1024 bytes.
</system-out>
	</testcase>
	<testcase name="plumtree-graph-sim-simple-rotating-outage" classname="plumtree-graph-sim-simple-rotating-outage" time="0.0641138" status="run">
		<system-out>Plumtree graph simulation: mode=simple, all-validators-send, nodes=12, validators=4, senders=4, tree_slots=46, expected=12, unreachable=0, broadcasts=5, payload=32.0K, packet_loss=0, isolate_broadcasts=4, rotate_isolation=1, selective_drop=none
   # senders   delivered      p90      p95      p99     last     avg in    avg out     max in    max out      sent      dup    dup%
   0       4    11/12       465.4    478.5    489.1    491.7      19.1K      21.9K      32.6K      65.0K    263.2K        0   0.00%
     divergent simple: full_node_payload_hashes=4, full_node_sources=4
   1       4    11/12       651.3    674.2    692.6    697.2      29.9K      32.6K      96.9K      65.0K    391.4K        4  36.36%
     divergent simple: full_node_payload_hashes=4, full_node_sources=4
   2       4    11/12       158.6    161.1    163.0    163.5      19.0K      24.4K      32.5K      64.6K    292.9K        0   0.00%
     divergent simple: full_node_payload_hashes=4, full_node_sources=4
   3       4    11/12       143.5    1...
The rest of the test output was removed since it exceeds the threshold of 1024 bytes.
</system-out>
	</testcase>
	<testcase name="plumtree-graph-sim-fec-stress" classname="plumtree-graph-sim-fec-stress" time="3.17112" status="run">
		<system-out>Plumtree graph simulation: mode=fec, all-validators-send, nodes=12, validators=4, senders=4, tree_slots=46, expected=12, unreachable=0, broadcasts=20, payload=256.0K, packet_loss=0, isolate_broadcasts=0, rotate_isolation=0, selective_drop=none
   # senders   delivered      p90      p95      p99     last     avg in    avg out     max in    max out      sent      dup    dup%
   0       4    12/12       918.6    921.0    922.7    923.2     267.0K     392.5K     426.4K     814.9K     4.60M       37  10.91%
   1       4    12/12       741.7    767.8    792.8    799.0     375.2K     275.7K     745.6K     620.4K     3.23M      129  26.11%
   2       4    12/12       637.0    665.7    690.4    696.6     335.0K     386.7K     530.6K     739.9K     4.53M       80  18.02%
   3       4    12/12       656.5    718.4    774.5    788.5     358.3K     303.1K     616.2K     627.6K     3.55M       90  19.11%
   4       4    12/12       597.3    654.8    708.7    722.1     288.0K     286.6K     472.9K     662.5K     3.36M      ...
The rest of the test output was removed since it exceeds the threshold of 1024 bytes.
</system-out>
	</testcase>
	<testcase name="plumtree-graph-sim-simple-stress" classname="plumtree-graph-sim-simple-stress" time="0.390774" status="run">
		<system-out>Plumtree graph simulation: mode=simple, all-validators-send, nodes=12, validators=4, senders=4, tree_slots=46, expected=12, unreachable=0, broadcasts=20, payload=256.0K, packet_loss=0, isolate_broadcasts=0, rotate_isolation=0, selective_drop=none
   # senders   delivered      p90      p95      p99     last     avg in    avg out     max in    max out      sent      dup    dup%
   0       4    12/12       892.9    904.9    907.5    908.1     171.2K     192.6K     256.6K     513.0K     2.26M        0   0.00%
     divergent simple: full_node_payload_hashes=4, full_node_sources=4
   1       4    12/12      1107.5   1165.0   1219.9   1233.6     192.6K     277.9K     512.8K     512.8K     3.26M        1  11.11%
     divergent simple: full_node_payload_hashes=4, full_node_sources=4
   2       4    12/12       896.8    939.8    956.1    960.1     320.5K     213.8K     768.6K     512.7K     2.51M        7  46.67%
     divergent simple: full_node_payload_hashes=4, full_node_sources=4
   3       4    12/12       723.8   ...
The rest of the test output was removed since it exceeds the threshold of 1024 bytes.
</system-out>
	</testcase>
	<testcase name="test-counter-collator-admission" classname="test-counter-collator-admission" time="0.0283362" status="run">
		<system-out></system-out>
	</testcase>
	<testcase name="test-counter-disk-integration" classname="test-counter-disk-integration" time="0.343249" status="fail">
		<failure message=""/>
		<system-out>-- Counter fixture active; retained if interrupted: /home/tomi/tos/build/counter-integration-ac103faf03fe
CMake Error at /home/tomi/tos/test/test-counter-disk-integration.cmake:171 (message):
  bootstrap: exit 2, expected 0; see
  /home/tomi/tos/build/counter-integration-ac103faf03fe/bootstrap.log
Call Stack (most recent call first):
  /home/tomi/tos/test/test-counter-disk-integration.cmake:212 (run_node)



CMake Error at /home/tomi/tos/test/counter-fixture-lifecycle.cmake:58 (message):
  Counter fixture FAILED (1); retained for inspection:
  /home/tomi/tos/build/counter-integration-ac103faf03fe
Call Stack (most recent call first):
  /home/tomi/tos/test/test-counter-disk-integration.cmake:3 (counter_run_fixture)


</system-out>
	</testcase>
	<testcase name="test-counter-account-binding-readiness" classname="test-counter-account-binding-readiness" time="0.346021" status="fail">
		<failure message=""/>
		<system-out>-- Counter fixture active; retained if interrupted: /home/tomi/tos/build/counter-integration-5dbdb8954f52
CMake Error at /home/tomi/tos/test/test-counter-disk-integration.cmake:171 (message):
  bootstrap: exit 2, expected 0; see
  /home/tomi/tos/build/counter-integration-5dbdb8954f52/bootstrap.log
Call Stack (most recent call first):
  /home/tomi/tos/test/test-counter-disk-integration.cmake:212 (run_node)



CMake Error at /home/tomi/tos/test/counter-fixture-lifecycle.cmake:58 (message):
  Counter fixture FAILED (1); retained for inspection:
  /home/tomi/tos/build/counter-integration-5dbdb8954f52
Call Stack (most recent call first):
  /home/tomi/tos/test/test-counter-disk-integration.cmake:3 (counter_run_fixture)


</system-out>
	</testcase>
	<testcase name="test-counter-fixture-lifecycle" classname="test-counter-fixture-lifecycle" time="0.119591" status="run">
		<system-out>-- Counter success cleanup, failure retention and admission cap passed
</system-out>
	</testcase>
	<testcase name="test-counter-idle-replay" classname="test-counter-idle-replay" time="0.346009" status="fail">
		<failure message=""/>
		<system-out>-- Counter fixture active; retained if interrupted: /home/tomi/tos/build/counter-integration-c35e63501569
CMake Error at /home/tomi/tos/test/test-counter-disk-integration.cmake:171 (message):
  bootstrap: exit 2, expected 0; see
  /home/tomi/tos/build/counter-integration-c35e63501569/bootstrap.log
Call Stack (most recent call first):
  /home/tomi/tos/test/test-counter-disk-integration.cmake:212 (run_node)



CMake Error at /home/tomi/tos/test/counter-fixture-lifecycle.cmake:58 (message):
  Counter fixture FAILED (1); retained for inspection:
  /home/tomi/tos/build/counter-integration-c35e63501569
Call Stack (most recent call first):
  /home/tomi/tos/test/test-counter-disk-integration.cmake:3 (counter_run_fixture)


</system-out>
	</testcase>
	<testcase name="test-counter-self-delivery" classname="test-counter-self-delivery" time="0.346181" status="fail">
		<failure message=""/>
		<system-out>-- Counter fixture active; retained if interrupted: /home/tomi/tos/build/counter-integration-2e2a5efa92f9
CMake Error at /home/tomi/tos/test/test-counter-disk-integration.cmake:171 (message):
  bootstrap: exit 2, expected 0; see
  /home/tomi/tos/build/counter-integration-2e2a5efa92f9/bootstrap.log
Call Stack (most recent call first):
  /home/tomi/tos/test/test-counter-disk-integration.cmake:212 (run_node)



CMake Error at /home/tomi/tos/test/counter-fixture-lifecycle.cmake:58 (message):
  Counter fixture FAILED (1); retained for inspection:
  /home/tomi/tos/build/counter-integration-2e2a5efa92f9
Call Stack (most recent call first):
  /home/tomi/tos/test/test-counter-disk-integration.cmake:3 (counter_run_fixture)


</system-out>
	</testcase>
	<testcase name="test-counter-cross-delivery" classname="test-counter-cross-delivery" time="0.370701" status="fail">
		<failure message=""/>
		<system-out>-- Counter fixture active; retained if interrupted: /home/tomi/tos/build/counter-integration-bc382db8ad14
CMake Error at /home/tomi/tos/test/test-counter-disk-integration.cmake:171 (message):
  bootstrap: exit 2, expected 0; see
  /home/tomi/tos/build/counter-integration-bc382db8ad14/bootstrap.log
Call Stack (most recent call first):
  /home/tomi/tos/test/test-counter-disk-integration.cmake:212 (run_node)



CMake Error at /home/tomi/tos/test/counter-fixture-lifecycle.cmake:58 (message):
  Counter fixture FAILED (1); retained for inspection:
  /home/tomi/tos/build/counter-integration-bc382db8ad14
Call Stack (most recent call first):
  /home/tomi/tos/test/test-counter-disk-integration.cmake:3 (counter_run_fixture)


</system-out>
	</testcase>
	<testcase name="test-counter-native-sender" classname="test-counter-native-sender" time="1.2871" status="fail">
		<failure message=""/>
		<system-out>-- Counter fixture active; retained if interrupted: /home/tomi/tos/build/counter-integration-d8fb165919b5
CMake Error at /home/tomi/tos/test/test-counter-disk-integration.cmake:171 (message):
  bootstrap: exit 2, expected 0; see
  /home/tomi/tos/build/counter-integration-d8fb165919b5/bootstrap.log
Call Stack (most recent call first):
  /home/tomi/tos/test/test-counter-disk-integration.cmake:212 (run_node)



CMake Error at /home/tomi/tos/test/counter-fixture-lifecycle.cmake:58 (message):
  Counter fixture FAILED (1); retained for inspection:
  /home/tomi/tos/build/counter-integration-d8fb165919b5
Call Stack (most recent call first):
  /home/tomi/tos/test/test-counter-disk-integration.cmake:3 (counter_run_fixture)


</system-out>
	</testcase>
	<testcase name="test-counter-activation-missing_capability" classname="test-counter-activation-missing_capability" time="0.34292" status="fail">
		<failure message=""/>
		<system-out>-- Counter fixture active; retained if interrupted: /home/tomi/tos/build/counter-integration-092f6142f6f5
CMake Error at /home/tomi/tos/test/test-counter-disk-integration.cmake:171 (message):
  bootstrap: exit 2, expected 0; see
  /home/tomi/tos/build/counter-integration-092f6142f6f5/bootstrap.log
Call Stack (most recent call first):
  /home/tomi/tos/test/test-counter-disk-integration.cmake:212 (run_node)



CMake Error at /home/tomi/tos/test/counter-fixture-lifecycle.cmake:58 (message):
  Counter fixture FAILED (1); retained for inspection:
  /home/tomi/tos/build/counter-integration-092f6142f6f5
Call Stack (most recent call first):
  /home/tomi/tos/test/test-counter-disk-integration.cmake:3 (counter_run_fixture)


</system-out>
	</testcase>
	<testcase name="test-counter-config-presence-missing_capability" classname="test-counter-config-presence-missing_capability" time="0.136101" status="run">
		<system-out>-- Counter fixture active; retained if interrupted: /home/tomi/tos/build/counter-integration-090cd45b129c
-- Invalid ingress rejected by complete configuration validation: /home/tomi/tos/build/counter-integration-090cd45b129c

-- Counter fixture passed and removed: /home/tomi/tos/build/counter-integration-090cd45b129c
</system-out>
	</testcase>
	<testcase name="test-counter-activation-old_version" classname="test-counter-activation-old_version" time="0.33915" status="fail">
		<failure message=""/>
		<system-out>-- Counter fixture active; retained if interrupted: /home/tomi/tos/build/counter-integration-b06a37b4a2bf
CMake Error at /home/tomi/tos/test/test-counter-disk-integration.cmake:171 (message):
  bootstrap: exit 2, expected 0; see
  /home/tomi/tos/build/counter-integration-b06a37b4a2bf/bootstrap.log
Call Stack (most recent call first):
  /home/tomi/tos/test/test-counter-disk-integration.cmake:212 (run_node)



CMake Error at /home/tomi/tos/test/counter-fixture-lifecycle.cmake:58 (message):
  Counter fixture FAILED (1); retained for inspection:
  /home/tomi/tos/build/counter-integration-b06a37b4a2bf
Call Stack (most recent call first):
  /home/tomi/tos/test/test-counter-disk-integration.cmake:3 (counter_run_fixture)


</system-out>
	</testcase>
	<testcase name="test-counter-config-presence-old_version" classname="test-counter-config-presence-old_version" time="0.114291" status="run">
		<system-out>-- Counter fixture active; retained if interrupted: /home/tomi/tos/build/counter-integration-a7576ca1937c
-- Invalid ingress rejected by complete configuration validation: /home/tomi/tos/build/counter-integration-a7576ca1937c

-- Counter fixture passed and removed: /home/tomi/tos/build/counter-integration-a7576ca1937c
</system-out>
	</testcase>
	<testcase name="test-counter-config-binding" classname="test-counter-config-binding" time="0.158872" status="run">
		<system-out>-- Counter fixture active; retained if interrupted: /home/tomi/tos/build/counter-integration-52b49ada4898
-- Invalid ingress rejected by complete configuration validation: /home/tomi/tos/build/counter-integration-52b49ada4898

-- Counter fixture passed and removed: /home/tomi/tos/build/counter-integration-52b49ada4898
</system-out>
	</testcase>
	<testcase name="test-counter-engine-config" classname="test-counter-engine-config" time="0.340535" status="fail">
		<failure message=""/>
		<system-out>-- Counter fixture active; retained if interrupted: /home/tomi/tos/build/counter-integration-c9ec0e7d45e5
CMake Error at /home/tomi/tos/test/test-counter-disk-integration.cmake:171 (message):
  bootstrap: exit 2, expected 0; see
  /home/tomi/tos/build/counter-integration-c9ec0e7d45e5/bootstrap.log
Call Stack (most recent call first):
  /home/tomi/tos/test/test-counter-disk-integration.cmake:212 (run_node)



CMake Error at /home/tomi/tos/test/counter-fixture-lifecycle.cmake:58 (message):
  Counter fixture FAILED (1); retained for inspection:
  /home/tomi/tos/build/counter-integration-c9ec0e7d45e5
Call Stack (most recent call first):
  /home/tomi/tos/test/test-counter-disk-integration.cmake:3 (counter_run_fixture)


</system-out>
	</testcase>
	<testcase name="test-uno-partition-storage-smoke" classname="test-uno-partition-storage-smoke" time="0.130183" status="run">
		<system-out>Running test Test_UnoStorageMeasurement_PartitionPersistenceStages...
[NON-XML-CHAR-0x1B][0m[ 4][t 0][2026-09-09 23:12:02.097054734][transaction.cpp:616]	unpacking account 0000000000000000000000000000000000000000000000000000000000000000[NON-XML-CHAR-0x1B][0m
[NON-XML-CHAR-0x1B][0m[ 4][t 0][2026-09-09 23:12:02.097246710][transaction.cpp:449]	last_paid=0; cells=0 bits=0[NON-XML-CHAR-0x1B][0m
[NON-XML-CHAR-0x1B][0m[ 4][t 0][2026-09-09 23:12:02.097257292][transaction.cpp:679]	end of Account.unpack() for 2:0000000000000000000000000000000000000000000000000000000000000000 (balance = 0ng ; last_trans_lt = 1..2)[NON-XML-CHAR-0x1B][0m
[NON-XML-CHAR-0x1B][0m[ 4][t 0][2026-09-09 23:12:02.097384863][transaction.cpp:616]	unpacking account 0000000000000000000000000000000000000000000000000000000000000001[NON-XML-CHAR-0x1B][0m
[NON-XML-CHAR-0x1B][0m[ 4][t 0][2026-09-09 23:12:02.097390978][transaction.cpp:449]	last_paid=0; cells=0 bits=0[NON-XML-CHAR-0x1B][0m
[NON-XML-CHAR-0x1B][0m[ 4][t 0][2026-09-09 23:12:02.097395269][transaction.cpp:679]	end of Account.unpack() for 2:0000000000000000000000000000000000000000000000000000000000000001 (balance = 0ng ; last_trans_lt = 1..2)[NON-XML-CHAR-0x1B][0m
[NON-XML-CHAR-0x1B][0m[ 4][t 0][2026-09-09 23:12:02.097487912]...
The rest of the test output was removed since it exceeds the threshold of 1024 bytes.
</system-out>
	</testcase>
	<testcase name="test-uno-incremental-storage-smoke" classname="test-uno-incremental-storage-smoke" time="0.109883" status="run">
		<system-out>Running test Test_UnoStorageMeasurement_PartitionIncrementalRecords...
[NON-XML-CHAR-0x1B][1;33m[ 2][t 0][2026-09-09 23:12:02.131802947][test-uno-state-snapshot.cpp:827]	Incremental records database /tmp/uno-incremental-records-BMlOcl (removed on success, retained on failure)[NON-XML-CHAR-0x1B][0m
[NON-XML-CHAR-0x1B][0m[ 4][t 0][2026-09-09 23:12:02.165003144][transaction.cpp:616]	unpacking account 0000000000000000000000000000000000000000000000000000000000000000[NON-XML-CHAR-0x1B][0m
[NON-XML-CHAR-0x1B][0m[ 4][t 0][2026-09-09 23:12:02.165046971][transaction.cpp:449]	last_paid=0; cells=0 bits=0[NON-XML-CHAR-0x1B][0m
[NON-XML-CHAR-0x1B][0m[ 4][t 0][2026-09-09 23:12:02.165055186][transaction.cpp:679]	end of Account.unpack() for 2:0000000000000000000000000000000000000000000000000000000000000000 (balance = 0ng ; last_trans_lt = 1..2)[NON-XML-CHAR-0x1B][0m
[NON-XML-CHAR-0x1B][0m[ 4][t 0][2026-09-09 23:12:02.165688494][transaction.cpp:616]	unpacking account 000000000000000000000000000000000000000000000000000000000000000F[NON-XML-CHAR-0x1B][0m
[NON-XML-CHAR-0x1B][0m[ 4][t 0][2026-09-09 23:12:02.165699496][transaction.cpp:449]	last_paid=0; cells=0 bits=0[NON-XML-CHAR-0x1B][0m
[NON-XML-CHAR-0x1B][0m[ 4][t 0][2026-09-09 23:12:02.165704661][transactio...
The rest of the test output was removed since it exceeds the threshold of 1024 bytes.
</system-out>
	</testcase>
	<testcase name="test-uno-split-storage-smoke" classname="test-uno-split-storage-smoke" time="0.140272" status="run">
		<system-out>Running test Test_UnoStorageMeasurement_PartitionIncrementalRecords...
[NON-XML-CHAR-0x1B][1;33m[ 2][t 0][2026-09-09 23:12:01.901476192][test-uno-state-snapshot.cpp:827]	Incremental records database /tmp/uno-incremental-records-ZvQET9 (removed on success, retained on failure)[NON-XML-CHAR-0x1B][0m
[NON-XML-CHAR-0x1B][0m[ 4][t 0][2026-09-09 23:12:01.933695892][transaction.cpp:616]	unpacking account 0000000000000000000000000000000000000000000000000000000000000000[NON-XML-CHAR-0x1B][0m
[NON-XML-CHAR-0x1B][0m[ 4][t 0][2026-09-09 23:12:01.933731113][transaction.cpp:449]	last_paid=0; cells=0 bits=0[NON-XML-CHAR-0x1B][0m
[NON-XML-CHAR-0x1B][0m[ 4][t 0][2026-09-09 23:12:01.933739190][transaction.cpp:679]	end of Account.unpack() for 2:0000000000000000000000000000000000000000000000000000000000000000 (balance = 0ng ; last_trans_lt = 1..2)[NON-XML-CHAR-0x1B][0m
[NON-XML-CHAR-0x1B][0m[ 4][t 0][2026-09-09 23:12:01.934362784][transaction.cpp:616]	unpacking account 000000000000000000000000000000000000000000000000000000000000000F[NON-XML-CHAR-0x1B][0m
[NON-XML-CHAR-0x1B][0m[ 4][t 0][2026-09-09 23:12:01.934373741][transaction.cpp:449]	last_paid=0; cells=0 bits=0[NON-XML-CHAR-0x1B][0m
[NON-XML-CHAR-0x1B][0m[ 4][t 0][2026-09-09 23:12:01.934378955][transactio...
The rest of the test output was removed since it exceeds the threshold of 1024 bytes.
</system-out>
	</testcase>
	<testcase name="test-uno-split-prefix-storage-smoke" classname="test-uno-split-prefix-storage-smoke" time="0.128509" status="run">
		<system-out>Running test Test_UnoStorageMeasurement_PartitionIncrementalRecords...
[NON-XML-CHAR-0x1B][1;33m[ 2][t 0][2026-09-09 23:12:02.029247621][test-uno-state-snapshot.cpp:827]	Incremental records database /tmp/uno-incremental-records-99TKFT (removed on success, retained on failure)[NON-XML-CHAR-0x1B][0m
[NON-XML-CHAR-0x1B][0m[ 4][t 0][2026-09-09 23:12:02.062683632][transaction.cpp:616]	unpacking account 0000000000000000000000000000000000000000000000000000000000000000[NON-XML-CHAR-0x1B][0m
[NON-XML-CHAR-0x1B][0m[ 4][t 0][2026-09-09 23:12:02.062727782][transaction.cpp:449]	last_paid=0; cells=0 bits=0[NON-XML-CHAR-0x1B][0m
[NON-XML-CHAR-0x1B][0m[ 4][t 0][2026-09-09 23:12:02.062738121][transaction.cpp:679]	end of Account.unpack() for 2:0000000000000000000000000000000000000000000000000000000000000000 (balance = 0ng ; last_trans_lt = 1..2)[NON-XML-CHAR-0x1B][0m
[NON-XML-CHAR-0x1B][0m[ 4][t 0][2026-09-09 23:12:02.069968485][transaction.cpp:616]	unpacking account 0000000000000000000000000000000000000000000000000000000000000000[NON-XML-CHAR-0x1B][0m
[NON-XML-CHAR-0x1B][0m[ 4][t 0][2026-09-09 23:12:02.069982751][transaction.cpp:449]	last_paid=0; cells=0 bits=0[NON-XML-CHAR-0x1B][0m
[NON-XML-CHAR-0x1B][0m[ 4][t 0][2026-09-09 23:12:02.069989709][transactio...
The rest of the test output was removed since it exceeds the threshold of 1024 bytes.
</system-out>
	</testcase>
	<testcase name="test-ed25519" classname="test-ed25519" time="13.6903" status="run">
		<system-out>Running test Test_Crypto_ed25519...
[NON-XML-CHAR-0x1B][1;31m[ 1][t 0][2026-09-09 23:11:55.844780509][Ed25519.cpp:78]	PK1 = EB25FBB2DC4E82C071EC6BDFE84E60566FC821AE439856A2D7A4803B1099FB29[NON-XML-CHAR-0x1B][0m
[NON-XML-CHAR-0x1B][1;31m[ 1][t 0][2026-09-09 23:11:55.844990509][Ed25519.cpp:80]	PK2 = 6162616361626164616261636162616561626163616261646162616361626100[NON-XML-CHAR-0x1B][0m
[NON-XML-CHAR-0x1B][1;31m[ 1][t 0][2026-09-09 23:11:55.845063259][Ed25519.cpp:84]	PubK1 = E124473C385A42D44A9260BC8DFDA69D020B4D4A2A38CF722FF5AA56E89FE7FB[NON-XML-CHAR-0x1B][0m
[NON-XML-CHAR-0x1B][1;31m[ 1][t 0][2026-09-09 23:11:55.845127196][Ed25519.cpp:86]	PubK2 = 6F9E5BDECE8721EB5737FBB59228BA07F7880F73CE5BFAA1B7157303D4201E74[NON-XML-CHAR-0x1B][0m
[NON-XML-CHAR-0x1B][1;31m[ 1][t 0][2026-09-09 23:11:55.845191445][Ed25519.cpp:89]	PubK3 = 6F9E5BDECE8721EB5737FBB59228BA07F7880F73CE5BFAA1B7157303D4201E74[NON-XML-CHAR-0x1B][0m
[NON-XML-CHAR-0x1B][1;31m[ 1][t 0][2026-09-09 23:11:55.845194790][Ed25519.cpp:91]	PubK1 = E124473C385A42D44A9260BC8DFDA69D020B4D4A2A38CF722FF5AA56E89FE7FB[NON-XML-CHAR-0x1B][0m
[NON-XML-CHAR-0x1B][1;31m[ 1][t 0][2026-09-09 23:11:55.845392516][Ed25519.cpp:94]	secret(PK2, PubK2)=24451FC42D64B73BFC73BEAE8AEDFE20E62D221315C672A669A9BC13B4913B1...
The rest of the test output was removed since it exceeds the threshold of 1024 bytes.
</system-out>
	</testcase>
	<testcase name="test-bigint" classname="test-bigint" time="24.7211" status="run">
		<system-out>check special ints
check power-2 ops
check unary ops
run special tests
check random ops (100000 iterations)
#0: check on 1889226942578694 = 00..0006b63decd00006 = [ 1889226942578694 ]
#10000: check on 649037107316853453566312041152513 = 00..002000000000000000000000000001 = [ 1 0 32 ]
#20000: check on -84508239119 = ff..ffec52ea9af1 = [ -84508239119 ]
#30000: check on 14474011154664524427946373126085988481658748083205070504932198000989141204993 = 00..002000000000000000000000000000000000000000000000000000000000000001 = [ 1 0 0 0 35184372088832 ]
#40000: check on -28269553036454149273332760011886696253239742350009903329945699220681916417 = ff..ffefffffffffffffffffffffffffffffffffffffffffffffffffffffffffffff = [ -1 0 0 0 -68719476736 ]
#50000: check on -327681 = ff..fffaffff = [ -327681 ]
#60000: check on 95549835287303782567988657 = 00..004f0976f33056c4c5e34db1 = [ 95403133586865 21216325427 ]
#70000: check on -4398046511103 = ff..fffc0000000001 = [ -4398046511103 ]
#80000: check on -117440509 = ff..fff9000003 =...
The rest of the test output was removed since it exceeds the threshold of 1024 bytes.
</system-out>
	</testcase>
	<testcase name="test-vm" classname="test-vm" time="36.1584" status="run">
		<system-out>Running test Test_VM_simple...
[NON-XML-CHAR-0x1B][1;36m[ 3][t 0][2026-09-09 23:11:55.849846467][vm.cpp:606]	steps: 2 gas: used=76, max=1000, limit=1000, credit=0[NON-XML-CHAR-0x1B][0m
[NON-XML-CHAR-0x1B][0m[ 4][t 0][2026-09-09 23:11:55.849916697][vm.cpp:635]	move resulting stack (1 entries)[NON-XML-CHAR-0x1B][0m
[NON-XML-CHAR-0x1B][1;36m[ 3][t 0][2026-09-09 23:11:55.849937384][vm.cpp:606]	steps: 2 gas: used=76, max=1000, limit=1000, credit=0[NON-XML-CHAR-0x1B][0m
[NON-XML-CHAR-0x1B][0m[ 4][t 0][2026-09-09 23:11:55.849942228][vm.cpp:635]	move resulting stack (1 entries)[NON-XML-CHAR-0x1B][0m
PASS in 2956.2us
Running test Test_VM_sha256_canonical_snake...
[NON-XML-CHAR-0x1B][0m[ 4][t 0][2026-09-09 23:11:55.851198159][tosops.cpp:687]	execute SHA256C[NON-XML-CHAR-0x1B][0m
[NON-XML-CHAR-0x1B][0m[ 4][t 0][2026-09-09 23:11:55.851220117][vm.cpp:473]	execute implicit RET[NON-XML-CHAR-0x1B][0m
[NON-XML-CHAR-0x1B][1;36m[ 3][t 0][2026-09-09 23:11:55.851224598][vm.cpp:606]	steps: 2 gas: used=239, max=100000, limit=100000, credit=0[NON-XML-CHAR-0x1B][0m
[NON-XML-CHAR-0x1B][0m[ 4][t 0][2026-09-09 23:11:55.851228442][vm.cpp:635]	move resulting stack (1 entries)[NON-XML-CHAR-0x1B][0m
PASS in 43.6us
Running test Test_VM_sha256_canonical_snake_rejects_aliases_and_old_versions...
[NON-XML-CHAR-0x1B][0m[ 4][t 0][2026-09-09 23:11...
The rest of the test output was removed since it exceeds the threshold of 1024 bytes.
</system-out>
	</testcase>
	<testcase name="test-fift" classname="test-fift" time="6.02847" status="run">
		<system-out>Running test Test_Fift_testvm...
[NON-XML-CHAR-0x1B][1;36m[ 3][t 0][2026-09-09 23:11:56.155660951][vm.cpp:606]	steps: 3 gas: used=41, max=9223372036854775807, limit=9223372036854775807, credit=0[NON-XML-CHAR-0x1B][0m
[NON-XML-CHAR-0x1B][0m[ 4][t 0][2026-09-09 23:11:56.155703138][vm.cpp:635]	move resulting stack (3 entries)[NON-XML-CHAR-0x1B][0m
[NON-XML-CHAR-0x1B][1;36m[ 3][t 0][2026-09-09 23:11:56.155836539][vm.cpp:606]	steps: 21 gas: used=429, max=9223372036854775807, limit=9223372036854775807, credit=0[NON-XML-CHAR-0x1B][0m
[NON-XML-CHAR-0x1B][0m[ 4][t 0][2026-09-09 23:11:56.155841168][vm.cpp:635]	move resulting stack (6 entries)[NON-XML-CHAR-0x1B][0m
[NON-XML-CHAR-0x1B][1;36m[ 3][t 0][2026-09-09 23:11:56.155865798][vm.cpp:606]	steps: 29 gas: used=525, max=9223372036854775807, limit=9223372036854775807, credit=0[NON-XML-CHAR-0x1B][0m
[NON-XML-CHAR-0x1B][0m[ 4][t 0][2026-09-09 23:11:56.155869588][vm.cpp:635]	move resulting stack (9 entries)[NON-XML-CHAR-0x1B][0m
[NON-XML-CHAR-0x1B][1;36m[ 3][t 0][2026-09-09 23:11:56.155892602][vm.cpp:606]	steps: 29 gas: used=525, max=9223372036854775807, limit=9223372036854775807, credit=0[NON-XML-CHAR-0x1B][0m
[NON-XML-CHAR-0x1B][0m[ 4][t 0][2026-09-09 23:11:56.155896200][vm.cpp:635]	move resulting stack (12 entries)[NON-XML-CHAR-0x1B][0m
PASS in 5524.3us...
The rest of the test output was removed since it exceeds the threshold of 1024 bytes.
</system-out>
	</testcase>
	<testcase name="test-cells" classname="test-cells" time="0.0411745" status="run">
		<system-out>Running test Test_Cells_simple...
PASS in 1596.7us
Running test Test_Bitstrings_main...
PASS in 204.2us
Running test Test_Bitstrings_ZeroLengthIntegerLoads...
PASS in 535.0ns
Running test Test_Bigint_main...
PASS in 26.1ms
Running test Test_RefInt_main...
PASS in 20.6us
Running test Test_crc16_main...
PASS in 5080.0ns
Running test Test_base64_main...
PASS in 20.6us
Running test Test_base64_short_inputs...
PASS in 2165.0ns
Running test Test_bits256_scan_main...
PASS in 40.5us
Running test Test_bigexp_main...
PASS in 84.2us
Running test Test_uint64_exp_main...
PASS in 159.4us
11 test(s) passed
</system-out>
	</testcase>
	<testcase name="test-workchain-block" classname="test-workchain-block" time="4.8225" status="run">
		<system-out>Running test Test_WorkchainBlock_CoordinatorStateLayout...
PASS in 228.8us
Running test Test_WorkchainBlock_CoordinatorStateExactFraming...
PASS in 26.5us
Running test Test_WorkchainBlock_ResourcePolicyWire...
PASS in 39.4us
Running test Test_WorkchainBlock_EngineConfigurationFraming...
PASS in 42.3us
Running test Test_WorkchainBlock_EngineConfigurationAcceptedCadence...
PASS in 22.1us
Running test Test_WorkchainBlock_BatchPolicyVersionIdentityAgreement...
PASS in 2421.0ns
Running test Test_WorkchainBlock_BatchProfileUnsupportedNodeProbe...
PASS in 1218.0ns
Running test Test_WorkchainBlock_ClaimedFeeOuterFraming...
PASS in 14.2us
Running test Test_WorkchainBlock_ClaimedFeeShortNativeFraming...
PASS in 4745.0ns
Running test Test_WorkchainBlock_ClaimedFeeSpecialNativeFraming...
PASS in 5089.0ns
Running test Test_WorkchainBlock_ClaimedFeeUnknownNativeFraming...
PASS in 5253.0ns
Running test Test_WorkchainBlock_ResourcePolicyRejectsSpecialBeforeDecoder...
PASS in 1498.0ns
Running test Test_WorkchainBlock_Resource...
The rest of the test output was removed since it exceeds the threshold of 1024 bytes.
</system-out>
	</testcase>
	<testcase name="test-workchain-settlement-continuation" classname="test-workchain-settlement-continuation" time="0.039858" status="run">
		<system-out>[NON-XML-CHAR-0x1B][0m[ 4][t 0][2026-09-09 23:12:02.284095296][transaction.cpp:616]	unpacking account 1000000000000000000000000000000000000000000000000000000000000000[NON-XML-CHAR-0x1B][0m
[NON-XML-CHAR-0x1B][0m[ 4][t 0][2026-09-09 23:12:02.284329192][transaction.cpp:449]	last_paid=0; cells=0 bits=0[NON-XML-CHAR-0x1B][0m
[NON-XML-CHAR-0x1B][0m[ 4][t 0][2026-09-09 23:12:02.284339419][transaction.cpp:679]	end of Account.unpack() for 2:1000000000000000000000000000000000000000000000000000000000000000 (balance = 1000ng ; last_trans_lt = 1..2)[NON-XML-CHAR-0x1B][0m
[NON-XML-CHAR-0x1B][0m[ 4][t 0][2026-09-09 23:12:02.284367396][transaction.cpp:616]	unpacking account 2000000000000000000000000000000000000000000000000000000000000000[NON-XML-CHAR-0x1B][0m
[NON-XML-CHAR-0x1B][0m[ 4][t 0][2026-09-09 23:12:02.284374234][transaction.cpp:449]	last_paid=0; cells=0 bits=0[NON-XML-CHAR-0x1B][0m
[NON-XML-CHAR-0x1B][0m[ 4][t 0][2026-09-09 23:12:02.284378727][transaction.cpp:679]	end of Account.unpack() for 2:2000000000000000000000000000000000000000000000000000000000000000 (balance = 1000ng ; last_trans_lt = 1..2)[NON-XML-CHAR-0x1B][0m
[NON-XML-CHAR-0x1B][0m[ 4][t 0][2026-09-09 23:12:02.285062244][transaction.cpp:616]	unpacking account 100000000000000000000000...
The rest of the test output was removed since it exceeds the threshold of 1024 bytes.
</system-out>
	</testcase>
	<testcase name="test-workchain-collator-compute-mode" classname="test-workchain-collator-compute-mode" time="0.0400346" status="run">
		<system-out>4 execution classifications passed; no engine invoked
</system-out>
	</testcase>
	<testcase name="test-workchain-proof-work" classname="test-workchain-proof-work" time="0.0455266" status="run">
		<system-out>Running test Test_WorkchainProofWork_ExactSendComponents...
PASS in 2347.0ns
Running test Test_WorkchainProofWork_PrechargeAndStickyFailure...
PASS in 4308.0ns
Running test Test_WorkchainProofWork_ShapeRefusalBeforeBackend...
PASS in 1598.0ns
Running test Test_WorkchainProofWork_ExplicitProfileSet...
PASS in 272.0ns
Running test Test_WorkchainProofWork_LocalLimitsAndContext...
PASS in 1700.0ns
5 test(s) passed
</system-out>
	</testcase>
	<testcase name="test-workchain-proof-contracts" classname="test-workchain-proof-contracts" time="0.0454074" status="run">
		<system-out>Running test Test_WorkchainProofContract_UnmeteredEngineCannotFallback...
PASS in 2380.0ns
Running test Test_WorkchainProofContract_UnmeteredRegistrationCannotFallback...
PASS in 612.0ns
2 test(s) passed
</system-out>
	</testcase>
	<testcase name="test-workchain-admission" classname="test-workchain-admission" time="0.00901071" status="run">
		<system-out>Running test Test_WorkchainAdmission_OwnsEveryDescendantAndPreservesIdentity...
PASS in 131.6us
Running test Test_WorkchainAdmission_LocalFailureRemainsLocalUntilNewAttempt...
PASS in 6563.0ns
Running test Test_WorkchainAdmission_ProtocolRejectionPrecedesUnnecessaryLoads...
PASS in 11.4us
Running test Test_WorkchainAdmission_ConfigurationFailureIsSeparate...
PASS in 639.0ns
Running test Test_WorkchainAdmission_BatchZeroReadsIsConfigurationFailure...
PASS in 518.0ns
Running test Test_WorkchainAdmission_BatchZeroWritesIsConfigurationFailure...
PASS in 336.0ns
Running test Test_WorkchainAdmission_BatchZeroInboundIsConfigurationFailure...
PASS in 469.0ns
Running test Test_WorkchainAdmission_BatchZeroStateCellsIsConfigurationFailure...
PASS in 447.0ns
Running test Test_WorkchainAdmission_BatchZeroStateBitsIsConfigurationFailure...
PASS in 318.0ns
Running test Test_WorkchainAdmission_BatchZeroStateAccountCellsIsConfigurationFailure...
PASS in 430.0ns
Running test Test_WorkchainAdmission_BatchZeroStateAccountBitsIsC...
The rest of the test output was removed since it exceeds the threshold of 1024 bytes.
</system-out>
	</testcase>
	<testcase name="test-smartcont" classname="test-smartcont" time="11.6549" status="run">
		<system-out>Running test Test_Toslib_WalletV3...
[NON-XML-CHAR-0x1B][0m[ 4][t 0][2026-09-09 23:11:56.165955839][words.cpp:3418]	import_cmdlist_args(aba,2)[NON-XML-CHAR-0x1B][0m
[NON-XML-CHAR-0x1B][0m[ 4][t 0][2026-09-09 23:11:56.186468992][SmartContract.cpp:358]	VM stack:
 [ 85143 ] [NON-XML-CHAR-0x1B][0m
[NON-XML-CHAR-0x1B][0m[ 4][t 0][2026-09-09 23:11:56.186505647][SmartContract.cpp:410]	VM log
execute SETCP 0
execute DICTPUSHCONST 19 (xC_,1)
execute DICTIGETJMPZ
execute PUSH c4
execute CTOS
execute PLDU 32
execute implicit RET[NON-XML-CHAR-0x1B][0m
[NON-XML-CHAR-0x1B][0m[ 4][t 0][2026-09-09 23:11:56.186512343][SmartContract.cpp:413]	VM stack:
 [ 0 ] [NON-XML-CHAR-0x1B][0m
[NON-XML-CHAR-0x1B][0m[ 4][t 0][2026-09-09 23:11:56.186516649][SmartContract.cpp:414]	VM exit code: 0[NON-XML-CHAR-0x1B][0m
[NON-XML-CHAR-0x1B][0m[ 4][t 0][2026-09-09 23:11:56.186519760][SmartContract.cpp:415]	VM accepted: true[NON-XML-CHAR-0x1B][0m
[NON-XML-CHAR-0x1B][0m[ 4][t 0][2026-09-09 23:11:56.186524277][SmartContract.cpp:416]	VM success: true[NON-XML-CHAR-0x1B][0m
[NON-XML-CHAR-0x1B][0m[ 4][t 0][2026-09-09 23:11:56.186527459][SmartContract.cpp:426]	output actions:
out_list_empty[NON-XML-CHAR-0x1B][0m
[NON-XML-CHAR-0x1B][0m[ 4][t 0][2026-09-09 23:11:56.186555815][SmartContract.cpp:358]	VM stack:
 [ 85143 ] [NON-XML-CHAR-0x1B][0m
[NON-XML-CHAR-0x1B][0m[ 4][t 0][2026-09-09 23:11:5...
The rest of the test output was removed since it exceeds the threshold of 1024 bytes.
</system-out>
	</testcase>
	<testcase name="test-net" classname="test-net" time="0.546334" status="run">
		<system-out>Running test Test_Net_PingPong...
[NON-XML-CHAR-0x1B][1;31m[ 1][t 1][2026-09-09 23:12:01.347217659][TcpListener.cpp:40][!TcpListener[port:10144]]	0.0.0.0 10144[NON-XML-CHAR-0x1B][0m
[NON-XML-CHAR-0x1B][1;31m[ 1][t 2][2026-09-09 23:12:01.347682450][TcpListener.cpp:40][!TcpListener[port:11564]]	0.0.0.0 11564[NON-XML-CHAR-0x1B][0m
PASS in 528.1ms
1 test(s) passed
</system-out>
	</testcase>
	<testcase name="test-tdactor" classname="test-tdactor" time="17.4257" status="run">
		<system-out>Running test Test_Actor_promise_callback_runs_at_most_once_when_it_throws...
PASS in 77.3us
Running test Test_Actor_promise...
PASS in 2345.0ns
Running test Test_Actor_safe_promise...
PASS in 1745.0ns
Running test Test_Actor_split_promise...
PASS in 9877.0ns
Running test Test_Actor_promise_future...
[NON-XML-CHAR-0x1B][1;31m[ 1][t 0][2026-09-09 23:11:55.838133765][PromiseFuture.h:383]	Lost PromiseFuture[NON-XML-CHAR-0x1B][0m
[NON-XML-CHAR-0x1B][1;31m[ 1][t 0][2026-09-09 23:11:55.838321756][actors_promise.cpp:220]	Second test[NON-XML-CHAR-0x1B][0m
PASS in 206.7us
Running test Test_Actor2_actor_lost_promise...
[NON-XML-CHAR-0x1B][1;31m[ 1][t 0][2026-09-09 23:11:55.838606882][actors_promise.cpp:259][!B]	![NON-XML-CHAR-0x1B][0m
[NON-XML-CHAR-0x1B][1;31m[ 1][t 0][2026-09-09 23:11:55.838616001][actors_promise.cpp:264][!B]	![NON-XML-CHAR-0x1B][0m
[NON-XML-CHAR-0x1B][1;31m[ 1][t 0][2026-09-09 23:11:55.838623487][actors_promise.cpp:270][!A]	FINISH[NON-XML-CHAR-0x1B][0m
[NON-XML-CHAR-0x1B][1;31m[ 1][t 0][2026-09-09 23:11:55.838627976][actors_promise.cpp:237][!A]	STOP[NON-XML-CHAR-0x1B][0m
PASS in 378.8us
Running test Test_Actor2_MultiPromise...
PASS in 15.2us
Running test Test_Actor2_signals...
PASS in 265.0ns
Running test Test_Ac...
The rest of the test output was removed since it exceeds the threshold of 1024 bytes.
</system-out>
	</testcase>
	<testcase name="test-tdutils" classname="test-tdutils" time="124.19" status="run">
		<system-out>Running test Test_Buffer_buffer_builder...
PASS in 217.1us
Running test Test_ConcurrentHashMap_Benchmark...
[NON-XML-CHAR-0x1B][1;31m[ 1][t 0][2026-09-09 23:12:05.743869276][benchmark.h:136]	Bench [                      ConcurrrentHashMap]: 2376877.063[2060906.823-2692847.302] ops/sec,	420.7ns [d = 315970.239440][NON-XML-CHAR-0x1B][0m
[NON-XML-CHAR-0x1B][1;31m[ 1][t 0][2026-09-09 23:12:14.031266512][benchmark.h:136]	Bench [                      ConcurrrentHashMap]: 8502514.529[8306291.698-8698737.359] ops/sec,	117.6ns [d = 196222.830382][NON-XML-CHAR-0x1B][0m
[NON-XML-CHAR-0x1B][1;31m[ 1][t 0][2026-09-09 23:12:24.126672819][benchmark.h:136]	Bench [                            ArrayHashMap]: 11896698.742[10043089.297-13750308.187] ops/sec,	84.1ns [d = 1853609.445199][NON-XML-CHAR-0x1B][0m
[NON-XML-CHAR-0x1B][1;31m[ 1][t 0][2026-09-09 23:12:32.497014686][benchmark.h:136]	Bench [                            ArrayHashMap]: 20391811.880[20238763.220-20544860.541] ops/sec,	49.0ns [d = 153048.660785][NON-XML-CHAR-0x1B][0m
[NON-XML-CHAR-0x1B][1;31m[ 1][t 0][2026-09-09 23:12:35.976996971][benchmark.h:136]	Bench [               ConcurrentHashMapSpinlock]: 62690.002[62042.997-6333...
The rest of the test output was removed since it exceeds the threshold of 1024 bytes.
</system-out>
	</testcase>
	<testcase name="test-toslib-offline" classname="test-toslib-offline" time="20.6356" status="run">
		<system-out>Running test Test_Toslib_CellString...
PASS in 452.1us
Running test Test_Toslib_Text...
x{00}
x{00}
x{00}
x{00}
x{00}
x{00}
x{00}
x{0200}
 x{0168}
x{0200}
 x{0168}
x{010168}
x{010168}
x{010168}
x{010168}
x{010168}
x{0200}
 x{0769656D666B7263}
x{0200}
 x{0769656D666B7263}
x{010769656D666B7263}
x{010769656D666B7263}
x{010769656D666B7263}
x{010769656D666B7263}
x{010769656D666B7263}
x{0200}
 x{086E71756C636E6E7A}
x{0200}
 x{086E71756C636E6E7A}
x{01086E71756C636E6E7A}
x{01086E71756C636E6E7A}
x{01086E71756C636E6E7A}
x{01086E71756C636E6E7A}
x{01086E71756C636E6E7A}
x{0200}
 x{2377757877686C64727465717A6C716474736C766775656C77696162787673756A756368}
x{0200}
 x{2377757877686C64727465717A6C716474736C766775656C77696162787673756A756368}
x{020D77757877686C64727465717A6C}
 x{16716474736C766775656C77696162787673756A756368}
x{022177757877686C64727465717A6C716474736C766775656C77696162787673756A75}
 x{026368}
x{012377757877686C64727465717A6C716474736C766775656C77696162787673756A756368}
x{012377757877686C64727465717A6C716474736C...
The rest of the test output was removed since it exceeds the threshold of 1024 bytes.
</system-out>
	</testcase>
	<testcase name="test-func" classname="test-func" time="0.836" status="run">
		<system-out>Found 29 tests
Running test 1/29: a10.fc
  OK, 4 cases
Running test 2/29: a6.fc
  OK, 1 cases
Running test 3/29: a6_1.fc
  OK, 6 cases
Running test 4/29: a6_5.fc
  OK, 4 cases
Running test 5/29: a7.fc
  OK, 6 cases
Running test 6/29: allow_post_modification.fc
  OK, 9 cases
Running test 7/29: asm_arg_order.fc
  OK, 12 cases
Running test 8/29: bit-operators.fc
  OK, 10 cases
Running test 9/29: c2.fc
  OK, 3 cases
Running test 10/29: c2_1.fc
  OK, 3 cases
Running test 11/29: co1.fc
  OK, 1 cases
Running test 12/29: code_after_ifelse.fc
  OK, 4 cases
Running test 13/29: inline_big.fc
  OK, 1 cases
Running test 14/29: inline_if.fc
  OK, 2 cases
Running test 15/29: inline_loops.fc
  OK, 1 cases
Running test 16/29: method_id.fc
  OK, 4 cases
Running test 17/29: s1.fc
  OK, 1 cases
Running test 18/29: test-math.fc
  OK, 55 cases
Running test 19/29: try-func.fc
  OK, 15 cases
Running test 20/29: unbalanced_ret.fc
  OK, 3 cases
Running test 21/29: unbalanced_ret_inline.fc
  OK, 3 cases
Running test 22/29: unbalanced_r...
The rest of the test output was removed since it exceeds the threshold of 1024 bytes.
</system-out>
	</testcase>
	<testcase name="test-func-legacy" classname="test-func-legacy" time="1.24671" status="run">
		<system-out>  Running test 1/19: elector/elector-code.fc
  OK  
  Running test 2/19: config/config-code.fc
  OK  
  Running test 3/19: eth-bridge-multisig/multisig-code.fc
  OK  
  Running test 4/19: bsc-bridge-collector/votes-collector.fc
  OK  
  Running test 5/19: uni-lock-wallet/uni-lockup-wallet.fc
  OK  
  Running test 6/19: nft-collection/nft-collection-editable.fc
  OK  
  Running test 7/19: dns-collection/nft-collection.fc
  OK  
  Running test 8/19: tele-nft-item/nft-item.fc
  OK  
  Running test 9/19: storage/storage-contract.fc
  OK  
  Running test 10/19: storage/storage-provider.fc
  OK  
  Running test 11/19: nominator-pool/pool.fc
  OK  
  Running test 12/19: jetton-minter/jetton-minter.fc
  OK  
  Running test 13/19: gg-marketplace/nft-marketplace-v2.fc
  OK  
  Running test 14/19: jetton-wallet/jetton-wallet.fc
  OK  
  Running test 15/19: whales-nominators/nominators.fc
  OK  
  Running test 16/19: tact-examples/treasure_Treasure.code.fc
  OK  
  Running test 17/19: tact-examples/jetton_SampleJetton.co...
The rest of the test output was removed since it exceeds the threshold of 1024 bytes.
</system-out>
	</testcase>
	<testcase name="test-tol" classname="test-tol" time="11.1949" status="run">
		<system-out>Found 669 tests
Running test 1/669: a-tests.tol
  OK, 1 cases
Running test 2/669: allow-post-modification.tol
  OK, 21 cases
Running test 3/669: annotations-tests.tol
  OK, 1 cases
Running test 4/669: arrays-tuples-tests.tol
  OK, 54 cases
Running test 5/669: asm-arg-order.tol
  OK, 23 cases
Running test 6/669: assignment-tests.tol
  OK, 14 cases
Running test 7/669: bit-operators.tol
  OK, 23 cases
Running test 8/669: build-addr-tests.tol
  OK, 17 cases
Running test 9/669: bytesN-tests.tol
  OK, 2 cases
Running test 10/669: calls-tests.tol
  OK, 19 cases
Running test 11/669: cells-slices.tol
  OK, 47 cases
Running test 12/669: codegen-check-demo.tol
  OK, 3 cases
Running test 13/669: comments-tests.tol
  OK, 2 cases
Running test 14/669: comments.tol
  OK, 2 cases
Running test 15/669: constants-tests.tol
  OK, 23 cases
Running test 16/669: contract-deploy-get-address-positive.tol
  OK, 1 cases
Running test 17/669: contract-deploy-multiple.tol
  OK, stderr match
Running test 18/669: contract-deploy-on-field-rej...
The rest of the test output was removed since it exceeds the threshold of 1024 bytes.
</system-out>
	</testcase>
	<testcase name="test-adnl" classname="test-adnl" time="26.6163" status="run">
		<system-out>[NON-XML-CHAR-0x1B][1;31m[ 1][t 0][2026-09-09 23:11:59.474873988][test-adnl.cpp:136]	Encrypted 10000 of 1KiB packets. Time=3.635469[NON-XML-CHAR-0x1B][0m
[NON-XML-CHAR-0x1B][1;31m[ 1][t 0][2026-09-09 23:12:01.926968213][test-adnl.cpp:151]	Encrypted 10000 of 1KiB packets with one key. Time=2.451908[NON-XML-CHAR-0x1B][0m
[NON-XML-CHAR-0x1B][1;31m[ 1][t 0][2026-09-09 23:12:05.113871689][test-adnl.cpp:164]	Signed 10000 of 1KiB packets. Time=3.186886[NON-XML-CHAR-0x1B][0m
[NON-XML-CHAR-0x1B][1;31m[ 1][t 0][2026-09-09 23:12:07.032026551][test-adnl.cpp:178]	Signed 10000 of 1KiB packets with one key. Time=1.918134[NON-XML-CHAR-0x1B][0m
[NON-XML-CHAR-0x1B][1;31m[ 1][t 0][2026-09-09 23:12:07.032708147][test-adnl.cpp:244]	Ed25519 version is 810549328[NON-XML-CHAR-0x1B][0m
[NON-XML-CHAR-0x1B][1;31m[ 1][t 0][2026-09-09 23:12:07.032716469][test-adnl.cpp:245]	testing delivering of all packets[NON-XML-CHAR-0x1B][0m
[NON-XML-CHAR-0x1B][1;31m[ 1][t 0][2026-09-09 23:12:10.037249924][test-adnl.cpp:271]	successfully tested delivering of packets of various sizes. Time=3.004566[NON-XML-CHAR-0x1B][0m
[NON-XML-CHAR-0x1B][1;31m[ 1][t 0][2026-09-09 23:12:11.039089550][test-adnl.cpp:287]	testing with channels enabled[NON-XML-CHAR-0x1B][0m
[NON-XML-CHAR-0x1B][1;31m[ 1][t 0][2026-09-09 23:12:12.101091492][test-adnl.cpp:306]	successfully t...
The rest of the test output was removed since it exceeds the threshold of 1024 bytes.
</system-out>
	</testcase>
	<testcase name="test-dht" classname="test-dht" time="11.3147" status="run">
		<system-out>[NON-XML-CHAR-0x1B][1;31m[ 1][t 0][2026-09-09 23:11:56.498323158][test-dht.cpp:162]	testing DHT self-node error propagation and retry[NON-XML-CHAR-0x1B][0m
[NON-XML-CHAR-0x1B][1;31m[ 1][t 0][2026-09-09 23:11:56.698812232][test-dht.cpp:197]	DHT self-node error propagation and retry succeeded[NON-XML-CHAR-0x1B][0m
[NON-XML-CHAR-0x1B][1;31m[ 1][t 0][2026-09-09 23:11:56.698845731][test-dht.cpp:199]	testing different values[NON-XML-CHAR-0x1B][0m
[NON-XML-CHAR-0x1B][1;31m[ 1][t 0][2026-09-09 23:11:56.738985359][test-dht.cpp:438]	success[NON-XML-CHAR-0x1B][0m
[NON-XML-CHAR-0x1B][1;31m[ 1][t 0][2026-09-09 23:11:56.739007365][test-dht.cpp:440]	empty run[NON-XML-CHAR-0x1B][0m
[NON-XML-CHAR-0x1B][1;31m[ 1][t 0][2026-09-09 23:12:06.867667701][test-dht.cpp:448]	success[NON-XML-CHAR-0x1B][0m
[NON-XML-CHAR-0x1B][1;31m[ 1][t 0][2026-09-09 23:12:06.895083885][test-dht.cpp:476]	stores[NON-XML-CHAR-0x1B][0m
[NON-XML-CHAR-0x1B][1;31m[ 1][t 0][2026-09-09 23:12:07.132190189][test-dht.cpp:486]	success[NON-XML-CHAR-0x1B][0m
[NON-XML-CHAR-0x1B][1;31m[ 1][t 0][2026-09-09 23:12:07.132252716][test-dht.cpp:510]	gets[NON-XML-CHAR-0x1B][0m
[NON-XML-CHAR-0x1B][1;31m[ 1][t 0][2026-09-09 23:12:07.150424681][test-dht.cpp:520]	success[NON-XML-CHAR-0x1B][0m
</system-out>
	</testcase>
	<testcase name="test-rldp2" classname="test-rldp2" time="5.64023" status="run">
		<system-out>[NON-XML-CHAR-0x1B][1;31m[ 1][t 0][2026-09-09 23:11:56.159248554][test-rldp2.cpp:53]	testing OutQuery answer-size boundary directly[NON-XML-CHAR-0x1B][0m
[NON-XML-CHAR-0x1B][1;31m[ 1][t 0][2026-09-09 23:11:56.159539939][test-rldp2.cpp:85]	success[NON-XML-CHAR-0x1B][0m
[NON-XML-CHAR-0x1B][1;31m[ 1][t 0][2026-09-09 23:11:56.161967721][test-rldp2.cpp:187]	testing delivering of packet of size 1[NON-XML-CHAR-0x1B][0m
[NON-XML-CHAR-0x1B][1;31m[ 1][t 0][2026-09-09 23:11:56.194060474][test-rldp2.cpp:210]	success. Time=0.032094[NON-XML-CHAR-0x1B][0m
[NON-XML-CHAR-0x1B][1;31m[ 1][t 0][2026-09-09 23:11:56.194096065][test-rldp2.cpp:187]	testing delivering of packet of size 1024[NON-XML-CHAR-0x1B][0m
[NON-XML-CHAR-0x1B][1;31m[ 1][t 0][2026-09-09 23:11:56.194978728][test-rldp2.cpp:210]	success. Time=0.000881[NON-XML-CHAR-0x1B][0m
[NON-XML-CHAR-0x1B][1;31m[ 1][t 0][2026-09-09 23:11:56.194992203][test-rldp2.cpp:187]	testing delivering of packet of size 1048576[NON-XML-CHAR-0x1B][0m
[NON-XML-CHAR-0x1B][1;31m[ 1][t 0][2026-09-09 23:11:56.236825590][test-rldp2.cpp:210]	success. Time=0.041840[NON-XML-CHAR-0x1B][0m
[NON-XML-CHAR-0x1B][1;31m[ 1][t 0][2026-09-09 23:11:56.236854149][test-rldp2.cpp:187]	testing delivering of packet of size 2097152[NON-XML-CHAR-0x1B][0m
[NON-XML-CHAR-0x1B][1;31m[ 1][t 0][2026-09-09 23:11:56.314025570][test-rldp2.cpp:210]	success. Time=0...
The rest of the test output was removed since it exceeds the threshold of 1024 bytes.
</system-out>
	</testcase>
	<testcase name="test-rldp2-connection-cap" classname="test-rldp2-connection-cap" time="0.0477493" status="run">
		<system-out>[NON-XML-CHAR-0x1B][1;31m[ 1][t 0][2026-09-09 23:12:02.204702867][test-rldp2-connection-cap.cpp:152]	presented 5000 distinct peers to one local id: 4096 connections live (4064 flooded, 32 quiet), 936 evicted[NON-XML-CHAR-0x1B][0m
[NON-XML-CHAR-0x1B][1;31m[ 1][t 0][2026-09-09 23:12:02.206279128][test-rldp2-connection-cap.cpp:189]	success[NON-XML-CHAR-0x1B][0m
</system-out>
	</testcase>
	<testcase name="test-rldp2-query-eviction" classname="test-rldp2-query-eviction" time="2.81796" status="run">
		<system-out>[NON-XML-CHAR-0x1B][1;31m[ 1][t 0][2026-09-09 23:11:56.206438404][test-rldp2-query-eviction.cpp:139][!rldp]	after the flood: 4096 live, 1905 evicted, 1 queries still pending[NON-XML-CHAR-0x1B][0m
[NON-XML-CHAR-0x1B][1;31m[ 1][t 0][2026-09-09 23:11:57.685624854][test-rldp2-query-eviction.cpp:187]	after forcing the eviction: query answered=true with_error=true, 0 queries still pending[NON-XML-CHAR-0x1B][0m
[NON-XML-CHAR-0x1B][1;31m[ 1][t 0][2026-09-09 23:11:58.902738861][test-rldp2-query-eviction.cpp:232]	after flooding queries: 8192 pending, 64 refused[NON-XML-CHAR-0x1B][0m
[NON-XML-CHAR-0x1B][1;31m[ 1][t 0][2026-09-09 23:11:58.923434761][test-rldp2-query-eviction.cpp:251]	success[NON-XML-CHAR-0x1B][0m
[NON-XML-CHAR-0x1B][1;31m[ 1][t 0][2026-09-09 23:11:58.928940637][adnl-peer.cpp:394]	[peerpair JxpFAtEqUBqsTllx4QEGG4bwLHJtawXbyIY5mZ2bjKw=-4YxErtbPSofAORd2AXdxP+EmMt5yLCf0ymK17dwHYfY=]: dropping OUT message: error while creating packet: [Error : 0 : Lost promise][NON-XML-CHAR-0x1B][0m
[NON-XML-CHAR-0x1B][1;31m[ 1][t 0][2026-09-09 23:11:58.928960465][adnl-peer.cpp:394]	[peerpair JxpFAtEqUBqsTllx4QEGG4bwLHJtawXbyIY5mZ2bjKw=-4YxErtbPSofAORd2AXdxP+EmMt5yLCf0ymK17dwHYfY=]: dropping OUT message: error while cre...
The rest of the test output was removed since it exceeds the threshold of 1024 bytes.
</system-out>
	</testcase>
	<testcase name="test-rldp-http-proxy-routing" classname="test-rldp-http-proxy-routing" time="0.0321845" status="run">
		<system-out>Running test Test_RldpHttpProxyDns_lifecycle_fails_closed_under_auction...
PASS in 1025.0ns
Running test Test_RldpHttpProxyDns_lifecycle_fails_closed_when_overdue_or_clockless...
PASS in 95.0ns
Running test Test_RldpHttpProxyDns_domain_item_is_the_canonical_third_hop_not_the_last...
PASS in 3437.0ns
Running test Test_RldpHttpProxyDns_loaded_contract_cleanup_runs_exactly_once_on_every_exit...
PASS in 684.0ns
Running test Test_RldpHttpProxyDns_lifecycle_returns_the_renewal_deadline...
PASS in 229.0ns
Running test Test_RldpHttpProxyDns_cache_expiry_never_outlives_the_lease...
PASS in 210.0ns
Running test Test_RldpHttpProxyDns_checkpoint_identity_detects_progress_and_reorganization...
PASS in 683.0ns
Running test Test_RldpHttpProxyDns_cache_evicts_expired_first_then_stalest...
PASS in 298.1us
8 test(s) passed
</system-out>
	</testcase>
	<testcase name="test-overlay-peer-cleanup" classname="test-overlay-peer-cleanup" time="0.0420426" status="run">
		<system-out>Running test Test_Overlay_PlumtreePeerCleanup...
PASS in 13.3us
Running test Test_Overlay_DelPeerCleansPlumtreeState...
[NON-XML-CHAR-0x1B][0m[ 4][t 0][2026-09-09 23:12:02.295085375][overlay.cpp:122][&amp;OVERLAY_INFO]	[overlay U/AkG3XfVDued5/u1lKHt8gV1EOH6PVrjK52XRjAFPw=@bGxsbGxsbGxsbGxsbGxsbGxsbGxsbGxsbGxsbGxsbGw=]: creating[NON-XML-CHAR-0x1B][0m
[NON-XML-CHAR-0x1B][0m[ 5][t 0][2026-09-09 23:12:02.295237619][overlay-peers.cpp:46][&amp;OVERLAY_DEBUG]	[overlay U/AkG3XfVDued5/u1lKHt8gV1EOH6PVrjK52XRjAFPw=@bGxsbGxsbGxsbGxsbGxsbGxsbGxsbGxsbGxsbGxsbGw=]: deleting peer cHBwcHBwcHBwcHBwcHBwcHBwcHBwcHBwcHBwcHBwcHA=[NON-XML-CHAR-0x1B][0m
PASS in 870.5us
2 test(s) passed
</system-out>
	</testcase>
	<testcase name="test-download-state-budget" classname="test-download-state-budget" time="6.93217" status="run">
		<system-out>[NON-XML-CHAR-0x1B][1;33m[ 2][t 0][2026-09-09 23:11:55.862847288][state-download-buffer.cpp:923]	removed residual persistent state tempfile /tmp/tos-test-download-h02-cleanup-369185/persistent-state/something.partial (age 0s)[NON-XML-CHAR-0x1B][0m
[NON-XML-CHAR-0x1B][1;33m[ 2][t 0][2026-09-09 23:11:55.863071089][state-download-buffer.cpp:882]	preserving CellDb streaming-import rollback manifest for startup replay: /tmp/tos-test-download-h02-cleanup-369185/persistent-state/state.boc.celldb-rollback.12345.partial[NON-XML-CHAR-0x1B][0m
[NON-XML-CHAR-0x1B][1;33m[ 2][t 0][2026-09-09 23:11:56.767303423][state-download-buffer.cpp:923]	removed residual persistent state tempfile /tmp/tos-test-h02-cleanup-race-369185/persistent-state/old.partial (age 300s)[NON-XML-CHAR-0x1B][0m
[NON-XML-CHAR-0x1B][1;36m[ 3][t 0][2026-09-09 23:11:56.767334148][state-download-buffer.cpp:901]	skipping recent persistent state tempfile /tmp/tos-test-h02-cleanup-race-369185/persistent-state/recent.partial (age 0s &lt; threshold 60s)[NON-XML-CHAR-0x1B][0m
[NON-XML-CHAR-0x1B][1;33m[ 2][t 0][2026-09-09 23:11:58.035504841][state-download-buffer.cpp:923]	removed residual persistent state tempfile /tmp/tos-te...
The rest of the test output was removed since it exceeds the threshold of 1024 bytes.
</system-out>
	</testcase>
	<testcase name="test-download-next-blocks-validation" classname="test-download-next-blocks-validation" time="0.0399362" status="run">
		<system-out>test-download-next-blocks-validation: nextBlocksFull batch-shape regression
test-download-next-blocks-validation: OK
</system-out>
	</testcase>
	<testcase name="test-ext-message-pool" classname="test-ext-message-pool" time="0.0456665" status="run">
		<system-out>Running test Test_ExtMessagePool_RejectsAdmissionBeforeMasterchainState...
PASS in 16.7us
Running test Test_ExtMessageChecker_RejectsMalformedBagOfCellsBeforeStateLookup...
PASS in 13.6us
Running test Test_ExtMessageChecker_ParsesValidMessageBeforeStateLookup...
PASS in 2853.0ns
3 test(s) passed
</system-out>
	</testcase>
	<testcase name="test-msg-envelope" classname="test-msg-envelope" time="0.039172" status="run">
		<system-out>Running test Test_MsgEnvelope_RequiresCanonicalV2...
PASS in 201.3us
1 test(s) passed
</system-out>
	</testcase>
	<testcase name="test-rate-limiter" classname="test-rate-limiter" time="0.0418221" status="run">
		<system-out>Running test Test_RateLimiter_CategoryWindowIsShared...
PASS in 12.2us
Running test Test_RateLimiter_HeavyExhaustsWindowByCost...
PASS in 5032.0ns
Running test Test_RateLimiter_SmallBypassesGlobalWindow...
PASS in 4582.0ns
Running test Test_RateLimiter_GlobalWindowCapsAcrossCategories...
PASS in 2400.0ns
Running test Test_RateLimiter_UnlistedRequestIsNotLimited...
PASS in 1963.0ns
Running test Test_RateLimiter_WindowSlides...
PASS in 2318.0ns
Running test Test_RateLimiter_ZeroCostCountsAsOne...
PASS in 1775.0ns
7 test(s) passed
</system-out>
	</testcase>
	<testcase name="test-config-transition" classname="test-config-transition" time="0.0128878" status="run">
		<system-out>Running test Test_ConfigTransition_unchanged_configuration_is_accepted...
[NON-XML-CHAR-0x1B][0m[ 4][t 0][2026-09-09 23:12:02.453590824][mc-config.cpp:572]	workchain description dictionary created[NON-XML-CHAR-0x1B][0m
[NON-XML-CHAR-0x1B][0m[ 4][t 0][2026-09-09 23:12:02.453797374][mc-config.cpp:2347]	unpacked info for workchain 0: basic=true, active=true, accept_msgs=true, min_split=0, max_split=4[NON-XML-CHAR-0x1B][0m
[NON-XML-CHAR-0x1B][0m[ 4][t 0][2026-09-09 23:12:02.453807962][mc-config.cpp:572]	workchain description dictionary created[NON-XML-CHAR-0x1B][0m
[NON-XML-CHAR-0x1B][0m[ 4][t 0][2026-09-09 23:12:02.453812711][mc-config.cpp:2347]	unpacked info for workchain 0: basic=true, active=true, accept_msgs=true, min_split=0, max_split=4[NON-XML-CHAR-0x1B][0m
PASS in 1037.1us
Running test Test_ConfigTransition_adding_a_workchain_is_accepted...
[NON-XML-CHAR-0x1B][0m[ 4][t 0][2026-09-09 23:12:02.453868353][mc-config.cpp:572]	workchain description dictionary created[NON-XML-CHAR-0x1B][0m
[NON-XML-CHAR-0x1B][0m[ 4][t 0][2026-09-09 23:12:02.453872552][mc-config.cpp:2347]	unpacked info for workchain 0: basic=true, active=true, accept_msgs=true, min_split=0, max_split=4[NON-XML-CHAR-0x1B][0m
[NON-XML-CHAR-0x1B][0m[ 4][t 0][2026-09-09 23:12:02...
The rest of the test output was removed since it exceeds the threshold of 1024 bytes.
</system-out>
	</testcase>
	<testcase name="test-json-rpc-parse" classname="test-json-rpc-parse" time="0.0452044" status="run">
		<system-out>Running test Test_JsonRpcParse_result_stack_round_trip...
PASS in 229.7us
Running test Test_JsonRpcParse_result_stack_rejects_garbage_boc...
PASS in 3779.0ns
Running test Test_JsonRpcParse_result_stack_rejects_exotic_root...
PASS in 6430.0ns
Running test Test_JsonRpcParse_result_stack_rejects_slice_over_exotic_cell...
PASS in 78.9us
Running test Test_JsonRpcParse_multisig_keys_happy_path...
PASS in 13.6us
Running test Test_JsonRpcParse_multisig_keys_empty_dictionary...
PASS in 614.0ns
Running test Test_JsonRpcParse_multisig_keys_rejects_short_entry...
PASS in 2415.0ns
Running test Test_JsonRpcParse_multisig_keys_rejects_malformed_dictionary...
PASS in 14.2us
Running test Test_JsonRpcParse_multisig_keys_rejects_exotic_root...
PASS in 12.8us
Running test Test_JsonRpcParse_restricted_wallet_start_at...
PASS in 1272.0ns
Running test Test_JsonRpcParse_restricted_wallet_start_at_short_cell_is_zero...
PASS in 814.0ns
Running test Test_JsonRpcParse_restricted_wallet_start_at_rejects_null_and_exotic...
PASS in 1143.0n...
The rest of the test output was removed since it exceeds the threshold of 1024 bytes.
</system-out>
	</testcase>
	<testcase name="test-http-server-limits" classname="test-http-server-limits" time="2.02644" status="run">
		<system-out>Running test Test_HttpServerLimits_connection_cap_refuses_extra_connections_and_recovers...
[NON-XML-CHAR-0x1B][1;31m[ 1][t 0][2026-09-09 23:11:57.105719920][TcpListener.cpp:40][!TcpListener[port:44727]]	127.0.0.1 44727[NON-XML-CHAR-0x1B][0m
[NON-XML-CHAR-0x1B][0m[ 4][t 0][2026-09-09 23:11:57.126122623][http-connection.cpp:33][!inhttpconn]	loop(): in=0 out=0[NON-XML-CHAR-0x1B][0m
[NON-XML-CHAR-0x1B][0m[ 4][t 0][2026-09-09 23:11:57.126159541][BufferedFd.h:221][!inhttpconn]	Flush read: +35B[total:35B][NON-XML-CHAR-0x1B][0m
[NON-XML-CHAR-0x1B][0m[ 4][t 0][2026-09-09 23:11:57.126216743][BufferedFd.h:155][!inhttpconn]	Nothing to write to [fd:9][NON-XML-CHAR-0x1B][0m
[NON-XML-CHAR-0x1B][0m[ 4][t 0][2026-09-09 23:11:57.126221248][http-connection.cpp:33][!inhttpconn]	loop(): in=0 out=0[NON-XML-CHAR-0x1B][0m
[NON-XML-CHAR-0x1B][0m[ 4][t 0][2026-09-09 23:11:57.126225272][BufferedFd.h:155][!inhttpconn]	Nothing to write to [fd:9][NON-XML-CHAR-0x1B][0m
[NON-XML-CHAR-0x1B][0m[ 4][t 0][2026-09-09 23:11:57.126229832][http-connection.cpp:33][!inhttpconn]	loop(): in=0 out=0[NON-XML-CHAR-0x1B][0m
[NON-XML-CHAR-0x1B][0m[ 4][t 0][2026-09-09 23:11:57.126233626][BufferedFd.h:155][!inhttpconn]	Nothing to write to [fd:9][NON-XML-CHAR-0x1B][0m
[NON-XML-CHAR-0x1B][0m[ 4][t 0][2026-09-09 23:11:57.126238522][http-connection.cpp:33][!inht...
The rest of the test output was removed since it exceeds the threshold of 1024 bytes.
</system-out>
	</testcase>
	<testcase name="test-wallet-message-processor" classname="test-wallet-message-processor" time="0.0407396" status="run">
		<system-out>Running test Test_WalletMessageProcessor_admission_table_tracks_compiled_wallet_code...
PASS in 219.9us
Running test Test_WalletMessageProcessor_network_bound_layouts_parse_seqno_and_valid_until...
PASS in 16.2us
Running test Test_WalletMessageProcessor_wallet_seqno_round_trip...
PASS in 2892.0ns
3 test(s) passed
</system-out>
	</testcase>
	<testcase name="test-vm-exception-hardening" classname="test-vm-exception-hardening" time="0.0455735" status="run">
		<system-out>Running test Test_VmExceptionHardening_ConvertsEverySupportedExceptionToStatus...
PASS in 664.7us
Running test Test_TlbNullCellHardening_RejectsNullCellsBeforeUnpacking...
PASS in 1013.0ns
Running test Test_TlbNullCellHardening_PreservesNonNullUnpacking...
PASS in 179.6us
Running test Test_MasterchainStateHardening_RejectsMalformedExtraAfterHeaderInitialization...
[NON-XML-CHAR-0x1B][1;33m[ 2][t 0][2026-09-09 23:12:02.421505474][mc-config.cpp:165]	state extra information is invalid: x{}
PRINTING FAILED[NON-XML-CHAR-0x1B][0m
PASS in 211.3us
4 test(s) passed
</system-out>
	</testcase>
	<testcase name="test-celldb-streaming-import" classname="test-celldb-streaming-import" time="0.0344654" status="run">
		<system-out>[NON-XML-CHAR-0x1B][0m[ 4][t 0][2026-09-09 23:12:02.203816219][state-download-buffer.cpp:1131]	CellDbStreamingSink finished parse of 127 cell(s); root=C003143D8578FF35773280F44D3E20EBE5F875BB1258EA64921E31C787A4E27F (awaiting commit_after_root_verified)[NON-XML-CHAR-0x1B][0m
[NON-XML-CHAR-0x1B][0m[ 4][t 0][2026-09-09 23:12:02.205605155][state-download-buffer.cpp:1131]	CellDbStreamingSink finished parse of 399 cell(s); root=603D0B6D694895A7ABF3BB516FA53C45310DDA790AE1BF0E438EA68A28EF631F (awaiting commit_after_root_verified)[NON-XML-CHAR-0x1B][0m
[NON-XML-CHAR-0x1B][1;36m[ 3][t 0][2026-09-09 23:12:02.205762292][state-download-buffer.cpp:1195]	CellDbStreamingSink committed 399 cell(s); root=603D0B6D694895A7ABF3BB516FA53C45310DDA790AE1BF0E438EA68A28EF631F[NON-XML-CHAR-0x1B][0m
[NON-XML-CHAR-0x1B][0m[ 4][t 0][2026-09-09 23:12:02.206972699][state-download-buffer.cpp:1131]	CellDbStreamingSink finished parse of 199 cell(s); root=6A38690B2F7D9A217AC0C6B4DEF96B62A38E110840E075A10F4C99FDDDA3F3CB (awaiting commit_after_root_verified)[NON-XML-CHAR-0x1B][0m
[NON-XML-CHAR-0x1B][1;36m[ 3][t 0][2026-09-09 23:12:02.207024288][state-download-buffer.cpp:1195]	CellDbStreamingSink committ...
The rest of the test output was removed since it exceeds the threshold of 1024 bytes.
</system-out>
	</testcase>
	<testcase name="test-celldb-actor-restart" classname="test-celldb-actor-restart" time="1.42922" status="run">
		<system-out>[NON-XML-CHAR-0x1B][1;33m[ 2][t 1][2026-09-09 23:11:59.136662654][celldb.cpp:371][!celldbin]	Using V1 DynamicBagOfCells with options V1{}[NON-XML-CHAR-0x1B][0m
[NON-XML-CHAR-0x1B][1;36m[ 3][t 1][2026-09-09 23:11:59.205567331][celldb.cpp:251][!celldbin]	Validating metadata[NON-XML-CHAR-0x1B][0m
[NON-XML-CHAR-0x1B][1;36m[ 3][t 1][2026-09-09 23:11:59.205622548][celldb.cpp:307][!celldbin]	Validating metadata: OK[NON-XML-CHAR-0x1B][0m
[NON-XML-CHAR-0x1B][1;33m[ 2][t 1][2026-09-09 23:11:59.218301763][celldb.cpp:371][!celldbin]	Using V1 DynamicBagOfCells with options V1{}[NON-XML-CHAR-0x1B][0m
[NON-XML-CHAR-0x1B][1;33m[ 2][t 1][2026-09-09 23:11:59.243194725][celldb.cpp:2537][!celldbin]	CellDbIn found 1 residual streaming-import rollback manifest(s) and 0 adopted marker(s), plus 0 committed manifest(s); replaying only unadopted manifests before metadata validation[NON-XML-CHAR-0x1B][0m
[NON-XML-CHAR-0x1B][1;33m[ 2][t 1][2026-09-09 23:11:59.247107029][celldb.cpp:2484][!celldbin]	CellDbIn replayed streaming import rollback manifest /tmp/tos-test-celldb-actor-restart-386007-unadopted/tmp/persistent-state/state.celldb-rollback.test.partial reason="startup recovery after interrupted streaming import" processed=1 era...
The rest of the test output was removed since it exceeds the threshold of 1024 bytes.
</system-out>
	</testcase>
	<testcase name="test-validator-options" classname="test-validator-options" time="0.044622" status="run">
		<system-out></system-out>
	</testcase>
	<testcase name="test-full-node-shard-routing" classname="test-full-node-shard-routing" time="0.0241903" status="run">
		<system-out>Running test Test_FullNodeShardRouting_ForeignWorkchainAndIsolation...
PASS in 5608.0ns
Running test Test_FullNodeShardRouting_IndependentDepthAndHistoricalParents...
PASS in 3632.0ns
2 test(s) passed
</system-out>
	</testcase>
	<testcase name="test-uno-state-snapshot" classname="test-uno-state-snapshot" time="31.9425" status="run">
		<system-out>Running test Test_UnoStateSnapshot_CellRecordDeltaAccounting...
PASS in 12.9us
Running test Test_UnoStateSnapshot_GrowingStateRetainsSharedCellsAfterRootRelease...
[NON-XML-CHAR-0x1B][1;33m[ 2][t 0][2026-09-09 23:11:56.188994080][test-uno-state-snapshot.cpp:1015]	Root retention database: /tmp/uno-root-retention-QsUDCh (removed on success, retained on failure)[NON-XML-CHAR-0x1B][0m
CELL_RECORD_DELTA,0,134,12090,0,0,0,0
[NON-XML-CHAR-0x1B][0m[ 4][t 0][2026-09-09 23:11:56.211180421][transaction.cpp:616]	unpacking account 0000000000000000000000000000000000000000000000000000000000000000[NON-XML-CHAR-0x1B][0m
[NON-XML-CHAR-0x1B][0m[ 4][t 0][2026-09-09 23:11:56.211207582][transaction.cpp:449]	last_paid=0; cells=0 bits=0[NON-XML-CHAR-0x1B][0m
[NON-XML-CHAR-0x1B][0m[ 4][t 0][2026-09-09 23:11:56.211216231][transaction.cpp:679]	end of Account.unpack() for 2:0000000000000000000000000000000000000000000000000000000000000000 (balance = 0ng ; last_trans_lt = 1..2)[NON-XML-CHAR-0x1B][0m
[NON-XML-CHAR-0x1B][1;36m[ 3][t 0][2026-09-09 23:11:56.211361425][test-uno-state-snapshot.cpp:1100]	Root retention epoch=0 fixture_keys=64 roots=1 live_cells=134[NON-XML-CHAR-0x1B][0m
[NON-XML-CHAR-0x1B][0m[ 4][t 0][2026-09-09 23:11:56.2...
The rest of the test output was removed since it exceeds the threshold of 1024 bytes.
</system-out>
	</testcase>
	<testcase name="test-counter-genesis-domain" classname="test-counter-genesis-domain" time="0.148226" status="run">
		<system-out>-- Public-key genesis domain guard verified before state creation
</system-out>
	</testcase>
	<testcase name="test-counter-python-harness" classname="test-counter-python-harness" time="6.11467" status="run">
		<system-out>============================= test session starts ==============================
platform linux -- Python 3.14.4, pytest-9.0.2, pluggy-1.6.0
rootdir: /home/tomi/tos
configfile: pyproject.toml
plugins: anyio-4.12.1, dash-4.0.0, asyncio-1.3.0
asyncio: mode=Mode.STRICT, debug=False, asyncio_default_fixture_loop_scope=None, asyncio_default_test_loop_scope=function
collected 35 items

test/tostester/test_counter_committee.py .....                           [ 14%]
test/tostester/test_counter_genesis.py ..........                        [ 42%]
test/tostester/test_counter_state_check.py ....................          [100%]

============================== 35 passed in 5.20s ==============================
</system-out>
	</testcase>
	<testcase name="test-uno-build-wiring" classname="test-uno-build-wiring" time="37.3462" status="run">
		<system-out>...
----------------------------------------------------------------------
Ran 3 tests in 37.263s

OK
</system-out>
	</testcase>
	<testcase name="test-block-handle-flags" classname="test-block-handle-flags" time="0.0473321" status="run">
		<system-out></system-out>
	</testcase>
	<testcase name="test-keyring-temp-key" classname="test-keyring-temp-key" time="0.613875" status="run">
		<system-out></system-out>
	</testcase>
	<testcase name="test-collator-node-limits" classname="test-collator-node-limits" time="0.0474266" status="run">
		<system-out></system-out>
	</testcase>
	<testcase name="test-rldp2-connection-limits" classname="test-rldp2-connection-limits" time="0.0494921" status="run">
		<system-out>Running test Test_Rldp2ConnectionLimits_EvictsTheEntryClosestToExpiring...
PASS in 11.5us
Running test Test_Rldp2ConnectionLimits_EvictionKeepsBothViewsInStep...
PASS in 10.9us
Running test Test_Rldp2ConnectionLimits_RefreshingMovesAConnectionWithoutChangingTheCount...
PASS in 2701.0ns
Running test Test_Rldp2ConnectionLimits_AdmissionHoldsTheTableAtTheCap...
PASS in 115.3us
Running test Test_Rldp2ConnectionLimits_AdmissionIsANoOpBelowTheCap...
PASS in 2163.0ns
Running test Test_Rldp2ConnectionLimits_AdmissionRefusesRatherThanGrowWhenTheOrderIsLost...
PASS in 1027.0ns
Running test Test_Rldp2ConnectionLimits_AFloodedLocalIdRecyclesItsOwnInsteadOfTakingFromAnother...
PASS in 6549.0ns
Running test Test_Rldp2ConnectionLimits_AFloodCannotStarveAnotherLocalIdHoweverLongItRuns...
PASS in 181.8us
Running test Test_Rldp2ConnectionLimits_ALocalIdBelowItsShareTakesFromAnOverServedOne...
PASS in 3897.0ns
Running test Test_Rldp2ConnectionLimits_ASingleLocalIdBehavesAsPlainMostIdleEviction...
PASS in 2026.0ns
Running test T...
The rest of the test output was removed since it exceeds the threshold of 1024 bytes.
</system-out>
	</testcase>
	<testcase name="test-promise-loss-contract" classname="test-promise-loss-contract" time="0.0440616" status="run">
		<system-out>Running test Test_PromiseLossContract_DestroyingAnUnfulfilledPromiseReportsAnError...
PASS in 1921.0ns
Running test Test_PromiseLossContract_AnAnsweredPromiseIsNotAnsweredAgainOnDestruction...
PASS in 210.0ns
Running test Test_PromiseLossContract_ThrowingAfterTakingOwnershipStillAnswersTheCaller...
PASS in 37.6us
3 test(s) passed
</system-out>
	</testcase>
	<testcase name="test-json-rpc-handler-guard" classname="test-json-rpc-handler-guard" time="0.0441343" status="run">
		<system-out>Running test Test_JsonRpcHandlerGuard_RunsWorkThatDoesNotThrow...
PASS in 1462.0ns
Running test Test_JsonRpcHandlerGuard_ContainsAVmError...
[NON-XML-CHAR-0x1B][1;33m[ 2][t 0][2026-09-09 23:12:02.331408003][json-rpc-handler-guard.h:40]	json-rpc: vm error raised VM error: cell underflow[NON-XML-CHAR-0x1B][0m
PASS in 236.3us
Running test Test_JsonRpcHandlerGuard_ContainsAVmVirtualizationError...
[NON-XML-CHAR-0x1B][1;33m[ 2][t 0][2026-09-09 23:12:02.331606862][json-rpc-handler-guard.h:42]	json-rpc: vm virt error raised VM virtualization error: prunned branch[NON-XML-CHAR-0x1B][0m
PASS in 10.7us
Running test Test_JsonRpcHandlerGuard_ContainsAStandardException...
[...]
The rest of the test output was removed since it exceeds the threshold of 1024 bytes.
</system-out>
	</testcase>
	<testcase name="test-consensus-simplex2-manager-ingress-adversarial" classname="test-consensus-simplex2-manager-ingress-adversarial" time="7.03218" status="run">
		<system-out>[NON-XML-CHAR-0x1B][1;33m[ 2][t 0][2026-09-09 23:11:55.859253926][candidate-codec.cpp:41][&amp;VALIDATOR_SESSION_BENCHMARK]	Broadcast_benchmark serialize_candidate block_id=808443C6B9992F1BE0A21619968AFCB1E9A5CEBAFFFE594C5C9F6285A7A95180 called_from=consensus time_sec=0.000715 compression=none original_size=46 compressed_size=46[NON-XML-CHAR-0x1B][0m
[NON-XML-CHAR-0x1B][1;33m[ 2][t 0][2026-09-09 23:11:55.859514685][candidate-codec.cpp:69][&amp;VALIDATOR_SESSION_BENCHMARK]	Broadcast_benchmark deserialize_candidate block_id=808443C6B9992F1BE0A21619968AFCB1E9A5CEBAFFFE594C5C9F6285A7A95180 called_from=consensus time_sec=0.000015 compression=none compressed_size=46[NON-XML-CHAR-0x1B][0m
[NON-XML-CHAR-0x1B][0m[ 4][t 0][2026-09-09 23:11:55.859551138][candidate-codec.cpp:126]	Compressing block candidate: 46 -&gt; 33[NON-XML-CHAR-0x1B][0m
[NON-XML-CHAR-0x1B][1;33m[ 2][t 0][2026-09-09 23:11:55.859554793][candidate-codec.cpp:127][&amp;VALIDATOR_SESSION_BENCHMARK]	Broadcast_benchmark serialize_candidate block_id=808443C6B9992F1BE0A21619968AFCB1E9A5CEBAFFFE594C5C9F6285A7A95180 called_from=test time_sec=0.000023 compression=compressed original_size=46 compresse...
The rest of the test output was removed since it exceeds the threshold of 1024 bytes.
</system-out>
	</testcase>
	<testcase name="test-consensus-simplex2-candidate-relay-eviction" classname="test-consensus-simplex2-candidate-relay-eviction" time="0.0437405" status="run">
		<system-out>[NON-XML-CHAR-0x1B][1;33m[ 2][t 0][2026-09-09 23:12:02.263755198][candidate-codec.cpp:41][&amp;VALIDATOR_SESSION_BENCHMARK]	Broadcast_benchmark serialize_candidate block_id=808443C6B9992F1BE0A21619968AFCB1E9A5CEBAFFFE594C5C9F6285A7A95180 called_from=consensus time_sec=0.000651 compression=none original_size=46 compressed_size=46[NON-XML-CHAR-0x1B][0m
[NON-XML-CHAR-0x1B][1;33m[ 2][t 0][2026-09-09 23:12:02.264017532][candidate-codec.cpp:69][&amp;VALIDATOR_SESSION_BENCHMARK]	Broadcast_benchmark deserialize_candidate block_id=808443C6B9992F1BE0A21619968AFCB1E9A5CEBAFFFE594C5C9F6285A7A95180 called_from=consensus time_sec=0.000019 compression=none compressed_size=46[NON-XML-CHAR-0x1B][0m
[NON-XML-CHAR-0x1B][0m[ 4][t 0][2026-09-09 23:12:02.264048217][candidate-codec.cpp:126]	Compressing block candidate: 46 -&gt; 33[NON-XML-CHAR-0x1B][0m
[NON-XML-CHAR-0x1B][1;33m[ 2][t 0][2026-09-09 23:12:02.264051703][candidate-codec.cpp:127][&amp;VALIDATOR_SESSION_BENCHMARK]	Broadcast_benchmark serialize_candidate block_id=808443C6B9992F1BE0A21619968AFCB1E9A5CEBAFFFE594C5C9F6285A7A95180 called_from=test time_sec=0.000019 compression=compressed original_size=46 compresse...
The rest of the test output was removed since it exceeds the threshold of 1024 bytes.
</system-out>
	</testcase>
	<testcase name="test-consensus-simplex2-state-resolver-cache-unit" classname="test-consensus-simplex2-state-resolver-cache-unit" time="0.0382896" status="run">
		<system-out>[NON-XML-CHAR-0x1B][1;33m[ 2][t 0][2026-09-09 23:12:02.232815109][candidate-codec.cpp:41][&amp;VALIDATOR_SESSION_BENCHMARK]	Broadcast_benchmark serialize_candidate block_id=808443C6B9992F1BE0A21619968AFCB1E9A5CEBAFFFE594C5C9F6285A7A95180 called_from=consensus time_sec=0.000690 compression=none original_size=46 compressed_size=46[NON-XML-CHAR-0x1B][0m
[NON-XML-CHAR-0x1B][1;33m[ 2][t 0][2026-09-09 23:12:02.233085738][candidate-codec.cpp:69][&amp;VALIDATOR_SESSION_BENCHMARK]	Broadcast_benchmark deserialize_candidate block_id=808443C6B9992F1BE0A21619968AFCB1E9A5CEBAFFFE594C5C9F6285A7A95180 called_from=consensus time_sec=0.000017 compression=none compressed_size=46[NON-XML-CHAR-0x1B][0m
[NON-XML-CHAR-0x1B][0m[ 4][t 0][2026-09-09 23:12:02.233114029][candidate-codec.cpp:126]	Compressing block candidate: 46 -&gt; 33[NON-XML-CHAR-0x1B][0m
[NON-XML-CHAR-0x1B][1;33m[ 2][t 0][2026-09-09 23:12:02.233117679][candidate-codec.cpp:127][&amp;VALIDATOR_SESSION_BENCHMARK]	Broadcast_benchmark serialize_candidate block_id=808443C6B9992F1BE0A21619968AFCB1E9A5CEBAFFFE594C5C9F6285A7A95180 called_from=test time_sec=0.000017 compression=compressed original_size=46 compresse...
The rest of the test output was removed since it exceeds the threshold of 1024 bytes.
</system-out>
	</testcase>
	<testcase name="test-consensus-simplex2-state-resolver-inflight-admission-unit" classname="test-consensus-simplex2-state-resolver-inflight-admission-unit" time="0.0457228" status="run">
		<system-out>[NON-XML-CHAR-0x1B][1;33m[ 2][t 0][2026-09-09 23:12:02.253460506][candidate-codec.cpp:41][&amp;VALIDATOR_SESSION_BENCHMARK]	Broadcast_benchmark serialize_candidate block_id=808443C6B9992F1BE0A21619968AFCB1E9A5CEBAFFFE594C5C9F6285A7A95180 called_from=consensus time_sec=0.000477 compression=none original_size=46 compressed_size=46[NON-XML-CHAR-0x1B][0m
[NON-XML-CHAR-0x1B][1;33m[ 2][t 0][2026-09-09 23:12:02.253632683][candidate-codec.cpp:69][&amp;VALIDATOR_SESSION_BENCHMARK]	Broadcast_benchmark deserialize_candidate block_id=808443C6B9992F1BE0A21619968AFCB1E9A5CEBAFFFE594C5C9F6285A7A95180 called_from=consensus time_sec=0.000014 compression=none compressed_size=46[NON-XML-CHAR-0x1B][0m
[NON-XML-CHAR-0x1B][0m[ 4][t 0][2026-09-09 23:12:02.253651831][candidate-codec.cpp:126]	Compressing block candidate: 46 -&gt; 33[NON-XML-CHAR-0x1B][0m
[NON-XML-CHAR-0x1B][1;33m[ 2][t 0][2026-09-09 23:12:02.253654039][candidate-codec.cpp:127][&amp;VALIDATOR_SESSION_BENCHMARK]	Broadcast_benchmark serialize_candidate block_id=808443C6B9992F1BE0A21619968AFCB1E9A5CEBAFFFE594C5C9F6285A7A95180 called_from=test time_sec=0.000012 compression=compressed original_size=46 compresse...
The rest of the test output was removed since it exceeds the threshold of 1024 bytes.
</system-out>
	</testcase>
	<testcase name="test-consensus-simplex2-skipped-slot-resolution-unit" classname="test-consensus-simplex2-skipped-slot-resolution-unit" time="0.0471442" status="run">
		<system-out>[NON-XML-CHAR-0x1B][1;33m[ 2][t 0][2026-09-09 23:12:02.249190058][candidate-codec.cpp:41][&amp;VALIDATOR_SESSION_BENCHMARK]	Broadcast_benchmark serialize_candidate block_id=808443C6B9992F1BE0A21619968AFCB1E9A5CEBAFFFE594C5C9F6285A7A95180 called_from=consensus time_sec=0.000684 compression=none original_size=46 compressed_size=46[NON-XML-CHAR-0x1B][0m
[NON-XML-CHAR-0x1B][1;33m[ 2][t 0][2026-09-09 23:12:02.249441494][candidate-codec.cpp:69][&amp;VALIDATOR_SESSION_BENCHMARK]	Broadcast_benchmark deserialize_candidate block_id=808443C6B9992F1BE0A21619968AFCB1E9A5CEBAFFFE594C5C9F6285A7A95180 called_from=consensus time_sec=0.000021 compression=none compressed_size=46[NON-XML-CHAR-0x1B][0m
[NON-XML-CHAR-0x1B][0m[ 4][t 0][2026-09-09 23:12:02.249475148][candidate-codec.cpp:126]	Compressing block candidate: 46 -&gt; 33[NON-XML-CHAR-0x1B][0m
[NON-XML-CHAR-0x1B][1;33m[ 2][t 0][2026-09-09 23:12:02.249478706][candidate-codec.cpp:127][&amp;VALIDATOR_SESSION_BENCHMARK]	Broadcast_benchmark serialize_candidate block_id=808443C6B9992F1BE0A21619968AFCB1E9A5CEBAFFFE594C5C9F6285A7A95180 called_from=test time_sec=0.000019 compression=compressed original_size=46 compresse...
The rest of the test output was removed since it exceeds the threshold of 1024 bytes.
</system-out>
	</testcase>
	<testcase name="test-consensus-simplex2-candidate-resolver-retention-unit" classname="test-consensus-simplex2-candidate-resolver-retention-unit" time="0.0468214" status="run">
		<system-out>[NON-XML-CHAR-0x1B][1;33m[ 2][t 0][2026-09-09 23:12:02.237942571][candidate-codec.cpp:41][&amp;VALIDATOR_SESSION_BENCHMARK]	Broadcast_benchmark serialize_candidate block_id=808443C6B9992F1BE0A21619968AFCB1E9A5CEBAFFFE594C5C9F6285A7A95180 called_from=consensus time_sec=0.000698 compression=none original_size=46 compressed_size=46[NON-XML-CHAR-0x1B][0m
[NON-XML-CHAR-0x1B][1;33m[ 2][t 0][2026-09-09 23:12:02.238196124][candidate-codec.cpp:69][&amp;VALIDATOR_SESSION_BENCHMARK]	Broadcast_benchmark deserialize_candidate block_id=808443C6B9992F1BE0A21619968AFCB1E9A5CEBAFFFE594C5C9F6285A7A95180 called_from=consensus time_sec=0.000015 compression=none compressed_size=46[NON-XML-CHAR-0x1B][0m
[NON-XML-CHAR-0x1B][0m[ 4][t 0][2026-09-09 23:12:02.238227011][candidate-codec.cpp:126]	Compressing block candidate: 46 -&gt; 33[NON-XML-CHAR-0x1B][0m
[NON-XML-CHAR-0x1B][1;33m[ 2][t 0][2026-09-09 23:12:02.238230881][candidate-codec.cpp:127][&amp;VALIDATOR_SESSION_BENCHMARK]	Broadcast_benchmark serialize_candidate block_id=808443C6B9992F1BE0A21619968AFCB1E9A5CEBAFFFE594C5C9F6285A7A95180 called_from=test time_sec=0.000019 compression=compressed original_size=46 compresse...
The rest of the test output was removed since it exceeds the threshold of 1024 bytes.
</system-out>
	</testcase>
	<testcase name="test-consensus-simplex2-candidate-resolver-interleaving-unit" classname="test-consensus-simplex2-candidate-resolver-interleaving-unit" time="0.0405592" status="run">
		<system-out>[NON-XML-CHAR-0x1B][1;33m[ 2][t 0][2026-09-09 23:12:02.229026280][candidate-codec.cpp:41][&amp;VALIDATOR_SESSION_BENCHMARK]	Broadcast_benchmark serialize_candidate block_id=808443C6B9992F1BE0A21619968AFCB1E9A5CEBAFFFE594C5C9F6285A7A95180 called_from=consensus time_sec=0.000657 compression=none original_size=46 compressed_size=46[NON-XML-CHAR-0x1B][0m
[NON-XML-CHAR-0x1B][1;33m[ 2][t 0][2026-09-09 23:12:02.229271216][candidate-codec.cpp:69][&amp;VALIDATOR_SESSION_BENCHMARK]	Broadcast_benchmark deserialize_candidate block_id=808443C6B9992F1BE0A21619968AFCB1E9A5CEBAFFFE594C5C9F6285A7A95180 called_from=consensus time_sec=0.000019 compression=none compressed_size=46[NON-XML-CHAR-0x1B][0m
[NON-XML-CHAR-0x1B][0m[ 4][t 0][2026-09-09 23:12:02.229296387][candidate-codec.cpp:126]	Compressing block candidate: 46 -&gt; 33[NON-XML-CHAR-0x1B][0m
[NON-XML-CHAR-0x1B][1;33m[ 2][t 0][2026-09-09 23:12:02.229299892][candidate-codec.cpp:127][&amp;VALIDATOR_SESSION_BENCHMARK]	Broadcast_benchmark serialize_candidate block_id=808443C6B9992F1BE0A21619968AFCB1E9A5CEBAFFFE594C5C9F6285A7A95180 called_from=test time_sec=0.000015 compression=compressed original_size=46 compresse...
The rest of the test output was removed since it exceeds the threshold of 1024 bytes.
</system-out>
	</testcase>
	<testcase name="test-consensus-simplex2-db-finalized-slot-dedup-unit" classname="test-consensus-simplex2-db-finalized-slot-dedup-unit" time="0.0475543" status="run">
		<system-out>[NON-XML-CHAR-0x1B][1;33m[ 2][t 0][2026-09-09 23:12:02.244460323][candidate-codec.cpp:41][&amp;VALIDATOR_SESSION_BENCHMARK]	Broadcast_benchmark serialize_candidate block_id=808443C6B9992F1BE0A21619968AFCB1E9A5CEBAFFFE594C5C9F6285A7A95180 called_from=consensus time_sec=0.000705 compression=none original_size=46 compressed_size=46[NON-XML-CHAR-0x1B][0m
[NON-XML-CHAR-0x1B][1;33m[ 2][t 0][2026-09-09 23:12:02.244781990][candidate-codec.cpp:69][&amp;VALIDATOR_SESSION_BENCHMARK]	Broadcast_benchmark deserialize_candidate block_id=808443C6B9992F1BE0A21619968AFCB1E9A5CEBAFFFE594C5C9F6285A7A95180 called_from=consensus time_sec=0.000027 compression=none compressed_size=46[NON-XML-CHAR-0x1B][0m
[NON-XML-CHAR-0x1B][0m[ 4][t 0][2026-09-09 23:12:02.244817313][candidate-codec.cpp:126]	Compressing block candidate: 46 -&gt; 33[NON-XML-CHAR-0x1B][0m
[NON-XML-CHAR-0x1B][1;33m[ 2][t 0][2026-09-09 23:12:02.244822896][candidate-codec.cpp:127][&amp;VALIDATOR_SESSION_BENCHMARK]	Broadcast_benchmark serialize_candidate block_id=808443C6B9992F1BE0A21619968AFCB1E9A5CEBAFFFE594C5C9F6285A7A95180 called_from=test time_sec=0.000022 compression=compressed original_size=46 compresse...
The rest of the test output was removed since it exceeds the threshold of 1024 bytes.
</system-out>
	</testcase>
	<testcase name="test-consensus-validator-manager-resource-policy-unit" classname="test-consensus-validator-manager-resource-policy-unit" time="0.0457371" status="run">
		<system-out>[NON-XML-CHAR-0x1B][1;33m[ 2][t 0][2026-09-09 23:12:02.208500839][candidate-codec.cpp:41][&amp;VALIDATOR_SESSION_BENCHMARK]	Broadcast_benchmark serialize_candidate block_id=808443C6B9992F1BE0A21619968AFCB1E9A5CEBAFFFE594C5C9F6285A7A95180 called_from=consensus time_sec=0.000780 compression=none original_size=46 compressed_size=46[NON-XML-CHAR-0x1B][0m
[NON-XML-CHAR-0x1B][1;33m[ 2][t 0][2026-09-09 23:12:02.208761874][candidate-codec.cpp:69][&amp;VALIDATOR_SESSION_BENCHMARK]	Broadcast_benchmark deserialize_candidate block_id=808443C6B9992F1BE0A21619968AFCB1E9A5CEBAFFFE594C5C9F6285A7A95180 called_from=consensus time_sec=0.000024 compression=none compressed_size=46[NON-XML-CHAR-0x1B][0m
[NON-XML-CHAR-0x1B][0m[ 4][t 0][2026-09-09 23:12:02.208793200][candidate-codec.cpp:126]	Compressing block candidate: 46 -&gt; 33[NON-XML-CHAR-0x1B][0m
[NON-XML-CHAR-0x1B][1;33m[ 2][t 0][2026-09-09 23:12:02.208797064][candidate-codec.cpp:127][&amp;VALIDATOR_SESSION_BENCHMARK]	Broadcast_benchmark serialize_candidate block_id=808443C6B9992F1BE0A21619968AFCB1E9A5CEBAFFFE594C5C9F6285A7A95180 called_from=test time_sec=0.000018 compression=compressed original_size=46 compresse...
The rest of the test output was removed since it exceeds the threshold of 1024 bytes.
</system-out>
	</testcase>
	<testcase name="test-validator-manager-resource-policy-actor" classname="test-validator-manager-resource-policy-actor" time="0.202584" status="run">
		<system-out></system-out>
	</testcase>
	<testcase name="test-consensus-simplex2-state-resolver-catch-up" classname="test-consensus-simplex2-state-resolver-catch-up" time="8.03652" status="run">
		<system-out>[NON-XML-CHAR-0x1B][1;33m[ 2][t 0][2026-09-09 23:11:55.855578185][candidate-codec.cpp:41][&amp;VALIDATOR_SESSION_BENCHMARK]	Broadcast_benchmark serialize_candidate block_id=808443C6B9992F1BE0A21619968AFCB1E9A5CEBAFFFE594C5C9F6285A7A95180 called_from=consensus time_sec=0.000788 compression=none original_size=46 compressed_size=46[NON-XML-CHAR-0x1B][0m
[NON-XML-CHAR-0x1B][1;33m[ 2][t 0][2026-09-09 23:11:55.855867383][candidate-codec.cpp:69][&amp;VALIDATOR_SESSION_BENCHMARK]	Broadcast_benchmark deserialize_candidate block_id=808443C6B9992F1BE0A21619968AFCB1E9A5CEBAFFFE594C5C9F6285A7A95180 called_from=consensus time_sec=0.000017 compression=none compressed_size=46[NON-XML-CHAR-0x1B][0m
[NON-XML-CHAR-0x1B][0m[ 4][t 0][2026-09-09 23:11:55.855922197][candidate-codec.cpp:126]	Compressing block candidate: 46 -&gt; 33[NON-XML-CHAR-0x1B][0m
[NON-XML-CHAR-0x1B][1;33m[ 2][t 0][2026-09-09 23:11:55.855926156][candidate-codec.cpp:127][&amp;VALIDATOR_SESSION_BENCHMARK]	Broadcast_benchmark serialize_candidate block_id=808443C6B9992F1BE0A21619968AFCB1E9A5CEBAFFFE594C5C9F6285A7A95180 called_from=test time_sec=0.000034 compression=compressed original_size=46 compresse...
The rest of the test output was removed since it exceeds the threshold of 1024 bytes.
</system-out>
	</testcase>
	<testcase name="test-consensus-simplex2-empty-chain-restart" classname="test-consensus-simplex2-empty-chain-restart" time="9.00349" status="run">
		<system-out>[NON-XML-CHAR-0x1B][1;33m[ 2][t 0][2026-09-09 23:11:55.857479640][candidate-codec.cpp:41][&amp;VALIDATOR_SESSION_BENCHMARK]	Broadcast_benchmark serialize_candidate block_id=808443C6B9992F1BE0A21619968AFCB1E9A5CEBAFFFE594C5C9F6285A7A95180 called_from=consensus time_sec=0.000756 compression=none original_size=46 compressed_size=46[NON-XML-CHAR-0x1B][0m
[NON-XML-CHAR-0x1B][1;33m[ 2][t 0][2026-09-09 23:11:55.857756984][candidate-codec.cpp:69][&amp;VALIDATOR_SESSION_BENCHMARK]	Broadcast_benchmark deserialize_candidate block_id=808443C6B9992F1BE0A21619968AFCB1E9A5CEBAFFFE594C5C9F6285A7A95180 called_from=consensus time_sec=0.000022 compression=none compressed_size=46[NON-XML-CHAR-0x1B][0m
[NON-XML-CHAR-0x1B][0m[ 4][t 0][2026-09-09 23:11:55.857786729][candidate-codec.cpp:126]	Compressing block candidate: 46 -&gt; 33[NON-XML-CHAR-0x1B][0m
[NON-XML-CHAR-0x1B][1;33m[ 2][t 0][2026-09-09 23:11:55.857790406][candidate-codec.cpp:127][&amp;VALIDATOR_SESSION_BENCHMARK]	Broadcast_benchmark serialize_candidate block_id=808443C6B9992F1BE0A21619968AFCB1E9A5CEBAFFFE594C5C9F6285A7A95180 called_from=test time_sec=0.000017 compression=compressed original_size=46 compresse...
The rest of the test output was removed since it exceeds the threshold of 1024 bytes.
</system-out>
	</testcase>
	<testcase name="test-consensus-simplex2-query-abuse" classname="test-consensus-simplex2-query-abuse" time="5.13602" status="run">
		<system-out>[NON-XML-CHAR-0x1B][1;33m[ 2][t 0][2026-09-09 23:11:55.868553222][candidate-codec.cpp:41][&amp;VALIDATOR_SESSION_BENCHMARK]	Broadcast_benchmark serialize_candidate block_id=808443C6B9992F1BE0A21619968AFCB1E9A5CEBAFFFE594C5C9F6285A7A95180 called_from=consensus time_sec=0.000738 compression=none original_size=46 compressed_size=46[NON-XML-CHAR-0x1B][0m
[NON-XML-CHAR-0x1B][1;33m[ 2][t 0][2026-09-09 23:11:55.868817231][candidate-codec.cpp:69][&amp;VALIDATOR_SESSION_BENCHMARK]	Broadcast_benchmark deserialize_candidate block_id=808443C6B9992F1BE0A21619968AFCB1E9A5CEBAFFFE594C5C9F6285A7A95180 called_from=consensus time_sec=0.000020 compression=none compressed_size=46[NON-XML-CHAR-0x1B][0m
[NON-XML-CHAR-0x1B][0m[ 4][t 0][2026-09-09 23:11:55.868854729][candidate-codec.cpp:126]	Compressing block candidate: 46 -&gt; 33[NON-XML-CHAR-0x1B][0m
[NON-XML-CHAR-0x1B][1;33m[ 2][t 0][2026-09-09 23:11:55.868858490][candidate-codec.cpp:127][&amp;VALIDATOR_SESSION_BENCHMARK]	Broadcast_benchmark serialize_candidate block_id=808443C6B9992F1BE0A21619968AFCB1E9A5CEBAFFFE594C5C9F6285A7A95180 called_from=test time_sec=0.000022 compression=compressed original_size=46 compresse...
The rest of the test output was removed since it exceeds the threshold of 1024 bytes.
</system-out>
	</testcase>
	<testcase name="test-consensus-simplex2-codec-boundary" classname="test-consensus-simplex2-codec-boundary" time="0.255045" status="run">
		<system-out>[NON-XML-CHAR-0x1B][1;33m[ 2][t 0][2026-09-09 23:12:01.812407379][candidate-codec.cpp:41][&amp;VALIDATOR_SESSION_BENCHMARK]	Broadcast_benchmark serialize_candidate block_id=808443C6B9992F1BE0A21619968AFCB1E9A5CEBAFFFE594C5C9F6285A7A95180 called_from=consensus time_sec=0.000797 compression=none original_size=46 compressed_size=46[NON-XML-CHAR-0x1B][0m
[NON-XML-CHAR-0x1B][1;33m[ 2][t 0][2026-09-09 23:12:01.812676568][candidate-codec.cpp:69][&amp;VALIDATOR_SESSION_BENCHMARK]	Broadcast_benchmark deserialize_candidate block_id=808443C6B9992F1BE0A21619968AFCB1E9A5CEBAFFFE594C5C9F6285A7A95180 called_from=consensus time_sec=0.000017 compression=none compressed_size=46[NON-XML-CHAR-0x1B][0m
[NON-XML-CHAR-0x1B][0m[ 4][t 0][2026-09-09 23:12:01.812719192][candidate-codec.cpp:126]	Compressing block candidate: 46 -&gt; 33[NON-XML-CHAR-0x1B][0m
[NON-XML-CHAR-0x1B][1;33m[ 2][t 0][2026-09-09 23:12:01.812724287][candidate-codec.cpp:127][&amp;VALIDATOR_SESSION_BENCHMARK]	Broadcast_benchmark serialize_candidate block_id=808443C6B9992F1BE0A21619968AFCB1E9A5CEBAFFFE594C5C9F6285A7A95180 called_from=test time_sec=0.000025 compression=compressed original_size=46 compresse...
The rest of the test output was removed since it exceeds the threshold of 1024 bytes.
</system-out>
	</testcase>
	<testcase name="test-consensus-simplex2-genesis-config" classname="test-consensus-simplex2-genesis-config" time="0.0401962" status="run">
		<system-out>[NON-XML-CHAR-0x1B][1;31m[ 1][t 0][2026-09-09 23:12:02.271746458][create-state.cpp:892]	{}[NON-XML-CHAR-0x1B][0m
[NON-XML-CHAR-0x1B][1;31m[ 1][t 0][2026-09-09 23:12:02.271927070][create-state.cpp:892]	{/home/tomi/tos/crypto/fift/lib}[NON-XML-CHAR-0x1B][0m
[NON-XML-CHAR-0x1B][1;31m[ 1][t 0][2026-09-09 23:12:02.271931754][create-state.cpp:892]	{/home/tomi/tos/crypto/fift/lib, /home/tomi/tos/build/crypto/smartcont}[NON-XML-CHAR-0x1B][0m
</system-out>
	</testcase>
</testsuite>
