<?xml version="1.0" encoding="UTF-8"?>
<testsuite name="(empty)"
	tests="128"
	failures="0"
	disabled="0"
	skipped="0"
	hostname=""
	time="489"
	timestamp="2026-09-09T16:04:41"
	>
	<testcase name="test-workchain-proof-boundary-gates" classname="test-workchain-proof-boundary-gates" time="0.402135" status="run">
		<system-out>...
----------------------------------------------------------------------
Ran 3 tests in 0.326s

OK
</system-out>
	</testcase>
	<testcase name="test-workchain-proof-backend" classname="test-workchain-proof-backend" time="0.500329" status="run">
		<system-out>verified SEND and COLLECT k=1..8: 9 fixtures
</system-out>
	</testcase>
	<testcase name="test-workchain-proof-operation-trace" classname="test-workchain-proof-operation-trace" time="15.8279" status="run">
		<system-out>kind=1 k=0 component=0 actual=1106 reserved=1106
kind=1 k=0 component=1 actual=11 reserved=11
kind=1 k=0 component=2 actual=1026 reserved=1026
kind=1 k=0 component=3 actual=48 reserved=48
kind=1 k=0 component=4 actual=8 reserved=8
kind=1 k=0 component=5 actual=9 reserved=9
kind=1 k=0 component=6 actual=8 reserved=8
kind=1 k=0 component=7 actual=6 reserved=6
kind=1 k=0 component=8 actual=66 reserved=66
kind=2 k=1 component=0 actual=1100 reserved=1100
kind=2 k=1 component=1 actual=10 reserved=10
kind=2 k=1 component=2 actual=1026 reserved=1026
kind=2 k=1 component=3 actual=46 reserved=46
kind=2 k=1 component=4 actual=8 reserved=8
kind=2 k=1 component=5 actual=9 reserved=9
kind=2 k=1 component=6 actual=7 reserved=7
kind=2 k=1 component=7 actual=6 reserved=6
kind=2 k=1 component=8 actual=66 reserved=66
kind=2 k=2 component=0 actual=1130 reserved=1130
kind=2 k=2 component=1 actual=12 reserved=12
kind=2 k=2 component=2 actual=1026 reserved=1026
kind=2 k=2 component=3 actual=51 reserved=51
kind=2 k=2 component=4 act...
The rest of the test output was removed since it exceeds the threshold of 1024 bytes.
</system-out>
	</testcase>
	<testcase name="test-quorum-static-grep" classname="test-quorum-static-grep" time="0.0406929" status="run">
		<system-out>rg: /home/tomi/tos/validator-session: No such file or directory (os error 2)
rg: /home/tomi/tos/validator-session: No such file or directory (os error 2)
rg: /home/tomi/tos/validator-session: No such file or directory (os error 2)
quorum static check passed
</system-out>
	</testcase>
	<testcase name="plumtree-graph-sim-smoke" classname="plumtree-graph-sim-smoke" time="0.90112" status="run">
		<system-out>Plumtree graph simulation: mode=fec, all-validators-send, nodes=12, validators=4, senders=4, tree_slots=46, expected=12, unreachable=0, broadcasts=5, payload=32.0K, packet_loss=0, isolate_broadcasts=0, rotate_isolation=0, selective_drop=none
   # senders   delivered      p90      p95      p99     last     avg in    avg out     max in    max out      sent      dup    dup%
   0       4    12/12       458.4    469.3    475.6    477.1      53.6K      65.4K      76.8K     143.1K    785.0K        0   0.00%
   1       4    12/12       600.2    606.8    612.1    613.5      81.4K     100.6K     182.1K     134.3K     1.18M      218  37.78%
   2       4    12/12       592.7    676.6    717.5    727.7      94.5K      67.6K     173.3K     129.0K    810.9K      392  52.62%
   3       4    12/12       209.5    213.6    214.3    214.5      46.9K      51.1K      71.1K     116.8K    613.4K        0   0.00%
   4       4    12/12       208.8    212.0    212.5    212.7      50.8K      51.2K      67.9K     116.8K    614.7K        ...
The rest of the test output was removed since it exceeds the threshold of 1024 bytes.
</system-out>
	</testcase>
	<testcase name="plumtree-graph-sim-simple-smoke" classname="plumtree-graph-sim-simple-smoke" time="0.0645847" status="run">
		<system-out>Plumtree graph simulation: mode=simple, all-validators-send, nodes=12, validators=4, senders=4, tree_slots=46, expected=12, unreachable=0, broadcasts=5, payload=32.0K, packet_loss=0, isolate_broadcasts=0, rotate_isolation=0, selective_drop=none
   # senders   delivered      p90      p95      p99     last     avg in    avg out     max in    max out      sent      dup    dup%
   0       4    12/12       442.0    468.3    492.7    498.7      21.8K      24.7K      32.6K      65.0K    295.8K        0   0.00%
     divergent simple: full_node_payload_hashes=4, full_node_sources=4
   1       4    12/12       933.7    947.0    959.7    962.9      35.3K      48.7K      96.9K      64.8K    584.0K        5  38.46%
     divergent simple: full_node_payload_hashes=4, full_node_sources=4
   2       4    12/12       919.5   1001.6   1003.9   1004.5      45.9K      29.9K      96.8K      64.7K    358.3K        9  52.94%
     divergent simple: full_node_payload_hashes=4, full_node_sources=4
   3       4    12/12       208.0    2...
The rest of the test output was removed since it exceeds the threshold of 1024 bytes.
</system-out>
	</testcase>
	<testcase name="plumtree-graph-sim-loss" classname="plumtree-graph-sim-loss" time="0.43555" status="run">
		<system-out>Plumtree graph simulation: mode=fec, all-validators-send, nodes=12, validators=4, senders=4, tree_slots=46, expected=12, unreachable=0, broadcasts=5, payload=32.0K, packet_loss=0.1, isolate_broadcasts=0, rotate_isolation=0, selective_drop=none
   # senders   delivered      p90      p95      p99     last     avg in    avg out     max in    max out      sent      dup    dup%
   0       4    12/12       603.0    636.1    656.1    661.1      53.5K      63.6K      94.7K     122.0K    763.2K       55  16.27%
   1       4    12/12       561.7    590.6    600.1    602.5      52.6K      62.2K      79.2K     125.9K    746.7K       38  10.53%
   2       4    12/12       232.0    391.3    543.0    580.9      58.6K      63.1K      83.2K     124.9K    757.4K       84  19.22%
   3       4    12/12       174.4    192.9    210.8    215.2      43.9K      51.6K      72.1K     116.9K    619.1K       37  10.57%
   4       4    12/12       204.0    211.6    212.5    212.8      45.9K      51.9K      62.5K     118.3K    622.9K      ...
The rest of the test output was removed since it exceeds the threshold of 1024 bytes.
</system-out>
	</testcase>
	<testcase name="plumtree-graph-sim-simple-loss" classname="plumtree-graph-sim-simple-loss" time="0.0775668" status="run">
		<system-out>Plumtree graph simulation: mode=simple, all-validators-send, nodes=12, validators=4, senders=4, tree_slots=46, expected=12, unreachable=0, broadcasts=5, payload=32.0K, packet_loss=0.08, isolate_broadcasts=0, rotate_isolation=0, selective_drop=none
   # senders   delivered      p90      p95      p99     last     avg in    avg out     max in    max out      sent      dup    dup%
   0       4    12/12       703.9    772.8    813.8    824.1      24.6K      24.7K      64.8K      65.0K    295.9K        1  11.11%
     divergent simple: full_node_payload_hashes=4, full_node_sources=4
   1       4    12/12       471.9    530.9    579.6    591.8      24.4K      29.8K      64.4K      65.0K    357.9K        1  11.11%
     divergent simple: full_node_payload_hashes=4, full_node_sources=4
   2       4    12/12       567.2    640.4    700.2    715.2      27.1K      27.2K      64.7K      64.6K    325.8K        2  20.00%
     divergent simple: full_node_payload_hashes=4, full_node_sources=4
   3       4    12/12       201.1  ...
The rest of the test output was removed since it exceeds the threshold of 1024 bytes.
</system-out>
	</testcase>
	<testcase name="plumtree-graph-sim-partition-recovery" classname="plumtree-graph-sim-partition-recovery" time="0.582667" status="run">
		<system-out>Plumtree graph simulation: mode=fec, all-validators-send, nodes=12, validators=4, senders=4, tree_slots=46, expected=12, unreachable=0, broadcasts=3, payload=32.0K, packet_loss=0, isolate_broadcasts=2, rotate_isolation=0, selective_drop=none
   # senders   delivered      p90      p95      p99     last     avg in    avg out     max in    max out      sent      dup    dup%
   0       4    11/12       458.6    470.0    479.1    481.4      46.6K      59.0K      76.8K     143.1K    707.6K        0   0.00%
   1       4    11/12       951.8    962.8    971.6    973.8      69.5K      86.8K     183.3K     134.3K     1.02M      175  35.64%
   2       4    12/12       592.8    641.6    652.5    655.3      94.5K      71.0K     173.3K     135.4K    852.4K      364  49.26%
</system-out>
	</testcase>
	<testcase name="plumtree-graph-sim-selective-forwarding" classname="plumtree-graph-sim-selective-forwarding" time="0.878453" status="run">
		<system-out>Plumtree graph simulation: mode=fec, all-validators-send, nodes=12, validators=4, senders=4, tree_slots=46, expected=12, unreachable=0, broadcasts=5, payload=32.0K, packet_loss=0, isolate_broadcasts=0, rotate_isolation=0, selective_drop=4
   # senders   delivered      p90      p95      p99     last     avg in    avg out     max in    max out      sent      dup    dup%
   0       4    12/12       457.8    469.8    477.1    478.9      53.4K      65.4K      76.8K     143.1K    784.5K        0   0.00%
   1       4    12/12       617.1    639.6    658.7    663.4      83.2K      98.5K     188.3K     134.3K     1.15M      231  38.82%
   2       4    12/12       189.1    201.1    209.5    211.5      68.8K      59.1K     137.0K     128.9K    708.7K      219  39.11%
   3       4    12/12       178.7    195.5    209.8    213.4      51.3K      51.2K      69.7K     125.2K    614.9K        0   0.00%
   4       4    12/12       182.9    198.8    211.6    214.8      52.4K      53.2K      74.0K     125.2K    638.2K        0  ...
The rest of the test output was removed since it exceeds the threshold of 1024 bytes.
</system-out>
	</testcase>
	<testcase name="plumtree-graph-sim-rotating-outage" classname="plumtree-graph-sim-rotating-outage" time="0.753089" status="run">
		<system-out>Plumtree graph simulation: mode=fec, all-validators-send, nodes=12, validators=4, senders=4, tree_slots=46, expected=12, unreachable=0, broadcasts=5, payload=32.0K, packet_loss=0, isolate_broadcasts=4, rotate_isolation=1, selective_drop=none
   # senders   delivered      p90      p95      p99     last     avg in    avg out     max in    max out      sent      dup    dup%
   0       4    11/12       464.5    472.0    477.9    479.4      46.5K      58.8K      76.8K     143.1K    706.1K        0   0.00%
   1       4    11/12       657.1    667.7    676.2    678.3      71.1K      81.7K     188.3K     143.3K    980.8K      184  36.51%
   2       4    11/12       156.8    158.1    159.2    159.4      49.4K      58.7K      89.1K     127.3K    704.1K      104  26.53%
   3       4    11/12       162.1    174.9    185.2    187.8      48.8K      51.0K      91.4K     126.0K    611.9K        9   2.63%
   4       4    12/12       159.0    172.6    185.9    189.2      50.3K      54.5K      86.4K     125.2K    654.1K        ...
The rest of the test output was removed since it exceeds the threshold of 1024 bytes.
</system-out>
	</testcase>
	<testcase name="plumtree-graph-sim-simple-selective-forwarding" classname="plumtree-graph-sim-simple-selective-forwarding" time="0.0755348" status="run">
		<system-out>Plumtree graph simulation: mode=simple, all-validators-send, nodes=12, validators=4, senders=4, tree_slots=46, expected=12, unreachable=0, broadcasts=5, payload=32.0K, packet_loss=0, isolate_broadcasts=0, rotate_isolation=0, selective_drop=4
   # senders   delivered      p90      p95      p99     last     avg in    avg out     max in    max out      sent      dup    dup%
   0       4    12/12       449.4    456.4    458.8    459.4      21.8K      24.6K      32.6K      65.0K    295.8K        0   0.00%
     divergent simple: full_node_payload_hashes=4, full_node_sources=4
   1       4    12/12       665.6    674.8    680.3    681.7      32.6K      38.0K      96.9K      65.0K    455.9K        4  33.33%
     divergent simple: full_node_payload_hashes=4, full_node_sources=4
   2       4    12/12       150.4    509.0    859.0    946.4      27.2K      24.5K      64.7K      64.7K    293.5K        2  20.00%
     divergent simple: full_node_payload_hashes=4, full_node_sources=4
   3       4    12/12       150.3    163....
The rest of the test output was removed since it exceeds the threshold of 1024 bytes.
</system-out>
	</testcase>
	<testcase name="plumtree-graph-sim-simple-rotating-outage" classname="plumtree-graph-sim-simple-rotating-outage" time="0.0686795" status="run">
		<system-out>Plumtree graph simulation: mode=simple, all-validators-send, nodes=12, validators=4, senders=4, tree_slots=46, expected=12, unreachable=0, broadcasts=5, payload=32.0K, packet_loss=0, isolate_broadcasts=4, rotate_isolation=1, selective_drop=none
   # senders   delivered      p90      p95      p99     last     avg in    avg out     max in    max out      sent      dup    dup%
   0       4    11/12       465.4    478.5    489.1    491.7      19.1K      21.9K      32.6K      65.0K    263.2K        0   0.00%
     divergent simple: full_node_payload_hashes=4, full_node_sources=4
   1       4    11/12       651.3    674.2    692.6    697.2      29.9K      32.6K      96.9K      65.0K    391.4K        4  36.36%
     divergent simple: full_node_payload_hashes=4, full_node_sources=4
   2       4    11/12       158.6    161.1    163.0    163.5      19.0K      24.4K      32.5K      64.6K    292.9K        0   0.00%
     divergent simple: full_node_payload_hashes=4, full_node_sources=4
   3       4    11/12       143.5    1...
The rest of the test output was removed since it exceeds the threshold of 1024 bytes.
</system-out>
	</testcase>
	<testcase name="plumtree-graph-sim-fec-stress" classname="plumtree-graph-sim-fec-stress" time="3.22402" status="run">
		<system-out>Plumtree graph simulation: mode=fec, all-validators-send, nodes=12, validators=4, senders=4, tree_slots=46, expected=12, unreachable=0, broadcasts=20, payload=256.0K, packet_loss=0, isolate_broadcasts=0, rotate_isolation=0, selective_drop=none
   # senders   delivered      p90      p95      p99     last     avg in    avg out     max in    max out      sent      dup    dup%
   0       4    12/12       918.6    921.0    922.7    923.2     267.0K     392.5K     426.4K     814.9K     4.60M       37  10.91%
   1       4    12/12       741.7    767.8    792.8    799.0     375.2K     275.7K     745.6K     620.4K     3.23M      129  26.11%
   2       4    12/12       637.0    665.7    690.4    696.6     335.0K     386.7K     530.6K     739.9K     4.53M       80  18.02%
   3       4    12/12       656.5    718.4    774.5    788.5     358.3K     303.1K     616.2K     627.6K     3.55M       90  19.11%
   4       4    12/12       597.3    654.8    708.7    722.1     288.0K     286.6K     472.9K     662.5K     3.36M      ...
The rest of the test output was removed since it exceeds the threshold of 1024 bytes.
</system-out>
	</testcase>
	<testcase name="plumtree-graph-sim-simple-stress" classname="plumtree-graph-sim-simple-stress" time="0.345247" status="run">
		<system-out>Plumtree graph simulation: mode=simple, all-validators-send, nodes=12, validators=4, senders=4, tree_slots=46, expected=12, unreachable=0, broadcasts=20, payload=256.0K, packet_loss=0, isolate_broadcasts=0, rotate_isolation=0, selective_drop=none
   # senders   delivered      p90      p95      p99     last     avg in    avg out     max in    max out      sent      dup    dup%
   0       4    12/12       892.9    904.9    907.5    908.1     171.2K     192.6K     256.6K     513.0K     2.26M        0   0.00%
     divergent simple: full_node_payload_hashes=4, full_node_sources=4
   1       4    12/12      1107.5   1165.0   1219.9   1233.6     192.6K     277.9K     512.8K     512.8K     3.26M        1  11.11%
     divergent simple: full_node_payload_hashes=4, full_node_sources=4
   2       4    12/12       896.8    939.8    956.1    960.1     320.5K     213.8K     768.6K     512.7K     2.51M        7  46.67%
     divergent simple: full_node_payload_hashes=4, full_node_sources=4
   3       4    12/12       723.8   ...
The rest of the test output was removed since it exceeds the threshold of 1024 bytes.
</system-out>
	</testcase>
	<testcase name="test-counter-collator-admission" classname="test-counter-collator-admission" time="0.0254994" status="run">
		<system-out></system-out>
	</testcase>
	<testcase name="test-counter-disk-integration" classname="test-counter-disk-integration" time="1.17271" status="run">
		<system-out>-- Counter fixture active; retained if interrupted: /home/tomi/tos/build/counter-integration-d69aaebd1976
-- Counter collate/validate/restart checks passed; artifacts: /home/tomi/tos/build/counter-integration-d69aaebd1976

-- Counter fixture passed and removed: /home/tomi/tos/build/counter-integration-d69aaebd1976
</system-out>
	</testcase>
	<testcase name="test-counter-account-binding-readiness" classname="test-counter-account-binding-readiness" time="1.49611" status="run">
		<system-out>-- Counter fixture active; retained if interrupted: /home/tomi/tos/build/counter-integration-f6c7b08d2e2f
-- Unconfirmed observation timing: wait_elapsed_seconds=1.001249
wait_window_seconds=1.000000

-- Closed-gate production observation: delivery=recorded
visited=1
adapter=1
owners_before=1
owners_during=2
owners_after=1
transactions=0

-- Closed-gate observation timing: query_to_record_seconds=0.018998
wait_window_seconds=1.000000
headroom_ratio=52.637666

-- Live account binding: one config callback, zero engine calls, no candidate export

-- Counter fixture passed and removed: /home/tomi/tos/build/counter-integration-f6c7b08d2e2f
</system-out>
	</testcase>
	<testcase name="test-counter-fixture-lifecycle" classname="test-counter-fixture-lifecycle" time="0.0855423" status="run">
		<system-out>-- Counter success cleanup, failure retention and admission cap passed
</system-out>
	</testcase>
	<testcase name="test-counter-idle-replay" classname="test-counter-idle-replay" time="1.21604" status="run">
		<system-out>-- Counter fixture active; retained if interrupted: /home/tomi/tos/build/counter-integration-ff9170030668
-- Consecutive idle batches and independent disk replay passed: /home/tomi/tos/build/counter-integration-ff9170030668

-- Counter fixture passed and removed: /home/tomi/tos/build/counter-integration-ff9170030668
</system-out>
	</testcase>
	<testcase name="test-counter-self-delivery" classname="test-counter-self-delivery" time="0.673956" status="run">
		<system-out>-- Counter fixture active; retained if interrupted: /home/tomi/tos/build/counter-integration-5f33e07177a7
-- Counter fixture passed and removed: /home/tomi/tos/build/counter-integration-5f33e07177a7
</system-out>
	</testcase>
	<testcase name="test-counter-cross-delivery" classname="test-counter-cross-delivery" time="0.971446" status="run">
		<system-out>-- Counter fixture active; retained if interrupted: /home/tomi/tos/build/counter-integration-3409f888dcd3
-- Counter fixture passed and removed: /home/tomi/tos/build/counter-integration-3409f888dcd3
</system-out>
	</testcase>
	<testcase name="test-counter-native-sender" classname="test-counter-native-sender" time="0.818222" status="run">
		<system-out>-- Counter fixture active; retained if interrupted: /home/tomi/tos/build/counter-integration-a0de54846d6d
-- Native sender admission and independent replay passed: /home/tomi/tos/build/counter-integration-a0de54846d6d

-- Counter fixture passed and removed: /home/tomi/tos/build/counter-integration-a0de54846d6d
</system-out>
	</testcase>
	<testcase name="test-counter-activation-missing_capability" classname="test-counter-activation-missing_capability" time="0.32564" status="run">
		<system-out>-- Counter fixture active; retained if interrupted: /home/tomi/tos/build/counter-integration-e93c8676caac
-- Counter fixture passed and removed: /home/tomi/tos/build/counter-integration-e93c8676caac
</system-out>
	</testcase>
	<testcase name="test-counter-config-presence-missing_capability" classname="test-counter-config-presence-missing_capability" time="0.13674" status="run">
		<system-out>-- Counter fixture active; retained if interrupted: /home/tomi/tos/build/counter-integration-c5de337d623e
-- Invalid ingress rejected by complete configuration validation: /home/tomi/tos/build/counter-integration-c5de337d623e

-- Counter fixture passed and removed: /home/tomi/tos/build/counter-integration-c5de337d623e
</system-out>
	</testcase>
	<testcase name="test-counter-activation-old_version" classname="test-counter-activation-old_version" time="0.315887" status="run">
		<system-out>-- Counter fixture active; retained if interrupted: /home/tomi/tos/build/counter-integration-3fa9797e545f
-- Counter fixture passed and removed: /home/tomi/tos/build/counter-integration-3fa9797e545f
</system-out>
	</testcase>
	<testcase name="test-counter-config-presence-old_version" classname="test-counter-config-presence-old_version" time="0.115019" status="run">
		<system-out>-- Counter fixture active; retained if interrupted: /home/tomi/tos/build/counter-integration-8c77bedbe31b
-- Invalid ingress rejected by complete configuration validation: /home/tomi/tos/build/counter-integration-8c77bedbe31b

-- Counter fixture passed and removed: /home/tomi/tos/build/counter-integration-8c77bedbe31b
</system-out>
	</testcase>
	<testcase name="test-counter-config-binding" classname="test-counter-config-binding" time="0.135632" status="run">
		<system-out>-- Counter fixture active; retained if interrupted: /home/tomi/tos/build/counter-integration-ace4062cbd14
-- Invalid ingress rejected by complete configuration validation: /home/tomi/tos/build/counter-integration-ace4062cbd14

-- Counter fixture passed and removed: /home/tomi/tos/build/counter-integration-ace4062cbd14
</system-out>
	</testcase>
	<testcase name="test-counter-engine-config" classname="test-counter-engine-config" time="0.297461" status="run">
		<system-out>-- Counter fixture active; retained if interrupted: /home/tomi/tos/build/counter-integration-2c913cfdfb86
-- Counter fixture passed and removed: /home/tomi/tos/build/counter-integration-2c913cfdfb86
</system-out>
	</testcase>
	<testcase name="test-uno-partition-storage-smoke" classname="test-uno-partition-storage-smoke" time="0.121117" status="run">
		<system-out>Running test Test_UnoStorageMeasurement_PartitionPersistenceStages...
[NON-XML-CHAR-0x1B][0m[ 4][t 0][2026-09-09 16:05:35.850797509][transaction.cpp:616]	unpacking account 0000000000000000000000000000000000000000000000000000000000000000[NON-XML-CHAR-0x1B][0m
[NON-XML-CHAR-0x1B][0m[ 4][t 0][2026-09-09 16:05:35.850996931][transaction.cpp:449]	last_paid=0; cells=0 bits=0[NON-XML-CHAR-0x1B][0m
[NON-XML-CHAR-0x1B][0m[ 4][t 0][2026-09-09 16:05:35.851008447][transaction.cpp:679]	end of Account.unpack() for 2:0000000000000000000000000000000000000000000000000000000000000000 (balance = 0ng ; last_trans_lt = 1..2)[NON-XML-CHAR-0x1B][0m
[NON-XML-CHAR-0x1B][0m[ 4][t 0][2026-09-09 16:05:35.851183302][transaction.cpp:616]	unpacking account 0000000000000000000000000000000000000000000000000000000000000001[NON-XML-CHAR-0x1B][0m
[NON-XML-CHAR-0x1B][0m[ 4][t 0][2026-09-09 16:05:35.851192649][transaction.cpp:449]	last_paid=0; cells=0 bits=0[NON-XML-CHAR-0x1B][0m
[NON-XML-CHAR-0x1B][0m[ 4][t 0][2026-09-09 16:05:35.851198368][transaction.cpp:679]	end of Account.unpack() for 2:0000000000000000000000000000000000000000000000000000000000000001 (balance = 0ng ; last_trans_lt = 1..2)[NON-XML-CHAR-0x1B][0m
[NON-XML-CHAR-0x1B][0m[ 4][t 0][2026-09-09 16:05:35.851330668]...
The rest of the test output was removed since it exceeds the threshold of 1024 bytes.
</system-out>
	</testcase>
	<testcase name="test-uno-incremental-storage-smoke" classname="test-uno-incremental-storage-smoke" time="0.0930278" status="run">
		<system-out>Running test Test_UnoStorageMeasurement_PartitionIncrementalRecords...
[NON-XML-CHAR-0x1B][1;33m[ 2][t 0][2026-09-09 16:05:35.759558011][test-uno-state-snapshot.cpp:827]	Incremental records database /tmp/uno-incremental-records-WZ4xbV (removed on success, retained on failure)[NON-XML-CHAR-0x1B][0m
[NON-XML-CHAR-0x1B][0m[ 4][t 0][2026-09-09 16:05:35.789502543][transaction.cpp:616]	unpacking account 0000000000000000000000000000000000000000000000000000000000000000[NON-XML-CHAR-0x1B][0m
[NON-XML-CHAR-0x1B][0m[ 4][t 0][2026-09-09 16:05:35.789540531][transaction.cpp:449]	last_paid=0; cells=0 bits=0[NON-XML-CHAR-0x1B][0m
[NON-XML-CHAR-0x1B][0m[ 4][t 0][2026-09-09 16:05:35.789548965][transaction.cpp:679]	end of Account.unpack() for 2:0000000000000000000000000000000000000000000000000000000000000000 (balance = 0ng ; last_trans_lt = 1..2)[NON-XML-CHAR-0x1B][0m
[NON-XML-CHAR-0x1B][0m[ 4][t 0][2026-09-09 16:05:35.790150355][transaction.cpp:616]	unpacking account 000000000000000000000000000000000000000000000000000000000000000F[NON-XML-CHAR-0x1B][0m
[NON-XML-CHAR-0x1B][0m[ 4][t 0][2026-09-09 16:05:35.790162831][transaction.cpp:449]	last_paid=0; cells=0 bits=0[NON-XML-CHAR-0x1B][0m
[NON-XML-CHAR-0x1B][0m[ 4][t 0][2026-09-09 16:05:35.790168939][transactio...
The rest of the test output was removed since it exceeds the threshold of 1024 bytes.
</system-out>
	</testcase>
	<testcase name="test-uno-split-storage-smoke" classname="test-uno-split-storage-smoke" time="0.13172" status="run">
		<system-out>Running test Test_UnoStorageMeasurement_PartitionIncrementalRecords...
[NON-XML-CHAR-0x1B][1;33m[ 2][t 0][2026-09-09 16:05:34.487303692][test-uno-state-snapshot.cpp:827]	Incremental records database /tmp/uno-incremental-records-e1vXxh (removed on success, retained on failure)[NON-XML-CHAR-0x1B][0m
[NON-XML-CHAR-0x1B][0m[ 4][t 0][2026-09-09 16:05:34.525538941][transaction.cpp:616]	unpacking account 0000000000000000000000000000000000000000000000000000000000000000[NON-XML-CHAR-0x1B][0m
[NON-XML-CHAR-0x1B][0m[ 4][t 0][2026-09-09 16:05:34.525574040][transaction.cpp:449]	last_paid=0; cells=0 bits=0[NON-XML-CHAR-0x1B][0m
[NON-XML-CHAR-0x1B][0m[ 4][t 0][2026-09-09 16:05:34.525584978][transaction.cpp:679]	end of Account.unpack() for 2:0000000000000000000000000000000000000000000000000000000000000000 (balance = 0ng ; last_trans_lt = 1..2)[NON-XML-CHAR-0x1B][0m
[NON-XML-CHAR-0x1B][0m[ 4][t 0][2026-09-09 16:05:34.526191371][transaction.cpp:616]	unpacking account 000000000000000000000000000000000000000000000000000000000000000F[NON-XML-CHAR-0x1B][0m
[NON-XML-CHAR-0x1B][0m[ 4][t 0][2026-09-09 16:05:34.526203635][transaction.cpp:449]	last_paid=0; cells=0 bits=0[NON-XML-CHAR-0x1B][0m
[NON-XML-CHAR-0x1B][0m[ 4][t 0][2026-09-09 16:05:34.526209371][transactio...
The rest of the test output was removed since it exceeds the threshold of 1024 bytes.
</system-out>
	</testcase>
	<testcase name="test-uno-split-prefix-storage-smoke" classname="test-uno-split-prefix-storage-smoke" time="0.119927" status="run">
		<system-out>Running test Test_UnoStorageMeasurement_PartitionIncrementalRecords...
[NON-XML-CHAR-0x1B][1;33m[ 2][t 0][2026-09-09 16:05:35.289027569][test-uno-state-snapshot.cpp:827]	Incremental records database /tmp/uno-incremental-records-XF4FrY (removed on success, retained on failure)[NON-XML-CHAR-0x1B][0m
[NON-XML-CHAR-0x1B][0m[ 4][t 0][2026-09-09 16:05:35.318872471][transaction.cpp:616]	unpacking account 0000000000000000000000000000000000000000000000000000000000000000[NON-XML-CHAR-0x1B][0m
[NON-XML-CHAR-0x1B][0m[ 4][t 0][2026-09-09 16:05:35.318909196][transaction.cpp:449]	last_paid=0; cells=0 bits=0[NON-XML-CHAR-0x1B][0m
[NON-XML-CHAR-0x1B][0m[ 4][t 0][2026-09-09 16:05:35.318922955][transaction.cpp:679]	end of Account.unpack() for 2:0000000000000000000000000000000000000000000000000000000000000000 (balance = 0ng ; last_trans_lt = 1..2)[NON-XML-CHAR-0x1B][0m
[NON-XML-CHAR-0x1B][0m[ 4][t 0][2026-09-09 16:05:35.326089628][transaction.cpp:616]	unpacking account 0000000000000000000000000000000000000000000000000000000000000000[NON-XML-CHAR-0x1B][0m
[NON-XML-CHAR-0x1B][0m[ 4][t 0][2026-09-09 16:05:35.326102264][transaction.cpp:449]	last_paid=0; cells=0 bits=0[NON-XML-CHAR-0x1B][0m
[NON-XML-CHAR-0x1B][0m[ 4][t 0][2026-09-09 16:05:35.326108744][transactio...
The rest of the test output was removed since it exceeds the threshold of 1024 bytes.
</system-out>
	</testcase>
	<testcase name="test-ed25519" classname="test-ed25519" time="11.9473" status="run">
		<system-out>Running test Test_Crypto_ed25519...
[NON-XML-CHAR-0x1B][1;31m[ 1][t 0][2026-09-09 16:04:41.941615893][Ed25519.cpp:78]	PK1 = 4716008E8FC9D21FA23F654C70920E6450EB0333B0F2F96B0A462A240A10D118[NON-XML-CHAR-0x1B][0m
[NON-XML-CHAR-0x1B][1;31m[ 1][t 0][2026-09-09 16:04:41.941819622][Ed25519.cpp:80]	PK2 = 6162616361626164616261636162616561626163616261646162616361626100[NON-XML-CHAR-0x1B][0m
[NON-XML-CHAR-0x1B][1;31m[ 1][t 0][2026-09-09 16:04:41.941894720][Ed25519.cpp:84]	PubK1 = 88DF4095159A2864EF1E1D7CA8589D2909FE288F744E090F85956B236BAFF67C[NON-XML-CHAR-0x1B][0m
[NON-XML-CHAR-0x1B][1;31m[ 1][t 0][2026-09-09 16:04:41.941967114][Ed25519.cpp:86]	PubK2 = 6F9E5BDECE8721EB5737FBB59228BA07F7880F73CE5BFAA1B7157303D4201E74[NON-XML-CHAR-0x1B][0m
[NON-XML-CHAR-0x1B][1;31m[ 1][t 0][2026-09-09 16:04:41.942034391][Ed25519.cpp:89]	PubK3 = 6F9E5BDECE8721EB5737FBB59228BA07F7880F73CE5BFAA1B7157303D4201E74[NON-XML-CHAR-0x1B][0m
[NON-XML-CHAR-0x1B][1;31m[ 1][t 0][2026-09-09 16:04:41.942040212][Ed25519.cpp:91]	PubK1 = 88DF4095159A2864EF1E1D7CA8589D2909FE288F744E090F85956B236BAFF67C[NON-XML-CHAR-0x1B][0m
[NON-XML-CHAR-0x1B][1;31m[ 1][t 0][2026-09-09 16:04:41.942234781][Ed25519.cpp:94]	secret(PK2, PubK2)=24451FC42D64B73BFC73BEAE8AEDFE20E62D221315C672A669A9BC13B4913B1...
The rest of the test output was removed since it exceeds the threshold of 1024 bytes.
</system-out>
	</testcase>
	<testcase name="test-bigint" classname="test-bigint" time="22.5708" status="run">
		<system-out>check special ints
check power-2 ops
check unary ops
run special tests
check random ops (100000 iterations)
#0: check on 1889226942578694 = 00..0006b63decd00006 = [ 1889226942578694 ]
#10000: check on 649037107316853453566312041152513 = 00..002000000000000000000000000001 = [ 1 0 32 ]
#20000: check on -84508239119 = ff..ffec52ea9af1 = [ -84508239119 ]
#30000: check on 14474011154664524427946373126085988481658748083205070504932198000989141204993 = 00..002000000000000000000000000000000000000000000000000000000000000001 = [ 1 0 0 0 35184372088832 ]
#40000: check on -28269553036454149273332760011886696253239742350009903329945699220681916417 = ff..ffefffffffffffffffffffffffffffffffffffffffffffffffffffffffffffff = [ -1 0 0 0 -68719476736 ]
#50000: check on -327681 = ff..fffaffff = [ -327681 ]
#60000: check on 95549835287303782567988657 = 00..004f0976f33056c4c5e34db1 = [ 95403133586865 21216325427 ]
#70000: check on -4398046511103 = ff..fffc0000000001 = [ -4398046511103 ]
#80000: check on -117440509 = ff..fff9000003 =...
The rest of the test output was removed since it exceeds the threshold of 1024 bytes.
</system-out>
	</testcase>
	<testcase name="test-vm" classname="test-vm" time="32.9717" status="run">
		<system-out>Running test Test_VM_simple...
[NON-XML-CHAR-0x1B][1;36m[ 3][t 0][2026-09-09 16:05:18.600769997][vm.cpp:606]	steps: 2 gas: used=76, max=1000, limit=1000, credit=0[NON-XML-CHAR-0x1B][0m
[NON-XML-CHAR-0x1B][0m[ 4][t 0][2026-09-09 16:05:18.600829161][vm.cpp:635]	move resulting stack (1 entries)[NON-XML-CHAR-0x1B][0m
[NON-XML-CHAR-0x1B][1;36m[ 3][t 0][2026-09-09 16:05:18.600849753][vm.cpp:606]	steps: 2 gas: used=76, max=1000, limit=1000, credit=0[NON-XML-CHAR-0x1B][0m
[NON-XML-CHAR-0x1B][0m[ 4][t 0][2026-09-09 16:05:18.600856336][vm.cpp:635]	move resulting stack (1 entries)[NON-XML-CHAR-0x1B][0m
PASS in 2812.4us
Running test Test_VM_sha256_canonical_snake...
[NON-XML-CHAR-0x1B][0m[ 4][t 0][2026-09-09 16:05:18.602068460][tosops.cpp:687]	execute SHA256C[NON-XML-CHAR-0x1B][0m
[NON-XML-CHAR-0x1B][0m[ 4][t 0][2026-09-09 16:05:18.602091104][vm.cpp:473]	execute implicit RET[NON-XML-CHAR-0x1B][0m
[NON-XML-CHAR-0x1B][1;36m[ 3][t 0][2026-09-09 16:05:18.602097490][vm.cpp:606]	steps: 2 gas: used=239, max=100000, limit=100000, credit=0[NON-XML-CHAR-0x1B][0m
[NON-XML-CHAR-0x1B][0m[ 4][t 0][2026-09-09 16:05:18.602102934][vm.cpp:635]	move resulting stack (1 entries)[NON-XML-CHAR-0x1B][0m
PASS in 48.4us
Running test Test_VM_sha256_canonical_snake_rejects_aliases_and_old_versions...
[NON-XML-CHAR-0x1B][0m[ 4][t 0][2026-09-09 16:05...
The rest of the test output was removed since it exceeds the threshold of 1024 bytes.
</system-out>
	</testcase>
	<testcase name="test-fift" classname="test-fift" time="3.8216" status="run">
		<system-out>Running test Test_Fift_testvm...
[NON-XML-CHAR-0x1B][1;36m[ 3][t 0][2026-09-09 16:05:20.292216342][vm.cpp:606]	steps: 3 gas: used=41, max=9223372036854775807, limit=9223372036854775807, credit=0[NON-XML-CHAR-0x1B][0m
[NON-XML-CHAR-0x1B][0m[ 4][t 0][2026-09-09 16:05:20.292257382][vm.cpp:635]	move resulting stack (3 entries)[NON-XML-CHAR-0x1B][0m
[NON-XML-CHAR-0x1B][1;36m[ 3][t 0][2026-09-09 16:05:20.292395266][vm.cpp:606]	steps: 21 gas: used=429, max=9223372036854775807, limit=9223372036854775807, credit=0[NON-XML-CHAR-0x1B][0m
[NON-XML-CHAR-0x1B][0m[ 4][t 0][2026-09-09 16:05:20.292401880][vm.cpp:635]	move resulting stack (6 entries)[NON-XML-CHAR-0x1B][0m
[NON-XML-CHAR-0x1B][1;36m[ 3][t 0][2026-09-09 16:05:20.292425447][vm.cpp:606]	steps: 29 gas: used=525, max=9223372036854775807, limit=9223372036854775807, credit=0[NON-XML-CHAR-0x1B][0m
[NON-XML-CHAR-0x1B][0m[ 4][t 0][2026-09-09 16:05:20.292430854][vm.cpp:635]	move resulting stack (9 entries)[NON-XML-CHAR-0x1B][0m
[NON-XML-CHAR-0x1B][1;36m[ 3][t 0][2026-09-09 16:05:20.292453404][vm.cpp:606]	steps: 29 gas: used=525, max=9223372036854775807, limit=9223372036854775807, credit=0[NON-XML-CHAR-0x1B][0m
[NON-XML-CHAR-0x1B][0m[ 4][t 0][2026-09-09 16:05:20.292459027][vm.cpp:635]	move resulting stack (12 entries)[NON-XML-CHAR-0x1B][0m
PASS in 5423.6us...
The rest of the test output was removed since it exceeds the threshold of 1024 bytes.
</system-out>
	</testcase>
	<testcase name="test-cells" classname="test-cells" time="0.0588202" status="run">
		<system-out>Running test Test_Cells_simple...
PASS in 2093.9us
Running test Test_Bitstrings_main...
PASS in 395.0us
Running test Test_Bitstrings_ZeroLengthIntegerLoads...
PASS in 970.0ns
Running test Test_Bigint_main...
PASS in 47.5ms
Running test Test_RefInt_main...
PASS in 37.2us
Running test Test_crc16_main...
PASS in 7986.0ns
Running test Test_base64_main...
PASS in 27.9us
Running test Test_base64_short_inputs...
PASS in 3879.0ns
Running test Test_bits256_scan_main...
PASS in 74.4us
Running test Test_bigexp_main...
PASS in 154.7us
Running test Test_uint64_exp_main...
PASS in 299.5us
11 test(s) passed
</system-out>
	</testcase>
	<testcase name="test-workchain-block" classname="test-workchain-block" time="3.31188" status="run">
		<system-out>Running test Test_WorkchainBlock_CoordinatorStateLayout...
PASS in 145.9us
Running test Test_WorkchainBlock_CoordinatorStateExactFraming...
PASS in 15.7us
Running test Test_WorkchainBlock_ResourcePolicyWire...
PASS in 29.3us
Running test Test_WorkchainBlock_EngineConfigurationFraming...
PASS in 22.8us
Running test Test_WorkchainBlock_BatchPolicyVersionIdentityAgreement...
PASS in 1254.0ns
Running test Test_WorkchainBlock_BatchProfileUnsupportedNodeProbe...
PASS in 777.0ns
Running test Test_WorkchainBlock_ClaimedFeeOuterFraming...
PASS in 10.8us
Running test Test_WorkchainBlock_ClaimedFeeShortNativeFraming...
PASS in 2411.0ns
Running test Test_WorkchainBlock_ClaimedFeeSpecialNativeFraming...
PASS in 2697.0ns
Running test Test_WorkchainBlock_ClaimedFeeUnknownNativeFraming...
PASS in 2779.0ns
Running test Test_WorkchainBlock_ResourcePolicyRejectsSpecialBeforeDecoder...
PASS in 840.0ns
Running test Test_WorkchainBlock_ResourcePolicyEncodedSpecialCells...
PASS in 21.3us
Running test Test_WorkchainBlock_ResourcePol...
The rest of the test output was removed since it exceeds the threshold of 1024 bytes.
</system-out>
	</testcase>
	<testcase name="test-workchain-settlement-continuation" classname="test-workchain-settlement-continuation" time="0.00785908" status="run">
		<system-out>[NON-XML-CHAR-0x1B][0m[ 4][t 0][2026-09-09 16:05:38.273817937][transaction.cpp:616]	unpacking account 1000000000000000000000000000000000000000000000000000000000000000[NON-XML-CHAR-0x1B][0m
[NON-XML-CHAR-0x1B][0m[ 4][t 0][2026-09-09 16:05:38.274026259][transaction.cpp:449]	last_paid=0; cells=0 bits=0[NON-XML-CHAR-0x1B][0m
[NON-XML-CHAR-0x1B][0m[ 4][t 0][2026-09-09 16:05:38.274038568][transaction.cpp:679]	end of Account.unpack() for 2:1000000000000000000000000000000000000000000000000000000000000000 (balance = 1000ng ; last_trans_lt = 1..2)[NON-XML-CHAR-0x1B][0m
[NON-XML-CHAR-0x1B][0m[ 4][t 0][2026-09-09 16:05:38.274061308][transaction.cpp:616]	unpacking account 2000000000000000000000000000000000000000000000000000000000000000[NON-XML-CHAR-0x1B][0m
[NON-XML-CHAR-0x1B][0m[ 4][t 0][2026-09-09 16:05:38.274068788][transaction.cpp:449]	last_paid=0; cells=0 bits=0[NON-XML-CHAR-0x1B][0m
[NON-XML-CHAR-0x1B][0m[ 4][t 0][2026-09-09 16:05:38.274074557][transaction.cpp:679]	end of Account.unpack() for 2:2000000000000000000000000000000000000000000000000000000000000000 (balance = 1000ng ; last_trans_lt = 1..2)[NON-XML-CHAR-0x1B][0m
[NON-XML-CHAR-0x1B][0m[ 4][t 0][2026-09-09 16:05:38.274731809][transaction.cpp:616]	unpacking account 100000000000000000000000...
The rest of the test output was removed since it exceeds the threshold of 1024 bytes.
</system-out>
	</testcase>
	<testcase name="test-workchain-proof-work" classname="test-workchain-proof-work" time="0.00704118" status="run">
		<system-out>Running test Test_WorkchainProofWork_ExactSendComponents...
PASS in 3142.0ns
Running test Test_WorkchainProofWork_PrechargeAndStickyFailure...
PASS in 7103.0ns
Running test Test_WorkchainProofWork_ShapeRefusalBeforeBackend...
PASS in 3041.0ns
Running test Test_WorkchainProofWork_ExplicitProfileSet...
PASS in 328.0ns
Running test Test_WorkchainProofWork_LocalLimitsAndContext...
PASS in 2885.0ns
5 test(s) passed
</system-out>
	</testcase>
	<testcase name="test-workchain-proof-contracts" classname="test-workchain-proof-contracts" time="0.00422981" status="run">
		<system-out>Running test Test_WorkchainProofContract_UnmeteredEngineCannotFallback...
PASS in 2516.0ns
Running test Test_WorkchainProofContract_UnmeteredRegistrationCannotFallback...
PASS in 638.0ns
2 test(s) passed
</system-out>
	</testcase>
	<testcase name="test-workchain-admission" classname="test-workchain-admission" time="0.00663603" status="run">
		<system-out>Running test Test_WorkchainAdmission_OwnsEveryDescendantAndPreservesIdentity...
PASS in 186.8us
Running test Test_WorkchainAdmission_LocalFailureRemainsLocalUntilNewAttempt...
PASS in 8389.0ns
Running test Test_WorkchainAdmission_ProtocolRejectionPrecedesUnnecessaryLoads...
PASS in 13.8us
Running test Test_WorkchainAdmission_ConfigurationFailureIsSeparate...
PASS in 842.0ns
Running test Test_WorkchainAdmission_BatchZeroReadsIsConfigurationFailure...
PASS in 704.0ns
Running test Test_WorkchainAdmission_BatchZeroWritesIsConfigurationFailure...
PASS in 547.0ns
Running test Test_WorkchainAdmission_BatchZeroInboundIsConfigurationFailure...
PASS in 456.0ns
Running test Test_WorkchainAdmission_BatchZeroStateCellsIsConfigurationFailure...
PASS in 504.0ns
Running test Test_WorkchainAdmission_BatchZeroStateBitsIsConfigurationFailure...
PASS in 539.0ns
Running test Test_WorkchainAdmission_BatchZeroStateAccountCellsIsConfigurationFailure...
PASS in 563.0ns
Running test Test_WorkchainAdmission_BatchZeroStateAccountBitsIsC...
The rest of the test output was removed since it exceeds the threshold of 1024 bytes.
</system-out>
	</testcase>
	<testcase name="test-smartcont" classname="test-smartcont" time="9.32314" status="run">
		<system-out>Running test Test_Toslib_WalletV3...
[NON-XML-CHAR-0x1B][0m[ 4][t 0][2026-09-09 16:05:26.335278344][words.cpp:3418]	import_cmdlist_args(aba,2)[NON-XML-CHAR-0x1B][0m
[NON-XML-CHAR-0x1B][0m[ 4][t 0][2026-09-09 16:05:26.355611909][SmartContract.cpp:358]	VM stack:
 [ 85143 ] [NON-XML-CHAR-0x1B][0m
[NON-XML-CHAR-0x1B][0m[ 4][t 0][2026-09-09 16:05:26.355647601][SmartContract.cpp:410]	VM log
execute SETCP 0
execute DICTPUSHCONST 19 (xC_,1)
execute DICTIGETJMPZ
execute PUSH c4
execute CTOS
execute PLDU 32
execute implicit RET[NON-XML-CHAR-0x1B][0m
[NON-XML-CHAR-0x1B][0m[ 4][t 0][2026-09-09 16:05:26.355654189][SmartContract.cpp:413]	VM stack:
 [ 0 ] [NON-XML-CHAR-0x1B][0m
[NON-XML-CHAR-0x1B][0m[ 4][t 0][2026-09-09 16:05:26.355658418][SmartContract.cpp:414]	VM exit code: 0[NON-XML-CHAR-0x1B][0m
[NON-XML-CHAR-0x1B][0m[ 4][t 0][2026-09-09 16:05:26.355662623][SmartContract.cpp:415]	VM accepted: true[NON-XML-CHAR-0x1B][0m
[NON-XML-CHAR-0x1B][0m[ 4][t 0][2026-09-09 16:05:26.355665787][SmartContract.cpp:416]	VM success: true[NON-XML-CHAR-0x1B][0m
[NON-XML-CHAR-0x1B][0m[ 4][t 0][2026-09-09 16:05:26.355668894][SmartContract.cpp:426]	output actions:
out_list_empty[NON-XML-CHAR-0x1B][0m
[NON-XML-CHAR-0x1B][0m[ 4][t 0][2026-09-09 16:05:26.355693357][SmartContract.cpp:358]	VM stack:
 [ 85143 ] [NON-XML-CHAR-0x1B][0m
[NON-XML-CHAR-0x1B][0m[ 4][t 0][2026-09-09 16:05:2...
The rest of the test output was removed since it exceeds the threshold of 1024 bytes.
</system-out>
	</testcase>
	<testcase name="test-net" classname="test-net" time="0.53946" status="run">
		<system-out>Running test Test_Net_PingPong...
[NON-XML-CHAR-0x1B][1;31m[ 1][t 2][2026-09-09 16:05:31.720395005][TcpListener.cpp:40][!TcpListener[port:11530]]	0.0.0.0 11530[NON-XML-CHAR-0x1B][0m
[NON-XML-CHAR-0x1B][1;31m[ 1][t 1][2026-09-09 16:05:31.720410021][TcpListener.cpp:40][!TcpListener[port:10597]]	0.0.0.0 10597[NON-XML-CHAR-0x1B][0m
PASS in 529.1ms
1 test(s) passed
</system-out>
	</testcase>
	<testcase name="test-tdactor" classname="test-tdactor" time="15.4178" status="run">
		<system-out>Running test Test_Actor_promise_callback_runs_at_most_once_when_it_throws...
PASS in 80.1us
Running test Test_Actor_promise...
PASS in 2207.0ns
Running test Test_Actor_safe_promise...
PASS in 1245.0ns
Running test Test_Actor_split_promise...
PASS in 8736.0ns
Running test Test_Actor_promise_future...
[NON-XML-CHAR-0x1B][1;31m[ 1][t 0][2026-09-09 16:04:41.932641621][PromiseFuture.h:383]	Lost PromiseFuture[NON-XML-CHAR-0x1B][0m
[NON-XML-CHAR-0x1B][1;31m[ 1][t 0][2026-09-09 16:04:41.932837610][actors_promise.cpp:220]	Second test[NON-XML-CHAR-0x1B][0m
PASS in 214.9us
Running test Test_Actor2_actor_lost_promise...
[NON-XML-CHAR-0x1B][1;31m[ 1][t 1][2026-09-09 16:04:41.934623661][actors_promise.cpp:259][!B]	![NON-XML-CHAR-0x1B][0m
[NON-XML-CHAR-0x1B][1;31m[ 1][t 1][2026-09-09 16:04:41.934681393][actors_promise.cpp:264][!B]	![NON-XML-CHAR-0x1B][0m
[NON-XML-CHAR-0x1B][1;31m[ 1][t 0][2026-09-09 16:04:41.934829514][actors_promise.cpp:270][!A]	FINISH[NON-XML-CHAR-0x1B][0m
[NON-XML-CHAR-0x1B][1;31m[ 1][t 0][2026-09-09 16:04:41.934875294][actors_promise.cpp:237][!A]	STOP[NON-XML-CHAR-0x1B][0m
PASS in 2292.7us
Running test Test_Actor2_MultiPromise...
PASS in 30.4us
Running test Test_Actor2_signals...
PASS in 550.0ns
Running test Test_A...
The rest of the test output was removed since it exceeds the threshold of 1024 bytes.
</system-out>
	</testcase>
	<testcase name="test-tdutils" classname="test-tdutils" time="129.986" status="run">
		<system-out>Running test Test_Buffer_buffer_builder...
PASS in 181.0us
Running test Test_ConcurrentHashMap_Benchmark...
[NON-XML-CHAR-0x1B][1;31m[ 1][t 0][2026-09-09 16:04:57.686599765][benchmark.h:136]	Bench [                      ConcurrrentHashMap]: 2970568.273[2849250.944-3091885.603] ops/sec,	336.6ns [d = 121317.329384][NON-XML-CHAR-0x1B][0m
[NON-XML-CHAR-0x1B][1;31m[ 1][t 0][2026-09-09 16:05:04.562061325][benchmark.h:136]	Bench [                      ConcurrrentHashMap]: 9816594.021[8352050.374-11281137.669] ops/sec,	101.9ns [d = 1464543.647534][NON-XML-CHAR-0x1B][0m
[NON-XML-CHAR-0x1B][1;31m[ 1][t 0][2026-09-09 16:05:15.172787575][benchmark.h:136]	Bench [                            ArrayHashMap]: 9831118.701[4891490.892-14770746.510] ops/sec,	101.7ns [d = 4939627.808801][NON-XML-CHAR-0x1B][0m
[NON-XML-CHAR-0x1B][1;31m[ 1][t 0][2026-09-09 16:05:23.647379591][benchmark.h:136]	Bench [                            ArrayHashMap]: 21271623.987[21221638.054-21321609.921] ops/sec,	47.0ns [d = 49985.933671][NON-XML-CHAR-0x1B][0m
[NON-XML-CHAR-0x1B][1;31m[ 1][t 0][2026-09-09 16:05:27.438154164][benchmark.h:136]	Bench [               ConcurrentHashMapSpinlock]: 64124.670[58088.486-7016...
The rest of the test output was removed since it exceeds the threshold of 1024 bytes.
</system-out>
	</testcase>
	<testcase name="test-toslib-offline" classname="test-toslib-offline" time="20.353" status="run">
		<system-out>Running test Test_Toslib_CellString...
PASS in 448.9us
Running test Test_Toslib_Text...
x{00}
x{00}
x{00}
x{00}
x{00}
x{00}
x{00}
x{0200}
 x{016B}
x{0200}
 x{016B}
x{01016B}
x{01016B}
x{01016B}
x{01016B}
x{01016B}
x{0200}
 x{077262736F6D736A}
x{0200}
 x{077262736F6D736A}
x{01077262736F6D736A}
x{01077262736F6D736A}
x{01077262736F6D736A}
x{01077262736F6D736A}
x{01077262736F6D736A}
x{0200}
 x{086768686664646873}
x{0200}
 x{086768686664646873}
x{01086768686664646873}
x{01086768686664646873}
x{01086768686664646873}
x{01086768686664646873}
x{01086768686664646873}
x{0200}
 x{23746F6477737A696E6171716C74637863687A6B6A66797A73656B747164666B6E6F746D}
x{0200}
 x{23746F6477737A696E6171716C74637863687A6B6A66797A73656B747164666B6E6F746D}
x{020D746F6477737A696E6171716C74}
 x{16637863687A6B6A66797A73656B747164666B6E6F746D}
x{0221746F6477737A696E6171716C74637863687A6B6A66797A73656B747164666B6E6F}
 x{02746D}
x{0123746F6477737A696E6171716C74637863687A6B6A66797A73656B747164666B6E6F746D}
x{0123746F6477737A696E6171716C74637863687A...
The rest of the test output was removed since it exceeds the threshold of 1024 bytes.
</system-out>
	</testcase>
	<testcase name="test-func" classname="test-func" time="0.777447" status="run">
		<system-out>Found 29 tests
Running test 1/29: a10.fc
  OK, 4 cases
Running test 2/29: a6.fc
  OK, 1 cases
Running test 3/29: a6_1.fc
  OK, 6 cases
Running test 4/29: a6_5.fc
  OK, 4 cases
Running test 5/29: a7.fc
  OK, 6 cases
Running test 6/29: allow_post_modification.fc
  OK, 9 cases
Running test 7/29: asm_arg_order.fc
  OK, 12 cases
Running test 8/29: bit-operators.fc
  OK, 10 cases
Running test 9/29: c2.fc
  OK, 3 cases
Running test 10/29: c2_1.fc
  OK, 3 cases
Running test 11/29: co1.fc
  OK, 1 cases
Running test 12/29: code_after_ifelse.fc
  OK, 4 cases
Running test 13/29: inline_big.fc
  OK, 1 cases
Running test 14/29: inline_if.fc
  OK, 2 cases
Running test 15/29: inline_loops.fc
  OK, 1 cases
Running test 16/29: method_id.fc
  OK, 4 cases
Running test 17/29: s1.fc
  OK, 1 cases
Running test 18/29: test-math.fc
  OK, 55 cases
Running test 19/29: try-func.fc
  OK, 15 cases
Running test 20/29: unbalanced_ret.fc
  OK, 3 cases
Running test 21/29: unbalanced_ret_inline.fc
  OK, 3 cases
Running test 22/29: unbalanced_r...
The rest of the test output was removed since it exceeds the threshold of 1024 bytes.
</system-out>
	</testcase>
	<testcase name="test-func-legacy" classname="test-func-legacy" time="1.23131" status="run">
		<system-out>  Running test 1/19: elector/elector-code.fc
  OK  
  Running test 2/19: config/config-code.fc
  OK  
  Running test 3/19: eth-bridge-multisig/multisig-code.fc
  OK  
  Running test 4/19: bsc-bridge-collector/votes-collector.fc
  OK  
  Running test 5/19: uni-lock-wallet/uni-lockup-wallet.fc
  OK  
  Running test 6/19: nft-collection/nft-collection-editable.fc
  OK  
  Running test 7/19: dns-collection/nft-collection.fc
  OK  
  Running test 8/19: tele-nft-item/nft-item.fc
  OK  
  Running test 9/19: storage/storage-contract.fc
  OK  
  Running test 10/19: storage/storage-provider.fc
  OK  
  Running test 11/19: nominator-pool/pool.fc
  OK  
  Running test 12/19: jetton-minter/jetton-minter.fc
  OK  
  Running test 13/19: gg-marketplace/nft-marketplace-v2.fc
  OK  
  Running test 14/19: jetton-wallet/jetton-wallet.fc
  OK  
  Running test 15/19: whales-nominators/nominators.fc
  OK  
  Running test 16/19: tact-examples/treasure_Treasure.code.fc
  OK  
  Running test 17/19: tact-examples/jetton_SampleJetton.co...
The rest of the test output was removed since it exceeds the threshold of 1024 bytes.
</system-out>
	</testcase>
	<testcase name="test-tol" classname="test-tol" time="10.6496" status="run">
		<system-out>Found 669 tests
Running test 1/669: a-tests.tol
  OK, 1 cases
Running test 2/669: allow-post-modification.tol
  OK, 21 cases
Running test 3/669: annotations-tests.tol
  OK, 1 cases
Running test 4/669: arrays-tuples-tests.tol
  OK, 54 cases
Running test 5/669: asm-arg-order.tol
  OK, 23 cases
Running test 6/669: assignment-tests.tol
  OK, 14 cases
Running test 7/669: bit-operators.tol
  OK, 23 cases
Running test 8/669: build-addr-tests.tol
  OK, 17 cases
Running test 9/669: bytesN-tests.tol
  OK, 2 cases
Running test 10/669: calls-tests.tol
  OK, 19 cases
Running test 11/669: cells-slices.tol
  OK, 47 cases
Running test 12/669: codegen-check-demo.tol
  OK, 3 cases
Running test 13/669: comments-tests.tol
  OK, 2 cases
Running test 14/669: comments.tol
  OK, 2 cases
Running test 15/669: constants-tests.tol
  OK, 23 cases
Running test 16/669: contract-deploy-get-address-positive.tol
  OK, 1 cases
Running test 17/669: contract-deploy-multiple.tol
  OK, stderr match
Running test 18/669: contract-deploy-on-field-rej...
The rest of the test output was removed since it exceeds the threshold of 1024 bytes.
</system-out>
	</testcase>
	<testcase name="test-adnl" classname="test-adnl" time="24.4093" status="run">
		<system-out>[NON-XML-CHAR-0x1B][1;31m[ 1][t 0][2026-09-09 16:04:44.982188210][test-adnl.cpp:136]	Encrypted 10000 of 1KiB packets. Time=3.039780[NON-XML-CHAR-0x1B][0m
[NON-XML-CHAR-0x1B][1;31m[ 1][t 0][2026-09-09 16:04:47.112954379][test-adnl.cpp:151]	Encrypted 10000 of 1KiB packets with one key. Time=2.130577[NON-XML-CHAR-0x1B][0m
[NON-XML-CHAR-0x1B][1;31m[ 1][t 0][2026-09-09 16:04:50.021761699][test-adnl.cpp:164]	Signed 10000 of 1KiB packets. Time=2.908805[NON-XML-CHAR-0x1B][0m
[NON-XML-CHAR-0x1B][1;31m[ 1][t 0][2026-09-09 16:04:51.785906547][test-adnl.cpp:178]	Signed 10000 of 1KiB packets with one key. Time=1.764132[NON-XML-CHAR-0x1B][0m
[NON-XML-CHAR-0x1B][1;31m[ 1][t 0][2026-09-09 16:04:51.886817602][test-adnl.cpp:244]	Ed25519 version is 810549328[NON-XML-CHAR-0x1B][0m
[NON-XML-CHAR-0x1B][1;31m[ 1][t 0][2026-09-09 16:04:51.886873958][test-adnl.cpp:245]	testing delivering of all packets[NON-XML-CHAR-0x1B][0m
[NON-XML-CHAR-0x1B][1;31m[ 1][t 0][2026-09-09 16:04:53.890090406][test-adnl.cpp:271]	successfully tested delivering of packets of various sizes. Time=2.003240[NON-XML-CHAR-0x1B][0m
[NON-XML-CHAR-0x1B][1;31m[ 1][t 0][2026-09-09 16:04:54.891777832][test-adnl.cpp:287]	testing with channels enabled[NON-XML-CHAR-0x1B][0m
[NON-XML-CHAR-0x1B][1;31m[ 1][t 0][2026-09-09 16:04:55.938949175][test-adnl.cpp:306]	successfully t...
The rest of the test output was removed since it exceeds the threshold of 1024 bytes.
</system-out>
	</testcase>
	<testcase name="test-dht" classname="test-dht" time="12.0631" status="run">
		<system-out>[NON-XML-CHAR-0x1B][1;31m[ 1][t 0][2026-09-09 16:04:42.449198159][test-dht.cpp:162]	testing DHT self-node error propagation and retry[NON-XML-CHAR-0x1B][0m
[NON-XML-CHAR-0x1B][1;31m[ 1][t 0][2026-09-09 16:04:42.649957721][test-dht.cpp:197]	DHT self-node error propagation and retry succeeded[NON-XML-CHAR-0x1B][0m
[NON-XML-CHAR-0x1B][1;31m[ 1][t 0][2026-09-09 16:04:42.650011362][test-dht.cpp:199]	testing different values[NON-XML-CHAR-0x1B][0m
[NON-XML-CHAR-0x1B][1;31m[ 1][t 0][2026-09-09 16:04:42.686059162][test-dht.cpp:438]	success[NON-XML-CHAR-0x1B][0m
[NON-XML-CHAR-0x1B][1;31m[ 1][t 0][2026-09-09 16:04:42.686072766][test-dht.cpp:440]	empty run[NON-XML-CHAR-0x1B][0m
[NON-XML-CHAR-0x1B][1;31m[ 1][t 0][2026-09-09 16:04:52.963624896][test-dht.cpp:448]	success[NON-XML-CHAR-0x1B][0m
[NON-XML-CHAR-0x1B][1;31m[ 1][t 0][2026-09-09 16:04:52.991420694][test-dht.cpp:476]	stores[NON-XML-CHAR-0x1B][0m
[NON-XML-CHAR-0x1B][1;31m[ 1][t 0][2026-09-09 16:04:53.186708049][test-dht.cpp:486]	success[NON-XML-CHAR-0x1B][0m
[NON-XML-CHAR-0x1B][1;31m[ 1][t 0][2026-09-09 16:04:53.186850160][test-dht.cpp:510]	gets[NON-XML-CHAR-0x1B][0m
[NON-XML-CHAR-0x1B][1;31m[ 1][t 0][2026-09-09 16:04:53.992847758][test-dht.cpp:520]	success[NON-XML-CHAR-0x1B][0m
</system-out>
	</testcase>
	<testcase name="test-rldp2" classname="test-rldp2" time="5.16554" status="run">
		<system-out>[NON-XML-CHAR-0x1B][1;31m[ 1][t 0][2026-09-09 16:05:22.193306099][test-rldp2.cpp:53]	testing OutQuery answer-size boundary directly[NON-XML-CHAR-0x1B][0m
[NON-XML-CHAR-0x1B][1;31m[ 1][t 0][2026-09-09 16:05:22.193557367][test-rldp2.cpp:85]	success[NON-XML-CHAR-0x1B][0m
[NON-XML-CHAR-0x1B][1;31m[ 1][t 0][2026-09-09 16:05:22.195881067][test-rldp2.cpp:187]	testing delivering of packet of size 1[NON-XML-CHAR-0x1B][0m
[NON-XML-CHAR-0x1B][1;31m[ 1][t 0][2026-09-09 16:05:22.272256588][test-rldp2.cpp:210]	success. Time=0.076377[NON-XML-CHAR-0x1B][0m
[NON-XML-CHAR-0x1B][1;31m[ 1][t 0][2026-09-09 16:05:22.272290950][test-rldp2.cpp:187]	testing delivering of packet of size 1024[NON-XML-CHAR-0x1B][0m
[NON-XML-CHAR-0x1B][1;31m[ 1][t 0][2026-09-09 16:05:22.273140458][test-rldp2.cpp:210]	success. Time=0.000849[NON-XML-CHAR-0x1B][0m
[NON-XML-CHAR-0x1B][1;31m[ 1][t 0][2026-09-09 16:05:22.273152997][test-rldp2.cpp:187]	testing delivering of packet of size 1048576[NON-XML-CHAR-0x1B][0m
[NON-XML-CHAR-0x1B][1;31m[ 1][t 0][2026-09-09 16:05:22.316234663][test-rldp2.cpp:210]	success. Time=0.043091[NON-XML-CHAR-0x1B][0m
[NON-XML-CHAR-0x1B][1;31m[ 1][t 0][2026-09-09 16:05:22.316263659][test-rldp2.cpp:187]	testing delivering of packet of size 2097152[NON-XML-CHAR-0x1B][0m
[NON-XML-CHAR-0x1B][1;31m[ 1][t 0][2026-09-09 16:05:22.391170549][test-rldp2.cpp:210]	success. Time=0...
The rest of the test output was removed since it exceeds the threshold of 1024 bytes.
</system-out>
	</testcase>
	<testcase name="test-rldp2-connection-cap" classname="test-rldp2-connection-cap" time="0.0478601" status="run">
		<system-out>[NON-XML-CHAR-0x1B][1;31m[ 1][t 0][2026-09-09 16:05:35.494029374][test-rldp2-connection-cap.cpp:152]	presented 5000 distinct peers to one local id: 4096 connections live (4064 flooded, 32 quiet), 936 evicted[NON-XML-CHAR-0x1B][0m
[NON-XML-CHAR-0x1B][1;31m[ 1][t 0][2026-09-09 16:05:35.495485801][test-rldp2-connection-cap.cpp:189]	success[NON-XML-CHAR-0x1B][0m
</system-out>
	</testcase>
	<testcase name="test-rldp2-query-eviction" classname="test-rldp2-query-eviction" time="2.68101" status="run">
		<system-out>[NON-XML-CHAR-0x1B][1;31m[ 1][t 0][2026-09-09 16:05:23.537183163][test-rldp2-query-eviction.cpp:139][!rldp]	after the flood: 4096 live, 1905 evicted, 1 queries still pending[NON-XML-CHAR-0x1B][0m
[NON-XML-CHAR-0x1B][1;31m[ 1][t 0][2026-09-09 16:05:24.934447031][test-rldp2-query-eviction.cpp:187]	after forcing the eviction: query answered=true with_error=true, 0 queries still pending[NON-XML-CHAR-0x1B][0m
[NON-XML-CHAR-0x1B][1;31m[ 1][t 0][2026-09-09 16:05:26.101127385][test-rldp2-query-eviction.cpp:232]	after flooding queries: 8192 pending, 64 refused[NON-XML-CHAR-0x1B][0m
[NON-XML-CHAR-0x1B][1;31m[ 1][t 0][2026-09-09 16:05:26.121874030][test-rldp2-query-eviction.cpp:251]	success[NON-XML-CHAR-0x1B][0m
[NON-XML-CHAR-0x1B][1;31m[ 1][t 0][2026-09-09 16:05:26.126516895][adnl-peer.cpp:394]	[peerpair 3YIBaL2Rog8NWsET2kM4AuUbItHmXpw7GntFXQnRVyc=-FarY4QNqo5oa+X/LK/W9VQLdkckKooreUGX60vDcUN8=]: dropping OUT message: error while creating packet: [Error : 0 : Lost promise][NON-XML-CHAR-0x1B][0m
[NON-XML-CHAR-0x1B][1;31m[ 1][t 0][2026-09-09 16:05:26.126531147][adnl-peer.cpp:394]	[peerpair 3YIBaL2Rog8NWsET2kM4AuUbItHmXpw7GntFXQnRVyc=-FarY4QNqo5oa+X/LK/W9VQLdkckKooreUGX60vDcUN8=]: dropping OUT message: error while cre...
The rest of the test output was removed since it exceeds the threshold of 1024 bytes.
</system-out>
	</testcase>
	<testcase name="test-rldp-http-proxy-routing" classname="test-rldp-http-proxy-routing" time="0.00783346" status="run">
		<system-out>Running test Test_RldpHttpProxyDns_lifecycle_fails_closed_under_auction...
PASS in 1346.0ns
Running test Test_RldpHttpProxyDns_lifecycle_fails_closed_when_overdue_or_clockless...
PASS in 252.0ns
Running test Test_RldpHttpProxyDns_domain_item_is_the_canonical_third_hop_not_the_last...
PASS in 5522.0ns
Running test Test_RldpHttpProxyDns_loaded_contract_cleanup_runs_exactly_once_on_every_exit...
PASS in 739.0ns
Running test Test_RldpHttpProxyDns_lifecycle_returns_the_renewal_deadline...
PASS in 185.0ns
Running test Test_RldpHttpProxyDns_cache_expiry_never_outlives_the_lease...
PASS in 148.0ns
Running test Test_RldpHttpProxyDns_checkpoint_identity_detects_progress_and_reorganization...
PASS in 1359.0ns
Running test Test_RldpHttpProxyDns_cache_evicts_expired_first_then_stalest...
PASS in 500.6us
8 test(s) passed
</system-out>
	</testcase>
	<testcase name="test-overlay-peer-cleanup" classname="test-overlay-peer-cleanup" time="0.00852339" status="run">
		<system-out>Running test Test_Overlay_PlumtreePeerCleanup...
PASS in 17.4us
Running test Test_Overlay_DelPeerCleansPlumtreeState...
[NON-XML-CHAR-0x1B][0m[ 4][t 0][2026-09-09 16:05:37.543597797][overlay.cpp:122][&amp;OVERLAY_INFO]	[overlay U/AkG3XfVDued5/u1lKHt8gV1EOH6PVrjK52XRjAFPw=@bGxsbGxsbGxsbGxsbGxsbGxsbGxsbGxsbGxsbGxsbGw=]: creating[NON-XML-CHAR-0x1B][0m
[NON-XML-CHAR-0x1B][0m[ 5][t 0][2026-09-09 16:05:37.543781617][overlay-peers.cpp:46][&amp;OVERLAY_DEBUG]	[overlay U/AkG3XfVDued5/u1lKHt8gV1EOH6PVrjK52XRjAFPw=@bGxsbGxsbGxsbGxsbGxsbGxsbGxsbGxsbGxsbGxsbGw=]: deleting peer cHBwcHBwcHBwcHBwcHBwcHBwcHBwcHBwcHBwcHBwcHA=[NON-XML-CHAR-0x1B][0m
PASS in 1098.3us
2 test(s) passed
</system-out>
	</testcase>
	<testcase name="test-download-state-budget" classname="test-download-state-budget" time="5.26624" status="run">
		<system-out>[NON-XML-CHAR-0x1B][1;33m[ 2][t 0][2026-09-09 16:05:19.035577475][state-download-buffer.cpp:923]	removed residual persistent state tempfile /tmp/tos-test-download-h02-cleanup-3024446/persistent-state/something.partial (age 0s)[NON-XML-CHAR-0x1B][0m
[NON-XML-CHAR-0x1B][1;33m[ 2][t 0][2026-09-09 16:05:19.035785486][state-download-buffer.cpp:882]	preserving CellDb streaming-import rollback manifest for startup replay: /tmp/tos-test-download-h02-cleanup-3024446/persistent-state/state.boc.celldb-rollback.12345.partial[NON-XML-CHAR-0x1B][0m
[NON-XML-CHAR-0x1B][1;33m[ 2][t 0][2026-09-09 16:05:19.711802278][state-download-buffer.cpp:923]	removed residual persistent state tempfile /tmp/tos-test-h02-cleanup-race-3024446/persistent-state/old.partial (age 300s)[NON-XML-CHAR-0x1B][0m
[NON-XML-CHAR-0x1B][1;36m[ 3][t 0][2026-09-09 16:05:19.711823617][state-download-buffer.cpp:901]	skipping recent persistent state tempfile /tmp/tos-test-h02-cleanup-race-3024446/persistent-state/recent.partial (age 0s &lt; threshold 60s)[NON-XML-CHAR-0x1B][0m
[NON-XML-CHAR-0x1B][1;33m[ 2][t 0][2026-09-09 16:05:20.924171050][state-download-buffer.cpp:923]	removed residual persistent state tempfile /tmp/to...
The rest of the test output was removed since it exceeds the threshold of 1024 bytes.
</system-out>
	</testcase>
	<testcase name="test-download-next-blocks-validation" classname="test-download-next-blocks-validation" time="0.00791488" status="run">
		<system-out>test-download-next-blocks-validation: nextBlocksFull batch-shape regression
test-download-next-blocks-validation: OK
</system-out>
	</testcase>
	<testcase name="test-ext-message-pool" classname="test-ext-message-pool" time="0.00544448" status="run">
		<system-out>Running test Test_ExtMessagePool_RejectsAdmissionBeforeMasterchainState...
PASS in 25.2us
Running test Test_ExtMessageChecker_RejectsMalformedBagOfCellsBeforeStateLookup...
PASS in 20.4us
Running test Test_ExtMessageChecker_ParsesValidMessageBeforeStateLookup...
PASS in 4021.0ns
3 test(s) passed
</system-out>
	</testcase>
	<testcase name="test-msg-envelope" classname="test-msg-envelope" time="0.0058058" status="run">
		<system-out>Running test Test_MsgEnvelope_RequiresCanonicalV2...
PASS in 186.1us
1 test(s) passed
</system-out>
	</testcase>
	<testcase name="test-rate-limiter" classname="test-rate-limiter" time="0.00809429" status="run">
		<system-out>Running test Test_RateLimiter_CategoryWindowIsShared...
PASS in 13.0us
Running test Test_RateLimiter_HeavyExhaustsWindowByCost...
PASS in 5112.0ns
Running test Test_RateLimiter_SmallBypassesGlobalWindow...
PASS in 4465.0ns
Running test Test_RateLimiter_GlobalWindowCapsAcrossCategories...
PASS in 2644.0ns
Running test Test_RateLimiter_UnlistedRequestIsNotLimited...
PASS in 1963.0ns
Running test Test_RateLimiter_WindowSlides...
PASS in 2279.0ns
Running test Test_RateLimiter_ZeroCostCountsAsOne...
PASS in 1901.0ns
7 test(s) passed
</system-out>
	</testcase>
	<testcase name="test-config-transition" classname="test-config-transition" time="0.00734003" status="run">
		<system-out>Running test Test_ConfigTransition_unchanged_configuration_is_accepted...
[NON-XML-CHAR-0x1B][0m[ 4][t 0][2026-09-09 16:05:38.259900836][mc-config.cpp:570]	workchain description dictionary created[NON-XML-CHAR-0x1B][0m
[NON-XML-CHAR-0x1B][0m[ 4][t 0][2026-09-09 16:05:38.260067138][mc-config.cpp:2345]	unpacked info for workchain 0: basic=true, active=true, accept_msgs=true, min_split=0, max_split=4[NON-XML-CHAR-0x1B][0m
[NON-XML-CHAR-0x1B][0m[ 4][t 0][2026-09-09 16:05:38.260076675][mc-config.cpp:570]	workchain description dictionary created[NON-XML-CHAR-0x1B][0m
[NON-XML-CHAR-0x1B][0m[ 4][t 0][2026-09-09 16:05:38.260079829][mc-config.cpp:2345]	unpacked info for workchain 0: basic=true, active=true, accept_msgs=true, min_split=0, max_split=4[NON-XML-CHAR-0x1B][0m
PASS in 781.8us
Running test Test_ConfigTransition_adding_a_workchain_is_accepted...
[NON-XML-CHAR-0x1B][0m[ 4][t 0][2026-09-09 16:05:38.260122516][mc-config.cpp:570]	workchain description dictionary created[NON-XML-CHAR-0x1B][0m
[NON-XML-CHAR-0x1B][0m[ 4][t 0][2026-09-09 16:05:38.260127076][mc-config.cpp:2345]	unpacked info for workchain 0: basic=true, active=true, accept_msgs=true, min_split=0, max_split=4[NON-XML-CHAR-0x1B][0m
[NON-XML-CHAR-0x1B][0m[ 4][t 0][2026-09-09 16:05:38....
The rest of the test output was removed since it exceeds the threshold of 1024 bytes.
</system-out>
	</testcase>
	<testcase name="test-json-rpc-parse" classname="test-json-rpc-parse" time="0.00746774" status="run">
		<system-out>Running test Test_JsonRpcParse_result_stack_round_trip...
PASS in 169.1us
Running test Test_JsonRpcParse_result_stack_rejects_garbage_boc...
PASS in 3029.0ns
Running test Test_JsonRpcParse_result_stack_rejects_exotic_root...
PASS in 5544.0ns
Running test Test_JsonRpcParse_result_stack_rejects_slice_over_exotic_cell...
PASS in 63.3us
Running test Test_JsonRpcParse_multisig_keys_happy_path...
PASS in 13.3us
Running test Test_JsonRpcParse_multisig_keys_empty_dictionary...
PASS in 453.0ns
Running test Test_JsonRpcParse_multisig_keys_rejects_short_entry...
PASS in 1590.0ns
Running test Test_JsonRpcParse_multisig_keys_rejects_malformed_dictionary...
PASS in 10.1us
Running test Test_JsonRpcParse_multisig_keys_rejects_exotic_root...
PASS in 8897.0ns
Running test Test_JsonRpcParse_restricted_wallet_start_at...
PASS in 876.0ns
Running test Test_JsonRpcParse_restricted_wallet_start_at_short_cell_is_zero...
PASS in 581.0ns
Running test Test_JsonRpcParse_restricted_wallet_start_at_rejects_null_and_exotic...
PASS in 630.0n...
The rest of the test output was removed since it exceeds the threshold of 1024 bytes.
</system-out>
	</testcase>
	<testcase name="test-http-server-limits" classname="test-http-server-limits" time="2.02989" status="run">
		<system-out>Running test Test_HttpServerLimits_connection_cap_refuses_extra_connections_and_recovers...
[NON-XML-CHAR-0x1B][1;31m[ 1][t 0][2026-09-09 16:05:24.302255654][TcpListener.cpp:40][!TcpListener[port:59269]]	127.0.0.1 59269[NON-XML-CHAR-0x1B][0m
[NON-XML-CHAR-0x1B][0m[ 4][t 0][2026-09-09 16:05:24.322641194][http-connection.cpp:33][!inhttpconn]	loop(): in=0 out=0[NON-XML-CHAR-0x1B][0m
[NON-XML-CHAR-0x1B][0m[ 4][t 0][2026-09-09 16:05:24.322670533][BufferedFd.h:221][!inhttpconn]	Flush read: +35B[total:35B][NON-XML-CHAR-0x1B][0m
[NON-XML-CHAR-0x1B][0m[ 4][t 0][2026-09-09 16:05:24.322746879][BufferedFd.h:155][!inhttpconn]	Nothing to write to [fd:9][NON-XML-CHAR-0x1B][0m
[NON-XML-CHAR-0x1B][0m[ 4][t 0][2026-09-09 16:05:24.322757980][http-connection.cpp:33][!inhttpconn]	loop(): in=0 out=0[NON-XML-CHAR-0x1B][0m
[NON-XML-CHAR-0x1B][0m[ 4][t 0][2026-09-09 16:05:24.322768325][BufferedFd.h:155][!inhttpconn]	Nothing to write to [fd:9][NON-XML-CHAR-0x1B][0m
[NON-XML-CHAR-0x1B][0m[ 4][t 0][2026-09-09 16:05:24.322779070][http-connection.cpp:33][!inhttpconn]	loop(): in=0 out=0[NON-XML-CHAR-0x1B][0m
[NON-XML-CHAR-0x1B][0m[ 4][t 0][2026-09-09 16:05:24.322789615][BufferedFd.h:155][!inhttpconn]	Nothing to write to [fd:9][NON-XML-CHAR-0x1B][0m
[NON-XML-CHAR-0x1B][0m[ 4][t 0][2026-09-09 16:05:24.322803040][http-connection.cpp:33][!inht...
The rest of the test output was removed since it exceeds the threshold of 1024 bytes.
</system-out>
	</testcase>
	<testcase name="test-wallet-message-processor" classname="test-wallet-message-processor" time="0.00748468" status="run">
		<system-out>Running test Test_WalletMessageProcessor_admission_table_tracks_compiled_wallet_code...
PASS in 302.6us
Running test Test_WalletMessageProcessor_network_bound_layouts_parse_seqno_and_valid_until...
PASS in 20.4us
Running test Test_WalletMessageProcessor_wallet_seqno_round_trip...
PASS in 3973.0ns
3 test(s) passed
</system-out>
	</testcase>
	<testcase name="test-vm-exception-hardening" classname="test-vm-exception-hardening" time="0.00654629" status="run">
		<system-out>Running test Test_VmExceptionHardening_ConvertsEverySupportedExceptionToStatus...
PASS in 494.4us
Running test Test_TlbNullCellHardening_RejectsNullCellsBeforeUnpacking...
PASS in 525.0ns
Running test Test_TlbNullCellHardening_PreservesNonNullUnpacking...
PASS in 127.6us
Running test Test_MasterchainStateHardening_RejectsMalformedExtraAfterHeaderInitialization...
[NON-XML-CHAR-0x1B][1;33m[ 2][t 0][2026-09-09 16:05:37.629814159][mc-config.cpp:165]	state extra information is invalid: x{}
PRINTING FAILED[NON-XML-CHAR-0x1B][0m
PASS in 158.9us
4 test(s) passed
</system-out>
	</testcase>
	<testcase name="test-celldb-streaming-import" classname="test-celldb-streaming-import" time="0.0210738" status="run">
		<system-out>[NON-XML-CHAR-0x1B][0m[ 4][t 0][2026-09-09 16:05:36.160603286][state-download-buffer.cpp:1131]	CellDbStreamingSink finished parse of 127 cell(s); root=C003143D8578FF35773280F44D3E20EBE5F875BB1258EA64921E31C787A4E27F (awaiting commit_after_root_verified)[NON-XML-CHAR-0x1B][0m
[NON-XML-CHAR-0x1B][0m[ 4][t 0][2026-09-09 16:05:36.162001615][state-download-buffer.cpp:1131]	CellDbStreamingSink finished parse of 399 cell(s); root=603D0B6D694895A7ABF3BB516FA53C45310DDA790AE1BF0E438EA68A28EF631F (awaiting commit_after_root_verified)[NON-XML-CHAR-0x1B][0m
[NON-XML-CHAR-0x1B][1;36m[ 3][t 0][2026-09-09 16:05:36.162131097][state-download-buffer.cpp:1195]	CellDbStreamingSink committed 399 cell(s); root=603D0B6D694895A7ABF3BB516FA53C45310DDA790AE1BF0E438EA68A28EF631F[NON-XML-CHAR-0x1B][0m
[NON-XML-CHAR-0x1B][0m[ 4][t 0][2026-09-09 16:05:36.163073461][state-download-buffer.cpp:1131]	CellDbStreamingSink finished parse of 199 cell(s); root=6A38690B2F7D9A217AC0C6B4DEF96B62A38E110840E075A10F4C99FDDDA3F3CB (awaiting commit_after_root_verified)[NON-XML-CHAR-0x1B][0m
[NON-XML-CHAR-0x1B][1;36m[ 3][t 0][2026-09-09 16:05:36.163109437][state-download-buffer.cpp:1195]	CellDbStreamingSink committ...
The rest of the test output was removed since it exceeds the threshold of 1024 bytes.
</system-out>
	</testcase>
	<testcase name="test-celldb-actor-restart" classname="test-celldb-actor-restart" time="1.18482" status="run">
		<system-out>[NON-XML-CHAR-0x1B][1;33m[ 2][t 1][2026-09-09 16:05:27.555211894][celldb.cpp:371][!celldbin]	Using V1 DynamicBagOfCells with options V1{}[NON-XML-CHAR-0x1B][0m
[NON-XML-CHAR-0x1B][1;36m[ 3][t 1][2026-09-09 16:05:27.565255394][celldb.cpp:251][!celldbin]	Validating metadata[NON-XML-CHAR-0x1B][0m
[NON-XML-CHAR-0x1B][1;36m[ 3][t 1][2026-09-09 16:05:27.565292391][celldb.cpp:307][!celldbin]	Validating metadata: OK[NON-XML-CHAR-0x1B][0m
[NON-XML-CHAR-0x1B][1;33m[ 2][t 1][2026-09-09 16:05:27.569491360][celldb.cpp:371][!celldbin]	Using V1 DynamicBagOfCells with options V1{}[NON-XML-CHAR-0x1B][0m
[NON-XML-CHAR-0x1B][1;33m[ 2][t 1][2026-09-09 16:05:27.577218201][celldb.cpp:2537][!celldbin]	CellDbIn found 1 residual streaming-import rollback manifest(s) and 0 adopted marker(s), plus 0 committed manifest(s); replaying only unadopted manifests before metadata validation[NON-XML-CHAR-0x1B][0m
[NON-XML-CHAR-0x1B][1;33m[ 2][t 1][2026-09-09 16:05:27.578040582][celldb.cpp:2484][!celldbin]	CellDbIn replayed streaming import rollback manifest /tmp/tos-test-celldb-actor-restart-3025432-unadopted/tmp/persistent-state/state.celldb-rollback.test.partial reason="startup recovery after interrupted streaming import" processed=1 er...
The rest of the test output was removed since it exceeds the threshold of 1024 bytes.
</system-out>
	</testcase>
	<testcase name="test-validator-options" classname="test-validator-options" time="0.00600505" status="run">
		<system-out></system-out>
	</testcase>
	<testcase name="test-full-node-shard-routing" classname="test-full-node-shard-routing" time="0.00725195" status="run">
		<system-out>Running test Test_FullNodeShardRouting_ForeignWorkchainAndIsolation...
PASS in 3689.0ns
Running test Test_FullNodeShardRouting_IndependentDepthAndHistoricalParents...
PASS in 2327.0ns
2 test(s) passed
</system-out>
	</testcase>
	<testcase name="test-uno-state-snapshot" classname="test-uno-state-snapshot" time="11.7187" status="run">
		<system-out>Running test Test_UnoStateSnapshot_CellRecordDeltaAccounting...
PASS in 12.4us
Running test Test_UnoStateSnapshot_GrowingStateRetainsSharedCellsAfterRootRelease...
[NON-XML-CHAR-0x1B][1;33m[ 2][t 0][2026-09-09 16:05:25.162044593][test-uno-state-snapshot.cpp:1015]	Root retention database: /tmp/uno-root-retention-W8Kuww (removed on success, retained on failure)[NON-XML-CHAR-0x1B][0m
CELL_RECORD_DELTA,0,134,12090,0,0,0,0
[NON-XML-CHAR-0x1B][0m[ 4][t 0][2026-09-09 16:05:25.189929656][transaction.cpp:616]	unpacking account 0000000000000000000000000000000000000000000000000000000000000000[NON-XML-CHAR-0x1B][0m
[NON-XML-CHAR-0x1B][0m[ 4][t 0][2026-09-09 16:05:25.189958096][transaction.cpp:449]	last_paid=0; cells=0 bits=0[NON-XML-CHAR-0x1B][0m
[NON-XML-CHAR-0x1B][0m[ 4][t 0][2026-09-09 16:05:25.189966177][transaction.cpp:679]	end of Account.unpack() for 2:0000000000000000000000000000000000000000000000000000000000000000 (balance = 0ng ; last_trans_lt = 1..2)[NON-XML-CHAR-0x1B][0m
[NON-XML-CHAR-0x1B][1;36m[ 3][t 0][2026-09-09 16:05:25.190110396][test-uno-state-snapshot.cpp:1100]	Root retention epoch=0 fixture_keys=64 roots=1 live_cells=134[NON-XML-CHAR-0x1B][0m
[NON-XML-CHAR-0x1B][0m[ 4][t 0][2026-09-09 16:05:25.1...
The rest of the test output was removed since it exceeds the threshold of 1024 bytes.
</system-out>
	</testcase>
	<testcase name="test-counter-genesis-domain" classname="test-counter-genesis-domain" time="0.131127" status="run">
		<system-out>-- Public-key genesis domain guard verified before state creation
</system-out>
	</testcase>
	<testcase name="test-counter-python-harness" classname="test-counter-python-harness" time="6.21639" status="run">
		<system-out>============================= test session starts ==============================
platform linux -- Python 3.14.4, pytest-9.0.2, pluggy-1.6.0
rootdir: /home/tomi/tos
configfile: pyproject.toml
plugins: anyio-4.12.1, dash-4.0.0, asyncio-1.3.0
asyncio: mode=Mode.STRICT, debug=False, asyncio_default_fixture_loop_scope=None, asyncio_default_test_loop_scope=function
collected 30 items

test/tostester/test_counter_committee.py .....                           [ 16%]
test/tostester/test_counter_genesis.py .....                             [ 33%]
test/tostester/test_counter_state_check.py ....................          [100%]

============================== 30 passed in 5.41s ==============================
</system-out>
	</testcase>
	<testcase name="test-uno-build-wiring" classname="test-uno-build-wiring" time="35.1307" status="run">
		<system-out>...
----------------------------------------------------------------------
Ran 3 tests in 35.051s

OK
</system-out>
	</testcase>
	<testcase name="test-block-handle-flags" classname="test-block-handle-flags" time="0.00914001" status="run">
		<system-out></system-out>
	</testcase>
	<testcase name="test-keyring-temp-key" classname="test-keyring-temp-key" time="0.612566" status="run">
		<system-out></system-out>
	</testcase>
	<testcase name="test-collator-node-limits" classname="test-collator-node-limits" time="0.00939577" status="run">
		<system-out></system-out>
	</testcase>
	<testcase name="test-rldp2-connection-limits" classname="test-rldp2-connection-limits" time="0.00921114" status="run">
		<system-out>Running test Test_Rldp2ConnectionLimits_EvictsTheEntryClosestToExpiring...
PASS in 10.9us
Running test Test_Rldp2ConnectionLimits_EvictionKeepsBothViewsInStep...
PASS in 8850.0ns
Running test Test_Rldp2ConnectionLimits_RefreshingMovesAConnectionWithoutChangingTheCount...
PASS in 2130.0ns
Running test Test_Rldp2ConnectionLimits_AdmissionHoldsTheTableAtTheCap...
PASS in 103.9us
Running test Test_Rldp2ConnectionLimits_AdmissionIsANoOpBelowTheCap...
PASS in 1742.0ns
Running test Test_Rldp2ConnectionLimits_AdmissionRefusesRatherThanGrowWhenTheOrderIsLost...
PASS in 999.0ns
Running test Test_Rldp2ConnectionLimits_AFloodedLocalIdRecyclesItsOwnInsteadOfTakingFromAnother...
PASS in 6625.0ns
Running test Test_Rldp2ConnectionLimits_AFloodCannotStarveAnotherLocalIdHoweverLongItRuns...
PASS in 177.0us
Running test Test_Rldp2ConnectionLimits_ALocalIdBelowItsShareTakesFromAnOverServedOne...
PASS in 3599.0ns
Running test Test_Rldp2ConnectionLimits_ASingleLocalIdBehavesAsPlainMostIdleEviction...
PASS in 2215.0ns
Running test ...
The rest of the test output was removed since it exceeds the threshold of 1024 bytes.
</system-out>
	</testcase>
	<testcase name="test-promise-loss-contract" classname="test-promise-loss-contract" time="0.0087266" status="run">
		<system-out>Running test Test_PromiseLossContract_DestroyingAnUnfulfilledPromiseReportsAnError...
PASS in 3229.0ns
Running test Test_PromiseLossContract_AnAnsweredPromiseIsNotAnsweredAgainOnDestruction...
PASS in 291.0ns
Running test Test_PromiseLossContract_ThrowingAfterTakingOwnershipStillAnswersTheCaller...
PASS in 60.2us
3 test(s) passed
</system-out>
	</testcase>
	<testcase name="test-json-rpc-handler-guard" classname="test-json-rpc-handler-guard" time="0.00902106" status="run">
		<system-out>Running test Test_JsonRpcHandlerGuard_RunsWorkThatDoesNotThrow...
PASS in 1281.0ns
Running test Test_JsonRpcHandlerGuard_ContainsAVmError...
[NON-XML-CHAR-0x1B][1;33m[ 2][t 0][2026-09-09 16:05:37.534476780][json-rpc-handler-guard.h:40]	json-rpc: vm error raised VM error: cell underflow[NON-XML-CHAR-0x1B][0m
PASS in 224.2us
Running test Test_JsonRpcHandlerGuard_ContainsAVmVirtualizationError...
[NON-XML-CHAR-0x1B][1;33m[ 2][t 0][2026-09-09 16:05:37.534663929][json-rpc-handler-guard.h:42]	json-rpc: vm virt error raised VM virtualization error: prunned branch[NON-XML-CHAR-0x1B][0m
PASS in 11.9us
Running test Test_JsonRpcHandlerGuard_ContainsAStandardException...
[NON-XML-CHAR-0x1B][1;33m[ 2][t 0][2026-09-09 16:05:37.534681285][json-rpc-handler-guard.h:44]	json-rpc: std exception raised exception: boom[NON-XML-CHAR-0x1B][0m
PASS in 12.2us
Running test Test_JsonRpcHandlerGuard_ContainsAnExceptionOfAnyOtherType...
[NON-XML-CHAR-0x1B][1;33m[ 2][t 0][2026-09-09 16:05:37.534694345][json-rpc-handler-guard.h:46]	json-rpc: foreign exception raised an unknown exception[NON-XML-CHAR-0x1B][0m
PASS in 6822.0ns
Running test Test_JsonRpcHandlerGuard_ThrowingWorkStillA...
The rest of the test output was removed since it exceeds the threshold of 1024 bytes.
</system-out>
	</testcase>
	<testcase name="test-metrics-label-bound" classname="test-metrics-label-bound" time="0.0151008" status="run">
		<system-out>Running test Test_MetricsLabelBound_KeepsEveryLabelUpToTheLimit...
PASS in 741.3us
Running test Test_MetricsLabelBound_LabelsPastTheLimitShareOneEntry...
PASS in 11.0ms
Running test Test_MetricsLabelBound_TheLimitIsAboveTheNodesOwnLabelSet...
PASS in 79.0ns
3 test(s) passed
</system-out>
	</testcase>
	<testcase name="test-rldp2-inbound-transfer-bound" classname="test-rldp2-inbound-transfer-bound" time="0.570856" status="run">
		<system-out>Running test Test_Rldp2InboundTransferBound_ATransferCompletesWhenTheConnectionHasRoom...
[NON-XML-CHAR-0x1B][0m[ 4][t 0][2026-09-09 16:05:29.927665679][Solver.cpp:85]	PERF: Generate sparse matrix 64.1us 100.000000[NON-XML-CHAR-0x1B][0m
[NON-XML-CHAR-0x1B][0m[ 4][t 0][2026-09-09 16:05:29.927747431][InactivationDecoding.cpp:30]	[A_small.cols:14][Total columns:27][PI:10][A_small.cols - PI:4][NON-XML-CHAR-0x1B][0m
[NON-XML-CHAR-0x1B][0m[ 4][t 0][2026-09-09 16:05:29.927758414][Solver.cpp:85]	PERF: Inactivation decoding 22.9us 52.929370[NON-XML-CHAR-0x1B][0m
[NON-XML-CHAR-0x1B][0m[ 4][t 0][2026-09-09 16:05:29.927780952][Solver.cpp:85]	PERF: D: apply permutation 17.5us 29.063586[NON-XML-CHAR-0x1B][0m
[NON-XML-CHAR-0x1B][0m[ 4][t 0][2026-09-09 16:05:29.927792661][Solver.cpp:85]	PERF: A_upper: apply permutation 8064.0ns 10.523231[NON-XML-CHAR-0x1B][0m
[NON-XML-CHAR-0x1B][0m[ 4][t 0][2026-09-09 16:05:29.927802068][Solver.cpp:85]	PERF: Calc E 3853.0ns 1.326330[NON-XML-CHAR-0x1B][0m
[NON-XML-CHAR-0x1B][0m[ 4][t 0][2026-09-09 16:05:29.927823382][Solver.cpp:85]	PERF: Triangular -&gt; Identity 15.4us 18.324929[NON-XML-CHAR-0x1B][0m
[NON-XML-CHAR-0x1B][0m[ 4][t 0][2026-09-09 16:05:29.927832722][Solver.cpp:85]	PERF: G_left 3922.0ns 2.801216[NON-XML-CHAR-0x1B][0m
[NON-XML-CHAR-0x1B][0m[ 4][t 0][2026-09-09 16:05:29.927840822][Sol...
The rest of the test output was removed since it exceeds the threshold of 1024 bytes.
</system-out>
	</testcase>
	<testcase name="test-consensus-config-admission" classname="test-consensus-config-admission" time="0.00622992" status="run">
		<system-out>Running test Test_ConsensusConfigAdmission_supported_version_is_admissible...
PASS in 196.8us
Running test Test_ConsensusConfigAdmission_legacy_v1_entry_is_admissible...
PASS in 10.2us
Running test Test_ConsensusConfigAdmission_missing_parameter_fails_closed...
PASS in 4201.0ns
Running test Test_ConsensusConfigAdmission_missing_workchain_entry_fails_closed...
PASS in 14.0us
Running test Test_ConsensusConfigAdmission_newer_protocol_version_fails_closed...
PASS in 7763.0ns
Running test Test_ConsensusConfigAdmission_reserved_flag_bits_fail_closed...
PASS in 72.3us
Running test Test_ConsensusConfigAdmission_malformed_parameter_fails_closed...
PASS in 4382.0ns
Running test Test_ConsensusConfigAdmission_unknown_inner_constructor_fails_closed...
PASS in 6376.0ns
8 test(s) passed
</system-out>
	</testcase>
	<testcase name="test-weak-ptr-registry" classname="test-weak-ptr-registry" time="0.00654715" status="run">
		<system-out>Running test Test_WeakPtrRegistry_PreservesLiveEntriesAndRemovesExpiredEntries...
PASS in 4544.0ns
Running test Test_WeakPtrRegistry_KeyCursorSurvivesLookupErasingLastInspectedEntry...
PASS in 2913.0ns
Running test Test_WeakPtrRegistry_WrapFindsKeysInsertedOnBothSidesOfCursor...
PASS in 2546.0ns
Running test Test_WeakPtrRegistry_InsertionProportionalSweepBoundsExpiredBacklog...
PASS in 600.3us
Running test Test_WeakPtrRegistry_SweepReleasesSharedAllocationRetainedByWeakReference...
PASS in 1024.0ns
Running test Test_WeakPtrRegistry_InsertOrGetKeepsLiveCanonicalValue...
PASS in 808.0ns
Running test Test_WeakPtrRegistry_InsertOrGetReplacesExpiredValue...
PASS in 862.0ns
7 test(s) passed
[...]
The rest of the test output was removed since it exceeds the threshold of 1024 bytes.
</system-out>
	</testcase>
	<testcase name="test-consensus-simplex2-manager-ingress-adversarial" classname="test-consensus-simplex2-manager-ingress-adversarial" time="7.02792" status="run">
		<system-out>[NON-XML-CHAR-0x1B][1;33m[ 2][t 0][2026-09-09 16:05:09.835298534][candidate-serializer.cpp:39][&amp;VALIDATOR_SESSION_BENCHMARK]	Broadcast_benchmark serialize_candidate block_id=808443C6B9992F1BE0A21619968AFCB1E9A5CEBAFFFE594C5C9F6285A7A95180 called_from=validator_session time_sec=0.000458 compression=none original_size=46 compressed_size=46[NON-XML-CHAR-0x1B][0m
[NON-XML-CHAR-0x1B][1;33m[ 2][t 0][2026-09-09 16:05:09.835473888][candidate-serializer.cpp:67][&amp;VALIDATOR_SESSION_BENCHMARK]	Broadcast_benchmark deserialize_candidate block_id=808443C6B9992F1BE0A21619968AFCB1E9A5CEBAFFFE594C5C9F6285A7A95180 called_from=validator_session time_sec=0.000015 compression=none compressed_size=46[NON-XML-CHAR-0x1B][0m
[NON-XML-CHAR-0x1B][0m[ 4][t 0][2026-09-09 16:05:09.835501262][candidate-serializer.cpp:124]	Compressing block candidate: 46 -&gt; 33[NON-XML-CHAR-0x1B][0m
[NON-XML-CHAR-0x1B][1;33m[ 2][t 0][2026-09-09 16:05:09.835504816][candidate-serializer.cpp:125][&amp;VALIDATOR_SESSION_BENCHMARK]	Broadcast_benchmark serialize_candidate block_id=808443C6B9992F1BE0A21619968AFCB1E9A5CEBAFFFE594C5C9F6285A7A95180 called_from=test time_sec=0.000018 compression=c...
The rest of the test output was removed since it exceeds the threshold of 1024 bytes.
</system-out>
	</testcase>
	<testcase name="test-consensus-simplex2-candidate-relay-eviction" classname="test-consensus-simplex2-candidate-relay-eviction" time="0.0177653" status="run">
		<system-out>[NON-XML-CHAR-0x1B][1;33m[ 2][t 0][2026-09-09 16:05:37.611941159][candidate-serializer.cpp:39][&amp;VALIDATOR_SESSION_BENCHMARK]	Broadcast_benchmark serialize_candidate block_id=808443C6B9992F1BE0A21619968AFCB1E9A5CEBAFFFE594C5C9F6285A7A95180 called_from=validator_session time_sec=0.000581 compression=none original_size=46 compressed_size=46[NON-XML-CHAR-0x1B][0m
[NON-XML-CHAR-0x1B][1;33m[ 2][t 0][2026-09-09 16:05:37.612167738][candidate-serializer.cpp:67][&amp;VALIDATOR_SESSION_BENCHMARK]	Broadcast_benchmark deserialize_candidate block_id=808443C6B9992F1BE0A21619968AFCB1E9A5CEBAFFFE594C5C9F6285A7A95180 called_from=validator_session time_sec=0.000014 compression=none compressed_size=46[NON-XML-CHAR-0x1B][0m
[NON-XML-CHAR-0x1B][0m[ 4][t 0][2026-09-09 16:05:37.612194852][candidate-serializer.cpp:124]	Compressing block candidate: 46 -&gt; 33[NON-XML-CHAR-0x1B][0m
[NON-XML-CHAR-0x1B][1;33m[ 2][t 0][2026-09-09 16:05:37.612198988][candidate-serializer.cpp:125][&amp;VALIDATOR_SESSION_BENCHMARK]	Broadcast_benchmark serialize_candidate block_id=808443C6B9992F1BE0A21619968AFCB1E9A5CEBAFFFE594C5C9F6285A7A95180 called_from=test time_sec=0.000019 compression=c...
The rest of the test output was removed since it exceeds the threshold of 1024 bytes.
</system-out>
	</testcase>
	<testcase name="test-consensus-simplex2-state-resolver-cache-unit" classname="test-consensus-simplex2-state-resolver-cache-unit" time="0.0193582" status="run">
		<system-out>[NON-XML-CHAR-0x1B][1;33m[ 2][t 0][2026-09-09 16:05:37.127199179][candidate-serializer.cpp:39][&amp;VALIDATOR_SESSION_BENCHMARK]	Broadcast_benchmark serialize_candidate block_id=808443C6B9992F1BE0A21619968AFCB1E9A5CEBAFFFE594C5C9F6285A7A95180 called_from=validator_session time_sec=0.000512 compression=none original_size=46 compressed_size=46[NON-XML-CHAR-0x1B][0m
[NON-XML-CHAR-0x1B][1;33m[ 2][t 0][2026-09-09 16:05:37.127391999][candidate-serializer.cpp:67][&amp;VALIDATOR_SESSION_BENCHMARK]	Broadcast_benchmark deserialize_candidate block_id=808443C6B9992F1BE0A21619968AFCB1E9A5CEBAFFFE594C5C9F6285A7A95180 called_from=validator_session time_sec=0.000011 compression=none compressed_size=46[NON-XML-CHAR-0x1B][0m
[NON-XML-CHAR-0x1B][0m[ 4][t 0][2026-09-09 16:05:37.127421961][candidate-serializer.cpp:124]	Compressing block candidate: 46 -&gt; 33[NON-XML-CHAR-0x1B][0m
[NON-XML-CHAR-0x1B][1;33m[ 2][t 0][2026-09-09 16:05:37.127426088][candidate-serializer.cpp:125][&amp;VALIDATOR_SESSION_BENCHMARK]	Broadcast_benchmark serialize_candidate block_id=808443C6B9992F1BE0A21619968AFCB1E9A5CEBAFFFE594C5C9F6285A7A95180 called_from=test time_sec=0.000019 compression=c...
The rest of the test output was removed since it exceeds the threshold of 1024 bytes.
</system-out>
	</testcase>
	<testcase name="test-consensus-simplex2-state-resolver-inflight-admission-unit" classname="test-consensus-simplex2-state-resolver-inflight-admission-unit" time="0.0167657" status="run">
		<system-out>[NON-XML-CHAR-0x1B][1;33m[ 2][t 0][2026-09-09 16:05:37.193113515][candidate-serializer.cpp:39][&amp;VALIDATOR_SESSION_BENCHMARK]	Broadcast_benchmark serialize_candidate block_id=808443C6B9992F1BE0A21619968AFCB1E9A5CEBAFFFE594C5C9F6285A7A95180 called_from=validator_session time_sec=0.000468 compression=none original_size=46 compressed_size=46[NON-XML-CHAR-0x1B][0m
[NON-XML-CHAR-0x1B][1;33m[ 2][t 0][2026-09-09 16:05:37.193300473][candidate-serializer.cpp:67][&amp;VALIDATOR_SESSION_BENCHMARK]	Broadcast_benchmark deserialize_candidate block_id=808443C6B9992F1BE0A21619968AFCB1E9A5CEBAFFFE594C5C9F6285A7A95180 called_from=validator_session time_sec=0.000011 compression=none compressed_size=46[NON-XML-CHAR-0x1B][0m
[NON-XML-CHAR-0x1B][0m[ 4][t 0][2026-09-09 16:05:37.193329059][candidate-serializer.cpp:124]	Compressing block candidate: 46 -&gt; 33[NON-XML-CHAR-0x1B][0m
[NON-XML-CHAR-0x1B][1;33m[ 2][t 0][2026-09-09 16:05:37.193333158][candidate-serializer.cpp:125][&amp;VALIDATOR_SESSION_BENCHMARK]	Broadcast_benchmark serialize_candidate block_id=808443C6B9992F1BE0A21619968AFCB1E9A5CEBAFFFE594C5C9F6285A7A95180 called_from=test time_sec=0.000017 compression=c...
The rest of the test output was removed since it exceeds the threshold of 1024 bytes.
</system-out>
	</testcase>
	<testcase name="test-consensus-simplex2-skipped-slot-resolution-unit" classname="test-consensus-simplex2-skipped-slot-resolution-unit" time="0.0251194" status="run">
		<system-out>[NON-XML-CHAR-0x1B][1;33m[ 2][t 0][2026-09-09 16:05:37.439042346][candidate-serializer.cpp:39][&amp;VALIDATOR_SESSION_BENCHMARK]	Broadcast_benchmark serialize_candidate block_id=808443C6B9992F1BE0A21619968AFCB1E9A5CEBAFFFE594C5C9F6285A7A95180 called_from=validator_session time_sec=0.000755 compression=none original_size=46 compressed_size=46[NON-XML-CHAR-0x1B][0m
[NON-XML-CHAR-0x1B][1;33m[ 2][t 0][2026-09-09 16:05:37.439311717][candidate-serializer.cpp:67][&amp;VALIDATOR_SESSION_BENCHMARK]	Broadcast_benchmark deserialize_candidate block_id=808443C6B9992F1BE0A21619968AFCB1E9A5CEBAFFFE594C5C9F6285A7A95180 called_from=validator_session time_sec=0.000022 compression=none compressed_size=46[NON-XML-CHAR-0x1B][0m
[NON-XML-CHAR-0x1B][0m[ 4][t 0][2026-09-09 16:05:37.439355207][candidate-serializer.cpp:124]	Compressing block candidate: 46 -&gt; 33[NON-XML-CHAR-0x1B][0m
[NON-XML-CHAR-0x1B][1;33m[ 2][t 0][2026-09-09 16:05:37.439360605][candidate-serializer.cpp:125][&amp;VALIDATOR_SESSION_BENCHMARK]	Broadcast_benchmark serialize_candidate block_id=808443C6B9992F1BE0A21619968AFCB1E9A5CEBAFFFE594C5C9F6285A7A95180 called_from=test time_sec=0.000024 compression=c...
The rest of the test output was removed since it exceeds the threshold of 1024 bytes.
</system-out>
	</testcase>
	<testcase name="test-consensus-simplex2-candidate-resolver-retention-unit" classname="test-consensus-simplex2-candidate-resolver-retention-unit" time="0.0173219" status="run">
		<system-out>[NON-XML-CHAR-0x1B][1;33m[ 2][t 0][2026-09-09 16:05:37.145886779][candidate-serializer.cpp:39][&amp;VALIDATOR_SESSION_BENCHMARK]	Broadcast_benchmark serialize_candidate block_id=808443C6B9992F1BE0A21619968AFCB1E9A5CEBAFFFE594C5C9F6285A7A95180 called_from=validator_session time_sec=0.000504 compression=none original_size=46 compressed_size=46[NON-XML-CHAR-0x1B][0m
[NON-XML-CHAR-0x1B][1;33m[ 2][t 0][2026-09-09 16:05:37.146064132][candidate-serializer.cpp:67][&amp;VALIDATOR_SESSION_BENCHMARK]	Broadcast_benchmark deserialize_candidate block_id=808443C6B9992F1BE0A21619968AFCB1E9A5CEBAFFFE594C5C9F6285A7A95180 called_from=validator_session time_sec=0.000013 compression=none compressed_size=46[NON-XML-CHAR-0x1B][0m
[NON-XML-CHAR-0x1B][0m[ 4][t 0][2026-09-09 16:05:37.146084345][candidate-serializer.cpp:124]	Compressing block candidate: 46 -&gt; 33[NON-XML-CHAR-0x1B][0m
[NON-XML-CHAR-0x1B][1;33m[ 2][t 0][2026-09-09 16:05:37.146087799][candidate-serializer.cpp:125][&amp;VALIDATOR_SESSION_BENCHMARK]	Broadcast_benchmark serialize_candidate block_id=808443C6B9992F1BE0A21619968AFCB1E9A5CEBAFFFE594C5C9F6285A7A95180 called_from=test time_sec=0.000013 compression=c...
The rest of the test output was removed since it exceeds the threshold of 1024 bytes.
</system-out>
	</testcase>
	<testcase name="test-consensus-simplex2-candidate-resolver-interleaving-unit" classname="test-consensus-simplex2-candidate-resolver-interleaving-unit" time="0.0235557" status="run">
		<system-out>[NON-XML-CHAR-0x1B][1;33m[ 2][t 0][2026-09-09 16:05:37.500327656][candidate-serializer.cpp:39][&amp;VALIDATOR_SESSION_BENCHMARK]	Broadcast_benchmark serialize_candidate block_id=808443C6B9992F1BE0A21619968AFCB1E9A5CEBAFFFE594C5C9F6285A7A95180 called_from=validator_session time_sec=0.000687 compression=none original_size=46 compressed_size=46[NON-XML-CHAR-0x1B][0m
[NON-XML-CHAR-0x1B][1;33m[ 2][t 0][2026-09-09 16:05:37.500568110][candidate-serializer.cpp:67][&amp;VALIDATOR_SESSION_BENCHMARK]	Broadcast_benchmark deserialize_candidate block_id=808443C6B9992F1BE0A21619968AFCB1E9A5CEBAFFFE594C5C9F6285A7A95180 called_from=validator_session time_sec=0.000013 compression=none compressed_size=46[NON-XML-CHAR-0x1B][0m
[NON-XML-CHAR-0x1B][0m[ 4][t 0][2026-09-09 16:05:37.500593167][candidate-serializer.cpp:124]	Compressing block candidate: 46 -&gt; 33[NON-XML-CHAR-0x1B][0m
[NON-XML-CHAR-0x1B][1;33m[ 2][t 0][2026-09-09 16:05:37.500596896][candidate-serializer.cpp:125][&amp;VALIDATOR_SESSION_BENCHMARK]	Broadcast_benchmark serialize_candidate block_id=808443C6B9992F1BE0A21619968AFCB1E9A5CEBAFFFE594C5C9F6285A7A95180 called_from=test time_sec=0.000014 compression=c...
The rest of the test output was removed since it exceeds the threshold of 1024 bytes.
</system-out>
	</testcase>
	<testcase name="test-consensus-simplex2-db-finalized-slot-dedup-unit" classname="test-consensus-simplex2-db-finalized-slot-dedup-unit" time="0.0236178" status="run">
		<system-out>[NON-XML-CHAR-0x1B][1;33m[ 2][t 0][2026-09-09 16:05:37.489921944][candidate-serializer.cpp:39][&amp;VALIDATOR_SESSION_BENCHMARK]	Broadcast_benchmark serialize_candidate block_id=808443C6B9992F1BE0A21619968AFCB1E9A5CEBAFFFE594C5C9F6285A7A95180 called_from=validator_session time_sec=0.000651 compression=none original_size=46 compressed_size=46[NON-XML-CHAR-0x1B][0m
[NON-XML-CHAR-0x1B][1;33m[ 2][t 0][2026-09-09 16:05:37.490173166][candidate-serializer.cpp:67][&amp;VALIDATOR_SESSION_BENCHMARK]	Broadcast_benchmark deserialize_candidate block_id=808443C6B9992F1BE0A21619968AFCB1E9A5CEBAFFFE594C5C9F6285A7A95180 called_from=validator_session time_sec=0.000021 compression=none compressed_size=46[NON-XML-CHAR-0x1B][0m
[NON-XML-CHAR-0x1B][0m[ 4][t 0][2026-09-09 16:05:37.490202473][candidate-serializer.cpp:124]	Compressing block candidate: 46 -&gt; 33[NON-XML-CHAR-0x1B][0m
[NON-XML-CHAR-0x1B][1;33m[ 2][t 0][2026-09-09 16:05:37.490207737][candidate-serializer.cpp:125][&amp;VALIDATOR_SESSION_BENCHMARK]	Broadcast_benchmark serialize_candidate block_id=808443C6B9992F1BE0A21619968AFCB1E9A5CEBAFFFE594C5C9F6285A7A95180 called_from=test time_sec=0.000020 compression=c...
The rest of the test output was removed since it exceeds the threshold of 1024 bytes.
</system-out>
	</testcase>
	<testcase name="test-consensus-validator-manager-resource-policy-unit" classname="test-consensus-validator-manager-resource-policy-unit" time="0.0144563" status="run">
		<system-out>[NON-XML-CHAR-0x1B][1;33m[ 2][t 0][2026-09-09 16:05:37.160763903][candidate-serializer.cpp:39][&amp;VALIDATOR_SESSION_BENCHMARK]	Broadcast_benchmark serialize_candidate block_id=808443C6B9992F1BE0A21619968AFCB1E9A5CEBAFFFE594C5C9F6285A7A95180 called_from=validator_session time_sec=0.000405 compression=none original_size=46 compressed_size=46[NON-XML-CHAR-0x1B][0m
[NON-XML-CHAR-0x1B][1;33m[ 2][t 0][2026-09-09 16:05:37.160930167][candidate-serializer.cpp:67][&amp;VALIDATOR_SESSION_BENCHMARK]	Broadcast_benchmark deserialize_candidate block_id=808443C6B9992F1BE0A21619968AFCB1E9A5CEBAFFFE594C5C9F6285A7A95180 called_from=validator_session time_sec=0.000012 compression=none compressed_size=46[NON-XML-CHAR-0x1B][0m
[NON-XML-CHAR-0x1B][0m[ 4][t 0][2026-09-09 16:05:37.160950166][candidate-serializer.cpp:124]	Compressing block candidate: 46 -&gt; 33[NON-XML-CHAR-0x1B][0m
[NON-XML-CHAR-0x1B][1;33m[ 2][t 0][2026-09-09 16:05:37.160953216][candidate-serializer.cpp:125][&amp;VALIDATOR_SESSION_BENCHMARK]	Broadcast_benchmark serialize_candidate block_id=808443C6B9992F1BE0A21619968AFCB1E9A5CEBAFFFE594C5C9F6285A7A95180 called_from=test time_sec=0.000012 compression=c...
The rest of the test output was removed since it exceeds the threshold of 1024 bytes.
</system-out>
	</testcase>
	<testcase name="test-validator-manager-resource-policy-actor" classname="test-validator-manager-resource-policy-actor" time="0.202607" status="run">
		<system-out></system-out>
	</testcase>
	<testcase name="test-consensus-simplex2-state-resolver-catch-up" classname="test-consensus-simplex2-state-resolver-catch-up" time="8.02706" status="run">
		<system-out>[NON-XML-CHAR-0x1B][1;33m[ 2][t 0][2026-09-09 16:04:57.351773874][candidate-serializer.cpp:39][&amp;VALIDATOR_SESSION_BENCHMARK]	Broadcast_benchmark serialize_candidate block_id=808443C6B9992F1BE0A21619968AFCB1E9A5CEBAFFFE594C5C9F6285A7A95180 called_from=validator_session time_sec=0.000485 compression=none original_size=46 compressed_size=46[NON-XML-CHAR-0x1B][0m
[NON-XML-CHAR-0x1B][1;33m[ 2][t 0][2026-09-09 16:04:57.351982604][candidate-serializer.cpp:67][&amp;VALIDATOR_SESSION_BENCHMARK]	Broadcast_benchmark deserialize_candidate block_id=808443C6B9992F1BE0A21619968AFCB1E9A5CEBAFFFE594C5C9F6285A7A95180 called_from=validator_session time_sec=0.000017 compression=none compressed_size=46[NON-XML-CHAR-0x1B][0m
[NON-XML-CHAR-0x1B][0m[ 4][t 0][2026-09-09 16:04:57.352012792][candidate-serializer.cpp:124]	Compressing block candidate: 46 -&gt; 33[NON-XML-CHAR-0x1B][0m
[NON-XML-CHAR-0x1B][1;33m[ 2][t 0][2026-09-09 16:04:57.352015418][candidate-serializer.cpp:125][&amp;VALIDATOR_SESSION_BENCHMARK]	Broadcast_benchmark serialize_candidate block_id=808443C6B9992F1BE0A21619968AFCB1E9A5CEBAFFFE594C5C9F6285A7A95180 called_from=test time_sec=0.000019 compression=c...
The rest of the test output was removed since it exceeds the threshold of 1024 bytes.
</system-out>
	</testcase>
	<testcase name="test-consensus-simplex2-empty-chain-restart" classname="test-consensus-simplex2-empty-chain-restart" time="8.0897" status="run">
		<system-out>[NON-XML-CHAR-0x1B][1;33m[ 2][t 0][2026-09-09 16:05:05.382026594][candidate-serializer.cpp:39][&amp;VALIDATOR_SESSION_BENCHMARK]	Broadcast_benchmark serialize_candidate block_id=808443C6B9992F1BE0A21619968AFCB1E9A5CEBAFFFE594C5C9F6285A7A95180 called_from=validator_session time_sec=0.000486 compression=none original_size=46 compressed_size=46[NON-XML-CHAR-0x1B][0m
[NON-XML-CHAR-0x1B][1;33m[ 2][t 0][2026-09-09 16:05:05.382208578][candidate-serializer.cpp:67][&amp;VALIDATOR_SESSION_BENCHMARK]	Broadcast_benchmark deserialize_candidate block_id=808443C6B9992F1BE0A21619968AFCB1E9A5CEBAFFFE594C5C9F6285A7A95180 called_from=validator_session time_sec=0.000014 compression=none compressed_size=46[NON-XML-CHAR-0x1B][0m
[NON-XML-CHAR-0x1B][0m[ 4][t 0][2026-09-09 16:05:05.382231404][candidate-serializer.cpp:124]	Compressing block candidate: 46 -&gt; 33[NON-XML-CHAR-0x1B][0m
[NON-XML-CHAR-0x1B][1;33m[ 2][t 0][2026-09-09 16:05:05.382235040][candidate-serializer.cpp:125][&amp;VALIDATOR_SESSION_BENCHMARK]	Broadcast_benchmark serialize_candidate block_id=808443C6B9992F1BE0A21619968AFCB1E9A5CEBAFFFE594C5C9F6285A7A95180 called_from=test time_sec=0.000015 compression=c...
The rest of the test output was removed since it exceeds the threshold of 1024 bytes.
</system-out>
	</testcase>
	<testcase name="test-consensus-simplex2-query-abuse" classname="test-consensus-simplex2-query-abuse" time="5.12734" status="run">
		<system-out>[NON-XML-CHAR-0x1B][1;33m[ 2][t 0][2026-09-09 16:05:13.473688452][candidate-serializer.cpp:39][&amp;VALIDATOR_SESSION_BENCHMARK]	Broadcast_benchmark serialize_candidate block_id=808443C6B9992F1BE0A21619968AFCB1E9A5CEBAFFFE594C5C9F6285A7A95180 called_from=validator_session time_sec=0.000676 compression=none original_size=46 compressed_size=46[NON-XML-CHAR-0x1B][0m
[NON-XML-CHAR-0x1B][1;33m[ 2][t 0][2026-09-09 16:05:13.473948128][candidate-serializer.cpp:67][&amp;VALIDATOR_SESSION_BENCHMARK]	Broadcast_benchmark deserialize_candidate block_id=808443C6B9992F1BE0A21619968AFCB1E9A5CEBAFFFE594C5C9F6285A7A95180 called_from=validator_session time_sec=0.000014 compression=none compressed_size=46[NON-XML-CHAR-0x1B][0m
[NON-XML-CHAR-0x1B][0m[ 4][t 0][2026-09-09 16:05:13.473984724][candidate-serializer.cpp:124]	Compressing block candidate: 46 -&gt; 33[NON-XML-CHAR-0x1B][0m
[NON-XML-CHAR-0x1B][1;33m[ 2][t 0][2026-09-09 16:05:13.473989507][candidate-serializer.cpp:125][&amp;VALIDATOR_SESSION_BENCHMARK]	Broadcast_benchmark serialize_candidate block_id=808443C6B9992F1BE0A21619968AFCB1E9A5CEBAFFFE594C5C9F6285A7A95180 called_from=test time_sec=0.000020 compression=c...
The rest of the test output was removed since it exceeds the threshold of 1024 bytes.
</system-out>
	</testcase>
	<testcase name="test-consensus-simplex2-codec-boundary" classname="test-consensus-simplex2-codec-boundary" time="0.151772" status="run">
		<system-out>[NON-XML-CHAR-0x1B][1;33m[ 2][t 0][2026-09-09 16:05:34.785745347][candidate-serializer.cpp:39][&amp;VALIDATOR_SESSION_BENCHMARK]	Broadcast_benchmark serialize_candidate block_id=808443C6B9992F1BE0A21619968AFCB1E9A5CEBAFFFE594C5C9F6285A7A95180 called_from=validator_session time_sec=0.000516 compression=none original_size=46 compressed_size=46[NON-XML-CHAR-0x1B][0m
[NON-XML-CHAR-0x1B][1;33m[ 2][t 0][2026-09-09 16:05:34.785955735][candidate-serializer.cpp:67][&amp;VALIDATOR_SESSION_BENCHMARK]	Broadcast_benchmark deserialize_candidate block_id=808443C6B9992F1BE0A21619968AFCB1E9A5CEBAFFFE594C5C9F6285A7A95180 called_from=validator_session time_sec=0.000016 compression=none compressed_size=46[NON-XML-CHAR-0x1B][0m
[NON-XML-CHAR-0x1B][0m[ 4][t 0][2026-09-09 16:05:34.785981413][candidate-serializer.cpp:124]	Compressing block candidate: 46 -&gt; 33[NON-XML-CHAR-0x1B][0m
[NON-XML-CHAR-0x1B][1;33m[ 2][t 0][2026-09-09 16:05:34.785985705][candidate-serializer.cpp:125][&amp;VALIDATOR_SESSION_BENCHMARK]	Broadcast_benchmark serialize_candidate block_id=808443C6B9992F1BE0A21619968AFCB1E9A5CEBAFFFE594C5C9F6285A7A95180 called_from=test time_sec=0.000015 compression=c...
The rest of the test output was removed since it exceeds the threshold of 1024 bytes.
</system-out>
	</testcase>
	<testcase name="test-consensus-simplex2-genesis-config" classname="test-consensus-simplex2-genesis-config" time="0.0329204" status="run">
		<system-out>[NON-XML-CHAR-0x1B][1;31m[ 1][t 0][2026-09-09 16:05:37.571332615][create-state.cpp:887]	{}[NON-XML-CHAR-0x1B][0m
[NON-XML-CHAR-0x1B][1;31m[ 1][t 0][2026-09-09 16:05:37.571557741][create-state.cpp:887]	{/home/tomi/tos/crypto/fift/lib}[NON-XML-CHAR-0x1B][0m
[NON-XML-CHAR-0x1B][1;31m[ 1][t 0][2026-09-09 16:05:37.571566457][create-state.cpp:887]	{/home/tomi/tos/crypto/fift/lib, /home/tomi/tos/build/crypto/smartcont}[NON-XML-CHAR-0x1B][0m
</system-out>
	</testcase>
</testsuite>
