<?xml version="1.0" encoding="UTF-8"?>
<testsuite name="(empty)"
	tests="1"
	failures="1"
	disabled="0"
	skipped="0"
	hostname=""
	time="269"
	timestamp="2026-09-09T13:02:12"
	>
	<testcase name="test-workchain-publication-recovery-gates" classname="test-workchain-publication-recovery-gates" time="269.209" status="fail">
		<failure message=""/>
		<system-out>Private measurement evidence: /tmp/uno-publication-build/workchain-publication-ctest/run-ljqqcqty/evidence
Traceback (most recent call last):
  File "/home/tomi/tos-m2/crypto/test/workchain-publication-recovery.py", line 191, in &lt;module&gt;
    main()
    ~~~~^^
  File "/home/tomi/tos-m2/crypto/test/workchain-publication-recovery.py", line 171, in main
    entry['results'] = run(name, expected)
                       ~~~^^^^^^^^^^^^^^^^
  File "/home/tomi/tos-m2/crypto/test/workchain-publication-recovery.py", line 92, in run
    assert results == {i: expected.get(i, 0) for i in range(12)}, (label, results, expected)
           ^^^^^^^^^^^^^^^^^^^^^^^^^^^^^^^^^^^^^^^^^^^^^^^^^^^^^
AssertionError: ('erase-execution-probe', {0: 205, 1: 205, 2: 221, 3: 205, 4: 205, 5: 205, 6: 205, 7: 205, 8: 205, 9: 205, 10: 211, 11: 211}, {0: 205, 1: 205, 2: 221, 3: 205, 4: 205, 5: 205, 6: 205, 7: 205, 8: 205, 9: 205, 10: 205, 11: 205})
</system-out>
	</testcase>
</testsuite>
