<?xml version="1.0" encoding="UTF-8"?>
<testsuite name="(empty)"
	tests="1"
	failures="0"
	disabled="0"
	skipped="0"
	hostname=""
	time="281"
	timestamp="2026-09-09T13:15:47"
	>
	<testcase name="test-workchain-publication-recovery-gates" classname="test-workchain-publication-recovery-gates" time="281.408" status="run">
		<system-out>Private measurement evidence: /tmp/uno-publication-build/workchain-publication-ctest/run-mfqx7rig/evidence
PASS: 12 private disk scenarios, 26 isolated controls; no milestone acceptance claimed.
</system-out>
	</testcase>
</testsuite>
