<?xml version="1.0" encoding="UTF-8"?>
<testsuite name="(empty)"
	tests="1"
	failures="1"
	disabled="0"
	skipped="0"
	hostname=""
	time="0"
	timestamp="2026-09-10T00:20:31"
	>
	<testcase name="test-workchain-coverage-gates" classname="test-workchain-coverage-gates" time="0.305758" status="fail">
		<failure message=""/>
		<system-out>[NON-XML-CHAR-0x1B][0m[ 4][t 0][2026-09-10 00:20:32.182416143][transaction.cpp:616]	unpacking account 1000000000000000000000000000000000000000000000000000000000000000[NON-XML-CHAR-0x1B][0m
[NON-XML-CHAR-0x1B][0m[ 4][t 0][2026-09-10 00:20:32.182622995][transaction.cpp:449]	last_paid=0; cells=0 bits=0[NON-XML-CHAR-0x1B][0m
[NON-XML-CHAR-0x1B][0m[ 4][t 0][2026-09-10 00:20:32.182634262][transaction.cpp:679]	end of Account.unpack() for 2:1000000000000000000000000000000000000000000000000000000000000000 (balance = 0ng ; last_trans_lt = 1..2)[NON-XML-CHAR-0x1B][0m
[NON-XML-CHAR-0x1B][0m[ 4][t 0][2026-09-10 00:20:32.182657338][transaction.cpp:616]	unpacking account E000000000000000000000000000000000000000000000000000000000000000[NON-XML-CHAR-0x1B][0m
[NON-XML-CHAR-0x1B][0m[ 4][t 0][2026-09-10 00:20:32.182664092][transaction.cpp:449]	last_paid=0; cells=0 bits=0[NON-XML-CHAR-0x1B][0m
[NON-XML-CHAR-0x1B][0m[ 4][t 0][2026-09-10 00:20:32.182668681][transaction.cpp:679]	end of Account.unpack() for 2:E000000000000000000000000000000000000000000000000000000000000000 (balance = 0ng ; last_trans_lt = 1..2)[NON-XML-CHAR-0x1B][0m
Traceback (most recent call last):
  File "/home/tomi/tos/crypto/test/workchain-coverage.py", line 52, in &lt;module&gt;
    main()
    ~~~~^^
  File "/home/tomi/tos/crypto/test/workchain-coverage.py", line 48, in main
    raise RuntimeError(f'incomplete coverage: exit={result.returncode}, stdout={result.stdout!r}')
RuntimeError: incomplete coverage: exit=0, stdout=''
</system-out>
	</testcase>
</testsuite>
