<?xml version="1.0" encoding="UTF-8"?>
<testsuite name="(empty)"
	tests="1"
	failures="0"
	disabled="0"
	skipped="0"
	hostname=""
	time="0"
	timestamp="2026-09-10T00:24:20"
	>
	<testcase name="test-workchain-coverage-gates" classname="test-workchain-coverage-gates" time="0.376377" status="run">
		<system-out>[NON-XML-CHAR-0x1B][0m[ 4][t 0][2026-09-10 00:24:20.599611790][transaction.cpp:616]	unpacking account 1000000000000000000000000000000000000000000000000000000000000000[NON-XML-CHAR-0x1B][0m
[NON-XML-CHAR-0x1B][0m[ 4][t 0][2026-09-10 00:24:20.599845924][transaction.cpp:449]	last_paid=0; cells=0 bits=0[NON-XML-CHAR-0x1B][0m
[NON-XML-CHAR-0x1B][0m[ 4][t 0][2026-09-10 00:24:20.599858036][transaction.cpp:679]	end of Account.unpack() for 2:1000000000000000000000000000000000000000000000000000000000000000 (balance = 0ng ; last_trans_lt = 1..2)[NON-XML-CHAR-0x1B][0m
[NON-XML-CHAR-0x1B][0m[ 4][t 0][2026-09-10 00:24:20.599894297][transaction.cpp:616]	unpacking account E000000000000000000000000000000000000000000000000000000000000000[NON-XML-CHAR-0x1B][0m
[NON-XML-CHAR-0x1B][0m[ 4][t 0][2026-09-10 00:24:20.599903828][transaction.cpp:449]	last_paid=0; cells=0 bits=0[NON-XML-CHAR-0x1B][0m
[NON-XML-CHAR-0x1B][0m[ 4][t 0][2026-09-10 00:24:20.599908827][transaction.cpp:679]	end of Account.unpack() for 2:E000000000000000000000000000000000000000000000000000000000000000 (balance = 0ng ; last_trans_lt = 1..2)[NON-XML-CHAR-0x1B][0m
coverage.completed
coverage.later.completed
</system-out>
	</testcase>
</testsuite>
