<?xml version="1.0" encoding="UTF-8"?>
<testsuite name="(empty)"
	tests="130"
	failures="9"
	disabled="0"
	skipped="0"
	hostname=""
	time="509"
	timestamp="2026-09-10T00:24:19"
	>
	<testcase name="test-workchain-proof-boundary-gates" classname="test-workchain-proof-boundary-gates" time="0.421876" status="run">
		<system-out>...
----------------------------------------------------------------------
Ran 3 tests in 0.337s

OK
</system-out>
	</testcase>
	<testcase name="test-workchain-proof-backend" classname="test-workchain-proof-backend" time="0.927896" status="run">
		<system-out>verified SEND and COLLECT k=1..8: 9 fixtures
</system-out>
	</testcase>
	<testcase name="test-workchain-proof-operation-trace" classname="test-workchain-proof-operation-trace" time="18.2826" status="run">
		<system-out>kind=1 k=0 component=0 actual=1106 reserved=1106
kind=1 k=0 component=1 actual=11 reserved=11
kind=1 k=0 component=2 actual=1026 reserved=1026
kind=1 k=0 component=3 actual=48 reserved=48
kind=1 k=0 component=4 actual=8 reserved=8
kind=1 k=0 component=5 actual=9 reserved=9
kind=1 k=0 component=6 actual=8 reserved=8
kind=1 k=0 component=7 actual=6 reserved=6
kind=1 k=0 component=8 actual=66 reserved=66
kind=2 k=1 component=0 actual=1100 reserved=1100
kind=2 k=1 component=1 actual=10 reserved=10
kind=2 k=1 component=2 actual=1026 reserved=1026
kind=2 k=1 component=3 actual=46 reserved=46
kind=2 k=1 component=4 actual=8 reserved=8
kind=2 k=1 component=5 actual=9 reserved=9
kind=2 k=1 component=6 actual=7 reserved=7
kind=2 k=1 component=7 actual=6 reserved=6
kind=2 k=1 component=8 actual=66 reserved=66
kind=2 k=2 component=0 actual=1130 reserved=1130
kind=2 k=2 component=1 actual=12 reserved=12
kind=2 k=2 component=2 actual=1026 reserved=1026
kind=2 k=2 component=3 actual=51 reserved=51
kind=2 k=2 component=4 act...
The rest of the test output was removed since it exceeds the threshold of 1024 bytes.
</system-out>
	</testcase>
	<testcase name="test-quorum-static-grep" classname="test-quorum-static-grep" time="0.0379635" status="run">
		<system-out>rg: /home/tomi/tos/validator-session: No such file or directory (os error 2)
rg: /home/tomi/tos/validator-session: No such file or directory (os error 2)
rg: /home/tomi/tos/validator-session: No such file or directory (os error 2)
quorum static check passed
</system-out>
	</testcase>
	<testcase name="plumtree-graph-sim-smoke" classname="plumtree-graph-sim-smoke" time="0.926787" status="run">
		<system-out>Plumtree graph simulation: mode=fec, all-validators-send, nodes=12, validators=4, senders=4, tree_slots=46, expected=12, unreachable=0, broadcasts=5, payload=32.0K, packet_loss=0, isolate_broadcasts=0, rotate_isolation=0, selective_drop=none
   # senders   delivered      p90      p95      p99     last     avg in    avg out     max in    max out      sent      dup    dup%
   0       4    12/12       458.4    469.3    475.6    477.1      53.6K      65.4K      76.8K     143.1K    785.0K        0   0.00%
   1       4    12/12       600.2    606.8    612.1    613.5      81.4K     100.6K     182.1K     134.3K     1.18M      218  37.78%
   2       4    12/12       592.7    676.6    717.5    727.7      94.5K      67.6K     173.3K     129.0K    810.9K      392  52.62%
   3       4    12/12       209.5    213.6    214.3    214.5      46.9K      51.1K      71.1K     116.8K    613.4K        0   0.00%
   4       4    12/12       208.8    212.0    212.5    212.7      50.8K      51.2K      67.9K     116.8K    614.7K        ...
The rest of the test output was removed since it exceeds the threshold of 1024 bytes.
</system-out>
	</testcase>
	<testcase name="plumtree-graph-sim-simple-smoke" classname="plumtree-graph-sim-simple-smoke" time="0.0646486" status="run">
		<system-out>Plumtree graph simulation: mode=simple, all-validators-send, nodes=12, validators=4, senders=4, tree_slots=46, expected=12, unreachable=0, broadcasts=5, payload=32.0K, packet_loss=0, isolate_broadcasts=0, rotate_isolation=0, selective_drop=none
   # senders   delivered      p90      p95      p99     last     avg in    avg out     max in    max out      sent      dup    dup%
   0       4    12/12       442.0    468.3    492.7    498.7      21.8K      24.7K      32.6K      65.0K    295.8K        0   0.00%
     divergent simple: full_node_payload_hashes=4, full_node_sources=4
   1       4    12/12       933.7    947.0    959.7    962.9      35.3K      48.7K      96.9K      64.8K    584.0K        5  38.46%
     divergent simple: full_node_payload_hashes=4, full_node_sources=4
   2       4    12/12       919.5   1001.6   1003.9   1004.5      45.9K      29.9K      96.8K      64.7K    358.3K        9  52.94%
     divergent simple: full_node_payload_hashes=4, full_node_sources=4
   3       4    12/12       208.0    2...
The rest of the test output was removed since it exceeds the threshold of 1024 bytes.
</system-out>
	</testcase>
	<testcase name="plumtree-graph-sim-loss" classname="plumtree-graph-sim-loss" time="0.801774" status="run">
		<system-out>Plumtree graph simulation: mode=fec, all-validators-send, nodes=12, validators=4, senders=4, tree_slots=46, expected=12, unreachable=0, broadcasts=5, payload=32.0K, packet_loss=0.1, isolate_broadcasts=0, rotate_isolation=0, selective_drop=none
   # senders   delivered      p90      p95      p99     last     avg in    avg out     max in    max out      sent      dup    dup%
   0       4    12/12       603.0    636.1    656.1    661.1      53.5K      63.6K      94.7K     122.0K    763.2K       55  16.27%
   1       4    12/12       561.7    590.6    600.1    602.5      52.6K      62.2K      79.2K     125.9K    746.7K       38  10.53%
   2       4    12/12       232.0    391.3    543.0    580.9      58.6K      63.1K      83.2K     124.9K    757.4K       84  19.22%
   3       4    12/12       174.4    192.9    210.8    215.2      43.9K      51.6K      72.1K     116.9K    619.1K       37  10.57%
   4       4    12/12       204.0    211.6    212.5    212.8      45.9K      51.9K      62.5K     118.3K    622.9K      ...
The rest of the test output was removed since it exceeds the threshold of 1024 bytes.
</system-out>
	</testcase>
	<testcase name="plumtree-graph-sim-simple-loss" classname="plumtree-graph-sim-simple-loss" time="0.0700173" status="run">
		<system-out>Plumtree graph simulation: mode=simple, all-validators-send, nodes=12, validators=4, senders=4, tree_slots=46, expected=12, unreachable=0, broadcasts=5, payload=32.0K, packet_loss=0.08, isolate_broadcasts=0, rotate_isolation=0, selective_drop=none
   # senders   delivered      p90      p95      p99     last     avg in    avg out     max in    max out      sent      dup    dup%
   0       4    12/12       703.9    772.8    813.8    824.1      24.6K      24.7K      64.8K      65.0K    295.9K        1  11.11%
     divergent simple: full_node_payload_hashes=4, full_node_sources=4
   1       4    12/12       471.9    530.9    579.6    591.8      24.4K      29.8K      64.4K      65.0K    357.9K        1  11.11%
     divergent simple: full_node_payload_hashes=4, full_node_sources=4
   2       4    12/12       567.2    640.4    700.2    715.2      27.1K      27.2K      64.7K      64.6K    325.8K        2  20.00%
     divergent simple: full_node_payload_hashes=4, full_node_sources=4
   3       4    12/12       201.1  ...
The rest of the test output was removed since it exceeds the threshold of 1024 bytes.
</system-out>
	</testcase>
	<testcase name="plumtree-graph-sim-partition-recovery" classname="plumtree-graph-sim-partition-recovery" time="0.601851" status="run">
		<system-out>Plumtree graph simulation: mode=fec, all-validators-send, nodes=12, validators=4, senders=4, tree_slots=46, expected=12, unreachable=0, broadcasts=3, payload=32.0K, packet_loss=0, isolate_broadcasts=2, rotate_isolation=0, selective_drop=none
   # senders   delivered      p90      p95      p99     last     avg in    avg out     max in    max out      sent      dup    dup%
   0       4    11/12       458.6    470.0    479.1    481.4      46.6K      59.0K      76.8K     143.1K    707.6K        0   0.00%
   1       4    11/12       951.8    962.8    971.6    973.8      69.5K      86.8K     183.3K     134.3K     1.02M      175  35.64%
   2       4    12/12       592.8    641.6    652.5    655.3      94.5K      71.0K     173.3K     135.4K    852.4K      364  49.26%
</system-out>
	</testcase>
	<testcase name="plumtree-graph-sim-selective-forwarding" classname="plumtree-graph-sim-selective-forwarding" time="0.885585" status="run">
		<system-out>Plumtree graph simulation: mode=fec, all-validators-send, nodes=12, validators=4, senders=4, tree_slots=46, expected=12, unreachable=0, broadcasts=5, payload=32.0K, packet_loss=0, isolate_broadcasts=0, rotate_isolation=0, selective_drop=4
   # senders   delivered      p90      p95      p99     last     avg in    avg out     max in    max out      sent      dup    dup%
   0       4    12/12       457.8    469.8    477.1    478.9      53.4K      65.4K      76.8K     143.1K    784.5K        0   0.00%
   1       4    12/12       617.1    639.6    658.7    663.4      83.2K      98.5K     188.3K     134.3K     1.15M      231  38.82%
   2       4    12/12       189.1    201.1    209.5    211.5      68.8K      59.1K     137.0K     128.9K    708.7K      219  39.11%
   3       4    12/12       178.7    195.5    209.8    213.4      51.3K      51.2K      69.7K     125.2K    614.9K        0   0.00%
   4       4    12/12       182.9    198.8    211.6    214.8      52.4K      53.2K      74.0K     125.2K    638.2K        0  ...
The rest of the test output was removed since it exceeds the threshold of 1024 bytes.
</system-out>
	</testcase>
	<testcase name="plumtree-graph-sim-rotating-outage" classname="plumtree-graph-sim-rotating-outage" time="0.79488" status="run">
		<system-out>Plumtree graph simulation: mode=fec, all-validators-send, nodes=12, validators=4, senders=4, tree_slots=46, expected=12, unreachable=0, broadcasts=5, payload=32.0K, packet_loss=0, isolate_broadcasts=4, rotate_isolation=1, selective_drop=none
   # senders   delivered      p90      p95      p99     last     avg in    avg out     max in    max out      sent      dup    dup%
   0       4    11/12       464.5    472.0    477.9    479.4      46.5K      58.8K      76.8K     143.1K    706.1K        0   0.00%
   1       4    11/12       657.1    667.7    676.2    678.3      71.1K      81.7K     188.3K     143.3K    980.8K      184  36.51%
   2       4    11/12       156.8    158.1    159.2    159.4      49.4K      58.7K      89.1K     127.3K    704.1K      104  26.53%
   3       4    11/12       162.1    174.9    185.2    187.8      48.8K      51.0K      91.4K     126.0K    611.9K        9   2.63%
   4       4    12/12       159.0    172.6    185.9    189.2      50.3K      54.5K      86.4K     125.2K    654.1K        ...
The rest of the test output was removed since it exceeds the threshold of 1024 bytes.
</system-out>
	</testcase>
	<testcase name="plumtree-graph-sim-simple-selective-forwarding" classname="plumtree-graph-sim-simple-selective-forwarding" time="0.0723936" status="run">
		<system-out>Plumtree graph simulation: mode=simple, all-validators-send, nodes=12, validators=4, senders=4, tree_slots=46, expected=12, unreachable=0, broadcasts=5, payload=32.0K, packet_loss=0, isolate_broadcasts=0, rotate_isolation=0, selective_drop=4
   # senders   delivered      p90      p95      p99     last     avg in    avg out     max in    max out      sent      dup    dup%
   0       4    12/12       449.4    456.4    458.8    459.4      21.8K      24.6K      32.6K      65.0K    295.8K        0   0.00%
     divergent simple: full_node_payload_hashes=4, full_node_sources=4
   1       4    12/12       665.6    674.8    680.3    681.7      32.6K      38.0K      96.9K      65.0K    455.9K        4  33.33%
     divergent simple: full_node_payload_hashes=4, full_node_sources=4
   2       4    12/12       150.4    509.0    859.0    946.4      27.2K      24.5K      64.7K      64.7K    293.5K        2  20.00%
     divergent simple: full_node_payload_hashes=4, full_node_sources=4
   3       4    12/12       150.3    163....
The rest of the test output was removed since it exceeds the threshold of 1024 bytes.
</system-out>
	</testcase>
	<testcase name="plumtree-graph-sim-simple-rotating-outage" classname="plumtree-graph-sim-simple-rotating-outage" time="0.0678355" status="run">
		<system-out>Plumtree graph simulation: mode=simple, all-validators-send, nodes=12, validators=4, senders=4, tree_slots=46, expected=12, unreachable=0, broadcasts=5, payload=32.0K, packet_loss=0, isolate_broadcasts=4, rotate_isolation=1, selective_drop=none
   # senders   delivered      p90      p95      p99     last     avg in    avg out     max in    max out      sent      dup    dup%
   0       4    11/12       465.4    478.5    489.1    491.7      19.1K      21.9K      32.6K      65.0K    263.2K        0   0.00%
     divergent simple: full_node_payload_hashes=4, full_node_sources=4
   1       4    11/12       651.3    674.2    692.6    697.2      29.9K      32.6K      96.9K      65.0K    391.4K        4  36.36%
     divergent simple: full_node_payload_hashes=4, full_node_sources=4
   2       4    11/12       158.6    161.1    163.0    163.5      19.0K      24.4K      32.5K      64.6K    292.9K        0   0.00%
     divergent simple: full_node_payload_hashes=4, full_node_sources=4
   3       4    11/12       143.5    1...
The rest of the test output was removed since it exceeds the threshold of 1024 bytes.
</system-out>
	</testcase>
	<testcase name="plumtree-graph-sim-fec-stress" classname="plumtree-graph-sim-fec-stress" time="3.49414" status="run">
		<system-out>Plumtree graph simulation: mode=fec, all-validators-send, nodes=12, validators=4, senders=4, tree_slots=46, expected=12, unreachable=0, broadcasts=20, payload=256.0K, packet_loss=0, isolate_broadcasts=0, rotate_isolation=0, selective_drop=none
   # senders   delivered      p90      p95      p99     last     avg in    avg out     max in    max out      sent      dup    dup%
   0       4    12/12       918.6    921.0    922.7    923.2     267.0K     392.5K     426.4K     814.9K     4.60M       37  10.91%
   1       4    12/12       741.7    767.8    792.8    799.0     375.2K     275.7K     745.6K     620.4K     3.23M      129  26.11%
   2       4    12/12       637.0    665.7    690.4    696.6     335.0K     386.7K     530.6K     739.9K     4.53M       80  18.02%
   3       4    12/12       656.5    718.4    774.5    788.5     358.3K     303.1K     616.2K     627.6K     3.55M       90  19.11%
   4       4    12/12       597.3    654.8    708.7    722.1     288.0K     286.6K     472.9K     662.5K     3.36M      ...
The rest of the test output was removed since it exceeds the threshold of 1024 bytes.
</system-out>
	</testcase>
	<testcase name="plumtree-graph-sim-simple-stress" classname="plumtree-graph-sim-simple-stress" time="0.333399" status="run">
		<system-out>Plumtree graph simulation: mode=simple, all-validators-send, nodes=12, validators=4, senders=4, tree_slots=46, expected=12, unreachable=0, broadcasts=20, payload=256.0K, packet_loss=0, isolate_broadcasts=0, rotate_isolation=0, selective_drop=none
   # senders   delivered      p90      p95      p99     last     avg in    avg out     max in    max out      sent      dup    dup%
   0       4    12/12       892.9    904.9    907.5    908.1     171.2K     192.6K     256.6K     513.0K     2.26M        0   0.00%
     divergent simple: full_node_payload_hashes=4, full_node_sources=4
   1       4    12/12      1107.5   1165.0   1219.9   1233.6     192.6K     277.9K     512.8K     512.8K     3.26M        1  11.11%
     divergent simple: full_node_payload_hashes=4, full_node_sources=4
   2       4    12/12       896.8    939.8    956.1    960.1     320.5K     213.8K     768.6K     512.7K     2.51M        7  46.67%
     divergent simple: full_node_payload_hashes=4, full_node_sources=4
   3       4    12/12       723.8   ...
The rest of the test output was removed since it exceeds the threshold of 1024 bytes.
</system-out>
	</testcase>
	<testcase name="test-counter-collator-admission" classname="test-counter-collator-admission" time="0.0309159" status="run">
		<system-out></system-out>
	</testcase>
	<testcase name="test-counter-disk-integration" classname="test-counter-disk-integration" time="0.302513" status="fail">
		<failure message=""/>
		<system-out>-- Counter fixture active; retained if interrupted: /home/tomi/tos/build/counter-integration-bbc91e99dcf8
CMake Error at /home/tomi/tos/test/test-counter-disk-integration.cmake:171 (message):
  bootstrap: exit 2, expected 0; see
  /home/tomi/tos/build/counter-integration-bbc91e99dcf8/bootstrap.log
Call Stack (most recent call first):
  /home/tomi/tos/test/test-counter-disk-integration.cmake:212 (run_node)



CMake Error at /home/tomi/tos/test/counter-fixture-lifecycle.cmake:58 (message):
  Counter fixture FAILED (1); retained for inspection:
  /home/tomi/tos/build/counter-integration-bbc91e99dcf8
Call Stack (most recent call first):
  /home/tomi/tos/test/test-counter-disk-integration.cmake:3 (counter_run_fixture)


</system-out>
	</testcase>
	<testcase name="test-counter-account-binding-readiness" classname="test-counter-account-binding-readiness" time="0.30168" status="fail">
		<failure message=""/>
		<system-out>-- Counter fixture active; retained if interrupted: /home/tomi/tos/build/counter-integration-516fec70c5d6
CMake Error at /home/tomi/tos/test/test-counter-disk-integration.cmake:171 (message):
  bootstrap: exit 2, expected 0; see
  /home/tomi/tos/build/counter-integration-516fec70c5d6/bootstrap.log
Call Stack (most recent call first):
  /home/tomi/tos/test/test-counter-disk-integration.cmake:212 (run_node)



CMake Error at /home/tomi/tos/test/counter-fixture-lifecycle.cmake:58 (message):
  Counter fixture FAILED (1); retained for inspection:
  /home/tomi/tos/build/counter-integration-516fec70c5d6
Call Stack (most recent call first):
  /home/tomi/tos/test/test-counter-disk-integration.cmake:3 (counter_run_fixture)


</system-out>
	</testcase>
	<testcase name="test-counter-fixture-lifecycle" classname="test-counter-fixture-lifecycle" time="0.117651" status="run">
		<system-out>-- Counter success cleanup, failure retention and admission cap passed
</system-out>
	</testcase>
	<testcase name="test-counter-idle-replay" classname="test-counter-idle-replay" time="0.300592" status="fail">
		<failure message=""/>
		<system-out>-- Counter fixture active; retained if interrupted: /home/tomi/tos/build/counter-integration-00cc055ba83c
CMake Error at /home/tomi/tos/test/test-counter-disk-integration.cmake:171 (message):
  bootstrap: exit 2, expected 0; see
  /home/tomi/tos/build/counter-integration-00cc055ba83c/bootstrap.log
Call Stack (most recent call first):
  /home/tomi/tos/test/test-counter-disk-integration.cmake:212 (run_node)



CMake Error at /home/tomi/tos/test/counter-fixture-lifecycle.cmake:58 (message):
  Counter fixture FAILED (1); retained for inspection:
  /home/tomi/tos/build/counter-integration-00cc055ba83c
Call Stack (most recent call first):
  /home/tomi/tos/test/test-counter-disk-integration.cmake:3 (counter_run_fixture)


</system-out>
	</testcase>
	<testcase name="test-counter-self-delivery" classname="test-counter-self-delivery" time="0.299961" status="fail">
		<failure message=""/>
		<system-out>-- Counter fixture active; retained if interrupted: /home/tomi/tos/build/counter-integration-e458d13222de
CMake Error at /home/tomi/tos/test/test-counter-disk-integration.cmake:171 (message):
  bootstrap: exit 2, expected 0; see
  /home/tomi/tos/build/counter-integration-e458d13222de/bootstrap.log
Call Stack (most recent call first):
  /home/tomi/tos/test/test-counter-disk-integration.cmake:212 (run_node)



CMake Error at /home/tomi/tos/test/counter-fixture-lifecycle.cmake:58 (message):
  Counter fixture FAILED (1); retained for inspection:
  /home/tomi/tos/build/counter-integration-e458d13222de
Call Stack (most recent call first):
  /home/tomi/tos/test/test-counter-disk-integration.cmake:3 (counter_run_fixture)


</system-out>
	</testcase>
	<testcase name="test-counter-cross-delivery" classname="test-counter-cross-delivery" time="0.338452" status="fail">
		<failure message=""/>
		<system-out>-- Counter fixture active; retained if interrupted: /home/tomi/tos/build/counter-integration-c990af5dca55
CMake Error at /home/tomi/tos/test/test-counter-disk-integration.cmake:171 (message):
  bootstrap: exit 2, expected 0; see
  /home/tomi/tos/build/counter-integration-c990af5dca55/bootstrap.log
Call Stack (most recent call first):
  /home/tomi/tos/test/test-counter-disk-integration.cmake:212 (run_node)



CMake Error at /home/tomi/tos/test/counter-fixture-lifecycle.cmake:58 (message):
  Counter fixture FAILED (1); retained for inspection:
  /home/tomi/tos/build/counter-integration-c990af5dca55
Call Stack (most recent call first):
  /home/tomi/tos/test/test-counter-disk-integration.cmake:3 (counter_run_fixture)


</system-out>
	</testcase>
	<testcase name="test-counter-native-sender" classname="test-counter-native-sender" time="0.380103" status="fail">
		<failure message=""/>
		<system-out>-- Counter fixture active; retained if interrupted: /home/tomi/tos/build/counter-integration-ff0ff2405ab1
CMake Error at /home/tomi/tos/test/test-counter-disk-integration.cmake:171 (message):
  bootstrap: exit 2, expected 0; see
  /home/tomi/tos/build/counter-integration-ff0ff2405ab1/bootstrap.log
Call Stack (most recent call first):
  /home/tomi/tos/test/test-counter-disk-integration.cmake:212 (run_node)



CMake Error at /home/tomi/tos/test/counter-fixture-lifecycle.cmake:58 (message):
  Counter fixture FAILED (1); retained for inspection:
  /home/tomi/tos/build/counter-integration-ff0ff2405ab1
Call Stack (most recent call first):
  /home/tomi/tos/test/test-counter-disk-integration.cmake:3 (counter_run_fixture)


</system-out>
	</testcase>
	<testcase name="test-counter-activation-missing_capability" classname="test-counter-activation-missing_capability" time="0.301942" status="fail">
		<failure message=""/>
		<system-out>-- Counter fixture active; retained if interrupted: /home/tomi/tos/build/counter-integration-b751dda3e8e0
CMake Error at /home/tomi/tos/test/test-counter-disk-integration.cmake:171 (message):
  bootstrap: exit 2, expected 0; see
  /home/tomi/tos/build/counter-integration-b751dda3e8e0/bootstrap.log
Call Stack (most recent call first):
  /home/tomi/tos/test/test-counter-disk-integration.cmake:212 (run_node)



CMake Error at /home/tomi/tos/test/counter-fixture-lifecycle.cmake:58 (message):
  Counter fixture FAILED (1); retained for inspection:
  /home/tomi/tos/build/counter-integration-b751dda3e8e0
Call Stack (most recent call first):
  /home/tomi/tos/test/test-counter-disk-integration.cmake:3 (counter_run_fixture)


</system-out>
	</testcase>
	<testcase name="test-counter-config-presence-missing_capability" classname="test-counter-config-presence-missing_capability" time="0.13048" status="run">
		<system-out>-- Counter fixture active; retained if interrupted: /home/tomi/tos/build/counter-integration-6a44b5492ee4
-- Invalid ingress rejected by complete configuration validation: /home/tomi/tos/build/counter-integration-6a44b5492ee4

-- Counter fixture passed and removed: /home/tomi/tos/build/counter-integration-6a44b5492ee4
</system-out>
	</testcase>
	<testcase name="test-counter-activation-old_version" classname="test-counter-activation-old_version" time="0.293618" status="fail">
		<failure message=""/>
		<system-out>-- Counter fixture active; retained if interrupted: /home/tomi/tos/build/counter-integration-445695ed5b72
CMake Error at /home/tomi/tos/test/test-counter-disk-integration.cmake:171 (message):
  bootstrap: exit 2, expected 0; see
  /home/tomi/tos/build/counter-integration-445695ed5b72/bootstrap.log
Call Stack (most recent call first):
  /home/tomi/tos/test/test-counter-disk-integration.cmake:212 (run_node)



CMake Error at /home/tomi/tos/test/counter-fixture-lifecycle.cmake:58 (message):
  Counter fixture FAILED (1); retained for inspection:
  /home/tomi/tos/build/counter-integration-445695ed5b72
Call Stack (most recent call first):
  /home/tomi/tos/test/test-counter-disk-integration.cmake:3 (counter_run_fixture)


</system-out>
	</testcase>
	<testcase name="test-counter-config-presence-old_version" classname="test-counter-config-presence-old_version" time="0.140517" status="run">
		<system-out>-- Counter fixture active; retained if interrupted: /home/tomi/tos/build/counter-integration-207bfd74256e
-- Invalid ingress rejected by complete configuration validation: /home/tomi/tos/build/counter-integration-207bfd74256e

-- Counter fixture passed and removed: /home/tomi/tos/build/counter-integration-207bfd74256e
</system-out>
	</testcase>
	<testcase name="test-counter-config-binding" classname="test-counter-config-binding" time="0.154608" status="run">
		<system-out>-- Counter fixture active; retained if interrupted: /home/tomi/tos/build/counter-integration-f05070c14000
-- Invalid ingress rejected by complete configuration validation: /home/tomi/tos/build/counter-integration-f05070c14000

-- Counter fixture passed and removed: /home/tomi/tos/build/counter-integration-f05070c14000
</system-out>
	</testcase>
	<testcase name="test-counter-engine-config" classname="test-counter-engine-config" time="0.299703" status="fail">
		<failure message=""/>
		<system-out>-- Counter fixture active; retained if interrupted: /home/tomi/tos/build/counter-integration-aecd84d3e686
CMake Error at /home/tomi/tos/test/test-counter-disk-integration.cmake:171 (message):
  bootstrap: exit 2, expected 0; see
  /home/tomi/tos/build/counter-integration-aecd84d3e686/bootstrap.log
Call Stack (most recent call first):
  /home/tomi/tos/test/test-counter-disk-integration.cmake:212 (run_node)



CMake Error at /home/tomi/tos/test/counter-fixture-lifecycle.cmake:58 (message):
  Counter fixture FAILED (1); retained for inspection:
  /home/tomi/tos/build/counter-integration-aecd84d3e686
Call Stack (most recent call first):
  /home/tomi/tos/test/test-counter-disk-integration.cmake:3 (counter_run_fixture)


</system-out>
	</testcase>
	<testcase name="test-uno-partition-storage-smoke" classname="test-uno-partition-storage-smoke" time="0.129562" status="run">
		<system-out>Running test Test_UnoStorageMeasurement_PartitionPersistenceStages...
[NON-XML-CHAR-0x1B][0m[ 4][t 0][2026-09-10 00:24:25.308085982][transaction.cpp:616]	unpacking account 0000000000000000000000000000000000000000000000000000000000000000[NON-XML-CHAR-0x1B][0m
[NON-XML-CHAR-0x1B][0m[ 4][t 0][2026-09-10 00:24:25.309211189][transaction.cpp:449]	last_paid=0; cells=0 bits=0[NON-XML-CHAR-0x1B][0m
[NON-XML-CHAR-0x1B][0m[ 4][t 0][2026-09-10 00:24:25.309228270][transaction.cpp:679]	end of Account.unpack() for 2:0000000000000000000000000000000000000000000000000000000000000000 (balance = 0ng ; last_trans_lt = 1..2)[NON-XML-CHAR-0x1B][0m
[NON-XML-CHAR-0x1B][0m[ 4][t 0][2026-09-10 00:24:25.309417084][transaction.cpp:616]	unpacking account 0000000000000000000000000000000000000000000000000000000000000001[NON-XML-CHAR-0x1B][0m
[NON-XML-CHAR-0x1B][0m[ 4][t 0][2026-09-10 00:24:25.309426659][transaction.cpp:449]	last_paid=0; cells=0 bits=0[NON-XML-CHAR-0x1B][0m
[NON-XML-CHAR-0x1B][0m[ 4][t 0][2026-09-10 00:24:25.309432147][transaction.cpp:679]	end of Account.unpack() for 2:0000000000000000000000000000000000000000000000000000000000000001 (balance = 0ng ; last_trans_lt = 1..2)[NON-XML-CHAR-0x1B][0m
[NON-XML-CHAR-0x1B][0m[ 4][t 0][2026-09-10 00:24:25.309567820]...
The rest of the test output was removed since it exceeds the threshold of 1024 bytes.
</system-out>
	</testcase>
	<testcase name="test-uno-incremental-storage-smoke" classname="test-uno-incremental-storage-smoke" time="0.127789" status="run">
		<system-out>Running test Test_UnoStorageMeasurement_PartitionIncrementalRecords...
[NON-XML-CHAR-0x1B][1;33m[ 2][t 0][2026-09-10 00:24:25.345650694][test-uno-state-snapshot.cpp:827]	Incremental records database /tmp/uno-incremental-records-OlGqzc (removed on success, retained on failure)[NON-XML-CHAR-0x1B][0m
[NON-XML-CHAR-0x1B][0m[ 4][t 0][2026-09-10 00:24:25.386399383][transaction.cpp:616]	unpacking account 0000000000000000000000000000000000000000000000000000000000000000[NON-XML-CHAR-0x1B][0m
[NON-XML-CHAR-0x1B][0m[ 4][t 0][2026-09-10 00:24:25.386436466][transaction.cpp:449]	last_paid=0; cells=0 bits=0[NON-XML-CHAR-0x1B][0m
[NON-XML-CHAR-0x1B][0m[ 4][t 0][2026-09-10 00:24:25.386444994][transaction.cpp:679]	end of Account.unpack() for 2:0000000000000000000000000000000000000000000000000000000000000000 (balance = 0ng ; last_trans_lt = 1..2)[NON-XML-CHAR-0x1B][0m
[NON-XML-CHAR-0x1B][0m[ 4][t 0][2026-09-10 00:24:25.387106506][transaction.cpp:616]	unpacking account 000000000000000000000000000000000000000000000000000000000000000F[NON-XML-CHAR-0x1B][0m
[NON-XML-CHAR-0x1B][0m[ 4][t 0][2026-09-10 00:24:25.387120129][transaction.cpp:449]	last_paid=0; cells=0 bits=0[NON-XML-CHAR-0x1B][0m
[NON-XML-CHAR-0x1B][0m[ 4][t 0][2026-09-10 00:24:25.387126270][transactio...
The rest of the test output was removed since it exceeds the threshold of 1024 bytes.
</system-out>
	</testcase>
	<testcase name="test-uno-split-storage-smoke" classname="test-uno-split-storage-smoke" time="0.123884" status="run">
		<system-out>Running test Test_UnoStorageMeasurement_PartitionIncrementalRecords...
[NON-XML-CHAR-0x1B][1;33m[ 2][t 0][2026-09-10 00:24:25.149073489][test-uno-state-snapshot.cpp:827]	Incremental records database /tmp/uno-incremental-records-i9tVNK (removed on success, retained on failure)[NON-XML-CHAR-0x1B][0m
[NON-XML-CHAR-0x1B][0m[ 4][t 0][2026-09-10 00:24:25.177109144][transaction.cpp:616]	unpacking account 0000000000000000000000000000000000000000000000000000000000000000[NON-XML-CHAR-0x1B][0m
[NON-XML-CHAR-0x1B][0m[ 4][t 0][2026-09-10 00:24:25.177149782][transaction.cpp:449]	last_paid=0; cells=0 bits=0[NON-XML-CHAR-0x1B][0m
[NON-XML-CHAR-0x1B][0m[ 4][t 0][2026-09-10 00:24:25.177160387][transaction.cpp:679]	end of Account.unpack() for 2:0000000000000000000000000000000000000000000000000000000000000000 (balance = 0ng ; last_trans_lt = 1..2)[NON-XML-CHAR-0x1B][0m
[NON-XML-CHAR-0x1B][0m[ 4][t 0][2026-09-10 00:24:25.177767723][transaction.cpp:616]	unpacking account 000000000000000000000000000000000000000000000000000000000000000F[NON-XML-CHAR-0x1B][0m
[NON-XML-CHAR-0x1B][0m[ 4][t 0][2026-09-10 00:24:25.177784109][transaction.cpp:449]	last_paid=0; cells=0 bits=0[NON-XML-CHAR-0x1B][0m
[NON-XML-CHAR-0x1B][0m[ 4][t 0][2026-09-10 00:24:25.177789450][transactio...
The rest of the test output was removed since it exceeds the threshold of 1024 bytes.
</system-out>
	</testcase>
	<testcase name="test-uno-split-prefix-storage-smoke" classname="test-uno-split-prefix-storage-smoke" time="0.121058" status="run">
		<system-out>Running test Test_UnoStorageMeasurement_PartitionIncrementalRecords...
[NON-XML-CHAR-0x1B][1;33m[ 2][t 0][2026-09-10 00:24:25.190239807][test-uno-state-snapshot.cpp:827]	Incremental records database /tmp/uno-incremental-records-tq3hJ5 (removed on success, retained on failure)[NON-XML-CHAR-0x1B][0m
[NON-XML-CHAR-0x1B][0m[ 4][t 0][2026-09-10 00:24:25.219137943][transaction.cpp:616]	unpacking account 0000000000000000000000000000000000000000000000000000000000000000[NON-XML-CHAR-0x1B][0m
[NON-XML-CHAR-0x1B][0m[ 4][t 0][2026-09-10 00:24:25.219177165][transaction.cpp:449]	last_paid=0; cells=0 bits=0[NON-XML-CHAR-0x1B][0m
[NON-XML-CHAR-0x1B][0m[ 4][t 0][2026-09-10 00:24:25.219186946][transaction.cpp:679]	end of Account.unpack() for 2:0000000000000000000000000000000000000000000000000000000000000000 (balance = 0ng ; last_trans_lt = 1..2)[NON-XML-CHAR-0x1B][0m
[NON-XML-CHAR-0x1B][0m[ 4][t 0][2026-09-10 00:24:25.226395856][transaction.cpp:616]	unpacking account 0000000000000000000000000000000000000000000000000000000000000000[NON-XML-CHAR-0x1B][0m
[NON-XML-CHAR-0x1B][0m[ 4][t 0][2026-09-10 00:24:25.226408324][transaction.cpp:449]	last_paid=0; cells=0 bits=0[NON-XML-CHAR-0x1B][0m
[NON-XML-CHAR-0x1B][0m[ 4][t 0][2026-09-10 00:24:25.226414516][transactio...
The rest of the test output was removed since it exceeds the threshold of 1024 bytes.
</system-out>
	</testcase>
	<testcase name="test-ed25519" classname="test-ed25519" time="15.09" status="run">
		<system-out>Running test Test_Crypto_ed25519...
[NON-XML-CHAR-0x1B][1;31m[ 1][t 0][2026-09-10 00:24:19.125222355][Ed25519.cpp:78]	PK1 = 2810FFA5B8E0D80B0561AB2A26E632632F81DFB15F5F7D1D09EEDB6A3650101F[NON-XML-CHAR-0x1B][0m
[NON-XML-CHAR-0x1B][1;31m[ 1][t 0][2026-09-10 00:24:19.125556146][Ed25519.cpp:80]	PK2 = 6162616361626164616261636162616561626163616261646162616361626100[NON-XML-CHAR-0x1B][0m
[NON-XML-CHAR-0x1B][1;31m[ 1][t 0][2026-09-10 00:24:19.125637884][Ed25519.cpp:84]	PubK1 = B198C952C73A7909738951E5FA74B360465446BDE8B5F46E517FCAD2642E64F2[NON-XML-CHAR-0x1B][0m
[NON-XML-CHAR-0x1B][1;31m[ 1][t 0][2026-09-10 00:24:19.125702068][Ed25519.cpp:86]	PubK2 = 6F9E5BDECE8721EB5737FBB59228BA07F7880F73CE5BFAA1B7157303D4201E74[NON-XML-CHAR-0x1B][0m
[NON-XML-CHAR-0x1B][1;31m[ 1][t 0][2026-09-10 00:24:19.125765771][Ed25519.cpp:89]	PubK3 = 6F9E5BDECE8721EB5737FBB59228BA07F7880F73CE5BFAA1B7157303D4201E74[NON-XML-CHAR-0x1B][0m
[NON-XML-CHAR-0x1B][1;31m[ 1][t 0][2026-09-10 00:24:19.125769717][Ed25519.cpp:91]	PubK1 = B198C952C73A7909738951E5FA74B360465446BDE8B5F46E517FCAD2642E64F2[NON-XML-CHAR-0x1B][0m
[NON-XML-CHAR-0x1B][1;31m[ 1][t 0][2026-09-10 00:24:19.125997213][Ed25519.cpp:94]	secret(PK2, PubK2)=24451FC42D64B73BFC73BEAE8AEDFE20E62D221315C672A669A9BC13B4913B1...
The rest of the test output was removed since it exceeds the threshold of 1024 bytes.
</system-out>
	</testcase>
	<testcase name="test-bigint" classname="test-bigint" time="24.8536" status="run">
		<system-out>check special ints
check power-2 ops
check unary ops
run special tests
check random ops (100000 iterations)
#0: check on 1889226942578694 = 00..0006b63decd00006 = [ 1889226942578694 ]
#10000: check on 649037107316853453566312041152513 = 00..002000000000000000000000000001 = [ 1 0 32 ]
#20000: check on -84508239119 = ff..ffec52ea9af1 = [ -84508239119 ]
#30000: check on 14474011154664524427946373126085988481658748083205070504932198000989141204993 = 00..002000000000000000000000000000000000000000000000000000000000000001 = [ 1 0 0 0 35184372088832 ]
#40000: check on -28269553036454149273332760011886696253239742350009903329945699220681916417 = ff..ffefffffffffffffffffffffffffffffffffffffffffffffffffffffffffffff = [ -1 0 0 0 -68719476736 ]
#50000: check on -327681 = ff..fffaffff = [ -327681 ]
#60000: check on 95549835287303782567988657 = 00..004f0976f33056c4c5e34db1 = [ 95403133586865 21216325427 ]
#70000: check on -4398046511103 = ff..fffc0000000001 = [ -4398046511103 ]
#80000: check on -117440509 = ff..fff9000003 =...
The rest of the test output was removed since it exceeds the threshold of 1024 bytes.
</system-out>
	</testcase>
	<testcase name="test-vm" classname="test-vm" time="39.1776" status="run">
		<system-out>Running test Test_VM_simple...
[NON-XML-CHAR-0x1B][1;36m[ 3][t 0][2026-09-10 00:24:19.130143052][vm.cpp:606]	steps: 2 gas: used=76, max=1000, limit=1000, credit=0[NON-XML-CHAR-0x1B][0m
[NON-XML-CHAR-0x1B][0m[ 4][t 0][2026-09-10 00:24:19.130252721][vm.cpp:635]	move resulting stack (1 entries)[NON-XML-CHAR-0x1B][0m
[NON-XML-CHAR-0x1B][1;36m[ 3][t 0][2026-09-10 00:24:19.130278269][vm.cpp:606]	steps: 2 gas: used=76, max=1000, limit=1000, credit=0[NON-XML-CHAR-0x1B][0m
[NON-XML-CHAR-0x1B][0m[ 4][t 0][2026-09-10 00:24:19.130283234][vm.cpp:635]	move resulting stack (1 entries)[NON-XML-CHAR-0x1B][0m
PASS in 4423.9us
Running test Test_VM_sha256_canonical_snake...
[NON-XML-CHAR-0x1B][0m[ 4][t 0][2026-09-10 00:24:19.131761250][tosops.cpp:687]	execute SHA256C[NON-XML-CHAR-0x1B][0m
[NON-XML-CHAR-0x1B][0m[ 4][t 0][2026-09-10 00:24:19.131798996][vm.cpp:473]	execute implicit RET[NON-XML-CHAR-0x1B][0m
[NON-XML-CHAR-0x1B][1;36m[ 3][t 0][2026-09-10 00:24:19.131803628][vm.cpp:606]	steps: 2 gas: used=239, max=100000, limit=100000, credit=0[NON-XML-CHAR-0x1B][0m
[NON-XML-CHAR-0x1B][0m[ 4][t 0][2026-09-10 00:24:19.131807555][vm.cpp:635]	move resulting stack (1 entries)[NON-XML-CHAR-0x1B][0m
PASS in 63.6us
Running test Test_VM_sha256_canonical_snake_rejects_aliases_and_old_versions...
[NON-XML-CHAR-0x1B][0m[ 4][t 0][2026-09-10 00:24...
The rest of the test output was removed since it exceeds the threshold of 1024 bytes.
</system-out>
	</testcase>
	<testcase name="test-fift" classname="test-fift" time="6.15127" status="run">
		<system-out>Running test Test_Fift_testvm...
[NON-XML-CHAR-0x1B][1;36m[ 3][t 0][2026-09-10 00:24:19.373508485][vm.cpp:606]	steps: 3 gas: used=41, max=9223372036854775807, limit=9223372036854775807, credit=0[NON-XML-CHAR-0x1B][0m
[NON-XML-CHAR-0x1B][0m[ 4][t 0][2026-09-10 00:24:19.373555331][vm.cpp:635]	move resulting stack (3 entries)[NON-XML-CHAR-0x1B][0m
[NON-XML-CHAR-0x1B][1;36m[ 3][t 0][2026-09-10 00:24:19.373700775][vm.cpp:606]	steps: 21 gas: used=429, max=9223372036854775807, limit=9223372036854775807, credit=0[NON-XML-CHAR-0x1B][0m
[NON-XML-CHAR-0x1B][0m[ 4][t 0][2026-09-10 00:24:19.373706776][vm.cpp:635]	move resulting stack (6 entries)[NON-XML-CHAR-0x1B][0m
[NON-XML-CHAR-0x1B][1;36m[ 3][t 0][2026-09-10 00:24:19.373732524][vm.cpp:606]	steps: 29 gas: used=525, max=9223372036854775807, limit=9223372036854775807, credit=0[NON-XML-CHAR-0x1B][0m
[NON-XML-CHAR-0x1B][0m[ 4][t 0][2026-09-10 00:24:19.373737363][vm.cpp:635]	move resulting stack (9 entries)[NON-XML-CHAR-0x1B][0m
[NON-XML-CHAR-0x1B][1;36m[ 3][t 0][2026-09-10 00:24:19.373761792][vm.cpp:606]	steps: 29 gas: used=525, max=9223372036854775807, limit=9223372036854775807, credit=0[NON-XML-CHAR-0x1B][0m
[NON-XML-CHAR-0x1B][0m[ 4][t 0][2026-09-10 00:24:19.373766495][vm.cpp:635]	move resulting stack (12 entries)[NON-XML-CHAR-0x1B][0m
PASS in 6092.0us...
The rest of the test output was removed since it exceeds the threshold of 1024 bytes.
</system-out>
	</testcase>
	<testcase name="test-cells" classname="test-cells" time="0.0609218" status="run">
		<system-out>Running test Test_Cells_simple...
PASS in 2290.0us
Running test Test_Bitstrings_main...
PASS in 399.3us
Running test Test_Bitstrings_ZeroLengthIntegerLoads...
PASS in 1114.0ns
Running test Test_Bigint_main...
PASS in 47.7ms
Running test Test_RefInt_main...
PASS in 39.2us
Running test Test_crc16_main...
PASS in 10.2us
Running test Test_base64_main...
PASS in 30.2us
Running test Test_base64_short_inputs...
PASS in 4500.0ns
Running test Test_bits256_scan_main...
PASS in 76.0us
Running test Test_bigexp_main...
PASS in 164.3us
Running test Test_uint64_exp_main...
PASS in 300.5us
11 test(s) passed
</system-out>
	</testcase>
	<testcase name="test-workchain-block" classname="test-workchain-block" time="4.32072" status="run">
		<system-out>Running test Test_WorkchainBlock_CoordinatorStateLayout...
PASS in 274.3us
Running test Test_WorkchainBlock_CoordinatorStateExactFraming...
PASS in 23.6us
Running test Test_WorkchainBlock_ResourcePolicyWire...
PASS in 36.0us
Running test Test_WorkchainBlock_EngineConfigurationFraming...
PASS in 41.0us
Running test Test_WorkchainBlock_EngineConfigurationAcceptedCadence...
PASS in 26.6us
Running test Test_WorkchainBlock_BatchPolicyVersionIdentityAgreement...
PASS in 2221.0ns
Running test Test_WorkchainBlock_BatchProfileUnsupportedNodeProbe...
PASS in 1236.0ns
Running test Test_WorkchainBlock_ClaimedFeeOuterFraming...
PASS in 17.4us
Running test Test_WorkchainBlock_ClaimedFeeShortNativeFraming...
PASS in 4881.0ns
Running test Test_WorkchainBlock_ClaimedFeeSpecialNativeFraming...
PASS in 4722.0ns
Running test Test_WorkchainBlock_ClaimedFeeUnknownNativeFraming...
PASS in 5056.0ns
Running test Test_WorkchainBlock_ResourcePolicyRejectsSpecialBeforeDecoder...
PASS in 1585.0ns
Running test Test_WorkchainBlock_Resource...
The rest of the test output was removed since it exceeds the threshold of 1024 bytes.
</system-out>
	</testcase>
	<testcase name="test-workchain-settlement-continuation" classname="test-workchain-settlement-continuation" time="0.0519827" status="run">
		<system-out>[NON-XML-CHAR-0x1B][0m[ 4][t 0][2026-09-10 00:24:25.506690235][transaction.cpp:616]	unpacking account 1000000000000000000000000000000000000000000000000000000000000000[NON-XML-CHAR-0x1B][0m
[NON-XML-CHAR-0x1B][0m[ 4][t 0][2026-09-10 00:24:25.506923615][transaction.cpp:449]	last_paid=0; cells=0 bits=0[NON-XML-CHAR-0x1B][0m
[NON-XML-CHAR-0x1B][0m[ 4][t 0][2026-09-10 00:24:25.506935114][transaction.cpp:679]	end of Account.unpack() for 2:1000000000000000000000000000000000000000000000000000000000000000 (balance = 1000ng ; last_trans_lt = 1..2)[NON-XML-CHAR-0x1B][0m
[NON-XML-CHAR-0x1B][0m[ 4][t 0][2026-09-10 00:24:25.506957847][transaction.cpp:616]	unpacking account 2000000000000000000000000000000000000000000000000000000000000000[NON-XML-CHAR-0x1B][0m
[NON-XML-CHAR-0x1B][0m[ 4][t 0][2026-09-10 00:24:25.506964890][transaction.cpp:449]	last_paid=0; cells=0 bits=0[NON-XML-CHAR-0x1B][0m
[NON-XML-CHAR-0x1B][0m[ 4][t 0][2026-09-10 00:24:25.506969598][transaction.cpp:679]	end of Account.unpack() for 2:2000000000000000000000000000000000000000000000000000000000000000 (balance = 1000ng ; last_trans_lt = 1..2)[NON-XML-CHAR-0x1B][0m
[NON-XML-CHAR-0x1B][0m[ 4][t 0][2026-09-10 00:24:25.507657836][transaction.cpp:616]	unpacking account 100000000000000000000000...
The rest of the test output was removed since it exceeds the threshold of 1024 bytes.
</system-out>
	</testcase>
	<testcase name="test-workchain-collator-compute-mode" classname="test-workchain-collator-compute-mode" time="0.0367555" status="run">
		<system-out>4 execution classifications passed; no engine invoked
</system-out>
	</testcase>
	<testcase name="test-workchain-proof-work" classname="test-workchain-proof-work" time="0.0308363" status="run">
		<system-out>Running test Test_WorkchainProofWork_ExactSendComponents...
PASS in 3942.0ns
Running test Test_WorkchainProofWork_PrechargeAndStickyFailure...
PASS in 7940.0ns
Running test Test_WorkchainProofWork_ShapeRefusalBeforeBackend...
PASS in 3022.0ns
Running test Test_WorkchainProofWork_ExplicitProfileSet...
PASS in 252.0ns
Running test Test_WorkchainProofWork_LocalLimitsAndContext...
PASS in 3219.0ns
5 test(s) passed
</system-out>
	</testcase>
	<testcase name="test-workchain-proof-contracts" classname="test-workchain-proof-contracts" time="0.0300939" status="run">
		<system-out>Running test Test_WorkchainProofContract_UnmeteredEngineCannotFallback...
PASS in 2778.0ns
Running test Test_WorkchainProofContract_UnmeteredRegistrationCannotFallback...
PASS in 587.0ns
2 test(s) passed
</system-out>
	</testcase>
	<testcase name="test-workchain-admission" classname="test-workchain-admission" time="0.00862168" status="run">
		<system-out>Running test Test_WorkchainAdmission_OwnsEveryDescendantAndPreservesIdentity...
PASS in 190.7us
Running test Test_WorkchainAdmission_LocalFailureRemainsLocalUntilNewAttempt...
PASS in 8525.0ns
Running test Test_WorkchainAdmission_ProtocolRejectionPrecedesUnnecessaryLoads...
PASS in 14.4us
Running test Test_WorkchainAdmission_ConfigurationFailureIsSeparate...
PASS in 780.0ns
Running test Test_WorkchainAdmission_BatchZeroReadsIsConfigurationFailure...
PASS in 800.0ns
Running test Test_WorkchainAdmission_BatchZeroWritesIsConfigurationFailure...
PASS in 633.0ns
Running test Test_WorkchainAdmission_BatchZeroInboundIsConfigurationFailure...
PASS in 672.0ns
Running test Test_WorkchainAdmission_BatchZeroStateCellsIsConfigurationFailure...
PASS in 489.0ns
Running test Test_WorkchainAdmission_BatchZeroStateBitsIsConfigurationFailure...
PASS in 625.0ns
Running test Test_WorkchainAdmission_BatchZeroStateAccountCellsIsConfigurationFailure...
PASS in 649.0ns
Running test Test_WorkchainAdmission_BatchZeroStateAccountBitsIsC...
The rest of the test output was removed since it exceeds the threshold of 1024 bytes.
</system-out>
	</testcase>
	<testcase name="test-smartcont" classname="test-smartcont" time="13.9872" status="run">
		<system-out>Running test Test_Toslib_WalletV3...
[NON-XML-CHAR-0x1B][0m[ 4][t 0][2026-09-10 00:24:19.386353769][words.cpp:3418]	import_cmdlist_args(aba,2)[NON-XML-CHAR-0x1B][0m
[NON-XML-CHAR-0x1B][0m[ 4][t 0][2026-09-10 00:24:19.407598720][SmartContract.cpp:358]	VM stack:
 [ 85143 ] [NON-XML-CHAR-0x1B][0m
[NON-XML-CHAR-0x1B][0m[ 4][t 0][2026-09-10 00:24:19.407646718][SmartContract.cpp:410]	VM log
execute SETCP 0
execute DICTPUSHCONST 19 (xC_,1)
execute DICTIGETJMPZ
execute PUSH c4
execute CTOS
execute PLDU 32
execute implicit RET[NON-XML-CHAR-0x1B][0m
[NON-XML-CHAR-0x1B][0m[ 4][t 0][2026-09-10 00:24:19.407653360][SmartContract.cpp:413]	VM stack:
 [ 0 ] [NON-XML-CHAR-0x1B][0m
[NON-XML-CHAR-0x1B][0m[ 4][t 0][2026-09-10 00:24:19.407658012][SmartContract.cpp:414]	VM exit code: 0[NON-XML-CHAR-0x1B][0m
[NON-XML-CHAR-0x1B][0m[ 4][t 0][2026-09-10 00:24:19.407661055][SmartContract.cpp:415]	VM accepted: true[NON-XML-CHAR-0x1B][0m
[NON-XML-CHAR-0x1B][0m[ 4][t 0][2026-09-10 00:24:19.407664224][SmartContract.cpp:416]	VM success: true[NON-XML-CHAR-0x1B][0m
[NON-XML-CHAR-0x1B][0m[ 4][t 0][2026-09-10 00:24:19.407667307][SmartContract.cpp:426]	output actions:
out_list_empty[NON-XML-CHAR-0x1B][0m
[NON-XML-CHAR-0x1B][0m[ 4][t 0][2026-09-10 00:24:19.407691150][SmartContract.cpp:358]	VM stack:
 [ 85143 ] [NON-XML-CHAR-0x1B][0m
[NON-XML-CHAR-0x1B][0m[ 4][t 0][2026-09-10 00:24:1...
The rest of the test output was removed since it exceeds the threshold of 1024 bytes.
</system-out>
	</testcase>
	<testcase name="test-net" classname="test-net" time="0.542764" status="run">
		<system-out>Running test Test_Net_PingPong...
[NON-XML-CHAR-0x1B][1;31m[ 1][t 2][2026-09-10 00:24:24.675277038][TcpListener.cpp:40][!TcpListener[port:11541]]	0.0.0.0 11541[NON-XML-CHAR-0x1B][0m
[NON-XML-CHAR-0x1B][1;31m[ 1][t 1][2026-09-10 00:24:24.676998932][TcpListener.cpp:40][!TcpListener[port:10799]]	0.0.0.0 10799[NON-XML-CHAR-0x1B][0m
PASS in 532.4ms
1 test(s) passed
</system-out>
	</testcase>
	<testcase name="test-tdactor" classname="test-tdactor" time="17.4243" status="run">
		<system-out>Running test Test_Actor_promise_callback_runs_at_most_once_when_it_throws...
PASS in 117.1us
Running test Test_Actor_promise...
PASS in 3757.0ns
Running test Test_Actor_safe_promise...
PASS in 2263.0ns
Running test Test_Actor_split_promise...
PASS in 13.6us
Running test Test_Actor_promise_future...
[NON-XML-CHAR-0x1B][1;31m[ 1][t 0][2026-09-10 00:24:19.112129286][PromiseFuture.h:383]	Lost PromiseFuture[NON-XML-CHAR-0x1B][0m
[NON-XML-CHAR-0x1B][1;31m[ 1][t 0][2026-09-10 00:24:19.112417477][actors_promise.cpp:220]	Second test[NON-XML-CHAR-0x1B][0m
PASS in 318.5us
Running test Test_Actor2_actor_lost_promise...
[NON-XML-CHAR-0x1B][1;31m[ 1][t 1][2026-09-10 00:24:19.114606291][actors_promise.cpp:259][!B]	![NON-XML-CHAR-0x1B][0m
[NON-XML-CHAR-0x1B][1;31m[ 1][t 1][2026-09-10 00:24:19.114686572][actors_promise.cpp:264][!B]	![NON-XML-CHAR-0x1B][0m
[NON-XML-CHAR-0x1B][1;31m[ 1][t 0][2026-09-10 00:24:19.114701077][actors_promise.cpp:270][!A]	FINISH[NON-XML-CHAR-0x1B][0m
[NON-XML-CHAR-0x1B][1;31m[ 1][t 0][2026-09-10 00:24:19.114716761][actors_promise.cpp:237][!A]	STOP[NON-XML-CHAR-0x1B][0m
PASS in 2630.9us
Running test Test_Actor2_MultiPromise...
PASS in 18.8us
Running test Test_Actor2_signals...
PASS in 315.0ns
Running test Test_Ac...
The rest of the test output was removed since it exceeds the threshold of 1024 bytes.
</system-out>
	</testcase>
	<testcase name="test-tdutils" classname="test-tdutils" time="130.975" status="run">
		<system-out>Running test Test_Buffer_buffer_builder...
PASS in 232.8us
Running test Test_ConcurrentHashMap_Benchmark...
[NON-XML-CHAR-0x1B][1;31m[ 1][t 0][2026-09-10 00:24:30.322068304][benchmark.h:136]	Bench [                      ConcurrrentHashMap]: 2087815.915[1824011.760-2351620.069] ops/sec,	479.0ns [d = 263804.154561][NON-XML-CHAR-0x1B][0m
[NON-XML-CHAR-0x1B][1;31m[ 1][t 0][2026-09-10 00:24:38.322148441][benchmark.h:136]	Bench [                      ConcurrrentHashMap]: 8362925.489[8332869.726-8392981.251] ops/sec,	119.6ns [d = 30055.762440][NON-XML-CHAR-0x1B][0m
[NON-XML-CHAR-0x1B][1;31m[ 1][t 0][2026-09-10 00:24:49.293187259][benchmark.h:136]	Bench [                            ArrayHashMap]: 14084398.438[14024084.476-14144712.400] ops/sec,	71.0ns [d = 60313.962454][NON-XML-CHAR-0x1B][0m
[NON-XML-CHAR-0x1B][1;31m[ 1][t 0][2026-09-10 00:24:57.879075908][benchmark.h:136]	Bench [                            ArrayHashMap]: 20606807.795[20278160.236-20935455.355] ops/sec,	48.5ns [d = 328647.559494][NON-XML-CHAR-0x1B][0m
[NON-XML-CHAR-0x1B][1;31m[ 1][t 0][2026-09-10 00:25:02.358704956][benchmark.h:136]	Bench [               ConcurrentHashMapSpinlock]: 54765.992[50365.249-59166.7...
The rest of the test output was removed since it exceeds the threshold of 1024 bytes.
</system-out>
	</testcase>
	<testcase name="test-toslib-offline" classname="test-toslib-offline" time="7.95315" status="run">
		<system-out>Running test Test_Toslib_CellString...
PASS in 550.1us
Running test Test_Toslib_Text...
x{00}
x{00}
x{00}
x{00}
x{00}
x{00}
x{00}
x{0200}
 x{0179}
x{0200}
 x{0179}
x{010179}
x{010179}
x{010179}
x{010179}
x{010179}
x{0200}
 x{0771636D6D617476}
x{0200}
 x{0771636D6D617476}
x{010771636D6D617476}
x{010771636D6D617476}
x{010771636D6D617476}
x{010771636D6D617476}
x{010771636D6D617476}
x{0200}
 x{08647464777A777468}
x{0200}
 x{08647464777A777468}
x{0108647464777A777468}
x{0108647464777A777468}
x{0108647464777A777468}
x{0108647464777A777468}
x{0108647464777A777468}
x{0200}
 x{23706C736C79746F6679766776776174656C6A7777666E72636B6A7677716F6A736C7162}
x{0200}
 x{23706C736C79746F6679766776776174656C6A7777666E72636B6A7677716F6A736C7162}
x{020D706C736C79746F667976677677}
 x{166174656C6A7777666E72636B6A7677716F6A736C7162}
x{0221706C736C79746F6679766776776174656C6A7777666E72636B6A7677716F6A736C}
 x{027162}
x{0123706C736C79746F6679766776776174656C6A7777666E72636B6A7677716F6A736C7162}
x{0123706C736C79746F6679766776776174656C6A...
The rest of the test output was removed since it exceeds the threshold of 1024 bytes.
</system-out>
	</testcase>
	<testcase name="test-func" classname="test-func" time="0.91269" status="run">
		<system-out>Found 29 tests
Running test 1/29: a10.fc
  OK, 4 cases
Running test 2/29: a6.fc
  OK, 1 cases
Running test 3/29: a6_1.fc
  OK, 6 cases
Running test 4/29: a6_5.fc
  OK, 4 cases
Running test 5/29: a7.fc
  OK, 6 cases
Running test 6/29: allow_post_modification.fc
  OK, 9 cases
Running test 7/29: asm_arg_order.fc
  OK, 12 cases
Running test 8/29: bit-operators.fc
  OK, 10 cases
Running test 9/29: c2.fc
  OK, 3 cases
Running test 10/29: c2_1.fc
  OK, 3 cases
Running test 11/29: co1.fc
  OK, 1 cases
Running test 12/29: code_after_ifelse.fc
  OK, 4 cases
Running test 13/29: inline_big.fc
  OK, 1 cases
Running test 14/29: inline_if.fc
  OK, 2 cases
Running test 15/29: inline_loops.fc
  OK, 1 cases
Running test 16/29: method_id.fc
  OK, 4 cases
Running test 17/29: s1.fc
  OK, 1 cases
Running test 18/29: test-math.fc
  OK, 55 cases
Running test 19/29: try-func.fc
  OK, 15 cases
Running test 20/29: unbalanced_ret.fc
  OK, 3 cases
Running test 21/29: unbalanced_ret_inline.fc
  OK, 3 cases
Running test 22/29: unbalanced_r...
The rest of the test output was removed since it exceeds the threshold of 1024 bytes.
</system-out>
	</testcase>
	<testcase name="test-func-legacy" classname="test-func-legacy" time="1.24501" status="run">
		<system-out>  Running test 1/19: elector/elector-code.fc
  OK  
  Running test 2/19: config/config-code.fc
  OK  
  Running test 3/19: eth-bridge-multisig/multisig-code.fc
  OK  
  Running test 4/19: bsc-bridge-collector/votes-collector.fc
  OK  
  Running test 5/19: uni-lock-wallet/uni-lockup-wallet.fc
  OK  
  Running test 6/19: nft-collection/nft-collection-editable.fc
  OK  
  Running test 7/19: dns-collection/nft-collection.fc
  OK  
  Running test 8/19: tele-nft-item/nft-item.fc
  OK  
  Running test 9/19: storage/storage-contract.fc
  OK  
  Running test 10/19: storage/storage-provider.fc
  OK  
  Running test 11/19: nominator-pool/pool.fc
  OK  
  Running test 12/19: jetton-minter/jetton-minter.fc
  OK  
  Running test 13/19: gg-marketplace/nft-marketplace-v2.fc
  OK  
  Running test 14/19: jetton-wallet/jetton-wallet.fc
  OK  
  Running test 15/19: whales-nominators/nominators.fc
  OK  
  Running test 16/19: tact-examples/treasure_Treasure.code.fc
  OK  
  Running test 17/19: tact-examples/jetton_SampleJetton.co...
The rest of the test output was removed since it exceeds the threshold of 1024 bytes.
</system-out>
	</testcase>
	<testcase name="test-tol" classname="test-tol" time="11.5483" status="run">
		<system-out>Found 669 tests
Running test 1/669: a-tests.tol
  OK, 1 cases
Running test 2/669: allow-post-modification.tol
  OK, 21 cases
Running test 3/669: annotations-tests.tol
  OK, 1 cases
Running test 4/669: arrays-tuples-tests.tol
  OK, 54 cases
Running test 5/669: asm-arg-order.tol
  OK, 23 cases
Running test 6/669: assignment-tests.tol
  OK, 14 cases
Running test 7/669: bit-operators.tol
  OK, 23 cases
Running test 8/669: build-addr-tests.tol
  OK, 17 cases
Running test 9/669: bytesN-tests.tol
  OK, 2 cases
Running test 10/669: calls-tests.tol
  OK, 19 cases
Running test 11/669: cells-slices.tol
  OK, 47 cases
Running test 12/669: codegen-check-demo.tol
  OK, 3 cases
Running test 13/669: comments-tests.tol
  OK, 2 cases
Running test 14/669: comments.tol
  OK, 2 cases
Running test 15/669: constants-tests.tol
  OK, 23 cases
Running test 16/669: contract-deploy-get-address-positive.tol
  OK, 1 cases
Running test 17/669: contract-deploy-multiple.tol
  OK, stderr match
Running test 18/669: contract-deploy-on-field-rej...
The rest of the test output was removed since it exceeds the threshold of 1024 bytes.
</system-out>
	</testcase>
	<testcase name="test-adnl" classname="test-adnl" time="27.4748" status="run">
		<system-out>[NON-XML-CHAR-0x1B][1;31m[ 1][t 0][2026-09-10 00:24:23.245135586][test-adnl.cpp:136]	Encrypted 10000 of 1KiB packets. Time=4.132419[NON-XML-CHAR-0x1B][0m
[NON-XML-CHAR-0x1B][1;31m[ 1][t 0][2026-09-10 00:24:25.884291052][test-adnl.cpp:151]	Encrypted 10000 of 1KiB packets with one key. Time=2.638915[NON-XML-CHAR-0x1B][0m
[NON-XML-CHAR-0x1B][1;31m[ 1][t 0][2026-09-10 00:24:29.088988735][test-adnl.cpp:164]	Signed 10000 of 1KiB packets. Time=3.204682[NON-XML-CHAR-0x1B][0m
[NON-XML-CHAR-0x1B][1;31m[ 1][t 0][2026-09-10 00:24:30.930847881][test-adnl.cpp:178]	Signed 10000 of 1KiB packets with one key. Time=1.841836[NON-XML-CHAR-0x1B][0m
[NON-XML-CHAR-0x1B][1;31m[ 1][t 0][2026-09-10 00:24:31.032026633][test-adnl.cpp:244]	Ed25519 version is 810549328[NON-XML-CHAR-0x1B][0m
[NON-XML-CHAR-0x1B][1;31m[ 1][t 0][2026-09-10 00:24:31.032078104][test-adnl.cpp:245]	testing delivering of all packets[NON-XML-CHAR-0x1B][0m
[NON-XML-CHAR-0x1B][1;31m[ 1][t 0][2026-09-10 00:24:34.035980894][test-adnl.cpp:271]	successfully tested delivering of packets of various sizes. Time=3.003919[NON-XML-CHAR-0x1B][0m
[NON-XML-CHAR-0x1B][1;31m[ 1][t 0][2026-09-10 00:24:35.037475297][test-adnl.cpp:287]	testing with channels enabled[NON-XML-CHAR-0x1B][0m
[NON-XML-CHAR-0x1B][1;31m[ 1][t 0][2026-09-10 00:24:36.088698208][test-adnl.cpp:306]	successfully t...
The rest of the test output was removed since it exceeds the threshold of 1024 bytes.
</system-out>
	</testcase>
	<testcase name="test-dht" classname="test-dht" time="12.0583" status="run">
		<system-out>[NON-XML-CHAR-0x1B][1;31m[ 1][t 0][2026-09-10 00:24:19.746115220][test-dht.cpp:162]	testing DHT self-node error propagation and retry[NON-XML-CHAR-0x1B][0m
[NON-XML-CHAR-0x1B][1;31m[ 1][t 0][2026-09-10 00:24:19.946622586][test-dht.cpp:197]	DHT self-node error propagation and retry succeeded[NON-XML-CHAR-0x1B][0m
[NON-XML-CHAR-0x1B][1;31m[ 1][t 0][2026-09-10 00:24:19.946659504][test-dht.cpp:199]	testing different values[NON-XML-CHAR-0x1B][0m
[NON-XML-CHAR-0x1B][1;31m[ 1][t 0][2026-09-10 00:24:19.983203993][test-dht.cpp:438]	success[NON-XML-CHAR-0x1B][0m
[NON-XML-CHAR-0x1B][1;31m[ 1][t 0][2026-09-10 00:24:19.983221877][test-dht.cpp:440]	empty run[NON-XML-CHAR-0x1B][0m
[NON-XML-CHAR-0x1B][1;31m[ 1][t 0][2026-09-10 00:24:30.149667951][test-dht.cpp:448]	success[NON-XML-CHAR-0x1B][0m
[NON-XML-CHAR-0x1B][1;31m[ 1][t 0][2026-09-10 00:24:30.167761865][test-dht.cpp:476]	stores[NON-XML-CHAR-0x1B][0m
[NON-XML-CHAR-0x1B][1;31m[ 1][t 0][2026-09-10 00:24:30.411521348][test-dht.cpp:486]	success[NON-XML-CHAR-0x1B][0m
[NON-XML-CHAR-0x1B][1;31m[ 1][t 0][2026-09-10 00:24:30.411658960][test-dht.cpp:510]	gets[NON-XML-CHAR-0x1B][0m
[NON-XML-CHAR-0x1B][1;31m[ 1][t 0][2026-09-10 00:24:31.169314126][test-dht.cpp:520]	success[NON-XML-CHAR-0x1B][0m
</system-out>
	</testcase>
	<testcase name="test-rldp2" classname="test-rldp2" time="5.3442" status="run">
		<system-out>[NON-XML-CHAR-0x1B][1;31m[ 1][t 0][2026-09-10 00:24:19.375492576][test-rldp2.cpp:53]	testing OutQuery answer-size boundary directly[NON-XML-CHAR-0x1B][0m
[NON-XML-CHAR-0x1B][1;31m[ 1][t 0][2026-09-10 00:24:19.375817289][test-rldp2.cpp:85]	success[NON-XML-CHAR-0x1B][0m
[NON-XML-CHAR-0x1B][1;31m[ 1][t 0][2026-09-10 00:24:19.378432379][test-rldp2.cpp:187]	testing delivering of packet of size 1[NON-XML-CHAR-0x1B][0m
[NON-XML-CHAR-0x1B][1;31m[ 1][t 0][2026-09-10 00:24:19.410615856][test-rldp2.cpp:210]	success. Time=0.032185[NON-XML-CHAR-0x1B][0m
[NON-XML-CHAR-0x1B][1;31m[ 1][t 0][2026-09-10 00:24:19.410650115][test-rldp2.cpp:187]	testing delivering of packet of size 1024[NON-XML-CHAR-0x1B][0m
[NON-XML-CHAR-0x1B][1;31m[ 1][t 0][2026-09-10 00:24:19.411530136][test-rldp2.cpp:210]	success. Time=0.000878[NON-XML-CHAR-0x1B][0m
[NON-XML-CHAR-0x1B][1;31m[ 1][t 0][2026-09-10 00:24:19.411542652][test-rldp2.cpp:187]	testing delivering of packet of size 1048576[NON-XML-CHAR-0x1B][0m
[NON-XML-CHAR-0x1B][1;31m[ 1][t 0][2026-09-10 00:24:19.453900459][test-rldp2.cpp:210]	success. Time=0.042372[NON-XML-CHAR-0x1B][0m
[NON-XML-CHAR-0x1B][1;31m[ 1][t 0][2026-09-10 00:24:19.453933643][test-rldp2.cpp:187]	testing delivering of packet of size 2097152[NON-XML-CHAR-0x1B][0m
[NON-XML-CHAR-0x1B][1;31m[ 1][t 0][2026-09-10 00:24:19.531406453][test-rldp2.cpp:210]	success. Time=0...
The rest of the test output was removed since it exceeds the threshold of 1024 bytes.
</system-out>
	</testcase>
	<testcase name="test-rldp2-connection-cap" classname="test-rldp2-connection-cap" time="0.0497235" status="run">
		<system-out>[NON-XML-CHAR-0x1B][1;31m[ 1][t 0][2026-09-10 00:24:25.398850284][test-rldp2-connection-cap.cpp:152]	presented 5000 distinct peers to one local id: 4096 connections live (4064 flooded, 32 quiet), 936 evicted[NON-XML-CHAR-0x1B][0m
[NON-XML-CHAR-0x1B][1;31m[ 1][t 0][2026-09-10 00:24:25.400665745][test-rldp2-connection-cap.cpp:189]	success[NON-XML-CHAR-0x1B][0m
</system-out>
	</testcase>
	<testcase name="test-rldp2-query-eviction" classname="test-rldp2-query-eviction" time="3.08497" status="run">
		<system-out>[NON-XML-CHAR-0x1B][1;31m[ 1][t 0][2026-09-10 00:24:19.473395096][test-rldp2-query-eviction.cpp:139][!rldp]	after the flood: 4096 live, 1905 evicted, 1 queries still pending[NON-XML-CHAR-0x1B][0m
[NON-XML-CHAR-0x1B][1;31m[ 1][t 0][2026-09-10 00:24:20.987055580][test-rldp2-query-eviction.cpp:187]	after forcing the eviction: query answered=true with_error=true, 0 queries still pending[NON-XML-CHAR-0x1B][0m
[NON-XML-CHAR-0x1B][1;31m[ 1][t 0][2026-09-10 00:24:22.368189137][test-rldp2-query-eviction.cpp:232]	after flooding queries: 8192 pending, 64 refused[NON-XML-CHAR-0x1B][0m
[NON-XML-CHAR-0x1B][1;31m[ 1][t 0][2026-09-10 00:24:22.397157327][test-rldp2-query-eviction.cpp:251]	success[NON-XML-CHAR-0x1B][0m
[NON-XML-CHAR-0x1B][1;31m[ 1][t 0][2026-09-10 00:24:22.404708865][adnl-peer.cpp:394]	[peerpair FNCvcx/E9EaerRgVokidjsWMtXkAhxdIvswPCgHOcRU=-BNfmvefdsdX0f5gQzg0NIGEJqOOMrH/Ku8NFPDdZwVs=]: dropping OUT message: error while creating packet: [Error : 0 : Lost promise][NON-XML-CHAR-0x1B][0m
[NON-XML-CHAR-0x1B][1;31m[ 1][t 0][2026-09-10 00:24:22.404726825][adnl-peer.cpp:394]	[peerpair FNCvcx/E9EaerRgVokidjsWMtXkAhxdIvswPCgHOcRU=-BNfmvefdsdX0f5gQzg0NIGEJqOOMrH/Ku8NFPDdZwVs=]: dropping OUT message: error while cre...
The rest of the test output was removed since it exceeds the threshold of 1024 bytes.
</system-out>
	</testcase>
	<testcase name="test-rldp-http-proxy-routing" classname="test-rldp-http-proxy-routing" time="0.026591" status="run">
		<system-out>Running test Test_RldpHttpProxyDns_lifecycle_fails_closed_under_auction...
PASS in 1307.0ns
Running test Test_RldpHttpProxyDns_lifecycle_fails_closed_when_overdue_or_clockless...
PASS in 149.0ns
Running test Test_RldpHttpProxyDns_domain_item_is_the_canonical_third_hop_not_the_last...
PASS in 4708.0ns
Running test Test_RldpHttpProxyDns_loaded_contract_cleanup_runs_exactly_once_on_every_exit...
PASS in 580.0ns
Running test Test_RldpHttpProxyDns_lifecycle_returns_the_renewal_deadline...
PASS in 156.0ns
Running test Test_RldpHttpProxyDns_cache_expiry_never_outlives_the_lease...
PASS in 264.0ns
Running test Test_RldpHttpProxyDns_checkpoint_identity_detects_progress_and_reorganization...
PASS in 1063.0ns
Running test Test_RldpHttpProxyDns_cache_evicts_expired_first_then_stalest...
PASS in 498.0us
8 test(s) passed
</system-out>
	</testcase>
	<testcase name="test-overlay-peer-cleanup" classname="test-overlay-peer-cleanup" time="0.0391689" status="run">
		<system-out>Running test Test_Overlay_PlumtreePeerCleanup...
PASS in 20.7us
Running test Test_Overlay_DelPeerCleansPlumtreeState...
[NON-XML-CHAR-0x1B][0m[ 4][t 0][2026-09-10 00:24:25.541371232][overlay.cpp:122][&amp;OVERLAY_INFO]	[overlay U/AkG3XfVDued5/u1lKHt8gV1EOH6PVrjK52XRjAFPw=@bGxsbGxsbGxsbGxsbGxsbGxsbGxsbGxsbGxsbGxsbGw=]: creating[NON-XML-CHAR-0x1B][0m
[NON-XML-CHAR-0x1B][0m[ 5][t 0][2026-09-10 00:24:25.541714495][overlay-peers.cpp:46][&amp;OVERLAY_DEBUG]	[overlay U/AkG3XfVDued5/u1lKHt8gV1EOH6PVrjK52XRjAFPw=@bGxsbGxsbGxsbGxsbGxsbGxsbGxsbGxsbGxsbGxsbGw=]: deleting peer cHBwcHBwcHBwcHBwcHBwcHBwcHBwcHBwcHBwcHBwcHA=[NON-XML-CHAR-0x1B][0m
PASS in 1684.7us
2 test(s) passed
</system-out>
	</testcase>
	<testcase name="test-download-state-budget" classname="test-download-state-budget" time="7.39334" status="run">
		<system-out>[NON-XML-CHAR-0x1B][1;33m[ 2][t 0][2026-09-10 00:24:19.150485674][state-download-buffer.cpp:923]	removed residual persistent state tempfile /tmp/tos-test-download-h02-cleanup-519206/persistent-state/something.partial (age 0s)[NON-XML-CHAR-0x1B][0m
[NON-XML-CHAR-0x1B][1;33m[ 2][t 0][2026-09-10 00:24:19.150809705][state-download-buffer.cpp:882]	preserving CellDb streaming-import rollback manifest for startup replay: /tmp/tos-test-download-h02-cleanup-519206/persistent-state/state.boc.celldb-rollback.12345.partial[NON-XML-CHAR-0x1B][0m
[NON-XML-CHAR-0x1B][1;33m[ 2][t 0][2026-09-10 00:24:20.281048388][state-download-buffer.cpp:923]	removed residual persistent state tempfile /tmp/tos-test-h02-cleanup-race-519206/persistent-state/old.partial (age 300s)[NON-XML-CHAR-0x1B][0m
[NON-XML-CHAR-0x1B][1;36m[ 3][t 0][2026-09-10 00:24:20.281075419][state-download-buffer.cpp:901]	skipping recent persistent state tempfile /tmp/tos-test-h02-cleanup-race-519206/persistent-state/recent.partial (age 0s &lt; threshold 60s)[NON-XML-CHAR-0x1B][0m
[NON-XML-CHAR-0x1B][1;33m[ 2][t 0][2026-09-10 00:24:21.693991431][state-download-buffer.cpp:923]	removed residual persistent state tempfile /tmp/tos-te...
The rest of the test output was removed since it exceeds the threshold of 1024 bytes.
</system-out>
	</testcase>
	<testcase name="test-download-next-blocks-validation" classname="test-download-next-blocks-validation" time="0.0368164" status="run">
		<system-out>test-download-next-blocks-validation: nextBlocksFull batch-shape regression
test-download-next-blocks-validation: OK
</system-out>
	</testcase>
	<testcase name="test-ext-message-pool" classname="test-ext-message-pool" time="0.0290153" status="run">
		<system-out>Running test Test_ExtMessagePool_RejectsAdmissionBeforeMasterchainState...
PASS in 21.9us
Running test Test_ExtMessageChecker_RejectsMalformedBagOfCellsBeforeStateLookup...
PASS in 21.4us
Running test Test_ExtMessageChecker_ParsesValidMessageBeforeStateLookup...
PASS in 5023.0ns
3 test(s) passed
</system-out>
	</testcase>
	<testcase name="test-msg-envelope" classname="test-msg-envelope" time="0.0389519" status="run">
		<system-out>Running test Test_MsgEnvelope_RequiresCanonicalV2...
PASS in 210.6us
1 test(s) passed
</system-out>
	</testcase>
	<testcase name="test-rate-limiter" classname="test-rate-limiter" time="0.0394782" status="run">
		<system-out>Running test Test_RateLimiter_CategoryWindowIsShared...
PASS in 13.5us
Running test Test_RateLimiter_HeavyExhaustsWindowByCost...
PASS in 4853.0ns
Running test Test_RateLimiter_SmallBypassesGlobalWindow...
PASS in 3873.0ns
Running test Test_RateLimiter_GlobalWindowCapsAcrossCategories...
PASS in 2449.0ns
Running test Test_RateLimiter_UnlistedRequestIsNotLimited...
PASS in 1846.0ns
Running test Test_RateLimiter_WindowSlides...
PASS in 2145.0ns
Running test Test_RateLimiter_ZeroCostCountsAsOne...
PASS in 1649.0ns
7 test(s) passed
</system-out>
	</testcase>
	<testcase name="test-config-transition" classname="test-config-transition" time="0.0105029" status="run">
		<system-out>Running test Test_ConfigTransition_unchanged_configuration_is_accepted...
[NON-XML-CHAR-0x1B][0m[ 4][t 0][2026-09-10 00:24:25.687422171][mc-config.cpp:572]	workchain description dictionary created[NON-XML-CHAR-0x1B][0m
[NON-XML-CHAR-0x1B][0m[ 4][t 0][2026-09-10 00:24:25.687668261][mc-config.cpp:2347]	unpacked info for workchain 0: basic=true, active=true, accept_msgs=true, min_split=0, max_split=4[NON-XML-CHAR-0x1B][0m
[NON-XML-CHAR-0x1B][0m[ 4][t 0][2026-09-10 00:24:25.687679897][mc-config.cpp:572]	workchain description dictionary created[NON-XML-CHAR-0x1B][0m
[NON-XML-CHAR-0x1B][0m[ 4][t 0][2026-09-10 00:24:25.687684387][mc-config.cpp:2347]	unpacked info for workchain 0: basic=true, active=true, accept_msgs=true, min_split=0, max_split=4[NON-XML-CHAR-0x1B][0m
PASS in 1225.4us
Running test Test_ConfigTransition_adding_a_workchain_is_accepted...
[NON-XML-CHAR-0x1B][0m[ 4][t 0][2026-09-10 00:24:25.687737470][mc-config.cpp:572]	workchain description dictionary created[NON-XML-CHAR-0x1B][0m
[NON-XML-CHAR-0x1B][0m[ 4][t 0][2026-09-10 00:24:25.687741645][mc-config.cpp:2347]	unpacked info for workchain 0: basic=true, active=true, accept_msgs=true, min_split=0, max_split=4[NON-XML-CHAR-0x1B][0m
[NON-XML-CHAR-0x1B][0m[ 4][t 0][2026-09-10 00:24:25...
The rest of the test output was removed since it exceeds the threshold of 1024 bytes.
</system-out>
	</testcase>
	<testcase name="test-json-rpc-parse" classname="test-json-rpc-parse" time="0.040511" status="run">
		<system-out>Running test Test_JsonRpcParse_result_stack_round_trip...
PASS in 197.2us
Running test Test_JsonRpcParse_result_stack_rejects_garbage_boc...
PASS in 3391.0ns
Running test Test_JsonRpcParse_result_stack_rejects_exotic_root...
PASS in 5476.0ns
Running test Test_JsonRpcParse_result_stack_rejects_slice_over_exotic_cell...
PASS in 61.0us
Running test Test_JsonRpcParse_multisig_keys_happy_path...
PASS in 10.7us
Running test Test_JsonRpcParse_multisig_keys_empty_dictionary...
PASS in 438.0ns
Running test Test_JsonRpcParse_multisig_keys_rejects_short_entry...
PASS in 1632.0ns
Running test Test_JsonRpcParse_multisig_keys_rejects_malformed_dictionary...
PASS in 9637.0ns
Running test Test_JsonRpcParse_multisig_keys_rejects_exotic_root...
PASS in 8394.0ns
Running test Test_JsonRpcParse_restricted_wallet_start_at...
PASS in 920.0ns
Running test Test_JsonRpcParse_restricted_wallet_start_at_short_cell_is_zero...
PASS in 537.0ns
Running test Test_JsonRpcParse_restricted_wallet_start_at_rejects_null_and_exotic...
PASS in 580....
The rest of the test output was removed since it exceeds the threshold of 1024 bytes.
</system-out>
	</testcase>
	<testcase name="test-http-server-limits" classname="test-http-server-limits" time="2.02736" status="run">
		<system-out>Running test Test_HttpServerLimits_connection_cap_refuses_extra_connections_and_recovers...
[NON-XML-CHAR-0x1B][1;31m[ 1][t 0][2026-09-10 00:24:19.463728316][TcpListener.cpp:40][!TcpListener[port:58205]]	127.0.0.1 58205[NON-XML-CHAR-0x1B][0m
[NON-XML-CHAR-0x1B][0m[ 4][t 0][2026-09-10 00:24:19.484105902][http-connection.cpp:33][!inhttpconn]	loop(): in=0 out=0[NON-XML-CHAR-0x1B][0m
[NON-XML-CHAR-0x1B][0m[ 4][t 0][2026-09-10 00:24:19.484138759][BufferedFd.h:221][!inhttpconn]	Flush read: +35B[total:35B][NON-XML-CHAR-0x1B][0m
[NON-XML-CHAR-0x1B][0m[ 4][t 0][2026-09-10 00:24:19.484213979][BufferedFd.h:155][!inhttpconn]	Nothing to write to [fd:9][NON-XML-CHAR-0x1B][0m
[NON-XML-CHAR-0x1B][0m[ 4][t 0][2026-09-10 00:24:19.484225352][http-connection.cpp:33][!inhttpconn]	loop(): in=0 out=0[NON-XML-CHAR-0x1B][0m
[NON-XML-CHAR-0x1B][0m[ 4][t 0][2026-09-10 00:24:19.484234949][BufferedFd.h:155][!inhttpconn]	Nothing to write to [fd:9][NON-XML-CHAR-0x1B][0m
[NON-XML-CHAR-0x1B][0m[ 4][t 0][2026-09-10 00:24:19.484246294][http-connection.cpp:33][!inhttpconn]	loop(): in=0 out=0[NON-XML-CHAR-0x1B][0m
[NON-XML-CHAR-0x1B][0m[ 4][t 0][2026-09-10 00:24:19.484256984][BufferedFd.h:155][!inhttpconn]	Nothing to write to [fd:9][NON-XML-CHAR-0x1B][0m
[NON-XML-CHAR-0x1B][0m[ 4][t 0][2026-09-10 00:24:19.484267724][http-connection.cpp:33][!inht...
The rest of the test output was removed since it exceeds the threshold of 1024 bytes.
</system-out>
	</testcase>
	<testcase name="test-wallet-message-processor" classname="test-wallet-message-processor" time="0.0374895" status="run">
		<system-out>Running test Test_WalletMessageProcessor_admission_table_tracks_compiled_wallet_code...
PASS in 415.4us
Running test Test_WalletMessageProcessor_network_bound_layouts_parse_seqno_and_valid_until...
PASS in 22.1us
Running test Test_WalletMessageProcessor_wallet_seqno_round_trip...
PASS in 4411.0ns
3 test(s) passed
</system-out>
	</testcase>
	<testcase name="test-vm-exception-hardening" classname="test-vm-exception-hardening" time="0.0337709" status="run">
		<system-out>Running test Test_VmExceptionHardening_ConvertsEverySupportedExceptionToStatus...
PASS in 557.2us
Running test Test_TlbNullCellHardening_RejectsNullCellsBeforeUnpacking...
PASS in 591.0ns
Running test Test_TlbNullCellHardening_PreservesNonNullUnpacking...
PASS in 161.2us
Running test Test_MasterchainStateHardening_RejectsMalformedExtraAfterHeaderInitialization...
[NON-XML-CHAR-0x1B][1;33m[ 2][t 0][2026-09-10 00:24:25.658535040][mc-config.cpp:165]	state extra information is invalid: x{}
PRINTING FAILED[NON-XML-CHAR-0x1B][0m
PASS in 174.9us
4 test(s) passed
</system-out>
	</testcase>
	<testcase name="test-celldb-streaming-import" classname="test-celldb-streaming-import" time="0.0237858" status="run">
		<system-out>[NON-XML-CHAR-0x1B][0m[ 4][t 0][2026-09-10 00:24:25.416660826][state-download-buffer.cpp:1131]	CellDbStreamingSink finished parse of 127 cell(s); root=C003143D8578FF35773280F44D3E20EBE5F875BB1258EA64921E31C787A4E27F (awaiting commit_after_root_verified)[NON-XML-CHAR-0x1B][0m
[NON-XML-CHAR-0x1B][0m[ 4][t 0][2026-09-10 00:24:25.418496480][state-download-buffer.cpp:1131]	CellDbStreamingSink finished parse of 399 cell(s); root=603D0B6D694895A7ABF3BB516FA53C45310DDA790AE1BF0E438EA68A28EF631F (awaiting commit_after_root_verified)[NON-XML-CHAR-0x1B][0m
[NON-XML-CHAR-0x1B][1;36m[ 3][t 0][2026-09-10 00:24:25.418670186][state-download-buffer.cpp:1195]	CellDbStreamingSink committed 399 cell(s); root=603D0B6D694895A7ABF3BB516FA53C45310DDA790AE1BF0E438EA68A28EF631F[NON-XML-CHAR-0x1B][0m
[NON-XML-CHAR-0x1B][0m[ 4][t 0][2026-09-10 00:24:25.419945852][state-download-buffer.cpp:1131]	CellDbStreamingSink finished parse of 199 cell(s); root=6A38690B2F7D9A217AC0C6B4DEF96B62A38E110840E075A10F4C99FDDDA3F3CB (awaiting commit_after_root_verified)[NON-XML-CHAR-0x1B][0m
[NON-XML-CHAR-0x1B][1;36m[ 3][t 0][2026-09-10 00:24:25.419997804][state-download-buffer.cpp:1195]	CellDbStreamingSink committ...
The rest of the test output was removed since it exceeds the threshold of 1024 bytes.
</system-out>
	</testcase>
	<testcase name="test-celldb-actor-restart" classname="test-celldb-actor-restart" time="1.23132" status="run">
		<system-out>[NON-XML-CHAR-0x1B][1;33m[ 2][t 1][2026-09-10 00:24:22.483226299][celldb.cpp:371][!celldbin]	Using V1 DynamicBagOfCells with options V1{}[NON-XML-CHAR-0x1B][0m
[NON-XML-CHAR-0x1B][1;36m[ 3][t 1][2026-09-10 00:24:22.497028414][celldb.cpp:251][!celldbin]	Validating metadata[NON-XML-CHAR-0x1B][0m
[NON-XML-CHAR-0x1B][1;36m[ 3][t 1][2026-09-10 00:24:22.497069242][celldb.cpp:307][!celldbin]	Validating metadata: OK[NON-XML-CHAR-0x1B][0m
[NON-XML-CHAR-0x1B][1;33m[ 2][t 1][2026-09-10 00:24:22.502000730][celldb.cpp:371][!celldbin]	Using V1 DynamicBagOfCells with options V1{}[NON-XML-CHAR-0x1B][0m
[NON-XML-CHAR-0x1B][1;33m[ 2][t 1][2026-09-10 00:24:22.510271967][celldb.cpp:2537][!celldbin]	CellDbIn found 1 residual streaming-import rollback manifest(s) and 0 adopted marker(s), plus 0 committed manifest(s); replaying only unadopted manifests before metadata validation[NON-XML-CHAR-0x1B][0m
[NON-XML-CHAR-0x1B][1;33m[ 2][t 1][2026-09-10 00:24:22.511677168][celldb.cpp:2484][!celldbin]	CellDbIn replayed streaming import rollback manifest /tmp/tos-test-celldb-actor-restart-537176-unadopted/tmp/persistent-state/state.celldb-rollback.test.partial reason="startup recovery after interrupted streaming import" processed=1 era...
The rest of the test output was removed since it exceeds the threshold of 1024 bytes.
</system-out>
	</testcase>
	<testcase name="test-validator-options" classname="test-validator-options" time="0.030217" status="run">
		<system-out></system-out>
	</testcase>
	<testcase name="test-full-node-shard-routing" classname="test-full-node-shard-routing" time="0.02118" status="run">
		<system-out>Running test Test_FullNodeShardRouting_ForeignWorkchainAndIsolation...
PASS in 3424.0ns
Running test Test_FullNodeShardRouting_IndependentDepthAndHistoricalParents...
PASS in 2005.0ns
2 test(s) passed
</system-out>
	</testcase>
	<testcase name="test-uno-state-snapshot" classname="test-uno-state-snapshot" time="31.9273" status="run">
		<system-out>Running test Test_UnoStateSnapshot_CellRecordDeltaAccounting...
PASS in 14.2us
Running test Test_UnoStateSnapshot_GrowingStateRetainsSharedCellsAfterRootRelease...
[NON-XML-CHAR-0x1B][1;33m[ 2][t 0][2026-09-10 00:24:19.423804109][test-uno-state-snapshot.cpp:1015]	Root retention database: /tmp/uno-root-retention-cUU2XG (removed on success, retained on failure)[NON-XML-CHAR-0x1B][0m
CELL_RECORD_DELTA,0,134,12090,0,0,0,0
[NON-XML-CHAR-0x1B][0m[ 4][t 0][2026-09-10 00:24:19.483437414][transaction.cpp:616]	unpacking account 0000000000000000000000000000000000000000000000000000000000000000[NON-XML-CHAR-0x1B][0m
[NON-XML-CHAR-0x1B][0m[ 4][t 0][2026-09-10 00:24:19.483467636][transaction.cpp:449]	last_paid=0; cells=0 bits=0[NON-XML-CHAR-0x1B][0m
[NON-XML-CHAR-0x1B][0m[ 4][t 0][2026-09-10 00:24:19.483477187][transaction.cpp:679]	end of Account.unpack() for 2:0000000000000000000000000000000000000000000000000000000000000000 (balance = 0ng ; last_trans_lt = 1..2)[NON-XML-CHAR-0x1B][0m
[NON-XML-CHAR-0x1B][1;36m[ 3][t 0][2026-09-10 00:24:19.483620612][test-uno-state-snapshot.cpp:1100]	Root retention epoch=0 fixture_keys=64 roots=1 live_cells=134[NON-XML-CHAR-0x1B][0m
[NON-XML-CHAR-0x1B][0m[ 4][t 0][2026-09-10 00:24:19.4...
The rest of the test output was removed since it exceeds the threshold of 1024 bytes.
</system-out>
	</testcase>
	<testcase name="test-counter-genesis-domain" classname="test-counter-genesis-domain" time="0.168435" status="run">
		<system-out>-- Public-key genesis domain guard verified before state creation
</system-out>
	</testcase>
	<testcase name="test-counter-python-harness" classname="test-counter-python-harness" time="6.92663" status="run">
		<system-out>============================= test session starts ==============================
platform linux -- Python 3.14.4, pytest-9.0.2, pluggy-1.6.0
rootdir: /home/tomi/tos
configfile: pyproject.toml
plugins: anyio-4.12.1, dash-4.0.0, asyncio-1.3.0
asyncio: mode=Mode.STRICT, debug=False, asyncio_default_fixture_loop_scope=None, asyncio_default_test_loop_scope=function
collected 35 items

test/tostester/test_counter_committee.py .....                           [ 14%]
test/tostester/test_counter_genesis.py ..........                        [ 42%]
test/tostester/test_counter_state_check.py ....................          [100%]

============================== 35 passed in 6.01s ==============================
</system-out>
	</testcase>
	<testcase name="test-uno-build-wiring" classname="test-uno-build-wiring" time="40.027" status="run">
		<system-out>...
----------------------------------------------------------------------
Ran 3 tests in 39.930s

OK
</system-out>
	</testcase>
	<testcase name="test-block-handle-flags" classname="test-block-handle-flags" time="0.0385337" status="run">
		<system-out></system-out>
	</testcase>
	<testcase name="test-keyring-temp-key" classname="test-keyring-temp-key" time="0.614841" status="run">
		<system-out></system-out>
	</testcase>
	<testcase name="test-collator-node-limits" classname="test-collator-node-limits" time="0.0552909" status="run">
		<system-out></system-out>
	</testcase>
	<testcase name="test-rldp2-connection-limits" classname="test-rldp2-connection-limits" time="0.0393684" status="run">
		<system-out>Running test Test_Rldp2ConnectionLimits_EvictsTheEntryClosestToExpiring...
PASS in 10.4us
Running test Test_Rldp2ConnectionLimits_EvictionKeepsBothViewsInStep...
PASS in 9161.0ns
Running test Test_Rldp2ConnectionLimits_RefreshingMovesAConnectionWithoutChangingTheCount...
PASS in 2151.0ns
Running test Test_Rldp2ConnectionLimits_AdmissionHoldsTheTableAtTheCap...
PASS in 103.0us
Running test Test_Rldp2ConnectionLimits_AdmissionIsANoOpBelowTheCap...
PASS in 1716.0ns
Running test Test_Rldp2ConnectionLimits_AdmissionRefusesRatherThanGrowWhenTheOrderIsLost...
PASS in 1009.0ns
Running test Test_Rldp2ConnectionLimits_AFloodedLocalIdRecyclesItsOwnInsteadOfTakingFromAnother...
PASS in 6381.0ns
Running test Test_Rldp2ConnectionLimits_AFloodCannotStarveAnotherLocalIdHoweverLongItRuns...
PASS in 177.3us
Running test Test_Rldp2ConnectionLimits_ALocalIdBelowItsShareTakesFromAnOverServedOne...
PASS in 3527.0ns
Running test Test_Rldp2ConnectionLimits_ASingleLocalIdBehavesAsPlainMostIdleEviction...
PASS in 2036.0ns
Running test...
The rest of the test output was removed since it exceeds the threshold of 1024 bytes.
</system-out>
	</testcase>
	<testcase name="test-promise-loss-contract" classname="test-promise-loss-contract" time="0.0403894" status="run">
		<system-out>Running test Test_PromiseLossContract_DestroyingAnUnfulfilledPromiseReportsAnError...
PASS in 3690.0ns
Running test Test_PromiseLossContract_AnAnsweredPromiseIsNotAnsweredAgainOnDestruction...
PASS in 363.0ns
Running test Test_PromiseLossContract_ThrowingAfterTakingOwnershipStillAnswersTheCaller...
PASS in 58.2us
3 test(s) passed
</system-out>
	</testcase>
	<testcase name="test-json-rpc-handler-guard" classname="test-json-rpc-handler-guard" time="0.0399044" status="run">
		<system-out>Running test Test_JsonRpcHandlerGuard_RunsWorkThatDoesNotThrow...
PASS in 1947.0ns
Running test Test_JsonRpcHandlerGuard_ContainsAVmError...
[NON-XML-CHAR-0x1B][1;33m[ 2][t 0][2026-09-10 00:24:25.577716203][json-rpc-handler-guard.h:40]	json-rpc: vm error raised VM error: cell underflow[NON-XML-CHAR-0x1B][0m
PASS in 438.0us
Running test Test_JsonRpcHandlerGuard_ContainsAVmVirtualizationError...
[NON-XML-CHAR-0x1B][1;33m[ 2][t 0][2026-09-10 00:24:25.578119474][json-rpc-handler-guard.h:42]	json-rpc: vm virt error raised VM virtualization error: prunned branch[NON-XML-CHAR-0x1B][0m
PASS in 13.7us
Running test Test_JsonRpcHandlerGuard_ContainsAStandardException...
[...]
The rest of the test output was removed since it exceeds the threshold of 1024 bytes.
</system-out>
	</testcase>
	<testcase name="test-consensus-simplex2-manager-ingress-adversarial" classname="test-consensus-simplex2-manager-ingress-adversarial" time="7.04419" status="run">
		<system-out>[NON-XML-CHAR-0x1B][1;33m[ 2][t 0][2026-09-10 00:24:19.143524494][candidate-codec.cpp:41][&amp;VALIDATOR_SESSION_BENCHMARK]	Broadcast_benchmark serialize_candidate block_id=808443C6B9992F1BE0A21619968AFCB1E9A5CEBAFFFE594C5C9F6285A7A95180 called_from=consensus time_sec=0.001172 compression=none original_size=46 compressed_size=46[NON-XML-CHAR-0x1B][0m
[NON-XML-CHAR-0x1B][1;33m[ 2][t 0][2026-09-10 00:24:19.143923997][candidate-codec.cpp:69][&amp;VALIDATOR_SESSION_BENCHMARK]	Broadcast_benchmark deserialize_candidate block_id=808443C6B9992F1BE0A21619968AFCB1E9A5CEBAFFFE594C5C9F6285A7A95180 called_from=consensus time_sec=0.000039 compression=none compressed_size=46[NON-XML-CHAR-0x1B][0m
[NON-XML-CHAR-0x1B][0m[ 4][t 0][2026-09-10 00:24:19.143973653][candidate-codec.cpp:126]	Compressing block candidate: 46 -&gt; 33[NON-XML-CHAR-0x1B][0m
[NON-XML-CHAR-0x1B][1;33m[ 2][t 0][2026-09-10 00:24:19.143977254][candidate-codec.cpp:127][&amp;VALIDATOR_SESSION_BENCHMARK]	Broadcast_benchmark serialize_candidate block_id=808443C6B9992F1BE0A21619968AFCB1E9A5CEBAFFFE594C5C9F6285A7A95180 called_from=test time_sec=0.000035 compression=compressed original_size=46 compresse...
The rest of the test output was removed since it exceeds the threshold of 1024 bytes.
</system-out>
	</testcase>
	<testcase name="test-consensus-simplex2-candidate-relay-eviction" classname="test-consensus-simplex2-candidate-relay-eviction" time="0.0571745" status="run">
		<system-out>[NON-XML-CHAR-0x1B][1;33m[ 2][t 0][2026-09-10 00:24:25.490285952][candidate-codec.cpp:41][&amp;VALIDATOR_SESSION_BENCHMARK]	Broadcast_benchmark serialize_candidate block_id=808443C6B9992F1BE0A21619968AFCB1E9A5CEBAFFFE594C5C9F6285A7A95180 called_from=consensus time_sec=0.000769 compression=none original_size=46 compressed_size=46[NON-XML-CHAR-0x1B][0m
[NON-XML-CHAR-0x1B][1;33m[ 2][t 0][2026-09-10 00:24:25.490565556][candidate-codec.cpp:69][&amp;VALIDATOR_SESSION_BENCHMARK]	Broadcast_benchmark deserialize_candidate block_id=808443C6B9992F1BE0A21619968AFCB1E9A5CEBAFFFE594C5C9F6285A7A95180 called_from=consensus time_sec=0.000013 compression=none compressed_size=46[NON-XML-CHAR-0x1B][0m
[NON-XML-CHAR-0x1B][0m[ 4][t 0][2026-09-10 00:24:25.490593227][candidate-codec.cpp:126]	Compressing block candidate: 46 -&gt; 33[NON-XML-CHAR-0x1B][0m
[NON-XML-CHAR-0x1B][1;33m[ 2][t 0][2026-09-10 00:24:25.490596983][candidate-codec.cpp:127][&amp;VALIDATOR_SESSION_BENCHMARK]	Broadcast_benchmark serialize_candidate block_id=808443C6B9992F1BE0A21619968AFCB1E9A5CEBAFFFE594C5C9F6285A7A95180 called_from=test time_sec=0.000018 compression=compressed original_size=46 compresse...
The rest of the test output was removed since it exceeds the threshold of 1024 bytes.
</system-out>
	</testcase>
	<testcase name="test-consensus-simplex2-state-resolver-cache-unit" classname="test-consensus-simplex2-state-resolver-cache-unit" time="0.0437834" status="run">
		<system-out>[NON-XML-CHAR-0x1B][1;33m[ 2][t 0][2026-09-10 00:24:25.459244763][candidate-codec.cpp:41][&amp;VALIDATOR_SESSION_BENCHMARK]	Broadcast_benchmark serialize_candidate block_id=808443C6B9992F1BE0A21619968AFCB1E9A5CEBAFFFE594C5C9F6285A7A95180 called_from=consensus time_sec=0.000747 compression=none original_size=46 compressed_size=46[NON-XML-CHAR-0x1B][0m
[NON-XML-CHAR-0x1B][1;33m[ 2][t 0][2026-09-10 00:24:25.459526723][candidate-codec.cpp:69][&amp;VALIDATOR_SESSION_BENCHMARK]	Broadcast_benchmark deserialize_candidate block_id=808443C6B9992F1BE0A21619968AFCB1E9A5CEBAFFFE594C5C9F6285A7A95180 called_from=consensus time_sec=0.000018 compression=none compressed_size=46[NON-XML-CHAR-0x1B][0m
[NON-XML-CHAR-0x1B][0m[ 4][t 0][2026-09-10 00:24:25.459557530][candidate-codec.cpp:126]	Compressing block candidate: 46 -&gt; 33[NON-XML-CHAR-0x1B][0m
[NON-XML-CHAR-0x1B][1;33m[ 2][t 0][2026-09-10 00:24:25.459561201][candidate-codec.cpp:127][&amp;VALIDATOR_SESSION_BENCHMARK]	Broadcast_benchmark serialize_candidate block_id=808443C6B9992F1BE0A21619968AFCB1E9A5CEBAFFFE594C5C9F6285A7A95180 called_from=test time_sec=0.000017 compression=compressed original_size=46 compresse...
The rest of the test output was removed since it exceeds the threshold of 1024 bytes.
</system-out>
	</testcase>
	<testcase name="test-consensus-simplex2-state-resolver-inflight-admission-unit" classname="test-consensus-simplex2-state-resolver-inflight-admission-unit" time="0.0429051" status="run">
		<system-out>[NON-XML-CHAR-0x1B][1;33m[ 2][t 0][2026-09-10 00:24:25.469344080][candidate-codec.cpp:41][&amp;VALIDATOR_SESSION_BENCHMARK]	Broadcast_benchmark serialize_candidate block_id=808443C6B9992F1BE0A21619968AFCB1E9A5CEBAFFFE594C5C9F6285A7A95180 called_from=consensus time_sec=0.000641 compression=none original_size=46 compressed_size=46[NON-XML-CHAR-0x1B][0m
[NON-XML-CHAR-0x1B][1;33m[ 2][t 0][2026-09-10 00:24:25.469558025][candidate-codec.cpp:69][&amp;VALIDATOR_SESSION_BENCHMARK]	Broadcast_benchmark deserialize_candidate block_id=808443C6B9992F1BE0A21619968AFCB1E9A5CEBAFFFE594C5C9F6285A7A95180 called_from=consensus time_sec=0.000010 compression=none compressed_size=46[NON-XML-CHAR-0x1B][0m
[NON-XML-CHAR-0x1B][0m[ 4][t 0][2026-09-10 00:24:25.469581511][candidate-codec.cpp:126]	Compressing block candidate: 46 -&gt; 33[NON-XML-CHAR-0x1B][0m
[NON-XML-CHAR-0x1B][1;33m[ 2][t 0][2026-09-10 00:24:25.469583990][candidate-codec.cpp:127][&amp;VALIDATOR_SESSION_BENCHMARK]	Broadcast_benchmark serialize_candidate block_id=808443C6B9992F1BE0A21619968AFCB1E9A5CEBAFFFE594C5C9F6285A7A95180 called_from=test time_sec=0.000013 compression=compressed original_size=46 compresse...
The rest of the test output was removed since it exceeds the threshold of 1024 bytes.
</system-out>
	</testcase>
	<testcase name="test-consensus-simplex2-skipped-slot-resolution-unit" classname="test-consensus-simplex2-skipped-slot-resolution-unit" time="0.044988" status="run">
		<system-out>[NON-XML-CHAR-0x1B][1;33m[ 2][t 0][2026-09-10 00:24:25.453175307][candidate-codec.cpp:41][&amp;VALIDATOR_SESSION_BENCHMARK]	Broadcast_benchmark serialize_candidate block_id=808443C6B9992F1BE0A21619968AFCB1E9A5CEBAFFFE594C5C9F6285A7A95180 called_from=consensus time_sec=0.000786 compression=none original_size=46 compressed_size=46[NON-XML-CHAR-0x1B][0m
[NON-XML-CHAR-0x1B][1;33m[ 2][t 0][2026-09-10 00:24:25.453448803][candidate-codec.cpp:69][&amp;VALIDATOR_SESSION_BENCHMARK]	Broadcast_benchmark deserialize_candidate block_id=808443C6B9992F1BE0A21619968AFCB1E9A5CEBAFFFE594C5C9F6285A7A95180 called_from=consensus time_sec=0.000017 compression=none compressed_size=46[NON-XML-CHAR-0x1B][0m
[NON-XML-CHAR-0x1B][0m[ 4][t 0][2026-09-10 00:24:25.453477058][candidate-codec.cpp:126]	Compressing block candidate: 46 -&gt; 33[NON-XML-CHAR-0x1B][0m
[NON-XML-CHAR-0x1B][1;33m[ 2][t 0][2026-09-10 00:24:25.453480647][candidate-codec.cpp:127][&amp;VALIDATOR_SESSION_BENCHMARK]	Broadcast_benchmark serialize_candidate block_id=808443C6B9992F1BE0A21619968AFCB1E9A5CEBAFFFE594C5C9F6285A7A95180 called_from=test time_sec=0.000017 compression=compressed original_size=46 compresse...
The rest of the test output was removed since it exceeds the threshold of 1024 bytes.
</system-out>
	</testcase>
	<testcase name="test-consensus-simplex2-candidate-resolver-retention-unit" classname="test-consensus-simplex2-candidate-resolver-retention-unit" time="0.0422924" status="run">
		<system-out>[NON-XML-CHAR-0x1B][1;33m[ 2][t 0][2026-09-10 00:24:25.444771684][candidate-codec.cpp:41][&amp;VALIDATOR_SESSION_BENCHMARK]	Broadcast_benchmark serialize_candidate block_id=808443C6B9992F1BE0A21619968AFCB1E9A5CEBAFFFE594C5C9F6285A7A95180 called_from=consensus time_sec=0.000531 compression=none original_size=46 compressed_size=46[NON-XML-CHAR-0x1B][0m
[NON-XML-CHAR-0x1B][1;33m[ 2][t 0][2026-09-10 00:24:25.444974672][candidate-codec.cpp:69][&amp;VALIDATOR_SESSION_BENCHMARK]	Broadcast_benchmark deserialize_candidate block_id=808443C6B9992F1BE0A21619968AFCB1E9A5CEBAFFFE594C5C9F6285A7A95180 called_from=consensus time_sec=0.000015 compression=none compressed_size=46[NON-XML-CHAR-0x1B][0m
[NON-XML-CHAR-0x1B][0m[ 4][t 0][2026-09-10 00:24:25.445000299][candidate-codec.cpp:126]	Compressing block candidate: 46 -&gt; 33[NON-XML-CHAR-0x1B][0m
[NON-XML-CHAR-0x1B][1;33m[ 2][t 0][2026-09-10 00:24:25.445002624][candidate-codec.cpp:127][&amp;VALIDATOR_SESSION_BENCHMARK]	Broadcast_benchmark serialize_candidate block_id=808443C6B9992F1BE0A21619968AFCB1E9A5CEBAFFFE594C5C9F6285A7A95180 called_from=test time_sec=0.000016 compression=compressed original_size=46 compresse...
The rest of the test output was removed since it exceeds the threshold of 1024 bytes.
</system-out>
	</testcase>
	<testcase name="test-consensus-simplex2-candidate-resolver-interleaving-unit" classname="test-consensus-simplex2-candidate-resolver-interleaving-unit" time="0.041659" status="run">
		<system-out>[NON-XML-CHAR-0x1B][1;33m[ 2][t 0][2026-09-10 00:24:25.440321685][candidate-codec.cpp:41][&amp;VALIDATOR_SESSION_BENCHMARK]	Broadcast_benchmark serialize_candidate block_id=808443C6B9992F1BE0A21619968AFCB1E9A5CEBAFFFE594C5C9F6285A7A95180 called_from=consensus time_sec=0.000870 compression=none original_size=46 compressed_size=46[NON-XML-CHAR-0x1B][0m
[NON-XML-CHAR-0x1B][1;33m[ 2][t 0][2026-09-10 00:24:25.440610747][candidate-codec.cpp:69][&amp;VALIDATOR_SESSION_BENCHMARK]	Broadcast_benchmark deserialize_candidate block_id=808443C6B9992F1BE0A21619968AFCB1E9A5CEBAFFFE594C5C9F6285A7A95180 called_from=consensus time_sec=0.000018 compression=none compressed_size=46[NON-XML-CHAR-0x1B][0m
[NON-XML-CHAR-0x1B][0m[ 4][t 0][2026-09-10 00:24:25.440640986][candidate-codec.cpp:126]	Compressing block candidate: 46 -&gt; 33[NON-XML-CHAR-0x1B][0m
[NON-XML-CHAR-0x1B][1;33m[ 2][t 0][2026-09-10 00:24:25.440644799][candidate-codec.cpp:127][&amp;VALIDATOR_SESSION_BENCHMARK]	Broadcast_benchmark serialize_candidate block_id=808443C6B9992F1BE0A21619968AFCB1E9A5CEBAFFFE594C5C9F6285A7A95180 called_from=test time_sec=0.000020 compression=compressed original_size=46 compresse...
The rest of the test output was removed since it exceeds the threshold of 1024 bytes.
</system-out>
	</testcase>
	<testcase name="test-consensus-simplex2-db-finalized-slot-dedup-unit" classname="test-consensus-simplex2-db-finalized-slot-dedup-unit" time="0.045325" status="run">
		<system-out>[NON-XML-CHAR-0x1B][1;33m[ 2][t 0][2026-09-10 00:24:25.431184188][candidate-codec.cpp:41][&amp;VALIDATOR_SESSION_BENCHMARK]	Broadcast_benchmark serialize_candidate block_id=808443C6B9992F1BE0A21619968AFCB1E9A5CEBAFFFE594C5C9F6285A7A95180 called_from=consensus time_sec=0.000812 compression=none original_size=46 compressed_size=46[NON-XML-CHAR-0x1B][0m
[NON-XML-CHAR-0x1B][1;33m[ 2][t 0][2026-09-10 00:24:25.431473404][candidate-codec.cpp:69][&amp;VALIDATOR_SESSION_BENCHMARK]	Broadcast_benchmark deserialize_candidate block_id=808443C6B9992F1BE0A21619968AFCB1E9A5CEBAFFFE594C5C9F6285A7A95180 called_from=consensus time_sec=0.000019 compression=none compressed_size=46[NON-XML-CHAR-0x1B][0m
[NON-XML-CHAR-0x1B][0m[ 4][t 0][2026-09-10 00:24:25.431497298][candidate-codec.cpp:126]	Compressing block candidate: 46 -&gt; 33[NON-XML-CHAR-0x1B][0m
[NON-XML-CHAR-0x1B][1;33m[ 2][t 0][2026-09-10 00:24:25.431501153][candidate-codec.cpp:127][&amp;VALIDATOR_SESSION_BENCHMARK]	Broadcast_benchmark serialize_candidate block_id=808443C6B9992F1BE0A21619968AFCB1E9A5CEBAFFFE594C5C9F6285A7A95180 called_from=test time_sec=0.000014 compression=compressed original_size=46 compresse...
The rest of the test output was removed since it exceeds the threshold of 1024 bytes.
</system-out>
	</testcase>
	<testcase name="test-consensus-validator-manager-resource-policy-unit" classname="test-consensus-validator-manager-resource-policy-unit" time="0.0357836" status="run">
		<system-out>[NON-XML-CHAR-0x1B][1;33m[ 2][t 0][2026-09-10 00:24:25.421820293][candidate-codec.cpp:41][&amp;VALIDATOR_SESSION_BENCHMARK]	Broadcast_benchmark serialize_candidate block_id=808443C6B9992F1BE0A21619968AFCB1E9A5CEBAFFFE594C5C9F6285A7A95180 called_from=consensus time_sec=0.000791 compression=none original_size=46 compressed_size=46[NON-XML-CHAR-0x1B][0m
[NON-XML-CHAR-0x1B][1;33m[ 2][t 0][2026-09-10 00:24:25.422124357][candidate-codec.cpp:69][&amp;VALIDATOR_SESSION_BENCHMARK]	Broadcast_benchmark deserialize_candidate block_id=808443C6B9992F1BE0A21619968AFCB1E9A5CEBAFFFE594C5C9F6285A7A95180 called_from=consensus time_sec=0.000020 compression=none compressed_size=46[NON-XML-CHAR-0x1B][0m
[NON-XML-CHAR-0x1B][0m[ 4][t 0][2026-09-10 00:24:25.422152043][candidate-codec.cpp:126]	Compressing block candidate: 46 -&gt; 33[NON-XML-CHAR-0x1B][0m
[NON-XML-CHAR-0x1B][1;33m[ 2][t 0][2026-09-10 00:24:25.422155925][candidate-codec.cpp:127][&amp;VALIDATOR_SESSION_BENCHMARK]	Broadcast_benchmark serialize_candidate block_id=808443C6B9992F1BE0A21619968AFCB1E9A5CEBAFFFE594C5C9F6285A7A95180 called_from=test time_sec=0.000015 compression=compressed original_size=46 compresse...
The rest of the test output was removed since it exceeds the threshold of 1024 bytes.
</system-out>
	</testcase>
	<testcase name="test-validator-manager-resource-policy-actor" classname="test-validator-manager-resource-policy-actor" time="0.2046" status="run">
		<system-out></system-out>
	</testcase>
	<testcase name="test-consensus-simplex2-state-resolver-catch-up" classname="test-consensus-simplex2-state-resolver-catch-up" time="8.04597" status="run">
		<system-out>[NON-XML-CHAR-0x1B][1;33m[ 2][t 0][2026-09-10 00:24:19.137228568][candidate-codec.cpp:41][&amp;VALIDATOR_SESSION_BENCHMARK]	Broadcast_benchmark serialize_candidate block_id=808443C6B9992F1BE0A21619968AFCB1E9A5CEBAFFFE594C5C9F6285A7A95180 called_from=consensus time_sec=0.001179 compression=none original_size=46 compressed_size=46[NON-XML-CHAR-0x1B][0m
[NON-XML-CHAR-0x1B][1;33m[ 2][t 0][2026-09-10 00:24:19.137662132][candidate-codec.cpp:69][&amp;VALIDATOR_SESSION_BENCHMARK]	Broadcast_benchmark deserialize_candidate block_id=808443C6B9992F1BE0A21619968AFCB1E9A5CEBAFFFE594C5C9F6285A7A95180 called_from=consensus time_sec=0.000040 compression=none compressed_size=46[NON-XML-CHAR-0x1B][0m
[NON-XML-CHAR-0x1B][0m[ 4][t 0][2026-09-10 00:24:19.137711875][candidate-codec.cpp:126]	Compressing block candidate: 46 -&gt; 33[NON-XML-CHAR-0x1B][0m
[NON-XML-CHAR-0x1B][1;33m[ 2][t 0][2026-09-10 00:24:19.137715944][candidate-codec.cpp:127][&amp;VALIDATOR_SESSION_BENCHMARK]	Broadcast_benchmark serialize_candidate block_id=808443C6B9992F1BE0A21619968AFCB1E9A5CEBAFFFE594C5C9F6285A7A95180 called_from=test time_sec=0.000028 compression=compressed original_size=46 compresse...
The rest of the test output was removed since it exceeds the threshold of 1024 bytes.
</system-out>
	</testcase>
	<testcase name="test-consensus-simplex2-empty-chain-restart" classname="test-consensus-simplex2-empty-chain-restart" time="8.75256" status="run">
		<system-out>[NON-XML-CHAR-0x1B][1;33m[ 2][t 0][2026-09-10 00:24:19.140292598][candidate-codec.cpp:41][&amp;VALIDATOR_SESSION_BENCHMARK]	Broadcast_benchmark serialize_candidate block_id=808443C6B9992F1BE0A21619968AFCB1E9A5CEBAFFFE594C5C9F6285A7A95180 called_from=consensus time_sec=0.001375 compression=none original_size=46 compressed_size=46[NON-XML-CHAR-0x1B][0m
[NON-XML-CHAR-0x1B][1;33m[ 2][t 0][2026-09-10 00:24:19.140751231][candidate-codec.cpp:69][&amp;VALIDATOR_SESSION_BENCHMARK]	Broadcast_benchmark deserialize_candidate block_id=808443C6B9992F1BE0A21619968AFCB1E9A5CEBAFFFE594C5C9F6285A7A95180 called_from=consensus time_sec=0.000041 compression=none compressed_size=46[NON-XML-CHAR-0x1B][0m
[NON-XML-CHAR-0x1B][0m[ 4][t 0][2026-09-10 00:24:19.140799221][candidate-codec.cpp:126]	Compressing block candidate: 46 -&gt; 33[NON-XML-CHAR-0x1B][0m
[NON-XML-CHAR-0x1B][1;33m[ 2][t 0][2026-09-10 00:24:19.140802789][candidate-codec.cpp:127][&amp;VALIDATOR_SESSION_BENCHMARK]	Broadcast_benchmark serialize_candidate block_id=808443C6B9992F1BE0A21619968AFCB1E9A5CEBAFFFE594C5C9F6285A7A95180 called_from=test time_sec=0.000027 compression=compressed original_size=46 compresse...
The rest of the test output was removed since it exceeds the threshold of 1024 bytes.
</system-out>
	</testcase>
	<testcase name="test-consensus-simplex2-query-abuse" classname="test-consensus-simplex2-query-abuse" time="5.13562" status="run">
		<system-out>[NON-XML-CHAR-0x1B][1;33m[ 2][t 0][2026-09-10 00:24:19.154304350][candidate-codec.cpp:41][&amp;VALIDATOR_SESSION_BENCHMARK]	Broadcast_benchmark serialize_candidate block_id=808443C6B9992F1BE0A21619968AFCB1E9A5CEBAFFFE594C5C9F6285A7A95180 called_from=consensus time_sec=0.001141 compression=none original_size=46 compressed_size=46[NON-XML-CHAR-0x1B][0m
[NON-XML-CHAR-0x1B][1;33m[ 2][t 0][2026-09-10 00:24:19.154688262][candidate-codec.cpp:69][&amp;VALIDATOR_SESSION_BENCHMARK]	Broadcast_benchmark deserialize_candidate block_id=808443C6B9992F1BE0A21619968AFCB1E9A5CEBAFFFE594C5C9F6285A7A95180 called_from=consensus time_sec=0.000030 compression=none compressed_size=46[NON-XML-CHAR-0x1B][0m
[NON-XML-CHAR-0x1B][0m[ 4][t 0][2026-09-10 00:24:19.154722626][candidate-codec.cpp:126]	Compressing block candidate: 46 -&gt; 33[NON-XML-CHAR-0x1B][0m
[NON-XML-CHAR-0x1B][1;33m[ 2][t 0][2026-09-10 00:24:19.154726201][candidate-codec.cpp:127][&amp;VALIDATOR_SESSION_BENCHMARK]	Broadcast_benchmark serialize_candidate block_id=808443C6B9992F1BE0A21619968AFCB1E9A5CEBAFFFE594C5C9F6285A7A95180 called_from=test time_sec=0.000021 compression=compressed original_size=46 compresse...
The rest of the test output was removed since it exceeds the threshold of 1024 bytes.
</system-out>
	</testcase>
	<testcase name="test-consensus-simplex2-codec-boundary" classname="test-consensus-simplex2-codec-boundary" time="0.250316" status="run">
		<system-out>[NON-XML-CHAR-0x1B][1;33m[ 2][t 0][2026-09-10 00:24:25.052198998][candidate-codec.cpp:41][&amp;VALIDATOR_SESSION_BENCHMARK]	Broadcast_benchmark serialize_candidate block_id=808443C6B9992F1BE0A21619968AFCB1E9A5CEBAFFFE594C5C9F6285A7A95180 called_from=consensus time_sec=0.000700 compression=none original_size=46 compressed_size=46[NON-XML-CHAR-0x1B][0m
[NON-XML-CHAR-0x1B][1;33m[ 2][t 0][2026-09-10 00:24:25.052462530][candidate-codec.cpp:69][&amp;VALIDATOR_SESSION_BENCHMARK]	Broadcast_benchmark deserialize_candidate block_id=808443C6B9992F1BE0A21619968AFCB1E9A5CEBAFFFE594C5C9F6285A7A95180 called_from=consensus time_sec=0.000023 compression=none compressed_size=46[NON-XML-CHAR-0x1B][0m
[NON-XML-CHAR-0x1B][0m[ 4][t 0][2026-09-10 00:24:25.052492534][candidate-codec.cpp:126]	Compressing block candidate: 46 -&gt; 33[NON-XML-CHAR-0x1B][0m
[NON-XML-CHAR-0x1B][1;33m[ 2][t 0][2026-09-10 00:24:25.052496380][candidate-codec.cpp:127][&amp;VALIDATOR_SESSION_BENCHMARK]	Broadcast_benchmark serialize_candidate block_id=808443C6B9992F1BE0A21619968AFCB1E9A5CEBAFFFE594C5C9F6285A7A95180 called_from=test time_sec=0.000017 compression=compressed original_size=46 compresse...
The rest of the test output was removed since it exceeds the threshold of 1024 bytes.
</system-out>
	</testcase>
	<testcase name="test-consensus-simplex2-genesis-config" classname="test-consensus-simplex2-genesis-config" time="0.0740144" status="run">
		<system-out>[NON-XML-CHAR-0x1B][1;31m[ 1][t 0][2026-09-10 00:24:25.495608008][create-state.cpp:892]	{}[NON-XML-CHAR-0x1B][0m
[NON-XML-CHAR-0x1B][1;31m[ 1][t 0][2026-09-10 00:24:25.495862253][create-state.cpp:892]	{/home/tomi/tos/crypto/fift/lib}[NON-XML-CHAR-0x1B][0m
[NON-XML-CHAR-0x1B][1;31m[ 1][t 0][2026-09-10 00:24:25.495868776][create-state.cpp:892]	{/home/tomi/tos/crypto/fift/lib, /home/tomi/tos/build/crypto/smartcont}[NON-XML-CHAR-0x1B][0m
</system-out>
	</testcase>
</testsuite>
